Calling target program-options parser
[15:00:45.372] [bmv2] [D] [thread 3312] Set default default entry for table 'tbl_update_ttl': MyIngress.update_ttl - 
[15:00:45.372] [bmv2] [D] [thread 3312] Set default default entry for table 'tbl_drop': MyIngress.drop - 
Adding interface s2-eth1 as port 1
[15:00:45.373] [bmv2] [D] [thread 3312] Adding interface s2-eth1 as port 1
Adding interface s2-eth2 as port 2
[15:00:45.396] [bmv2] [D] [thread 3312] Adding interface s2-eth2 as port 2
Adding interface s2-eth3 as port 3
[15:00:45.420] [bmv2] [D] [thread 3312] Adding interface s2-eth3 as port 3
I1125 15:00:45.448924935    3312 server_builder.cc:247]      Synchronous server. Num CQs: 1, Min pollers: 1, Max Pollers: 2147483647, CQ timeout (msec): 1000
Server listening on 0.0.0.0:50052
[15:00:45.454] [bmv2] [I] [thread 3312] Starting Thrift server on port 9091
[15:00:45.455] [bmv2] [I] [thread 3312] Thrift server was started
[15:00:45.577] [bmv2] [D] [thread 3319] [0.0] [cxt 0] Processing packet received on port 3
[15:00:45.577] [bmv2] [D] [thread 3319] [0.0] [cxt 0] Parser 'parser': start
[15:00:45.578] [bmv2] [D] [thread 3319] [0.0] [cxt 0] Parser 'parser' entering state 'start'
[15:00:45.579] [bmv2] [D] [thread 3319] [0.0] [cxt 0] Extracting header 'ethernet'
[15:00:45.579] [bmv2] [D] [thread 3319] [0.0] [cxt 0] Parser state 'start' has no switch, going to default next state
[15:00:45.580] [bmv2] [T] [thread 3319] [0.0] [cxt 0] Bytes parsed: 14
[15:00:45.580] [bmv2] [D] [thread 3319] [0.0] [cxt 0] Parser 'parser': end
[15:00:45.581] [bmv2] [D] [thread 3319] [0.0] [cxt 0] Pipeline 'ingress': start
[15:00:45.581] [bmv2] [T] [thread 3319] [0.0] [cxt 0] source_routing.p4(134) Condition "hdr.srcRoutes[0].isValid()" (node_2) is false
[15:00:45.582] [bmv2] [T] [thread 3319] [0.0] [cxt 0] Applying table 'tbl_drop'
[15:00:45.582] [bmv2] [D] [thread 3319] [0.0] [cxt 0] Looking up key:

[15:00:45.583] [bmv2] [D] [thread 3319] [0.0] [cxt 0] Table 'tbl_drop': miss
[15:00:45.583] [bmv2] [D] [thread 3319] [0.0] [cxt 0] Action entry is MyIngress.drop - 
[15:00:45.583] [bmv2] [T] [thread 3319] [0.0] [cxt 0] Action MyIngress.drop
[15:00:45.584] [bmv2] [T] [thread 3319] [0.0] [cxt 0] source_routing.p4(113) Primitive mark_to_drop(standard_metadata)
[15:00:45.584] [bmv2] [D] [thread 3319] [0.0] [cxt 0] Pipeline 'ingress': end
[15:00:45.585] [bmv2] [D] [thread 3319] [0.0] [cxt 0] Egress port is 511
[15:00:45.585] [bmv2] [D] [thread 3319] [0.0] [cxt 0] Dropping packet at the end of ingress
[15:00:45.620] [bmv2] [D] [thread 3319] [1.0] [cxt 0] Processing packet received on port 1
[15:00:45.620] [bmv2] [D] [thread 3319] [1.0] [cxt 0] Parser 'parser': start
[15:00:45.621] [bmv2] [D] [thread 3319] [1.0] [cxt 0] Parser 'parser' entering state 'start'
[15:00:45.621] [bmv2] [D] [thread 3319] [1.0] [cxt 0] Extracting header 'ethernet'
[15:00:45.621] [bmv2] [D] [thread 3319] [1.0] [cxt 0] Parser state 'start' has no switch, going to default next state
[15:00:45.622] [bmv2] [T] [thread 3319] [1.0] [cxt 0] Bytes parsed: 14
[15:00:45.622] [bmv2] [D] [thread 3319] [1.0] [cxt 0] Parser 'parser': end
[15:00:45.623] [bmv2] [D] [thread 3319] [1.0] [cxt 0] Pipeline 'ingress': start
[15:00:45.623] [bmv2] [T] [thread 3319] [1.0] [cxt 0] source_routing.p4(134) Condition "hdr.srcRoutes[0].isValid()" (node_2) is false
[15:00:45.623] [bmv2] [T] [thread 3319] [1.0] [cxt 0] Applying table 'tbl_drop'
[15:00:45.624] [bmv2] [D] [thread 3319] [1.0] [cxt 0] Looking up key:

[15:00:45.624] [bmv2] [D] [thread 3319] [1.0] [cxt 0] Table 'tbl_drop': miss
[15:00:45.625] [bmv2] [D] [thread 3319] [1.0] [cxt 0] Action entry is MyIngress.drop - 
[15:00:45.625] [bmv2] [T] [thread 3319] [1.0] [cxt 0] Action MyIngress.drop
[15:00:45.625] [bmv2] [T] [thread 3319] [1.0] [cxt 0] source_routing.p4(113) Primitive mark_to_drop(standard_metadata)
[15:00:45.626] [bmv2] [D] [thread 3319] [1.0] [cxt 0] Pipeline 'ingress': end
[15:00:45.626] [bmv2] [D] [thread 3319] [1.0] [cxt 0] Egress port is 511
[15:00:45.627] [bmv2] [D] [thread 3319] [1.0] [cxt 0] Dropping packet at the end of ingress
[15:00:46.043] [bmv2] [D] [thread 3319] [2.0] [cxt 0] Processing packet received on port 3
[15:00:46.043] [bmv2] [D] [thread 3319] [2.0] [cxt 0] Parser 'parser': start
[15:00:46.044] [bmv2] [D] [thread 3319] [2.0] [cxt 0] Parser 'parser' entering state 'start'
[15:00:46.045] [bmv2] [D] [thread 3319] [2.0] [cxt 0] Extracting header 'ethernet'
[15:00:46.046] [bmv2] [D] [thread 3319] [2.0] [cxt 0] Parser state 'start' has no switch, going to default next state
[15:00:46.046] [bmv2] [T] [thread 3319] [2.0] [cxt 0] Bytes parsed: 14
[15:00:46.047] [bmv2] [D] [thread 3319] [2.0] [cxt 0] Parser 'parser': end
[15:00:46.048] [bmv2] [D] [thread 3319] [2.0] [cxt 0] Pipeline 'ingress': start
[15:00:46.048] [bmv2] [T] [thread 3319] [2.0] [cxt 0] source_routing.p4(134) Condition "hdr.srcRoutes[0].isValid()" (node_2) is false
[15:00:46.048] [bmv2] [T] [thread 3319] [2.0] [cxt 0] Applying table 'tbl_drop'
[15:00:46.049] [bmv2] [D] [thread 3319] [2.0] [cxt 0] Looking up key:

[15:00:46.049] [bmv2] [D] [thread 3319] [2.0] [cxt 0] Table 'tbl_drop': miss
[15:00:46.050] [bmv2] [D] [thread 3319] [2.0] [cxt 0] Action entry is MyIngress.drop - 
[15:00:46.050] [bmv2] [T] [thread 3319] [2.0] [cxt 0] Action MyIngress.drop
[15:00:46.050] [bmv2] [T] [thread 3319] [2.0] [cxt 0] source_routing.p4(113) Primitive mark_to_drop(standard_metadata)
[15:00:46.051] [bmv2] [D] [thread 3319] [2.0] [cxt 0] Pipeline 'ingress': end
[15:00:46.051] [bmv2] [D] [thread 3319] [2.0] [cxt 0] Egress port is 511
[15:00:46.052] [bmv2] [D] [thread 3319] [2.0] [cxt 0] Dropping packet at the end of ingress
[15:00:46.052] [bmv2] [D] [thread 3319] [3.0] [cxt 0] Processing packet received on port 3
[15:00:46.052] [bmv2] [D] [thread 3319] [3.0] [cxt 0] Parser 'parser': start
[15:00:46.053] [bmv2] [D] [thread 3319] [3.0] [cxt 0] Parser 'parser' entering state 'start'
[15:00:46.053] [bmv2] [D] [thread 3319] [3.0] [cxt 0] Extracting header 'ethernet'
[15:00:46.053] [bmv2] [D] [thread 3319] [3.0] [cxt 0] Parser state 'start' has no switch, going to default next state
[15:00:46.054] [bmv2] [T] [thread 3319] [3.0] [cxt 0] Bytes parsed: 14
[15:00:46.054] [bmv2] [D] [thread 3319] [3.0] [cxt 0] Parser 'parser': end
[15:00:46.054] [bmv2] [D] [thread 3319] [3.0] [cxt 0] Pipeline 'ingress': start
[15:00:46.055] [bmv2] [T] [thread 3319] [3.0] [cxt 0] source_routing.p4(134) Condition "hdr.srcRoutes[0].isValid()" (node_2) is false
[15:00:46.055] [bmv2] [T] [thread 3319] [3.0] [cxt 0] Applying table 'tbl_drop'
[15:00:46.055] [bmv2] [D] [thread 3319] [3.0] [cxt 0] Looking up key:

[15:00:46.056] [bmv2] [D] [thread 3319] [3.0] [cxt 0] Table 'tbl_drop': miss
[15:00:46.056] [bmv2] [D] [thread 3319] [3.0] [cxt 0] Action entry is MyIngress.drop - 
[15:00:46.056] [bmv2] [T] [thread 3319] [3.0] [cxt 0] Action MyIngress.drop
[15:00:46.057] [bmv2] [T] [thread 3319] [3.0] [cxt 0] source_routing.p4(113) Primitive mark_to_drop(standard_metadata)
[15:00:46.057] [bmv2] [D] [thread 3319] [3.0] [cxt 0] Pipeline 'ingress': end
[15:00:46.058] [bmv2] [D] [thread 3319] [3.0] [cxt 0] Egress port is 511
[15:00:46.059] [bmv2] [D] [thread 3319] [3.0] [cxt 0] Dropping packet at the end of ingress
[15:00:46.251] [bmv2] [D] [thread 3319] [4.0] [cxt 0] Processing packet received on port 2
[15:00:46.252] [bmv2] [D] [thread 3319] [4.0] [cxt 0] Parser 'parser': start
[15:00:46.253] [bmv2] [D] [thread 3319] [4.0] [cxt 0] Parser 'parser' entering state 'start'
[15:00:46.254] [bmv2] [D] [thread 3319] [4.0] [cxt 0] Extracting header 'ethernet'
[15:00:46.254] [bmv2] [D] [thread 3319] [4.0] [cxt 0] Parser state 'start' has no switch, going to default next state
[15:00:46.254] [bmv2] [T] [thread 3319] [4.0] [cxt 0] Bytes parsed: 14
[15:00:46.255] [bmv2] [D] [thread 3319] [4.0] [cxt 0] Parser 'parser': end
[15:00:46.256] [bmv2] [D] [thread 3319] [4.0] [cxt 0] Pipeline 'ingress': start
[15:00:46.256] [bmv2] [T] [thread 3319] [4.0] [cxt 0] source_routing.p4(134) Condition "hdr.srcRoutes[0].isValid()" (node_2) is false
[15:00:46.256] [bmv2] [T] [thread 3319] [4.0] [cxt 0] Applying table 'tbl_drop'
[15:00:46.257] [bmv2] [D] [thread 3319] [4.0] [cxt 0] Looking up key:

[15:00:46.257] [bmv2] [D] [thread 3319] [4.0] [cxt 0] Table 'tbl_drop': miss
[15:00:46.258] [bmv2] [D] [thread 3319] [4.0] [cxt 0] Action entry is MyIngress.drop - 
[15:00:46.258] [bmv2] [T] [thread 3319] [4.0] [cxt 0] Action MyIngress.drop
[15:00:46.258] [bmv2] [T] [thread 3319] [4.0] [cxt 0] source_routing.p4(113) Primitive mark_to_drop(standard_metadata)
[15:00:46.259] [bmv2] [D] [thread 3319] [4.0] [cxt 0] Pipeline 'ingress': end
[15:00:46.260] [bmv2] [D] [thread 3319] [4.0] [cxt 0] Egress port is 511
[15:00:46.260] [bmv2] [D] [thread 3319] [4.0] [cxt 0] Dropping packet at the end of ingress
[15:00:46.261] [bmv2] [D] [thread 3319] [5.0] [cxt 0] Processing packet received on port 2
[15:00:46.261] [bmv2] [D] [thread 3319] [5.0] [cxt 0] Parser 'parser': start
[15:00:46.261] [bmv2] [D] [thread 3319] [5.0] [cxt 0] Parser 'parser' entering state 'start'
[15:00:46.262] [bmv2] [D] [thread 3319] [5.0] [cxt 0] Extracting header 'ethernet'
[15:00:46.262] [bmv2] [D] [thread 3319] [5.0] [cxt 0] Parser state 'start' has no switch, going to default next state
[15:00:46.263] [bmv2] [T] [thread 3319] [5.0] [cxt 0] Bytes parsed: 14
[15:00:46.263] [bmv2] [D] [thread 3319] [5.0] [cxt 0] Parser 'parser': end
[15:00:46.263] [bmv2] [D] [thread 3319] [5.0] [cxt 0] Pipeline 'ingress': start
[15:00:46.264] [bmv2] [T] [thread 3319] [5.0] [cxt 0] source_routing.p4(134) Condition "hdr.srcRoutes[0].isValid()" (node_2) is false
[15:00:46.264] [bmv2] [T] [thread 3319] [5.0] [cxt 0] Applying table 'tbl_drop'
[15:00:46.264] [bmv2] [D] [thread 3319] [5.0] [cxt 0] Looking up key:

[15:00:46.264] [bmv2] [D] [thread 3319] [5.0] [cxt 0] Table 'tbl_drop': miss
[15:00:46.265] [bmv2] [D] [thread 3319] [5.0] [cxt 0] Action entry is MyIngress.drop - 
[15:00:46.266] [bmv2] [T] [thread 3319] [5.0] [cxt 0] Action MyIngress.drop
[15:00:46.266] [bmv2] [T] [thread 3319] [5.0] [cxt 0] source_routing.p4(113) Primitive mark_to_drop(standard_metadata)
[15:00:46.266] [bmv2] [D] [thread 3319] [5.0] [cxt 0] Pipeline 'ingress': end
[15:00:46.266] [bmv2] [D] [thread 3319] [5.0] [cxt 0] Egress port is 511
[15:00:46.267] [bmv2] [D] [thread 3319] [5.0] [cxt 0] Dropping packet at the end of ingress
[15:00:46.346] [bmv2] [D] [thread 3319] [6.0] [cxt 0] Processing packet received on port 1
[15:00:46.347] [bmv2] [D] [thread 3319] [6.0] [cxt 0] Parser 'parser': start
[15:00:46.347] [bmv2] [D] [thread 3319] [6.0] [cxt 0] Parser 'parser' entering state 'start'
[15:00:46.348] [bmv2] [D] [thread 3319] [6.0] [cxt 0] Extracting header 'ethernet'
[15:00:46.348] [bmv2] [D] [thread 3319] [6.0] [cxt 0] Parser state 'start' has no switch, going to default next state
[15:00:46.349] [bmv2] [T] [thread 3319] [6.0] [cxt 0] Bytes parsed: 14
[15:00:46.349] [bmv2] [D] [thread 3319] [6.0] [cxt 0] Parser 'parser': end
[15:00:46.350] [bmv2] [D] [thread 3319] [6.0] [cxt 0] Pipeline 'ingress': start
[15:00:46.350] [bmv2] [T] [thread 3319] [6.0] [cxt 0] source_routing.p4(134) Condition "hdr.srcRoutes[0].isValid()" (node_2) is false
[15:00:46.351] [bmv2] [T] [thread 3319] [6.0] [cxt 0] Applying table 'tbl_drop'
[15:00:46.351] [bmv2] [D] [thread 3319] [6.0] [cxt 0] Looking up key:

[15:00:46.352] [bmv2] [D] [thread 3319] [6.0] [cxt 0] Table 'tbl_drop': miss
[15:00:46.352] [bmv2] [D] [thread 3319] [6.0] [cxt 0] Action entry is MyIngress.drop - 
[15:00:46.353] [bmv2] [T] [thread 3319] [6.0] [cxt 0] Action MyIngress.drop
[15:00:46.353] [bmv2] [T] [thread 3319] [6.0] [cxt 0] source_routing.p4(113) Primitive mark_to_drop(standard_metadata)
[15:00:46.354] [bmv2] [D] [thread 3319] [6.0] [cxt 0] Pipeline 'ingress': end
[15:00:46.354] [bmv2] [D] [thread 3319] [6.0] [cxt 0] Egress port is 511
[15:00:46.354] [bmv2] [D] [thread 3319] [6.0] [cxt 0] Dropping packet at the end of ingress
[15:00:46.355] [bmv2] [D] [thread 3319] [7.0] [cxt 0] Processing packet received on port 1
[15:00:46.355] [bmv2] [D] [thread 3319] [7.0] [cxt 0] Parser 'parser': start
[15:00:46.355] [bmv2] [D] [thread 3319] [7.0] [cxt 0] Parser 'parser' entering state 'start'
[15:00:46.356] [bmv2] [D] [thread 3319] [7.0] [cxt 0] Extracting header 'ethernet'
[15:00:46.356] [bmv2] [D] [thread 3319] [7.0] [cxt 0] Parser state 'start' has no switch, going to default next state
[15:00:46.357] [bmv2] [T] [thread 3319] [7.0] [cxt 0] Bytes parsed: 14
[15:00:46.358] [bmv2] [D] [thread 3319] [7.0] [cxt 0] Parser 'parser': end
[15:00:46.358] [bmv2] [D] [thread 3319] [7.0] [cxt 0] Pipeline 'ingress': start
[15:00:46.359] [bmv2] [T] [thread 3319] [7.0] [cxt 0] source_routing.p4(134) Condition "hdr.srcRoutes[0].isValid()" (node_2) is false
[15:00:46.360] [bmv2] [T] [thread 3319] [7.0] [cxt 0] Applying table 'tbl_drop'
[15:00:46.360] [bmv2] [D] [thread 3319] [7.0] [cxt 0] Looking up key:

[15:00:46.360] [bmv2] [D] [thread 3319] [7.0] [cxt 0] Table 'tbl_drop': miss
[15:00:46.361] [bmv2] [D] [thread 3319] [7.0] [cxt 0] Action entry is MyIngress.drop - 
[15:00:46.361] [bmv2] [T] [thread 3319] [7.0] [cxt 0] Action MyIngress.drop
[15:00:46.361] [bmv2] [T] [thread 3319] [7.0] [cxt 0] source_routing.p4(113) Primitive mark_to_drop(standard_metadata)
[15:00:46.361] [bmv2] [D] [thread 3319] [7.0] [cxt 0] Pipeline 'ingress': end
[15:00:46.362] [bmv2] [D] [thread 3319] [7.0] [cxt 0] Egress port is 511
[15:00:46.362] [bmv2] [D] [thread 3319] [7.0] [cxt 0] Dropping packet at the end of ingress
[15:00:46.369] [bmv2] [D] [thread 3319] [8.0] [cxt 0] Processing packet received on port 2
[15:00:46.370] [bmv2] [D] [thread 3319] [8.0] [cxt 0] Parser 'parser': start
[15:00:46.371] [bmv2] [D] [thread 3319] [8.0] [cxt 0] Parser 'parser' entering state 'start'
[15:00:46.371] [bmv2] [D] [thread 3319] [8.0] [cxt 0] Extracting header 'ethernet'
[15:00:46.371] [bmv2] [D] [thread 3319] [8.0] [cxt 0] Parser state 'start' has no switch, going to default next state
[15:00:46.372] [bmv2] [T] [thread 3319] [8.0] [cxt 0] Bytes parsed: 14
[15:00:46.372] [bmv2] [D] [thread 3319] [8.0] [cxt 0] Parser 'parser': end
[15:00:46.372] [bmv2] [D] [thread 3319] [8.0] [cxt 0] Pipeline 'ingress': start
[15:00:46.373] [bmv2] [T] [thread 3319] [8.0] [cxt 0] source_routing.p4(134) Condition "hdr.srcRoutes[0].isValid()" (node_2) is false
[15:00:46.373] [bmv2] [T] [thread 3319] [8.0] [cxt 0] Applying table 'tbl_drop'
[15:00:46.373] [bmv2] [D] [thread 3319] [8.0] [cxt 0] Looking up key:

[15:00:46.374] [bmv2] [D] [thread 3319] [8.0] [cxt 0] Table 'tbl_drop': miss
[15:00:46.374] [bmv2] [D] [thread 3319] [8.0] [cxt 0] Action entry is MyIngress.drop - 
[15:00:46.375] [bmv2] [T] [thread 3319] [8.0] [cxt 0] Action MyIngress.drop
[15:00:46.375] [bmv2] [T] [thread 3319] [8.0] [cxt 0] source_routing.p4(113) Primitive mark_to_drop(standard_metadata)
[15:00:46.376] [bmv2] [D] [thread 3319] [8.0] [cxt 0] Pipeline 'ingress': end
[15:00:46.377] [bmv2] [D] [thread 3319] [8.0] [cxt 0] Egress port is 511
[15:00:46.377] [bmv2] [D] [thread 3319] [8.0] [cxt 0] Dropping packet at the end of ingress
[15:00:46.377] [bmv2] [D] [thread 3319] [9.0] [cxt 0] Processing packet received on port 2
[15:00:46.378] [bmv2] [D] [thread 3319] [9.0] [cxt 0] Parser 'parser': start
[15:00:46.378] [bmv2] [D] [thread 3319] [9.0] [cxt 0] Parser 'parser' entering state 'start'
[15:00:46.378] [bmv2] [D] [thread 3319] [9.0] [cxt 0] Extracting header 'ethernet'
[15:00:46.379] [bmv2] [D] [thread 3319] [9.0] [cxt 0] Parser state 'start' has no switch, going to default next state
[15:00:46.379] [bmv2] [T] [thread 3319] [9.0] [cxt 0] Bytes parsed: 14
[15:00:46.379] [bmv2] [D] [thread 3319] [9.0] [cxt 0] Parser 'parser': end
[15:00:46.379] [bmv2] [D] [thread 3319] [9.0] [cxt 0] Pipeline 'ingress': start
[15:00:46.380] [bmv2] [T] [thread 3319] [9.0] [cxt 0] source_routing.p4(134) Condition "hdr.srcRoutes[0].isValid()" (node_2) is false
[15:00:46.380] [bmv2] [T] [thread 3319] [9.0] [cxt 0] Applying table 'tbl_drop'
[15:00:46.380] [bmv2] [D] [thread 3319] [9.0] [cxt 0] Looking up key:

[15:00:46.380] [bmv2] [D] [thread 3319] [9.0] [cxt 0] Table 'tbl_drop': miss
[15:00:46.381] [bmv2] [D] [thread 3319] [9.0] [cxt 0] Action entry is MyIngress.drop - 
[15:00:46.381] [bmv2] [T] [thread 3319] [9.0] [cxt 0] Action MyIngress.drop
[15:00:46.382] [bmv2] [T] [thread 3319] [9.0] [cxt 0] source_routing.p4(113) Primitive mark_to_drop(standard_metadata)
[15:00:46.382] [bmv2] [D] [thread 3319] [9.0] [cxt 0] Pipeline 'ingress': end
[15:00:46.383] [bmv2] [D] [thread 3319] [9.0] [cxt 0] Egress port is 511
[15:00:46.383] [bmv2] [D] [thread 3319] [9.0] [cxt 0] Dropping packet at the end of ingress
[15:00:46.540] [bmv2] [D] [thread 3319] [10.0] [cxt 0] Processing packet received on port 3
[15:00:46.541] [bmv2] [D] [thread 3319] [10.0] [cxt 0] Parser 'parser': start
[15:00:46.541] [bmv2] [D] [thread 3319] [10.0] [cxt 0] Parser 'parser' entering state 'start'
[15:00:46.542] [bmv2] [D] [thread 3319] [10.0] [cxt 0] Extracting header 'ethernet'
[15:00:46.542] [bmv2] [D] [thread 3319] [10.0] [cxt 0] Parser state 'start' has no switch, going to default next state
[15:00:46.543] [bmv2] [T] [thread 3319] [10.0] [cxt 0] Bytes parsed: 14
[15:00:46.543] [bmv2] [D] [thread 3319] [10.0] [cxt 0] Parser 'parser': end
[15:00:46.544] [bmv2] [D] [thread 3319] [10.0] [cxt 0] Pipeline 'ingress': start
[15:00:46.544] [bmv2] [T] [thread 3319] [10.0] [cxt 0] source_routing.p4(134) Condition "hdr.srcRoutes[0].isValid()" (node_2) is false
[15:00:46.544] [bmv2] [T] [thread 3319] [10.0] [cxt 0] Applying table 'tbl_drop'
[15:00:46.544] [bmv2] [D] [thread 3319] [10.0] [cxt 0] Looking up key:

[15:00:46.545] [bmv2] [D] [thread 3319] [10.0] [cxt 0] Table 'tbl_drop': miss
[15:00:46.545] [bmv2] [D] [thread 3319] [10.0] [cxt 0] Action entry is MyIngress.drop - 
[15:00:46.545] [bmv2] [T] [thread 3319] [10.0] [cxt 0] Action MyIngress.drop
[15:00:46.545] [bmv2] [T] [thread 3319] [10.0] [cxt 0] source_routing.p4(113) Primitive mark_to_drop(standard_metadata)
[15:00:46.546] [bmv2] [D] [thread 3319] [10.0] [cxt 0] Pipeline 'ingress': end
[15:00:46.546] [bmv2] [D] [thread 3319] [10.0] [cxt 0] Egress port is 511
[15:00:46.546] [bmv2] [D] [thread 3319] [10.0] [cxt 0] Dropping packet at the end of ingress
[15:00:46.578] [bmv2] [D] [thread 3319] [11.0] [cxt 0] Processing packet received on port 3
[15:00:46.578] [bmv2] [D] [thread 3319] [11.0] [cxt 0] Parser 'parser': start
[15:00:46.578] [bmv2] [D] [thread 3319] [11.0] [cxt 0] Parser 'parser' entering state 'start'
[15:00:46.578] [bmv2] [D] [thread 3319] [11.0] [cxt 0] Extracting header 'ethernet'
[15:00:46.579] [bmv2] [D] [thread 3319] [11.0] [cxt 0] Parser state 'start' has no switch, going to default next state
[15:00:46.579] [bmv2] [T] [thread 3319] [11.0] [cxt 0] Bytes parsed: 14
[15:00:46.580] [bmv2] [D] [thread 3319] [11.0] [cxt 0] Parser 'parser': end
[15:00:46.580] [bmv2] [D] [thread 3319] [11.0] [cxt 0] Pipeline 'ingress': start
[15:00:46.581] [bmv2] [T] [thread 3319] [11.0] [cxt 0] source_routing.p4(134) Condition "hdr.srcRoutes[0].isValid()" (node_2) is false
[15:00:46.581] [bmv2] [T] [thread 3319] [11.0] [cxt 0] Applying table 'tbl_drop'
[15:00:46.581] [bmv2] [D] [thread 3319] [11.0] [cxt 0] Looking up key:

[15:00:46.582] [bmv2] [D] [thread 3319] [11.0] [cxt 0] Table 'tbl_drop': miss
[15:00:46.582] [bmv2] [D] [thread 3319] [11.0] [cxt 0] Action entry is MyIngress.drop - 
[15:00:46.583] [bmv2] [T] [thread 3319] [11.0] [cxt 0] Action MyIngress.drop
[15:00:46.583] [bmv2] [T] [thread 3319] [11.0] [cxt 0] source_routing.p4(113) Primitive mark_to_drop(standard_metadata)
[15:00:46.583] [bmv2] [D] [thread 3319] [11.0] [cxt 0] Pipeline 'ingress': end
[15:00:46.583] [bmv2] [D] [thread 3319] [11.0] [cxt 0] Egress port is 511
[15:00:46.584] [bmv2] [D] [thread 3319] [11.0] [cxt 0] Dropping packet at the end of ingress
[15:00:46.584] [bmv2] [D] [thread 3319] [12.0] [cxt 0] Processing packet received on port 3
[15:00:46.584] [bmv2] [D] [thread 3319] [12.0] [cxt 0] Parser 'parser': start
[15:00:46.585] [bmv2] [D] [thread 3319] [12.0] [cxt 0] Parser 'parser' entering state 'start'
[15:00:46.586] [bmv2] [D] [thread 3319] [12.0] [cxt 0] Extracting header 'ethernet'
[15:00:46.586] [bmv2] [D] [thread 3319] [12.0] [cxt 0] Parser state 'start' has no switch, going to default next state
[15:00:46.586] [bmv2] [T] [thread 3319] [12.0] [cxt 0] Bytes parsed: 14
[15:00:46.587] [bmv2] [D] [thread 3319] [12.0] [cxt 0] Parser 'parser': end
[15:00:46.587] [bmv2] [D] [thread 3319] [12.0] [cxt 0] Pipeline 'ingress': start
[15:00:46.587] [bmv2] [T] [thread 3319] [12.0] [cxt 0] source_routing.p4(134) Condition "hdr.srcRoutes[0].isValid()" (node_2) is false
[15:00:46.587] [bmv2] [T] [thread 3319] [12.0] [cxt 0] Applying table 'tbl_drop'
[15:00:46.588] [bmv2] [D] [thread 3319] [12.0] [cxt 0] Looking up key:

[15:00:46.588] [bmv2] [D] [thread 3319] [12.0] [cxt 0] Table 'tbl_drop': miss
[15:00:46.588] [bmv2] [D] [thread 3319] [12.0] [cxt 0] Action entry is MyIngress.drop - 
[15:00:46.589] [bmv2] [T] [thread 3319] [12.0] [cxt 0] Action MyIngress.drop
[15:00:46.589] [bmv2] [T] [thread 3319] [12.0] [cxt 0] source_routing.p4(113) Primitive mark_to_drop(standard_metadata)
[15:00:46.589] [bmv2] [D] [thread 3319] [12.0] [cxt 0] Pipeline 'ingress': end
[15:00:46.590] [bmv2] [D] [thread 3319] [12.0] [cxt 0] Egress port is 511
[15:00:46.590] [bmv2] [D] [thread 3319] [12.0] [cxt 0] Dropping packet at the end of ingress
[15:00:46.630] [bmv2] [D] [thread 3319] [13.0] [cxt 0] Processing packet received on port 2
[15:00:46.630] [bmv2] [D] [thread 3319] [13.0] [cxt 0] Parser 'parser': start
[15:00:46.631] [bmv2] [D] [thread 3319] [13.0] [cxt 0] Parser 'parser' entering state 'start'
[15:00:46.631] [bmv2] [D] [thread 3319] [13.0] [cxt 0] Extracting header 'ethernet'
[15:00:46.632] [bmv2] [D] [thread 3319] [13.0] [cxt 0] Parser state 'start' has no switch, going to default next state
[15:00:46.632] [bmv2] [T] [thread 3319] [13.0] [cxt 0] Bytes parsed: 14
[15:00:46.632] [bmv2] [D] [thread 3319] [13.0] [cxt 0] Parser 'parser': end
[15:00:46.633] [bmv2] [D] [thread 3319] [13.0] [cxt 0] Pipeline 'ingress': start
[15:00:46.633] [bmv2] [T] [thread 3319] [13.0] [cxt 0] source_routing.p4(134) Condition "hdr.srcRoutes[0].isValid()" (node_2) is false
[15:00:46.634] [bmv2] [T] [thread 3319] [13.0] [cxt 0] Applying table 'tbl_drop'
[15:00:46.634] [bmv2] [D] [thread 3319] [13.0] [cxt 0] Looking up key:

[15:00:46.635] [bmv2] [D] [thread 3319] [13.0] [cxt 0] Table 'tbl_drop': miss
[15:00:46.635] [bmv2] [D] [thread 3319] [13.0] [cxt 0] Action entry is MyIngress.drop - 
[15:00:46.636] [bmv2] [T] [thread 3319] [13.0] [cxt 0] Action MyIngress.drop
[15:00:46.636] [bmv2] [T] [thread 3319] [13.0] [cxt 0] source_routing.p4(113) Primitive mark_to_drop(standard_metadata)
[15:00:46.636] [bmv2] [D] [thread 3319] [13.0] [cxt 0] Pipeline 'ingress': end
[15:00:46.636] [bmv2] [D] [thread 3319] [13.0] [cxt 0] Egress port is 511
[15:00:46.637] [bmv2] [D] [thread 3319] [13.0] [cxt 0] Dropping packet at the end of ingress
[15:00:46.844] [bmv2] [D] [thread 3319] [14.0] [cxt 0] Processing packet received on port 3
[15:00:46.844] [bmv2] [D] [thread 3319] [14.0] [cxt 0] Parser 'parser': start
[15:00:46.845] [bmv2] [D] [thread 3319] [14.0] [cxt 0] Parser 'parser' entering state 'start'
[15:00:46.845] [bmv2] [D] [thread 3319] [14.0] [cxt 0] Extracting header 'ethernet'
[15:00:46.846] [bmv2] [D] [thread 3319] [14.0] [cxt 0] Parser state 'start' has no switch, going to default next state
[15:00:46.846] [bmv2] [T] [thread 3319] [14.0] [cxt 0] Bytes parsed: 14
[15:00:46.847] [bmv2] [D] [thread 3319] [14.0] [cxt 0] Parser 'parser': end
[15:00:46.847] [bmv2] [D] [thread 3319] [14.0] [cxt 0] Pipeline 'ingress': start
[15:00:46.848] [bmv2] [T] [thread 3319] [14.0] [cxt 0] source_routing.p4(134) Condition "hdr.srcRoutes[0].isValid()" (node_2) is false
[15:00:46.848] [bmv2] [T] [thread 3319] [14.0] [cxt 0] Applying table 'tbl_drop'
[15:00:46.849] [bmv2] [D] [thread 3319] [14.0] [cxt 0] Looking up key:

[15:00:46.849] [bmv2] [D] [thread 3319] [14.0] [cxt 0] Table 'tbl_drop': miss
[15:00:46.850] [bmv2] [D] [thread 3319] [14.0] [cxt 0] Action entry is MyIngress.drop - 
[15:00:46.850] [bmv2] [T] [thread 3319] [14.0] [cxt 0] Action MyIngress.drop
[15:00:46.850] [bmv2] [T] [thread 3319] [14.0] [cxt 0] source_routing.p4(113) Primitive mark_to_drop(standard_metadata)
[15:00:46.850] [bmv2] [D] [thread 3319] [14.0] [cxt 0] Pipeline 'ingress': end
[15:00:46.851] [bmv2] [D] [thread 3319] [14.0] [cxt 0] Egress port is 511
[15:00:46.851] [bmv2] [D] [thread 3319] [14.0] [cxt 0] Dropping packet at the end of ingress
[15:00:47.116] [bmv2] [D] [thread 3319] [15.0] [cxt 0] Processing packet received on port 2
[15:00:47.116] [bmv2] [D] [thread 3319] [15.0] [cxt 0] Parser 'parser': start
[15:00:47.116] [bmv2] [D] [thread 3319] [15.0] [cxt 0] Parser 'parser' entering state 'start'
[15:00:47.117] [bmv2] [D] [thread 3319] [15.0] [cxt 0] Extracting header 'ethernet'
[15:00:47.117] [bmv2] [D] [thread 3319] [15.0] [cxt 0] Parser state 'start' has no switch, going to default next state
[15:00:47.117] [bmv2] [T] [thread 3319] [15.0] [cxt 0] Bytes parsed: 14
[15:00:47.118] [bmv2] [D] [thread 3319] [15.0] [cxt 0] Parser 'parser': end
[15:00:47.118] [bmv2] [D] [thread 3319] [15.0] [cxt 0] Pipeline 'ingress': start
[15:00:47.118] [bmv2] [T] [thread 3319] [15.0] [cxt 0] source_routing.p4(134) Condition "hdr.srcRoutes[0].isValid()" (node_2) is false
[15:00:47.118] [bmv2] [T] [thread 3319] [15.0] [cxt 0] Applying table 'tbl_drop'
[15:00:47.119] [bmv2] [D] [thread 3319] [15.0] [cxt 0] Looking up key:

[15:00:47.119] [bmv2] [D] [thread 3319] [15.0] [cxt 0] Table 'tbl_drop': miss
[15:00:47.119] [bmv2] [D] [thread 3319] [15.0] [cxt 0] Action entry is MyIngress.drop - 
[15:00:47.120] [bmv2] [T] [thread 3319] [15.0] [cxt 0] Action MyIngress.drop
[15:00:47.120] [bmv2] [T] [thread 3319] [15.0] [cxt 0] source_routing.p4(113) Primitive mark_to_drop(standard_metadata)
[15:00:47.120] [bmv2] [D] [thread 3319] [15.0] [cxt 0] Pipeline 'ingress': end
[15:00:47.120] [bmv2] [D] [thread 3319] [15.0] [cxt 0] Egress port is 511
[15:00:47.120] [bmv2] [D] [thread 3319] [15.0] [cxt 0] Dropping packet at the end of ingress
[15:00:47.251] [bmv2] [D] [thread 3319] [16.0] [cxt 0] Processing packet received on port 1
[15:00:47.251] [bmv2] [D] [thread 3319] [16.0] [cxt 0] Parser 'parser': start
[15:00:47.251] [bmv2] [D] [thread 3319] [16.0] [cxt 0] Parser 'parser' entering state 'start'
[15:00:47.252] [bmv2] [D] [thread 3319] [16.0] [cxt 0] Extracting header 'ethernet'
[15:00:47.252] [bmv2] [D] [thread 3319] [16.0] [cxt 0] Parser state 'start' has no switch, going to default next state
[15:00:47.252] [bmv2] [T] [thread 3319] [16.0] [cxt 0] Bytes parsed: 14
[15:00:47.252] [bmv2] [D] [thread 3319] [16.0] [cxt 0] Parser 'parser': end
[15:00:47.253] [bmv2] [D] [thread 3319] [16.0] [cxt 0] Pipeline 'ingress': start
[15:00:47.253] [bmv2] [T] [thread 3319] [16.0] [cxt 0] source_routing.p4(134) Condition "hdr.srcRoutes[0].isValid()" (node_2) is false
[15:00:47.253] [bmv2] [T] [thread 3319] [16.0] [cxt 0] Applying table 'tbl_drop'
[15:00:47.253] [bmv2] [D] [thread 3319] [16.0] [cxt 0] Looking up key:

[15:00:47.253] [bmv2] [D] [thread 3319] [16.0] [cxt 0] Table 'tbl_drop': miss
[15:00:47.254] [bmv2] [D] [thread 3319] [16.0] [cxt 0] Action entry is MyIngress.drop - 
[15:00:47.254] [bmv2] [T] [thread 3319] [16.0] [cxt 0] Action MyIngress.drop
[15:00:47.254] [bmv2] [T] [thread 3319] [16.0] [cxt 0] source_routing.p4(113) Primitive mark_to_drop(standard_metadata)
[15:00:47.254] [bmv2] [D] [thread 3319] [16.0] [cxt 0] Pipeline 'ingress': end
[15:00:47.255] [bmv2] [D] [thread 3319] [16.0] [cxt 0] Egress port is 511
[15:00:47.255] [bmv2] [D] [thread 3319] [16.0] [cxt 0] Dropping packet at the end of ingress
New connection
P4Runtime SetForwardingPipelineConfig
[15:00:47.595] [bmv2] [W] [thread 3363] [P4Runtime] p4::tmp::P4DeviceConfig is deprecated
[15:00:47.647] [bmv2] [D] [thread 3363] Set default default entry for table 'tbl_update_ttl': MyIngress.update_ttl - 
[15:00:47.647] [bmv2] [D] [thread 3363] Set default default entry for table 'tbl_drop': MyIngress.drop - 
Connection removed
[15:00:50.048] [bmv2] [D] [thread 3319] [17.0] [cxt 0] Processing packet received on port 3
[15:00:50.049] [bmv2] [D] [thread 3319] [17.0] [cxt 0] Parser 'parser': start
[15:00:50.049] [bmv2] [D] [thread 3319] [17.0] [cxt 0] Parser 'parser' entering state 'start'
[15:00:50.049] [bmv2] [D] [thread 3319] [17.0] [cxt 0] Extracting header 'ethernet'
[15:00:50.049] [bmv2] [D] [thread 3319] [17.0] [cxt 0] Parser state 'start' has no switch, going to default next state
[15:00:50.050] [bmv2] [T] [thread 3319] [17.0] [cxt 0] Bytes parsed: 14
[15:00:50.050] [bmv2] [D] [thread 3319] [17.0] [cxt 0] Parser 'parser': end
[15:00:50.050] [bmv2] [D] [thread 3319] [17.0] [cxt 0] Pipeline 'ingress': start
[15:00:50.051] [bmv2] [T] [thread 3319] [17.0] [cxt 0] source_routing.p4(134) Condition "hdr.srcRoutes[0].isValid()" (node_2) is false
[15:00:50.051] [bmv2] [T] [thread 3319] [17.0] [cxt 0] Applying table 'tbl_drop'
[15:00:50.052] [bmv2] [D] [thread 3319] [17.0] [cxt 0] Looking up key:

[15:00:50.052] [bmv2] [D] [thread 3319] [17.0] [cxt 0] Table 'tbl_drop': miss
[15:00:50.052] [bmv2] [D] [thread 3319] [17.0] [cxt 0] Action entry is MyIngress.drop - 
[15:00:50.053] [bmv2] [T] [thread 3319] [17.0] [cxt 0] Action MyIngress.drop
[15:00:50.053] [bmv2] [T] [thread 3319] [17.0] [cxt 0] source_routing.p4(113) Primitive mark_to_drop(standard_metadata)
[15:00:50.053] [bmv2] [D] [thread 3319] [17.0] [cxt 0] Pipeline 'ingress': end
[15:00:50.053] [bmv2] [D] [thread 3319] [17.0] [cxt 0] Egress port is 511
[15:00:50.054] [bmv2] [D] [thread 3319] [17.0] [cxt 0] Dropping packet at the end of ingress
[15:00:50.257] [bmv2] [D] [thread 3319] [18.0] [cxt 0] Processing packet received on port 2
[15:00:50.261] [bmv2] [D] [thread 3319] [18.0] [cxt 0] Parser 'parser': start
[15:00:50.262] [bmv2] [D] [thread 3319] [18.0] [cxt 0] Parser 'parser' entering state 'start'
[15:00:50.262] [bmv2] [D] [thread 3319] [18.0] [cxt 0] Extracting header 'ethernet'
[15:00:50.263] [bmv2] [D] [thread 3319] [18.0] [cxt 0] Parser state 'start' has no switch, going to default next state
[15:00:50.263] [bmv2] [T] [thread 3319] [18.0] [cxt 0] Bytes parsed: 14
[15:00:50.263] [bmv2] [D] [thread 3319] [18.0] [cxt 0] Parser 'parser': end
[15:00:50.263] [bmv2] [D] [thread 3319] [18.0] [cxt 0] Pipeline 'ingress': start
[15:00:50.263] [bmv2] [T] [thread 3319] [18.0] [cxt 0] source_routing.p4(134) Condition "hdr.srcRoutes[0].isValid()" (node_2) is false
[15:00:50.264] [bmv2] [T] [thread 3319] [18.0] [cxt 0] Applying table 'tbl_drop'
[15:00:50.264] [bmv2] [D] [thread 3319] [18.0] [cxt 0] Looking up key:

[15:00:50.264] [bmv2] [D] [thread 3319] [18.0] [cxt 0] Table 'tbl_drop': miss
[15:00:50.264] [bmv2] [D] [thread 3319] [18.0] [cxt 0] Action entry is MyIngress.drop - 
[15:00:50.264] [bmv2] [T] [thread 3319] [18.0] [cxt 0] Action MyIngress.drop
[15:00:50.265] [bmv2] [T] [thread 3319] [18.0] [cxt 0] source_routing.p4(113) Primitive mark_to_drop(standard_metadata)
[15:00:50.265] [bmv2] [D] [thread 3319] [18.0] [cxt 0] Pipeline 'ingress': end
[15:00:50.265] [bmv2] [D] [thread 3319] [18.0] [cxt 0] Egress port is 511
[15:00:50.265] [bmv2] [D] [thread 3319] [18.0] [cxt 0] Dropping packet at the end of ingress
[15:00:50.353] [bmv2] [D] [thread 3319] [19.0] [cxt 0] Processing packet received on port 1
[15:00:50.353] [bmv2] [D] [thread 3319] [19.0] [cxt 0] Parser 'parser': start
[15:00:50.354] [bmv2] [D] [thread 3319] [19.0] [cxt 0] Parser 'parser' entering state 'start'
[15:00:50.354] [bmv2] [D] [thread 3319] [19.0] [cxt 0] Extracting header 'ethernet'
[15:00:50.354] [bmv2] [D] [thread 3319] [19.0] [cxt 0] Parser state 'start' has no switch, going to default next state
[15:00:50.355] [bmv2] [T] [thread 3319] [19.0] [cxt 0] Bytes parsed: 14
[15:00:50.356] [bmv2] [D] [thread 3319] [19.0] [cxt 0] Parser 'parser': end
[15:00:50.357] [bmv2] [D] [thread 3319] [19.0] [cxt 0] Pipeline 'ingress': start
[15:00:50.357] [bmv2] [T] [thread 3319] [19.0] [cxt 0] source_routing.p4(134) Condition "hdr.srcRoutes[0].isValid()" (node_2) is false
[15:00:50.358] [bmv2] [T] [thread 3319] [19.0] [cxt 0] Applying table 'tbl_drop'
[15:00:50.359] [bmv2] [D] [thread 3319] [19.0] [cxt 0] Looking up key:

[15:00:50.360] [bmv2] [D] [thread 3319] [19.0] [cxt 0] Table 'tbl_drop': miss
[15:00:50.360] [bmv2] [D] [thread 3319] [19.0] [cxt 0] Action entry is MyIngress.drop - 
[15:00:50.360] [bmv2] [T] [thread 3319] [19.0] [cxt 0] Action MyIngress.drop
[15:00:50.361] [bmv2] [T] [thread 3319] [19.0] [cxt 0] source_routing.p4(113) Primitive mark_to_drop(standard_metadata)
[15:00:50.361] [bmv2] [D] [thread 3319] [19.0] [cxt 0] Pipeline 'ingress': end
[15:00:50.361] [bmv2] [D] [thread 3319] [19.0] [cxt 0] Egress port is 511
[15:00:50.362] [bmv2] [D] [thread 3319] [19.0] [cxt 0] Dropping packet at the end of ingress
[15:00:50.376] [bmv2] [D] [thread 3319] [20.0] [cxt 0] Processing packet received on port 2
[15:00:50.377] [bmv2] [D] [thread 3319] [20.0] [cxt 0] Parser 'parser': start
[15:00:50.377] [bmv2] [D] [thread 3319] [20.0] [cxt 0] Parser 'parser' entering state 'start'
[15:00:50.379] [bmv2] [D] [thread 3319] [20.0] [cxt 0] Extracting header 'ethernet'
[15:00:50.380] [bmv2] [D] [thread 3319] [20.0] [cxt 0] Parser state 'start' has no switch, going to default next state
[15:00:50.380] [bmv2] [T] [thread 3319] [20.0] [cxt 0] Bytes parsed: 14
[15:00:50.381] [bmv2] [D] [thread 3319] [20.0] [cxt 0] Parser 'parser': end
[15:00:50.381] [bmv2] [D] [thread 3319] [20.0] [cxt 0] Pipeline 'ingress': start
[15:00:50.382] [bmv2] [T] [thread 3319] [20.0] [cxt 0] source_routing.p4(134) Condition "hdr.srcRoutes[0].isValid()" (node_2) is false
[15:00:50.382] [bmv2] [T] [thread 3319] [20.0] [cxt 0] Applying table 'tbl_drop'
[15:00:50.383] [bmv2] [D] [thread 3319] [20.0] [cxt 0] Looking up key:

[15:00:50.383] [bmv2] [D] [thread 3319] [20.0] [cxt 0] Table 'tbl_drop': miss
[15:00:50.383] [bmv2] [D] [thread 3319] [20.0] [cxt 0] Action entry is MyIngress.drop - 
[15:00:50.384] [bmv2] [T] [thread 3319] [20.0] [cxt 0] Action MyIngress.drop
[15:00:50.384] [bmv2] [T] [thread 3319] [20.0] [cxt 0] source_routing.p4(113) Primitive mark_to_drop(standard_metadata)
[15:00:50.384] [bmv2] [D] [thread 3319] [20.0] [cxt 0] Pipeline 'ingress': end
[15:00:50.385] [bmv2] [D] [thread 3319] [20.0] [cxt 0] Egress port is 511
[15:00:50.385] [bmv2] [D] [thread 3319] [20.0] [cxt 0] Dropping packet at the end of ingress
[15:00:50.586] [bmv2] [D] [thread 3319] [21.0] [cxt 0] Processing packet received on port 3
[15:00:50.586] [bmv2] [D] [thread 3319] [21.0] [cxt 0] Parser 'parser': start
[15:00:50.586] [bmv2] [D] [thread 3319] [21.0] [cxt 0] Parser 'parser' entering state 'start'
[15:00:50.586] [bmv2] [D] [thread 3319] [21.0] [cxt 0] Extracting header 'ethernet'
[15:00:50.586] [bmv2] [D] [thread 3319] [21.0] [cxt 0] Parser state 'start' has no switch, going to default next state
[15:00:50.587] [bmv2] [T] [thread 3319] [21.0] [cxt 0] Bytes parsed: 14
[15:00:50.587] [bmv2] [D] [thread 3319] [21.0] [cxt 0] Parser 'parser': end
[15:00:50.587] [bmv2] [D] [thread 3319] [21.0] [cxt 0] Pipeline 'ingress': start
[15:00:50.587] [bmv2] [T] [thread 3319] [21.0] [cxt 0] source_routing.p4(134) Condition "hdr.srcRoutes[0].isValid()" (node_2) is false
[15:00:50.587] [bmv2] [T] [thread 3319] [21.0] [cxt 0] Applying table 'tbl_drop'
[15:00:50.588] [bmv2] [D] [thread 3319] [21.0] [cxt 0] Looking up key:

[15:00:50.588] [bmv2] [D] [thread 3319] [21.0] [cxt 0] Table 'tbl_drop': miss
[15:00:50.592] [bmv2] [D] [thread 3319] [21.0] [cxt 0] Action entry is MyIngress.drop - 
[15:00:50.593] [bmv2] [T] [thread 3319] [21.0] [cxt 0] Action MyIngress.drop
[15:00:50.593] [bmv2] [T] [thread 3319] [21.0] [cxt 0] source_routing.p4(113) Primitive mark_to_drop(standard_metadata)
[15:00:50.594] [bmv2] [D] [thread 3319] [21.0] [cxt 0] Pipeline 'ingress': end
[15:00:50.594] [bmv2] [D] [thread 3319] [21.0] [cxt 0] Egress port is 511
[15:00:50.594] [bmv2] [D] [thread 3319] [21.0] [cxt 0] Dropping packet at the end of ingress
[15:00:54.056] [bmv2] [D] [thread 3319] [22.0] [cxt 0] Processing packet received on port 3
[15:00:54.056] [bmv2] [D] [thread 3319] [22.0] [cxt 0] Parser 'parser': start
[15:00:54.056] [bmv2] [D] [thread 3319] [22.0] [cxt 0] Parser 'parser' entering state 'start'
[15:00:54.057] [bmv2] [D] [thread 3319] [22.0] [cxt 0] Extracting header 'ethernet'
[15:00:54.057] [bmv2] [D] [thread 3319] [22.0] [cxt 0] Parser state 'start' has no switch, going to default next state
[15:00:54.058] [bmv2] [T] [thread 3319] [22.0] [cxt 0] Bytes parsed: 14
[15:00:54.058] [bmv2] [D] [thread 3319] [22.0] [cxt 0] Parser 'parser': end
[15:00:54.058] [bmv2] [D] [thread 3319] [22.0] [cxt 0] Pipeline 'ingress': start
[15:00:54.058] [bmv2] [T] [thread 3319] [22.0] [cxt 0] source_routing.p4(134) Condition "hdr.srcRoutes[0].isValid()" (node_2) is false
[15:00:54.059] [bmv2] [T] [thread 3319] [22.0] [cxt 0] Applying table 'tbl_drop'
[15:00:54.059] [bmv2] [D] [thread 3319] [22.0] [cxt 0] Looking up key:

[15:00:54.059] [bmv2] [D] [thread 3319] [22.0] [cxt 0] Table 'tbl_drop': miss
[15:00:54.059] [bmv2] [D] [thread 3319] [22.0] [cxt 0] Action entry is MyIngress.drop - 
[15:00:54.060] [bmv2] [T] [thread 3319] [22.0] [cxt 0] Action MyIngress.drop
[15:00:54.060] [bmv2] [T] [thread 3319] [22.0] [cxt 0] source_routing.p4(113) Primitive mark_to_drop(standard_metadata)
[15:00:54.060] [bmv2] [D] [thread 3319] [22.0] [cxt 0] Pipeline 'ingress': end
[15:00:54.060] [bmv2] [D] [thread 3319] [22.0] [cxt 0] Egress port is 511
[15:00:54.060] [bmv2] [D] [thread 3319] [22.0] [cxt 0] Dropping packet at the end of ingress
[15:00:54.289] [bmv2] [D] [thread 3319] [23.0] [cxt 0] Processing packet received on port 2
[15:00:54.289] [bmv2] [D] [thread 3319] [23.0] [cxt 0] Parser 'parser': start
[15:00:54.290] [bmv2] [D] [thread 3319] [23.0] [cxt 0] Parser 'parser' entering state 'start'
[15:00:54.290] [bmv2] [D] [thread 3319] [23.0] [cxt 0] Extracting header 'ethernet'
[15:00:54.290] [bmv2] [D] [thread 3319] [23.0] [cxt 0] Parser state 'start' has no switch, going to default next state
[15:00:54.291] [bmv2] [T] [thread 3319] [23.0] [cxt 0] Bytes parsed: 14
[15:00:54.291] [bmv2] [D] [thread 3319] [23.0] [cxt 0] Parser 'parser': end
[15:00:54.291] [bmv2] [D] [thread 3319] [23.0] [cxt 0] Pipeline 'ingress': start
[15:00:54.292] [bmv2] [T] [thread 3319] [23.0] [cxt 0] source_routing.p4(134) Condition "hdr.srcRoutes[0].isValid()" (node_2) is false
[15:00:54.292] [bmv2] [T] [thread 3319] [23.0] [cxt 0] Applying table 'tbl_drop'
[15:00:54.292] [bmv2] [D] [thread 3319] [23.0] [cxt 0] Looking up key:

[15:00:54.293] [bmv2] [D] [thread 3319] [23.0] [cxt 0] Table 'tbl_drop': miss
[15:00:54.293] [bmv2] [D] [thread 3319] [23.0] [cxt 0] Action entry is MyIngress.drop - 
[15:00:54.293] [bmv2] [T] [thread 3319] [23.0] [cxt 0] Action MyIngress.drop
[15:00:54.294] [bmv2] [T] [thread 3319] [23.0] [cxt 0] source_routing.p4(113) Primitive mark_to_drop(standard_metadata)
[15:00:54.294] [bmv2] [D] [thread 3319] [23.0] [cxt 0] Pipeline 'ingress': end
[15:00:54.294] [bmv2] [D] [thread 3319] [23.0] [cxt 0] Egress port is 511
[15:00:54.295] [bmv2] [D] [thread 3319] [23.0] [cxt 0] Dropping packet at the end of ingress
[15:00:54.360] [bmv2] [D] [thread 3319] [24.0] [cxt 0] Processing packet received on port 1
[15:00:54.361] [bmv2] [D] [thread 3319] [24.0] [cxt 0] Parser 'parser': start
[15:00:54.361] [bmv2] [D] [thread 3319] [24.0] [cxt 0] Parser 'parser' entering state 'start'
[15:00:54.361] [bmv2] [D] [thread 3319] [24.0] [cxt 0] Extracting header 'ethernet'
[15:00:54.362] [bmv2] [D] [thread 3319] [24.0] [cxt 0] Parser state 'start' has no switch, going to default next state
[15:00:54.362] [bmv2] [T] [thread 3319] [24.0] [cxt 0] Bytes parsed: 14
[15:00:54.363] [bmv2] [D] [thread 3319] [24.0] [cxt 0] Parser 'parser': end
[15:00:54.363] [bmv2] [D] [thread 3319] [24.0] [cxt 0] Pipeline 'ingress': start
[15:00:54.363] [bmv2] [T] [thread 3319] [24.0] [cxt 0] source_routing.p4(134) Condition "hdr.srcRoutes[0].isValid()" (node_2) is false
[15:00:54.364] [bmv2] [T] [thread 3319] [24.0] [cxt 0] Applying table 'tbl_drop'
[15:00:54.364] [bmv2] [D] [thread 3319] [24.0] [cxt 0] Looking up key:

[15:00:54.365] [bmv2] [D] [thread 3319] [24.0] [cxt 0] Table 'tbl_drop': miss
[15:00:54.365] [bmv2] [D] [thread 3319] [24.0] [cxt 0] Action entry is MyIngress.drop - 
[15:00:54.365] [bmv2] [T] [thread 3319] [24.0] [cxt 0] Action MyIngress.drop
[15:00:54.366] [bmv2] [T] [thread 3319] [24.0] [cxt 0] source_routing.p4(113) Primitive mark_to_drop(standard_metadata)
[15:00:54.366] [bmv2] [D] [thread 3319] [24.0] [cxt 0] Pipeline 'ingress': end
[15:00:54.367] [bmv2] [D] [thread 3319] [24.0] [cxt 0] Egress port is 511
[15:00:54.367] [bmv2] [D] [thread 3319] [24.0] [cxt 0] Dropping packet at the end of ingress
[15:00:54.384] [bmv2] [D] [thread 3319] [25.0] [cxt 0] Processing packet received on port 2
[15:00:54.384] [bmv2] [D] [thread 3319] [25.0] [cxt 0] Parser 'parser': start
[15:00:54.384] [bmv2] [D] [thread 3319] [25.0] [cxt 0] Parser 'parser' entering state 'start'
[15:00:54.384] [bmv2] [D] [thread 3319] [25.0] [cxt 0] Extracting header 'ethernet'
[15:00:54.385] [bmv2] [D] [thread 3319] [25.0] [cxt 0] Parser state 'start' has no switch, going to default next state
[15:00:54.385] [bmv2] [T] [thread 3319] [25.0] [cxt 0] Bytes parsed: 14
[15:00:54.385] [bmv2] [D] [thread 3319] [25.0] [cxt 0] Parser 'parser': end
[15:00:54.385] [bmv2] [D] [thread 3319] [25.0] [cxt 0] Pipeline 'ingress': start
[15:00:54.386] [bmv2] [T] [thread 3319] [25.0] [cxt 0] source_routing.p4(134) Condition "hdr.srcRoutes[0].isValid()" (node_2) is false
[15:00:54.386] [bmv2] [T] [thread 3319] [25.0] [cxt 0] Applying table 'tbl_drop'
[15:00:54.386] [bmv2] [D] [thread 3319] [25.0] [cxt 0] Looking up key:

[15:00:54.386] [bmv2] [D] [thread 3319] [25.0] [cxt 0] Table 'tbl_drop': miss
[15:00:54.387] [bmv2] [D] [thread 3319] [25.0] [cxt 0] Action entry is MyIngress.drop - 
[15:00:54.387] [bmv2] [T] [thread 3319] [25.0] [cxt 0] Action MyIngress.drop
[15:00:54.387] [bmv2] [T] [thread 3319] [25.0] [cxt 0] source_routing.p4(113) Primitive mark_to_drop(standard_metadata)
[15:00:54.388] [bmv2] [D] [thread 3319] [25.0] [cxt 0] Pipeline 'ingress': end
[15:00:54.388] [bmv2] [D] [thread 3319] [25.0] [cxt 0] Egress port is 511
[15:00:54.389] [bmv2] [D] [thread 3319] [25.0] [cxt 0] Dropping packet at the end of ingress
[15:00:54.592] [bmv2] [D] [thread 3319] [26.0] [cxt 0] Processing packet received on port 3
[15:00:54.592] [bmv2] [D] [thread 3319] [26.0] [cxt 0] Parser 'parser': start
[15:00:54.593] [bmv2] [D] [thread 3319] [26.0] [cxt 0] Parser 'parser' entering state 'start'
[15:00:54.593] [bmv2] [D] [thread 3319] [26.0] [cxt 0] Extracting header 'ethernet'
[15:00:54.593] [bmv2] [D] [thread 3319] [26.0] [cxt 0] Parser state 'start' has no switch, going to default next state
[15:00:54.593] [bmv2] [T] [thread 3319] [26.0] [cxt 0] Bytes parsed: 14
[15:00:54.594] [bmv2] [D] [thread 3319] [26.0] [cxt 0] Parser 'parser': end
[15:00:54.594] [bmv2] [D] [thread 3319] [26.0] [cxt 0] Pipeline 'ingress': start
[15:00:54.594] [bmv2] [T] [thread 3319] [26.0] [cxt 0] source_routing.p4(134) Condition "hdr.srcRoutes[0].isValid()" (node_2) is false
[15:00:54.594] [bmv2] [T] [thread 3319] [26.0] [cxt 0] Applying table 'tbl_drop'
[15:00:54.595] [bmv2] [D] [thread 3319] [26.0] [cxt 0] Looking up key:

[15:00:54.595] [bmv2] [D] [thread 3319] [26.0] [cxt 0] Table 'tbl_drop': miss
[15:00:54.595] [bmv2] [D] [thread 3319] [26.0] [cxt 0] Action entry is MyIngress.drop - 
[15:00:54.596] [bmv2] [T] [thread 3319] [26.0] [cxt 0] Action MyIngress.drop
[15:00:54.596] [bmv2] [T] [thread 3319] [26.0] [cxt 0] source_routing.p4(113) Primitive mark_to_drop(standard_metadata)
[15:00:54.596] [bmv2] [D] [thread 3319] [26.0] [cxt 0] Pipeline 'ingress': end
[15:00:54.596] [bmv2] [D] [thread 3319] [26.0] [cxt 0] Egress port is 511
[15:00:54.597] [bmv2] [D] [thread 3319] [26.0] [cxt 0] Dropping packet at the end of ingress
