Calling target program-options parser
[15:00:45.921] [bmv2] [D] [thread 3327] Set default default entry for table 'tbl_update_ttl': MyIngress.update_ttl - 
[15:00:45.922] [bmv2] [D] [thread 3327] Set default default entry for table 'tbl_drop': MyIngress.drop - 
Adding interface s3-eth1 as port 1
[15:00:45.922] [bmv2] [D] [thread 3327] Adding interface s3-eth1 as port 1
Adding interface s3-eth2 as port 2
[15:00:45.949] [bmv2] [D] [thread 3327] Adding interface s3-eth2 as port 2
Adding interface s3-eth3 as port 3
[15:00:45.973] [bmv2] [D] [thread 3327] Adding interface s3-eth3 as port 3
I1125 15:00:45.999398337    3327 server_builder.cc:247]      Synchronous server. Num CQs: 1, Min pollers: 1, Max Pollers: 2147483647, CQ timeout (msec): 1000
Server listening on 0.0.0.0:50053
[15:00:46.009] [bmv2] [I] [thread 3327] Starting Thrift server on port 9092
[15:00:46.010] [bmv2] [I] [thread 3327] Thrift server was started
[15:00:46.046] [bmv2] [D] [thread 3334] [0.0] [cxt 0] Processing packet received on port 3
[15:00:46.047] [bmv2] [D] [thread 3334] [0.0] [cxt 0] Parser 'parser': start
[15:00:46.048] [bmv2] [D] [thread 3334] [0.0] [cxt 0] Parser 'parser' entering state 'start'
[15:00:46.048] [bmv2] [D] [thread 3334] [0.0] [cxt 0] Extracting header 'ethernet'
[15:00:46.048] [bmv2] [D] [thread 3334] [0.0] [cxt 0] Parser state 'start' has no switch, going to default next state
[15:00:46.049] [bmv2] [T] [thread 3334] [0.0] [cxt 0] Bytes parsed: 14
[15:00:46.049] [bmv2] [D] [thread 3334] [0.0] [cxt 0] Parser 'parser': end
[15:00:46.050] [bmv2] [D] [thread 3334] [0.0] [cxt 0] Pipeline 'ingress': start
[15:00:46.050] [bmv2] [T] [thread 3334] [0.0] [cxt 0] source_routing.p4(134) Condition "hdr.srcRoutes[0].isValid()" (node_2) is false
[15:00:46.050] [bmv2] [T] [thread 3334] [0.0] [cxt 0] Applying table 'tbl_drop'
[15:00:46.051] [bmv2] [D] [thread 3334] [0.0] [cxt 0] Looking up key:

[15:00:46.051] [bmv2] [D] [thread 3334] [0.0] [cxt 0] Table 'tbl_drop': miss
[15:00:46.052] [bmv2] [D] [thread 3334] [0.0] [cxt 0] Action entry is MyIngress.drop - 
[15:00:46.052] [bmv2] [T] [thread 3334] [0.0] [cxt 0] Action MyIngress.drop
[15:00:46.052] [bmv2] [T] [thread 3334] [0.0] [cxt 0] source_routing.p4(113) Primitive mark_to_drop(standard_metadata)
[15:00:46.053] [bmv2] [D] [thread 3334] [0.0] [cxt 0] Pipeline 'ingress': end
[15:00:46.053] [bmv2] [D] [thread 3334] [0.0] [cxt 0] Egress port is 511
[15:00:46.054] [bmv2] [D] [thread 3334] [0.0] [cxt 0] Dropping packet at the end of ingress
[15:00:46.054] [bmv2] [D] [thread 3334] [1.0] [cxt 0] Processing packet received on port 3
[15:00:46.054] [bmv2] [D] [thread 3334] [1.0] [cxt 0] Parser 'parser': start
[15:00:46.055] [bmv2] [D] [thread 3334] [1.0] [cxt 0] Parser 'parser' entering state 'start'
[15:00:46.055] [bmv2] [D] [thread 3334] [1.0] [cxt 0] Extracting header 'ethernet'
[15:00:46.055] [bmv2] [D] [thread 3334] [1.0] [cxt 0] Parser state 'start' has no switch, going to default next state
[15:00:46.056] [bmv2] [T] [thread 3334] [1.0] [cxt 0] Bytes parsed: 14
[15:00:46.056] [bmv2] [D] [thread 3334] [1.0] [cxt 0] Parser 'parser': end
[15:00:46.056] [bmv2] [D] [thread 3334] [1.0] [cxt 0] Pipeline 'ingress': start
[15:00:46.057] [bmv2] [T] [thread 3334] [1.0] [cxt 0] source_routing.p4(134) Condition "hdr.srcRoutes[0].isValid()" (node_2) is false
[15:00:46.057] [bmv2] [T] [thread 3334] [1.0] [cxt 0] Applying table 'tbl_drop'
[15:00:46.058] [bmv2] [D] [thread 3334] [1.0] [cxt 0] Looking up key:

[15:00:46.059] [bmv2] [D] [thread 3334] [1.0] [cxt 0] Table 'tbl_drop': miss
[15:00:46.061] [bmv2] [D] [thread 3334] [1.0] [cxt 0] Action entry is MyIngress.drop - 
[15:00:46.061] [bmv2] [T] [thread 3334] [1.0] [cxt 0] Action MyIngress.drop
[15:00:46.062] [bmv2] [T] [thread 3334] [1.0] [cxt 0] source_routing.p4(113) Primitive mark_to_drop(standard_metadata)
[15:00:46.062] [bmv2] [D] [thread 3334] [1.0] [cxt 0] Pipeline 'ingress': end
[15:00:46.062] [bmv2] [D] [thread 3334] [1.0] [cxt 0] Egress port is 511
[15:00:46.063] [bmv2] [D] [thread 3334] [1.0] [cxt 0] Dropping packet at the end of ingress
[15:00:46.245] [bmv2] [D] [thread 3334] [2.0] [cxt 0] Processing packet received on port 2
[15:00:46.261] [bmv2] [D] [thread 3334] [2.0] [cxt 0] Parser 'parser': start
[15:00:46.262] [bmv2] [D] [thread 3334] [2.0] [cxt 0] Parser 'parser' entering state 'start'
[15:00:46.262] [bmv2] [D] [thread 3334] [2.0] [cxt 0] Extracting header 'ethernet'
[15:00:46.263] [bmv2] [D] [thread 3334] [2.0] [cxt 0] Parser state 'start' has no switch, going to default next state
[15:00:46.263] [bmv2] [T] [thread 3334] [2.0] [cxt 0] Bytes parsed: 14
[15:00:46.263] [bmv2] [D] [thread 3334] [2.0] [cxt 0] Parser 'parser': end
[15:00:46.264] [bmv2] [D] [thread 3334] [2.0] [cxt 0] Pipeline 'ingress': start
[15:00:46.264] [bmv2] [T] [thread 3334] [2.0] [cxt 0] source_routing.p4(134) Condition "hdr.srcRoutes[0].isValid()" (node_2) is false
[15:00:46.264] [bmv2] [T] [thread 3334] [2.0] [cxt 0] Applying table 'tbl_drop'
[15:00:46.264] [bmv2] [D] [thread 3334] [2.0] [cxt 0] Looking up key:

[15:00:46.265] [bmv2] [D] [thread 3334] [2.0] [cxt 0] Table 'tbl_drop': miss
[15:00:46.265] [bmv2] [D] [thread 3334] [2.0] [cxt 0] Action entry is MyIngress.drop - 
[15:00:46.266] [bmv2] [T] [thread 3334] [2.0] [cxt 0] Action MyIngress.drop
[15:00:46.266] [bmv2] [T] [thread 3334] [2.0] [cxt 0] source_routing.p4(113) Primitive mark_to_drop(standard_metadata)
[15:00:46.266] [bmv2] [D] [thread 3334] [2.0] [cxt 0] Pipeline 'ingress': end
[15:00:46.266] [bmv2] [D] [thread 3334] [2.0] [cxt 0] Egress port is 511
[15:00:46.267] [bmv2] [D] [thread 3334] [2.0] [cxt 0] Dropping packet at the end of ingress
[15:00:46.267] [bmv2] [D] [thread 3334] [3.0] [cxt 0] Processing packet received on port 2
[15:00:46.267] [bmv2] [D] [thread 3334] [3.0] [cxt 0] Parser 'parser': start
[15:00:46.268] [bmv2] [D] [thread 3334] [3.0] [cxt 0] Parser 'parser' entering state 'start'
[15:00:46.268] [bmv2] [D] [thread 3334] [3.0] [cxt 0] Extracting header 'ethernet'
[15:00:46.268] [bmv2] [D] [thread 3334] [3.0] [cxt 0] Parser state 'start' has no switch, going to default next state
[15:00:46.268] [bmv2] [T] [thread 3334] [3.0] [cxt 0] Bytes parsed: 14
[15:00:46.269] [bmv2] [D] [thread 3334] [3.0] [cxt 0] Parser 'parser': end
[15:00:46.269] [bmv2] [D] [thread 3334] [3.0] [cxt 0] Pipeline 'ingress': start
[15:00:46.269] [bmv2] [T] [thread 3334] [3.0] [cxt 0] source_routing.p4(134) Condition "hdr.srcRoutes[0].isValid()" (node_2) is false
[15:00:46.270] [bmv2] [T] [thread 3334] [3.0] [cxt 0] Applying table 'tbl_drop'
[15:00:46.270] [bmv2] [D] [thread 3334] [3.0] [cxt 0] Looking up key:

[15:00:46.271] [bmv2] [D] [thread 3334] [3.0] [cxt 0] Table 'tbl_drop': miss
[15:00:46.271] [bmv2] [D] [thread 3334] [3.0] [cxt 0] Action entry is MyIngress.drop - 
[15:00:46.271] [bmv2] [T] [thread 3334] [3.0] [cxt 0] Action MyIngress.drop
[15:00:46.272] [bmv2] [T] [thread 3334] [3.0] [cxt 0] source_routing.p4(113) Primitive mark_to_drop(standard_metadata)
[15:00:46.272] [bmv2] [D] [thread 3334] [3.0] [cxt 0] Pipeline 'ingress': end
[15:00:46.272] [bmv2] [D] [thread 3334] [3.0] [cxt 0] Egress port is 511
[15:00:46.273] [bmv2] [D] [thread 3334] [3.0] [cxt 0] Dropping packet at the end of ingress
[15:00:46.437] [bmv2] [D] [thread 3334] [4.0] [cxt 0] Processing packet received on port 2
[15:00:46.438] [bmv2] [D] [thread 3334] [4.0] [cxt 0] Parser 'parser': start
[15:00:46.438] [bmv2] [D] [thread 3334] [4.0] [cxt 0] Parser 'parser' entering state 'start'
[15:00:46.438] [bmv2] [D] [thread 3334] [4.0] [cxt 0] Extracting header 'ethernet'
[15:00:46.439] [bmv2] [D] [thread 3334] [4.0] [cxt 0] Parser state 'start' has no switch, going to default next state
[15:00:46.439] [bmv2] [T] [thread 3334] [4.0] [cxt 0] Bytes parsed: 14
[15:00:46.439] [bmv2] [D] [thread 3334] [4.0] [cxt 0] Parser 'parser': end
[15:00:46.440] [bmv2] [D] [thread 3334] [4.0] [cxt 0] Pipeline 'ingress': start
[15:00:46.440] [bmv2] [T] [thread 3334] [4.0] [cxt 0] source_routing.p4(134) Condition "hdr.srcRoutes[0].isValid()" (node_2) is false
[15:00:46.442] [bmv2] [T] [thread 3334] [4.0] [cxt 0] Applying table 'tbl_drop'
[15:00:46.442] [bmv2] [D] [thread 3334] [4.0] [cxt 0] Looking up key:

[15:00:46.444] [bmv2] [D] [thread 3334] [4.0] [cxt 0] Table 'tbl_drop': miss
[15:00:46.444] [bmv2] [D] [thread 3334] [4.0] [cxt 0] Action entry is MyIngress.drop - 
[15:00:46.444] [bmv2] [T] [thread 3334] [4.0] [cxt 0] Action MyIngress.drop
[15:00:46.445] [bmv2] [T] [thread 3334] [4.0] [cxt 0] source_routing.p4(113) Primitive mark_to_drop(standard_metadata)
[15:00:46.445] [bmv2] [D] [thread 3334] [4.0] [cxt 0] Pipeline 'ingress': end
[15:00:46.445] [bmv2] [D] [thread 3334] [4.0] [cxt 0] Egress port is 511
[15:00:46.445] [bmv2] [D] [thread 3334] [4.0] [cxt 0] Dropping packet at the end of ingress
[15:00:46.446] [bmv2] [D] [thread 3334] [5.0] [cxt 0] Processing packet received on port 2
[15:00:46.446] [bmv2] [D] [thread 3334] [5.0] [cxt 0] Parser 'parser': start
[15:00:46.446] [bmv2] [D] [thread 3334] [5.0] [cxt 0] Parser 'parser' entering state 'start'
[15:00:46.446] [bmv2] [D] [thread 3334] [5.0] [cxt 0] Extracting header 'ethernet'
[15:00:46.447] [bmv2] [D] [thread 3334] [5.0] [cxt 0] Parser state 'start' has no switch, going to default next state
[15:00:46.447] [bmv2] [T] [thread 3334] [5.0] [cxt 0] Bytes parsed: 14
[15:00:46.447] [bmv2] [D] [thread 3334] [5.0] [cxt 0] Parser 'parser': end
[15:00:46.447] [bmv2] [D] [thread 3334] [5.0] [cxt 0] Pipeline 'ingress': start
[15:00:46.448] [bmv2] [T] [thread 3334] [5.0] [cxt 0] source_routing.p4(134) Condition "hdr.srcRoutes[0].isValid()" (node_2) is false
[15:00:46.448] [bmv2] [T] [thread 3334] [5.0] [cxt 0] Applying table 'tbl_drop'
[15:00:46.448] [bmv2] [D] [thread 3334] [5.0] [cxt 0] Looking up key:

[15:00:46.449] [bmv2] [D] [thread 3334] [5.0] [cxt 0] Table 'tbl_drop': miss
[15:00:46.449] [bmv2] [D] [thread 3334] [5.0] [cxt 0] Action entry is MyIngress.drop - 
[15:00:46.449] [bmv2] [T] [thread 3334] [5.0] [cxt 0] Action MyIngress.drop
[15:00:46.449] [bmv2] [T] [thread 3334] [5.0] [cxt 0] source_routing.p4(113) Primitive mark_to_drop(standard_metadata)
[15:00:46.450] [bmv2] [D] [thread 3334] [5.0] [cxt 0] Pipeline 'ingress': end
[15:00:46.450] [bmv2] [D] [thread 3334] [5.0] [cxt 0] Egress port is 511
[15:00:46.450] [bmv2] [D] [thread 3334] [5.0] [cxt 0] Dropping packet at the end of ingress
[15:00:46.541] [bmv2] [D] [thread 3334] [6.0] [cxt 0] Processing packet received on port 2
[15:00:46.542] [bmv2] [D] [thread 3334] [6.0] [cxt 0] Parser 'parser': start
[15:00:46.542] [bmv2] [D] [thread 3334] [6.0] [cxt 0] Parser 'parser' entering state 'start'
[15:00:46.543] [bmv2] [D] [thread 3334] [6.0] [cxt 0] Extracting header 'ethernet'
[15:00:46.543] [bmv2] [D] [thread 3334] [6.0] [cxt 0] Parser state 'start' has no switch, going to default next state
[15:00:46.544] [bmv2] [T] [thread 3334] [6.0] [cxt 0] Bytes parsed: 14
[15:00:46.544] [bmv2] [D] [thread 3334] [6.0] [cxt 0] Parser 'parser': end
[15:00:46.544] [bmv2] [D] [thread 3334] [6.0] [cxt 0] Pipeline 'ingress': start
[15:00:46.544] [bmv2] [T] [thread 3334] [6.0] [cxt 0] source_routing.p4(134) Condition "hdr.srcRoutes[0].isValid()" (node_2) is false
[15:00:46.545] [bmv2] [T] [thread 3334] [6.0] [cxt 0] Applying table 'tbl_drop'
[15:00:46.545] [bmv2] [D] [thread 3334] [6.0] [cxt 0] Looking up key:

[15:00:46.545] [bmv2] [D] [thread 3334] [6.0] [cxt 0] Table 'tbl_drop': miss
[15:00:46.545] [bmv2] [D] [thread 3334] [6.0] [cxt 0] Action entry is MyIngress.drop - 
[15:00:46.546] [bmv2] [T] [thread 3334] [6.0] [cxt 0] Action MyIngress.drop
[15:00:46.546] [bmv2] [T] [thread 3334] [6.0] [cxt 0] source_routing.p4(113) Primitive mark_to_drop(standard_metadata)
[15:00:46.547] [bmv2] [D] [thread 3334] [6.0] [cxt 0] Pipeline 'ingress': end
[15:00:46.547] [bmv2] [D] [thread 3334] [6.0] [cxt 0] Egress port is 511
[15:00:46.547] [bmv2] [D] [thread 3334] [6.0] [cxt 0] Dropping packet at the end of ingress
[15:00:46.548] [bmv2] [D] [thread 3334] [7.0] [cxt 0] Processing packet received on port 3
[15:00:46.548] [bmv2] [D] [thread 3334] [7.0] [cxt 0] Parser 'parser': start
[15:00:46.548] [bmv2] [D] [thread 3334] [7.0] [cxt 0] Parser 'parser' entering state 'start'
[15:00:46.548] [bmv2] [D] [thread 3334] [7.0] [cxt 0] Extracting header 'ethernet'
[15:00:46.549] [bmv2] [D] [thread 3334] [7.0] [cxt 0] Parser state 'start' has no switch, going to default next state
[15:00:46.549] [bmv2] [T] [thread 3334] [7.0] [cxt 0] Bytes parsed: 14
[15:00:46.550] [bmv2] [D] [thread 3334] [7.0] [cxt 0] Parser 'parser': end
[15:00:46.550] [bmv2] [D] [thread 3334] [7.0] [cxt 0] Pipeline 'ingress': start
[15:00:46.550] [bmv2] [T] [thread 3334] [7.0] [cxt 0] source_routing.p4(134) Condition "hdr.srcRoutes[0].isValid()" (node_2) is false
[15:00:46.551] [bmv2] [T] [thread 3334] [7.0] [cxt 0] Applying table 'tbl_drop'
[15:00:46.551] [bmv2] [D] [thread 3334] [7.0] [cxt 0] Looking up key:

[15:00:46.551] [bmv2] [D] [thread 3334] [7.0] [cxt 0] Table 'tbl_drop': miss
[15:00:46.551] [bmv2] [D] [thread 3334] [7.0] [cxt 0] Action entry is MyIngress.drop - 
[15:00:46.552] [bmv2] [T] [thread 3334] [7.0] [cxt 0] Action MyIngress.drop
[15:00:46.552] [bmv2] [T] [thread 3334] [7.0] [cxt 0] source_routing.p4(113) Primitive mark_to_drop(standard_metadata)
[15:00:46.552] [bmv2] [D] [thread 3334] [7.0] [cxt 0] Pipeline 'ingress': end
[15:00:46.552] [bmv2] [D] [thread 3334] [7.0] [cxt 0] Egress port is 511
[15:00:46.553] [bmv2] [D] [thread 3334] [7.0] [cxt 0] Dropping packet at the end of ingress
[15:00:46.577] [bmv2] [D] [thread 3334] [8.0] [cxt 0] Processing packet received on port 3
[15:00:46.577] [bmv2] [D] [thread 3334] [8.0] [cxt 0] Parser 'parser': start
[15:00:46.578] [bmv2] [D] [thread 3334] [8.0] [cxt 0] Parser 'parser' entering state 'start'
[15:00:46.578] [bmv2] [D] [thread 3334] [8.0] [cxt 0] Extracting header 'ethernet'
[15:00:46.579] [bmv2] [D] [thread 3334] [8.0] [cxt 0] Parser state 'start' has no switch, going to default next state
[15:00:46.580] [bmv2] [T] [thread 3334] [8.0] [cxt 0] Bytes parsed: 14
[15:00:46.580] [bmv2] [D] [thread 3334] [8.0] [cxt 0] Parser 'parser': end
[15:00:46.581] [bmv2] [D] [thread 3334] [8.0] [cxt 0] Pipeline 'ingress': start
[15:00:46.581] [bmv2] [T] [thread 3334] [8.0] [cxt 0] source_routing.p4(134) Condition "hdr.srcRoutes[0].isValid()" (node_2) is false
[15:00:46.582] [bmv2] [T] [thread 3334] [8.0] [cxt 0] Applying table 'tbl_drop'
[15:00:46.582] [bmv2] [D] [thread 3334] [8.0] [cxt 0] Looking up key:

[15:00:46.582] [bmv2] [D] [thread 3334] [8.0] [cxt 0] Table 'tbl_drop': miss
[15:00:46.583] [bmv2] [D] [thread 3334] [8.0] [cxt 0] Action entry is MyIngress.drop - 
[15:00:46.583] [bmv2] [T] [thread 3334] [8.0] [cxt 0] Action MyIngress.drop
[15:00:46.584] [bmv2] [T] [thread 3334] [8.0] [cxt 0] source_routing.p4(113) Primitive mark_to_drop(standard_metadata)
[15:00:46.584] [bmv2] [D] [thread 3334] [8.0] [cxt 0] Pipeline 'ingress': end
[15:00:46.585] [bmv2] [D] [thread 3334] [8.0] [cxt 0] Egress port is 511
[15:00:46.585] [bmv2] [D] [thread 3334] [8.0] [cxt 0] Dropping packet at the end of ingress
[15:00:46.586] [bmv2] [D] [thread 3334] [9.0] [cxt 0] Processing packet received on port 3
[15:00:46.586] [bmv2] [D] [thread 3334] [9.0] [cxt 0] Parser 'parser': start
[15:00:46.586] [bmv2] [D] [thread 3334] [9.0] [cxt 0] Parser 'parser' entering state 'start'
[15:00:46.587] [bmv2] [D] [thread 3334] [9.0] [cxt 0] Extracting header 'ethernet'
[15:00:46.587] [bmv2] [D] [thread 3334] [9.0] [cxt 0] Parser state 'start' has no switch, going to default next state
[15:00:46.588] [bmv2] [T] [thread 3334] [9.0] [cxt 0] Bytes parsed: 14
[15:00:46.588] [bmv2] [D] [thread 3334] [9.0] [cxt 0] Parser 'parser': end
[15:00:46.588] [bmv2] [D] [thread 3334] [9.0] [cxt 0] Pipeline 'ingress': start
[15:00:46.589] [bmv2] [T] [thread 3334] [9.0] [cxt 0] source_routing.p4(134) Condition "hdr.srcRoutes[0].isValid()" (node_2) is false
[15:00:46.589] [bmv2] [T] [thread 3334] [9.0] [cxt 0] Applying table 'tbl_drop'
[15:00:46.590] [bmv2] [D] [thread 3334] [9.0] [cxt 0] Looking up key:

[15:00:46.590] [bmv2] [D] [thread 3334] [9.0] [cxt 0] Table 'tbl_drop': miss
[15:00:46.591] [bmv2] [D] [thread 3334] [9.0] [cxt 0] Action entry is MyIngress.drop - 
[15:00:46.591] [bmv2] [T] [thread 3334] [9.0] [cxt 0] Action MyIngress.drop
[15:00:46.591] [bmv2] [T] [thread 3334] [9.0] [cxt 0] source_routing.p4(113) Primitive mark_to_drop(standard_metadata)
[15:00:46.592] [bmv2] [D] [thread 3334] [9.0] [cxt 0] Pipeline 'ingress': end
[15:00:46.592] [bmv2] [D] [thread 3334] [9.0] [cxt 0] Egress port is 511
[15:00:46.592] [bmv2] [D] [thread 3334] [9.0] [cxt 0] Dropping packet at the end of ingress
[15:00:46.844] [bmv2] [D] [thread 3334] [10.0] [cxt 0] Processing packet received on port 3
[15:00:46.844] [bmv2] [D] [thread 3334] [10.0] [cxt 0] Parser 'parser': start
[15:00:46.844] [bmv2] [D] [thread 3334] [10.0] [cxt 0] Parser 'parser' entering state 'start'
[15:00:46.845] [bmv2] [D] [thread 3334] [10.0] [cxt 0] Extracting header 'ethernet'
[15:00:46.845] [bmv2] [D] [thread 3334] [10.0] [cxt 0] Parser state 'start' has no switch, going to default next state
[15:00:46.846] [bmv2] [T] [thread 3334] [10.0] [cxt 0] Bytes parsed: 14
[15:00:46.846] [bmv2] [D] [thread 3334] [10.0] [cxt 0] Parser 'parser': end
[15:00:46.846] [bmv2] [D] [thread 3334] [10.0] [cxt 0] Pipeline 'ingress': start
[15:00:46.846] [bmv2] [T] [thread 3334] [10.0] [cxt 0] source_routing.p4(134) Condition "hdr.srcRoutes[0].isValid()" (node_2) is false
[15:00:46.848] [bmv2] [T] [thread 3334] [10.0] [cxt 0] Applying table 'tbl_drop'
[15:00:46.848] [bmv2] [D] [thread 3334] [10.0] [cxt 0] Looking up key:

[15:00:46.848] [bmv2] [D] [thread 3334] [10.0] [cxt 0] Table 'tbl_drop': miss
[15:00:46.849] [bmv2] [D] [thread 3334] [10.0] [cxt 0] Action entry is MyIngress.drop - 
[15:00:46.849] [bmv2] [T] [thread 3334] [10.0] [cxt 0] Action MyIngress.drop
[15:00:46.849] [bmv2] [T] [thread 3334] [10.0] [cxt 0] source_routing.p4(113) Primitive mark_to_drop(standard_metadata)
[15:00:46.850] [bmv2] [D] [thread 3334] [10.0] [cxt 0] Pipeline 'ingress': end
[15:00:46.850] [bmv2] [D] [thread 3334] [10.0] [cxt 0] Egress port is 511
[15:00:46.850] [bmv2] [D] [thread 3334] [10.0] [cxt 0] Dropping packet at the end of ingress
[15:00:47.116] [bmv2] [D] [thread 3334] [11.0] [cxt 0] Processing packet received on port 2
[15:00:47.116] [bmv2] [D] [thread 3334] [11.0] [cxt 0] Parser 'parser': start
[15:00:47.116] [bmv2] [D] [thread 3334] [11.0] [cxt 0] Parser 'parser' entering state 'start'
[15:00:47.117] [bmv2] [D] [thread 3334] [11.0] [cxt 0] Extracting header 'ethernet'
[15:00:47.117] [bmv2] [D] [thread 3334] [11.0] [cxt 0] Parser state 'start' has no switch, going to default next state
[15:00:47.118] [bmv2] [T] [thread 3334] [11.0] [cxt 0] Bytes parsed: 14
[15:00:47.118] [bmv2] [D] [thread 3334] [11.0] [cxt 0] Parser 'parser': end
[15:00:47.119] [bmv2] [D] [thread 3334] [11.0] [cxt 0] Pipeline 'ingress': start
[15:00:47.119] [bmv2] [T] [thread 3334] [11.0] [cxt 0] source_routing.p4(134) Condition "hdr.srcRoutes[0].isValid()" (node_2) is false
[15:00:47.120] [bmv2] [T] [thread 3334] [11.0] [cxt 0] Applying table 'tbl_drop'
[15:00:47.120] [bmv2] [D] [thread 3334] [11.0] [cxt 0] Looking up key:

[15:00:47.120] [bmv2] [D] [thread 3334] [11.0] [cxt 0] Table 'tbl_drop': miss
[15:00:47.121] [bmv2] [D] [thread 3334] [11.0] [cxt 0] Action entry is MyIngress.drop - 
[15:00:47.121] [bmv2] [T] [thread 3334] [11.0] [cxt 0] Action MyIngress.drop
[15:00:47.121] [bmv2] [T] [thread 3334] [11.0] [cxt 0] source_routing.p4(113) Primitive mark_to_drop(standard_metadata)
[15:00:47.122] [bmv2] [D] [thread 3334] [11.0] [cxt 0] Pipeline 'ingress': end
[15:00:47.122] [bmv2] [D] [thread 3334] [11.0] [cxt 0] Egress port is 511
[15:00:47.122] [bmv2] [D] [thread 3334] [11.0] [cxt 0] Dropping packet at the end of ingress
New connection
P4Runtime SetForwardingPipelineConfig
[15:00:47.575] [bmv2] [W] [thread 3353] [P4Runtime] p4::tmp::P4DeviceConfig is deprecated
[15:00:47.576] [bmv2] [D] [thread 3353] Set default default entry for table 'tbl_update_ttl': MyIngress.update_ttl - 
[15:00:47.576] [bmv2] [D] [thread 3353] Set default default entry for table 'tbl_drop': MyIngress.drop - 
Connection removed
[15:00:49.873] [bmv2] [D] [thread 3334] [12.0] [cxt 0] Processing packet received on port 1
[15:00:49.873] [bmv2] [D] [thread 3334] [12.0] [cxt 0] Parser 'parser': start
[15:00:49.874] [bmv2] [D] [thread 3334] [12.0] [cxt 0] Parser 'parser' entering state 'start'
[15:00:49.875] [bmv2] [D] [thread 3334] [12.0] [cxt 0] Extracting header 'ethernet'
[15:00:49.875] [bmv2] [D] [thread 3334] [12.0] [cxt 0] Parser state 'start' has no switch, going to default next state
[15:00:49.875] [bmv2] [T] [thread 3334] [12.0] [cxt 0] Bytes parsed: 14
[15:00:49.876] [bmv2] [D] [thread 3334] [12.0] [cxt 0] Parser 'parser': end
[15:00:49.876] [bmv2] [D] [thread 3334] [12.0] [cxt 0] Pipeline 'ingress': start
[15:00:49.877] [bmv2] [T] [thread 3334] [12.0] [cxt 0] source_routing.p4(134) Condition "hdr.srcRoutes[0].isValid()" (node_2) is false
[15:00:49.877] [bmv2] [T] [thread 3334] [12.0] [cxt 0] Applying table 'tbl_drop'
[15:00:49.877] [bmv2] [D] [thread 3334] [12.0] [cxt 0] Looking up key:

[15:00:49.878] [bmv2] [D] [thread 3334] [12.0] [cxt 0] Table 'tbl_drop': miss
[15:00:49.878] [bmv2] [D] [thread 3334] [12.0] [cxt 0] Action entry is MyIngress.drop - 
[15:00:49.879] [bmv2] [T] [thread 3334] [12.0] [cxt 0] Action MyIngress.drop
[15:00:49.879] [bmv2] [T] [thread 3334] [12.0] [cxt 0] source_routing.p4(113) Primitive mark_to_drop(standard_metadata)
[15:00:49.880] [bmv2] [D] [thread 3334] [12.0] [cxt 0] Pipeline 'ingress': end
[15:00:49.880] [bmv2] [D] [thread 3334] [12.0] [cxt 0] Egress port is 511
[15:00:49.880] [bmv2] [D] [thread 3334] [12.0] [cxt 0] Dropping packet at the end of ingress
[15:00:50.048] [bmv2] [D] [thread 3334] [13.0] [cxt 0] Processing packet received on port 3
[15:00:50.049] [bmv2] [D] [thread 3334] [13.0] [cxt 0] Parser 'parser': start
[15:00:50.049] [bmv2] [D] [thread 3334] [13.0] [cxt 0] Parser 'parser' entering state 'start'
[15:00:50.049] [bmv2] [D] [thread 3334] [13.0] [cxt 0] Extracting header 'ethernet'
[15:00:50.050] [bmv2] [D] [thread 3334] [13.0] [cxt 0] Parser state 'start' has no switch, going to default next state
[15:00:50.050] [bmv2] [T] [thread 3334] [13.0] [cxt 0] Bytes parsed: 14
[15:00:50.050] [bmv2] [D] [thread 3334] [13.0] [cxt 0] Parser 'parser': end
[15:00:50.051] [bmv2] [D] [thread 3334] [13.0] [cxt 0] Pipeline 'ingress': start
[15:00:50.051] [bmv2] [T] [thread 3334] [13.0] [cxt 0] source_routing.p4(134) Condition "hdr.srcRoutes[0].isValid()" (node_2) is false
[15:00:50.052] [bmv2] [T] [thread 3334] [13.0] [cxt 0] Applying table 'tbl_drop'
[15:00:50.052] [bmv2] [D] [thread 3334] [13.0] [cxt 0] Looking up key:

[15:00:50.052] [bmv2] [D] [thread 3334] [13.0] [cxt 0] Table 'tbl_drop': miss
[15:00:50.053] [bmv2] [D] [thread 3334] [13.0] [cxt 0] Action entry is MyIngress.drop - 
[15:00:50.053] [bmv2] [T] [thread 3334] [13.0] [cxt 0] Action MyIngress.drop
[15:00:50.053] [bmv2] [T] [thread 3334] [13.0] [cxt 0] source_routing.p4(113) Primitive mark_to_drop(standard_metadata)
[15:00:50.054] [bmv2] [D] [thread 3334] [13.0] [cxt 0] Pipeline 'ingress': end
[15:00:50.054] [bmv2] [D] [thread 3334] [13.0] [cxt 0] Egress port is 511
[15:00:50.054] [bmv2] [D] [thread 3334] [13.0] [cxt 0] Dropping packet at the end of ingress
[15:00:50.256] [bmv2] [D] [thread 3334] [14.0] [cxt 0] Processing packet received on port 2
[15:00:50.256] [bmv2] [D] [thread 3334] [14.0] [cxt 0] Parser 'parser': start
[15:00:50.257] [bmv2] [D] [thread 3334] [14.0] [cxt 0] Parser 'parser' entering state 'start'
[15:00:50.257] [bmv2] [D] [thread 3334] [14.0] [cxt 0] Extracting header 'ethernet'
[15:00:50.257] [bmv2] [D] [thread 3334] [14.0] [cxt 0] Parser state 'start' has no switch, going to default next state
[15:00:50.257] [bmv2] [T] [thread 3334] [14.0] [cxt 0] Bytes parsed: 14
[15:00:50.258] [bmv2] [D] [thread 3334] [14.0] [cxt 0] Parser 'parser': end
[15:00:50.258] [bmv2] [D] [thread 3334] [14.0] [cxt 0] Pipeline 'ingress': start
[15:00:50.258] [bmv2] [T] [thread 3334] [14.0] [cxt 0] source_routing.p4(134) Condition "hdr.srcRoutes[0].isValid()" (node_2) is false
[15:00:50.258] [bmv2] [T] [thread 3334] [14.0] [cxt 0] Applying table 'tbl_drop'
[15:00:50.259] [bmv2] [D] [thread 3334] [14.0] [cxt 0] Looking up key:

[15:00:50.260] [bmv2] [D] [thread 3334] [14.0] [cxt 0] Table 'tbl_drop': miss
[15:00:50.260] [bmv2] [D] [thread 3334] [14.0] [cxt 0] Action entry is MyIngress.drop - 
[15:00:50.260] [bmv2] [T] [thread 3334] [14.0] [cxt 0] Action MyIngress.drop
[15:00:50.260] [bmv2] [T] [thread 3334] [14.0] [cxt 0] source_routing.p4(113) Primitive mark_to_drop(standard_metadata)
[15:00:50.260] [bmv2] [D] [thread 3334] [14.0] [cxt 0] Pipeline 'ingress': end
[15:00:50.261] [bmv2] [D] [thread 3334] [14.0] [cxt 0] Egress port is 511
[15:00:50.261] [bmv2] [D] [thread 3334] [14.0] [cxt 0] Dropping packet at the end of ingress
[15:00:50.447] [bmv2] [D] [thread 3334] [15.0] [cxt 0] Processing packet received on port 2
[15:00:50.447] [bmv2] [D] [thread 3334] [15.0] [cxt 0] Parser 'parser': start
[15:00:50.448] [bmv2] [D] [thread 3334] [15.0] [cxt 0] Parser 'parser' entering state 'start'
[15:00:50.448] [bmv2] [D] [thread 3334] [15.0] [cxt 0] Extracting header 'ethernet'
[15:00:50.448] [bmv2] [D] [thread 3334] [15.0] [cxt 0] Parser state 'start' has no switch, going to default next state
[15:00:50.448] [bmv2] [T] [thread 3334] [15.0] [cxt 0] Bytes parsed: 14
[15:00:50.448] [bmv2] [D] [thread 3334] [15.0] [cxt 0] Parser 'parser': end
[15:00:50.448] [bmv2] [D] [thread 3334] [15.0] [cxt 0] Pipeline 'ingress': start
[15:00:50.448] [bmv2] [T] [thread 3334] [15.0] [cxt 0] source_routing.p4(134) Condition "hdr.srcRoutes[0].isValid()" (node_2) is false
[15:00:50.448] [bmv2] [T] [thread 3334] [15.0] [cxt 0] Applying table 'tbl_drop'
[15:00:50.448] [bmv2] [D] [thread 3334] [15.0] [cxt 0] Looking up key:

[15:00:50.448] [bmv2] [D] [thread 3334] [15.0] [cxt 0] Table 'tbl_drop': miss
[15:00:50.449] [bmv2] [D] [thread 3334] [15.0] [cxt 0] Action entry is MyIngress.drop - 
[15:00:50.449] [bmv2] [T] [thread 3334] [15.0] [cxt 0] Action MyIngress.drop
[15:00:50.449] [bmv2] [T] [thread 3334] [15.0] [cxt 0] source_routing.p4(113) Primitive mark_to_drop(standard_metadata)
[15:00:50.449] [bmv2] [D] [thread 3334] [15.0] [cxt 0] Pipeline 'ingress': end
[15:00:50.449] [bmv2] [D] [thread 3334] [15.0] [cxt 0] Egress port is 511
[15:00:50.449] [bmv2] [D] [thread 3334] [15.0] [cxt 0] Dropping packet at the end of ingress
[15:00:50.586] [bmv2] [D] [thread 3334] [16.0] [cxt 0] Processing packet received on port 3
[15:00:50.586] [bmv2] [D] [thread 3334] [16.0] [cxt 0] Parser 'parser': start
[15:00:50.586] [bmv2] [D] [thread 3334] [16.0] [cxt 0] Parser 'parser' entering state 'start'
[15:00:50.586] [bmv2] [D] [thread 3334] [16.0] [cxt 0] Extracting header 'ethernet'
[15:00:50.586] [bmv2] [D] [thread 3334] [16.0] [cxt 0] Parser state 'start' has no switch, going to default next state
[15:00:50.587] [bmv2] [T] [thread 3334] [16.0] [cxt 0] Bytes parsed: 14
[15:00:50.587] [bmv2] [D] [thread 3334] [16.0] [cxt 0] Parser 'parser': end
[15:00:50.587] [bmv2] [D] [thread 3334] [16.0] [cxt 0] Pipeline 'ingress': start
[15:00:50.587] [bmv2] [T] [thread 3334] [16.0] [cxt 0] source_routing.p4(134) Condition "hdr.srcRoutes[0].isValid()" (node_2) is false
[15:00:50.587] [bmv2] [T] [thread 3334] [16.0] [cxt 0] Applying table 'tbl_drop'
[15:00:50.588] [bmv2] [D] [thread 3334] [16.0] [cxt 0] Looking up key:

[15:00:50.588] [bmv2] [D] [thread 3334] [16.0] [cxt 0] Table 'tbl_drop': miss
[15:00:50.592] [bmv2] [D] [thread 3334] [16.0] [cxt 0] Action entry is MyIngress.drop - 
[15:00:50.592] [bmv2] [T] [thread 3334] [16.0] [cxt 0] Action MyIngress.drop
[15:00:50.592] [bmv2] [T] [thread 3334] [16.0] [cxt 0] source_routing.p4(113) Primitive mark_to_drop(standard_metadata)
[15:00:50.592] [bmv2] [D] [thread 3334] [16.0] [cxt 0] Pipeline 'ingress': end
[15:00:50.592] [bmv2] [D] [thread 3334] [16.0] [cxt 0] Egress port is 511
[15:00:50.593] [bmv2] [D] [thread 3334] [16.0] [cxt 0] Dropping packet at the end of ingress
[15:00:53.880] [bmv2] [D] [thread 3334] [17.0] [cxt 0] Processing packet received on port 1
[15:00:53.880] [bmv2] [D] [thread 3334] [17.0] [cxt 0] Parser 'parser': start
[15:00:53.880] [bmv2] [D] [thread 3334] [17.0] [cxt 0] Parser 'parser' entering state 'start'
[15:00:53.881] [bmv2] [D] [thread 3334] [17.0] [cxt 0] Extracting header 'ethernet'
[15:00:53.881] [bmv2] [D] [thread 3334] [17.0] [cxt 0] Parser state 'start' has no switch, going to default next state
[15:00:53.881] [bmv2] [T] [thread 3334] [17.0] [cxt 0] Bytes parsed: 14
[15:00:53.881] [bmv2] [D] [thread 3334] [17.0] [cxt 0] Parser 'parser': end
[15:00:53.882] [bmv2] [D] [thread 3334] [17.0] [cxt 0] Pipeline 'ingress': start
[15:00:53.882] [bmv2] [T] [thread 3334] [17.0] [cxt 0] source_routing.p4(134) Condition "hdr.srcRoutes[0].isValid()" (node_2) is false
[15:00:53.882] [bmv2] [T] [thread 3334] [17.0] [cxt 0] Applying table 'tbl_drop'
[15:00:53.882] [bmv2] [D] [thread 3334] [17.0] [cxt 0] Looking up key:

[15:00:53.883] [bmv2] [D] [thread 3334] [17.0] [cxt 0] Table 'tbl_drop': miss
[15:00:53.883] [bmv2] [D] [thread 3334] [17.0] [cxt 0] Action entry is MyIngress.drop - 
[15:00:53.883] [bmv2] [T] [thread 3334] [17.0] [cxt 0] Action MyIngress.drop
[15:00:53.883] [bmv2] [T] [thread 3334] [17.0] [cxt 0] source_routing.p4(113) Primitive mark_to_drop(standard_metadata)
[15:00:53.883] [bmv2] [D] [thread 3334] [17.0] [cxt 0] Pipeline 'ingress': end
[15:00:53.884] [bmv2] [D] [thread 3334] [17.0] [cxt 0] Egress port is 511
[15:00:53.884] [bmv2] [D] [thread 3334] [17.0] [cxt 0] Dropping packet at the end of ingress
[15:00:54.056] [bmv2] [D] [thread 3334] [18.0] [cxt 0] Processing packet received on port 3
[15:00:54.056] [bmv2] [D] [thread 3334] [18.0] [cxt 0] Parser 'parser': start
[15:00:54.056] [bmv2] [D] [thread 3334] [18.0] [cxt 0] Parser 'parser' entering state 'start'
[15:00:54.056] [bmv2] [D] [thread 3334] [18.0] [cxt 0] Extracting header 'ethernet'
[15:00:54.057] [bmv2] [D] [thread 3334] [18.0] [cxt 0] Parser state 'start' has no switch, going to default next state
[15:00:54.057] [bmv2] [T] [thread 3334] [18.0] [cxt 0] Bytes parsed: 14
[15:00:54.057] [bmv2] [D] [thread 3334] [18.0] [cxt 0] Parser 'parser': end
[15:00:54.058] [bmv2] [D] [thread 3334] [18.0] [cxt 0] Pipeline 'ingress': start
[15:00:54.058] [bmv2] [T] [thread 3334] [18.0] [cxt 0] source_routing.p4(134) Condition "hdr.srcRoutes[0].isValid()" (node_2) is false
[15:00:54.058] [bmv2] [T] [thread 3334] [18.0] [cxt 0] Applying table 'tbl_drop'
[15:00:54.058] [bmv2] [D] [thread 3334] [18.0] [cxt 0] Looking up key:

[15:00:54.059] [bmv2] [D] [thread 3334] [18.0] [cxt 0] Table 'tbl_drop': miss
[15:00:54.059] [bmv2] [D] [thread 3334] [18.0] [cxt 0] Action entry is MyIngress.drop - 
[15:00:54.060] [bmv2] [T] [thread 3334] [18.0] [cxt 0] Action MyIngress.drop
[15:00:54.060] [bmv2] [T] [thread 3334] [18.0] [cxt 0] source_routing.p4(113) Primitive mark_to_drop(standard_metadata)
[15:00:54.060] [bmv2] [D] [thread 3334] [18.0] [cxt 0] Pipeline 'ingress': end
[15:00:54.060] [bmv2] [D] [thread 3334] [18.0] [cxt 0] Egress port is 511
[15:00:54.060] [bmv2] [D] [thread 3334] [18.0] [cxt 0] Dropping packet at the end of ingress
[15:00:54.289] [bmv2] [D] [thread 3334] [19.0] [cxt 0] Processing packet received on port 2
[15:00:54.289] [bmv2] [D] [thread 3334] [19.0] [cxt 0] Parser 'parser': start
[15:00:54.290] [bmv2] [D] [thread 3334] [19.0] [cxt 0] Parser 'parser' entering state 'start'
[15:00:54.290] [bmv2] [D] [thread 3334] [19.0] [cxt 0] Extracting header 'ethernet'
[15:00:54.290] [bmv2] [D] [thread 3334] [19.0] [cxt 0] Parser state 'start' has no switch, going to default next state
[15:00:54.291] [bmv2] [T] [thread 3334] [19.0] [cxt 0] Bytes parsed: 14
[15:00:54.291] [bmv2] [D] [thread 3334] [19.0] [cxt 0] Parser 'parser': end
[15:00:54.291] [bmv2] [D] [thread 3334] [19.0] [cxt 0] Pipeline 'ingress': start
[15:00:54.292] [bmv2] [T] [thread 3334] [19.0] [cxt 0] source_routing.p4(134) Condition "hdr.srcRoutes[0].isValid()" (node_2) is false
[15:00:54.292] [bmv2] [T] [thread 3334] [19.0] [cxt 0] Applying table 'tbl_drop'
[15:00:54.292] [bmv2] [D] [thread 3334] [19.0] [cxt 0] Looking up key:

[15:00:54.293] [bmv2] [D] [thread 3334] [19.0] [cxt 0] Table 'tbl_drop': miss
[15:00:54.293] [bmv2] [D] [thread 3334] [19.0] [cxt 0] Action entry is MyIngress.drop - 
[15:00:54.293] [bmv2] [T] [thread 3334] [19.0] [cxt 0] Action MyIngress.drop
[15:00:54.293] [bmv2] [T] [thread 3334] [19.0] [cxt 0] source_routing.p4(113) Primitive mark_to_drop(standard_metadata)
[15:00:54.294] [bmv2] [D] [thread 3334] [19.0] [cxt 0] Pipeline 'ingress': end
[15:00:54.294] [bmv2] [D] [thread 3334] [19.0] [cxt 0] Egress port is 511
[15:00:54.294] [bmv2] [D] [thread 3334] [19.0] [cxt 0] Dropping packet at the end of ingress
[15:00:54.456] [bmv2] [D] [thread 3334] [20.0] [cxt 0] Processing packet received on port 2
[15:00:54.457] [bmv2] [D] [thread 3334] [20.0] [cxt 0] Parser 'parser': start
[15:00:54.457] [bmv2] [D] [thread 3334] [20.0] [cxt 0] Parser 'parser' entering state 'start'
[15:00:54.457] [bmv2] [D] [thread 3334] [20.0] [cxt 0] Extracting header 'ethernet'
[15:00:54.457] [bmv2] [D] [thread 3334] [20.0] [cxt 0] Parser state 'start' has no switch, going to default next state
[15:00:54.457] [bmv2] [T] [thread 3334] [20.0] [cxt 0] Bytes parsed: 14
[15:00:54.458] [bmv2] [D] [thread 3334] [20.0] [cxt 0] Parser 'parser': end
[15:00:54.458] [bmv2] [D] [thread 3334] [20.0] [cxt 0] Pipeline 'ingress': start
[15:00:54.458] [bmv2] [T] [thread 3334] [20.0] [cxt 0] source_routing.p4(134) Condition "hdr.srcRoutes[0].isValid()" (node_2) is false
[15:00:54.458] [bmv2] [T] [thread 3334] [20.0] [cxt 0] Applying table 'tbl_drop'
[15:00:54.459] [bmv2] [D] [thread 3334] [20.0] [cxt 0] Looking up key:

[15:00:54.459] [bmv2] [D] [thread 3334] [20.0] [cxt 0] Table 'tbl_drop': miss
[15:00:54.459] [bmv2] [D] [thread 3334] [20.0] [cxt 0] Action entry is MyIngress.drop - 
[15:00:54.459] [bmv2] [T] [thread 3334] [20.0] [cxt 0] Action MyIngress.drop
[15:00:54.460] [bmv2] [T] [thread 3334] [20.0] [cxt 0] source_routing.p4(113) Primitive mark_to_drop(standard_metadata)
[15:00:54.460] [bmv2] [D] [thread 3334] [20.0] [cxt 0] Pipeline 'ingress': end
[15:00:54.460] [bmv2] [D] [thread 3334] [20.0] [cxt 0] Egress port is 511
[15:00:54.460] [bmv2] [D] [thread 3334] [20.0] [cxt 0] Dropping packet at the end of ingress
[15:00:54.592] [bmv2] [D] [thread 3334] [21.0] [cxt 0] Processing packet received on port 3
[15:00:54.592] [bmv2] [D] [thread 3334] [21.0] [cxt 0] Parser 'parser': start
[15:00:54.593] [bmv2] [D] [thread 3334] [21.0] [cxt 0] Parser 'parser' entering state 'start'
[15:00:54.593] [bmv2] [D] [thread 3334] [21.0] [cxt 0] Extracting header 'ethernet'
[15:00:54.593] [bmv2] [D] [thread 3334] [21.0] [cxt 0] Parser state 'start' has no switch, going to default next state
[15:00:54.593] [bmv2] [T] [thread 3334] [21.0] [cxt 0] Bytes parsed: 14
[15:00:54.594] [bmv2] [D] [thread 3334] [21.0] [cxt 0] Parser 'parser': end
[15:00:54.594] [bmv2] [D] [thread 3334] [21.0] [cxt 0] Pipeline 'ingress': start
[15:00:54.594] [bmv2] [T] [thread 3334] [21.0] [cxt 0] source_routing.p4(134) Condition "hdr.srcRoutes[0].isValid()" (node_2) is false
[15:00:54.594] [bmv2] [T] [thread 3334] [21.0] [cxt 0] Applying table 'tbl_drop'
[15:00:54.595] [bmv2] [D] [thread 3334] [21.0] [cxt 0] Looking up key:

[15:00:54.595] [bmv2] [D] [thread 3334] [21.0] [cxt 0] Table 'tbl_drop': miss
[15:00:54.595] [bmv2] [D] [thread 3334] [21.0] [cxt 0] Action entry is MyIngress.drop - 
[15:00:54.595] [bmv2] [T] [thread 3334] [21.0] [cxt 0] Action MyIngress.drop
[15:00:54.596] [bmv2] [T] [thread 3334] [21.0] [cxt 0] source_routing.p4(113) Primitive mark_to_drop(standard_metadata)
[15:00:54.596] [bmv2] [D] [thread 3334] [21.0] [cxt 0] Pipeline 'ingress': end
[15:00:54.596] [bmv2] [D] [thread 3334] [21.0] [cxt 0] Egress port is 511
[15:00:54.596] [bmv2] [D] [thread 3334] [21.0] [cxt 0] Dropping packet at the end of ingress
