Calling target program-options parser
[14:59:51.728] [bmv2] [D] [thread 3231] Set default default entry for table 'tbl_update_ttl': MyIngress.update_ttl - 
[14:59:51.728] [bmv2] [D] [thread 3231] Set default default entry for table 'tbl_drop': MyIngress.drop - 
Adding interface s1-eth1 as port 1
[14:59:51.729] [bmv2] [D] [thread 3231] Adding interface s1-eth1 as port 1
Adding interface s1-eth2 as port 2
[14:59:51.757] [bmv2] [D] [thread 3231] Adding interface s1-eth2 as port 2
Adding interface s1-eth3 as port 3
[14:59:51.789] [bmv2] [D] [thread 3231] Adding interface s1-eth3 as port 3
I1125 14:59:51.818324882    3231 server_builder.cc:247]      Synchronous server. Num CQs: 1, Min pollers: 1, Max Pollers: 2147483647, CQ timeout (msec): 1000
Server listening on 0.0.0.0:50051
[14:59:51.825] [bmv2] [I] [thread 3231] Starting Thrift server on port 9090
[14:59:51.827] [bmv2] [I] [thread 3231] Thrift server was started
[14:59:51.888] [bmv2] [D] [thread 3238] [0.0] [cxt 0] Processing packet received on port 1
[14:59:51.888] [bmv2] [D] [thread 3238] [0.0] [cxt 0] Parser 'parser': start
[14:59:51.888] [bmv2] [D] [thread 3238] [0.0] [cxt 0] Parser 'parser' entering state 'start'
[14:59:51.889] [bmv2] [D] [thread 3238] [0.0] [cxt 0] Extracting header 'ethernet'
[14:59:51.889] [bmv2] [D] [thread 3238] [0.0] [cxt 0] Parser state 'start' has no switch, going to default next state
[14:59:51.889] [bmv2] [T] [thread 3238] [0.0] [cxt 0] Bytes parsed: 14
[14:59:51.889] [bmv2] [D] [thread 3238] [0.0] [cxt 0] Parser 'parser': end
[14:59:51.890] [bmv2] [D] [thread 3238] [0.0] [cxt 0] Pipeline 'ingress': start
[14:59:51.890] [bmv2] [T] [thread 3238] [0.0] [cxt 0] source_routing.p4(134) Condition "hdr.srcRoutes[0].isValid()" (node_2) is false
[14:59:51.890] [bmv2] [T] [thread 3238] [0.0] [cxt 0] Applying table 'tbl_drop'
[14:59:51.890] [bmv2] [D] [thread 3238] [0.0] [cxt 0] Looking up key:

[14:59:51.891] [bmv2] [D] [thread 3238] [0.0] [cxt 0] Table 'tbl_drop': miss
[14:59:51.891] [bmv2] [D] [thread 3238] [0.0] [cxt 0] Action entry is MyIngress.drop - 
[14:59:51.891] [bmv2] [T] [thread 3238] [0.0] [cxt 0] Action MyIngress.drop
[14:59:51.891] [bmv2] [T] [thread 3238] [0.0] [cxt 0] source_routing.p4(113) Primitive mark_to_drop(standard_metadata)
[14:59:51.891] [bmv2] [D] [thread 3238] [0.0] [cxt 0] Pipeline 'ingress': end
[14:59:51.891] [bmv2] [D] [thread 3238] [0.0] [cxt 0] Egress port is 511
[14:59:51.891] [bmv2] [D] [thread 3238] [0.0] [cxt 0] Dropping packet at the end of ingress
[14:59:52.191] [bmv2] [D] [thread 3238] [1.0] [cxt 0] Processing packet received on port 3
[14:59:52.191] [bmv2] [D] [thread 3238] [1.0] [cxt 0] Parser 'parser': start
[14:59:52.193] [bmv2] [D] [thread 3238] [1.0] [cxt 0] Parser 'parser' entering state 'start'
[14:59:52.193] [bmv2] [D] [thread 3238] [1.0] [cxt 0] Extracting header 'ethernet'
[14:59:52.193] [bmv2] [D] [thread 3238] [1.0] [cxt 0] Parser state 'start' has no switch, going to default next state
[14:59:52.194] [bmv2] [T] [thread 3238] [1.0] [cxt 0] Bytes parsed: 14
[14:59:52.194] [bmv2] [D] [thread 3238] [1.0] [cxt 0] Parser 'parser': end
[14:59:52.194] [bmv2] [D] [thread 3238] [1.0] [cxt 0] Pipeline 'ingress': start
[14:59:52.194] [bmv2] [T] [thread 3238] [1.0] [cxt 0] source_routing.p4(134) Condition "hdr.srcRoutes[0].isValid()" (node_2) is false
[14:59:52.195] [bmv2] [T] [thread 3238] [1.0] [cxt 0] Applying table 'tbl_drop'
[14:59:52.196] [bmv2] [D] [thread 3238] [1.0] [cxt 0] Looking up key:

[14:59:52.196] [bmv2] [D] [thread 3238] [1.0] [cxt 0] Table 'tbl_drop': miss
[14:59:52.196] [bmv2] [D] [thread 3238] [1.0] [cxt 0] Action entry is MyIngress.drop - 
[14:59:52.196] [bmv2] [T] [thread 3238] [1.0] [cxt 0] Action MyIngress.drop
[14:59:52.196] [bmv2] [T] [thread 3238] [1.0] [cxt 0] source_routing.p4(113) Primitive mark_to_drop(standard_metadata)
[14:59:52.197] [bmv2] [D] [thread 3238] [1.0] [cxt 0] Pipeline 'ingress': end
[14:59:52.197] [bmv2] [D] [thread 3238] [1.0] [cxt 0] Egress port is 511
[14:59:52.197] [bmv2] [D] [thread 3238] [1.0] [cxt 0] Dropping packet at the end of ingress
[14:59:52.272] [bmv2] [D] [thread 3238] [2.0] [cxt 0] Processing packet received on port 2
[14:59:52.274] [bmv2] [D] [thread 3238] [2.0] [cxt 0] Parser 'parser': start
[14:59:52.275] [bmv2] [D] [thread 3238] [2.0] [cxt 0] Parser 'parser' entering state 'start'
[14:59:52.275] [bmv2] [D] [thread 3238] [2.0] [cxt 0] Extracting header 'ethernet'
[14:59:52.275] [bmv2] [D] [thread 3238] [2.0] [cxt 0] Parser state 'start' has no switch, going to default next state
[14:59:52.275] [bmv2] [T] [thread 3238] [2.0] [cxt 0] Bytes parsed: 14
[14:59:52.275] [bmv2] [D] [thread 3238] [2.0] [cxt 0] Parser 'parser': end
[14:59:52.276] [bmv2] [D] [thread 3238] [2.0] [cxt 0] Pipeline 'ingress': start
[14:59:52.276] [bmv2] [T] [thread 3238] [2.0] [cxt 0] source_routing.p4(134) Condition "hdr.srcRoutes[0].isValid()" (node_2) is false
[14:59:52.276] [bmv2] [T] [thread 3238] [2.0] [cxt 0] Applying table 'tbl_drop'
[14:59:52.276] [bmv2] [D] [thread 3238] [2.0] [cxt 0] Looking up key:

[14:59:52.277] [bmv2] [D] [thread 3238] [2.0] [cxt 0] Table 'tbl_drop': miss
[14:59:52.277] [bmv2] [D] [thread 3238] [2.0] [cxt 0] Action entry is MyIngress.drop - 
[14:59:52.277] [bmv2] [T] [thread 3238] [2.0] [cxt 0] Action MyIngress.drop
[14:59:52.277] [bmv2] [T] [thread 3238] [2.0] [cxt 0] source_routing.p4(113) Primitive mark_to_drop(standard_metadata)
[14:59:52.277] [bmv2] [D] [thread 3238] [2.0] [cxt 0] Pipeline 'ingress': end
[14:59:52.278] [bmv2] [D] [thread 3238] [2.0] [cxt 0] Egress port is 511
[14:59:52.278] [bmv2] [D] [thread 3238] [2.0] [cxt 0] Dropping packet at the end of ingress
[14:59:52.280] [bmv2] [D] [thread 3238] [3.0] [cxt 0] Processing packet received on port 3
[14:59:52.280] [bmv2] [D] [thread 3238] [3.0] [cxt 0] Parser 'parser': start
[14:59:52.280] [bmv2] [D] [thread 3238] [3.0] [cxt 0] Parser 'parser' entering state 'start'
[14:59:52.280] [bmv2] [D] [thread 3238] [3.0] [cxt 0] Extracting header 'ethernet'
[14:59:52.281] [bmv2] [D] [thread 3238] [3.0] [cxt 0] Parser state 'start' has no switch, going to default next state
[14:59:52.281] [bmv2] [T] [thread 3238] [3.0] [cxt 0] Bytes parsed: 14
[14:59:52.281] [bmv2] [D] [thread 3238] [3.0] [cxt 0] Parser 'parser': end
[14:59:52.281] [bmv2] [D] [thread 3238] [3.0] [cxt 0] Pipeline 'ingress': start
[14:59:52.282] [bmv2] [T] [thread 3238] [3.0] [cxt 0] source_routing.p4(134) Condition "hdr.srcRoutes[0].isValid()" (node_2) is false
[14:59:52.282] [bmv2] [T] [thread 3238] [3.0] [cxt 0] Applying table 'tbl_drop'
[14:59:52.282] [bmv2] [D] [thread 3238] [3.0] [cxt 0] Looking up key:

[14:59:52.282] [bmv2] [D] [thread 3238] [3.0] [cxt 0] Table 'tbl_drop': miss
[14:59:52.282] [bmv2] [D] [thread 3238] [3.0] [cxt 0] Action entry is MyIngress.drop - 
[14:59:52.283] [bmv2] [T] [thread 3238] [3.0] [cxt 0] Action MyIngress.drop
[14:59:52.283] [bmv2] [T] [thread 3238] [3.0] [cxt 0] source_routing.p4(113) Primitive mark_to_drop(standard_metadata)
[14:59:52.283] [bmv2] [D] [thread 3238] [3.0] [cxt 0] Pipeline 'ingress': end
[14:59:52.283] [bmv2] [D] [thread 3238] [3.0] [cxt 0] Egress port is 511
[14:59:52.283] [bmv2] [D] [thread 3238] [3.0] [cxt 0] Dropping packet at the end of ingress
[14:59:52.343] [bmv2] [D] [thread 3238] [4.0] [cxt 0] Processing packet received on port 2
[14:59:52.343] [bmv2] [D] [thread 3238] [4.0] [cxt 0] Parser 'parser': start
[14:59:52.343] [bmv2] [D] [thread 3238] [4.0] [cxt 0] Parser 'parser' entering state 'start'
[14:59:52.344] [bmv2] [D] [thread 3238] [4.0] [cxt 0] Extracting header 'ethernet'
[14:59:52.344] [bmv2] [D] [thread 3238] [4.0] [cxt 0] Parser state 'start' has no switch, going to default next state
[14:59:52.344] [bmv2] [T] [thread 3238] [4.0] [cxt 0] Bytes parsed: 14
[14:59:52.344] [bmv2] [D] [thread 3238] [4.0] [cxt 0] Parser 'parser': end
[14:59:52.345] [bmv2] [D] [thread 3238] [4.0] [cxt 0] Pipeline 'ingress': start
[14:59:52.345] [bmv2] [T] [thread 3238] [4.0] [cxt 0] source_routing.p4(134) Condition "hdr.srcRoutes[0].isValid()" (node_2) is false
[14:59:52.345] [bmv2] [T] [thread 3238] [4.0] [cxt 0] Applying table 'tbl_drop'
[14:59:52.345] [bmv2] [D] [thread 3238] [4.0] [cxt 0] Looking up key:

[14:59:52.345] [bmv2] [D] [thread 3238] [4.0] [cxt 0] Table 'tbl_drop': miss
[14:59:52.345] [bmv2] [D] [thread 3238] [4.0] [cxt 0] Action entry is MyIngress.drop - 
[14:59:52.346] [bmv2] [T] [thread 3238] [4.0] [cxt 0] Action MyIngress.drop
[14:59:52.346] [bmv2] [T] [thread 3238] [4.0] [cxt 0] source_routing.p4(113) Primitive mark_to_drop(standard_metadata)
[14:59:52.346] [bmv2] [D] [thread 3238] [4.0] [cxt 0] Pipeline 'ingress': end
[14:59:52.346] [bmv2] [D] [thread 3238] [4.0] [cxt 0] Egress port is 511
[14:59:52.347] [bmv2] [D] [thread 3238] [4.0] [cxt 0] Dropping packet at the end of ingress
[14:59:52.624] [bmv2] [D] [thread 3238] [5.0] [cxt 0] Processing packet received on port 1
[14:59:52.624] [bmv2] [D] [thread 3238] [5.0] [cxt 0] Parser 'parser': start
[14:59:52.624] [bmv2] [D] [thread 3238] [5.0] [cxt 0] Parser 'parser' entering state 'start'
[14:59:52.624] [bmv2] [D] [thread 3238] [5.0] [cxt 0] Extracting header 'ethernet'
[14:59:52.624] [bmv2] [D] [thread 3238] [5.0] [cxt 0] Parser state 'start' has no switch, going to default next state
[14:59:52.625] [bmv2] [T] [thread 3238] [5.0] [cxt 0] Bytes parsed: 14
[14:59:52.625] [bmv2] [D] [thread 3238] [5.0] [cxt 0] Parser 'parser': end
[14:59:52.625] [bmv2] [D] [thread 3238] [5.0] [cxt 0] Pipeline 'ingress': start
[14:59:52.625] [bmv2] [T] [thread 3238] [5.0] [cxt 0] source_routing.p4(134) Condition "hdr.srcRoutes[0].isValid()" (node_2) is false
[14:59:52.625] [bmv2] [T] [thread 3238] [5.0] [cxt 0] Applying table 'tbl_drop'
[14:59:52.625] [bmv2] [D] [thread 3238] [5.0] [cxt 0] Looking up key:

[14:59:52.625] [bmv2] [D] [thread 3238] [5.0] [cxt 0] Table 'tbl_drop': miss
[14:59:52.625] [bmv2] [D] [thread 3238] [5.0] [cxt 0] Action entry is MyIngress.drop - 
[14:59:52.625] [bmv2] [T] [thread 3238] [5.0] [cxt 0] Action MyIngress.drop
[14:59:52.625] [bmv2] [T] [thread 3238] [5.0] [cxt 0] source_routing.p4(113) Primitive mark_to_drop(standard_metadata)
[14:59:52.625] [bmv2] [D] [thread 3238] [5.0] [cxt 0] Pipeline 'ingress': end
[14:59:52.625] [bmv2] [D] [thread 3238] [5.0] [cxt 0] Egress port is 511
[14:59:52.626] [bmv2] [D] [thread 3238] [5.0] [cxt 0] Dropping packet at the end of ingress
[14:59:52.626] [bmv2] [D] [thread 3238] [6.0] [cxt 0] Processing packet received on port 1
[14:59:52.626] [bmv2] [D] [thread 3238] [6.0] [cxt 0] Parser 'parser': start
[14:59:52.626] [bmv2] [D] [thread 3238] [6.0] [cxt 0] Parser 'parser' entering state 'start'
[14:59:52.626] [bmv2] [D] [thread 3238] [6.0] [cxt 0] Extracting header 'ethernet'
[14:59:52.626] [bmv2] [D] [thread 3238] [6.0] [cxt 0] Parser state 'start' has no switch, going to default next state
[14:59:52.626] [bmv2] [T] [thread 3238] [6.0] [cxt 0] Bytes parsed: 14
[14:59:52.626] [bmv2] [D] [thread 3238] [6.0] [cxt 0] Parser 'parser': end
[14:59:52.626] [bmv2] [D] [thread 3238] [6.0] [cxt 0] Pipeline 'ingress': start
[14:59:52.626] [bmv2] [T] [thread 3238] [6.0] [cxt 0] source_routing.p4(134) Condition "hdr.srcRoutes[0].isValid()" (node_2) is false
[14:59:52.626] [bmv2] [T] [thread 3238] [6.0] [cxt 0] Applying table 'tbl_drop'
[14:59:52.626] [bmv2] [D] [thread 3238] [6.0] [cxt 0] Looking up key:

[14:59:52.626] [bmv2] [D] [thread 3238] [6.0] [cxt 0] Table 'tbl_drop': miss
[14:59:52.627] [bmv2] [D] [thread 3238] [6.0] [cxt 0] Action entry is MyIngress.drop - 
[14:59:52.627] [bmv2] [T] [thread 3238] [6.0] [cxt 0] Action MyIngress.drop
[14:59:52.627] [bmv2] [T] [thread 3238] [6.0] [cxt 0] source_routing.p4(113) Primitive mark_to_drop(standard_metadata)
[14:59:52.627] [bmv2] [D] [thread 3238] [6.0] [cxt 0] Pipeline 'ingress': end
[14:59:52.627] [bmv2] [D] [thread 3238] [6.0] [cxt 0] Egress port is 511
[14:59:52.627] [bmv2] [D] [thread 3238] [6.0] [cxt 0] Dropping packet at the end of ingress
[14:59:52.767] [bmv2] [D] [thread 3238] [7.0] [cxt 0] Processing packet received on port 2
[14:59:52.767] [bmv2] [D] [thread 3238] [7.0] [cxt 0] Parser 'parser': start
[14:59:52.767] [bmv2] [D] [thread 3238] [7.0] [cxt 0] Parser 'parser' entering state 'start'
[14:59:52.768] [bmv2] [D] [thread 3238] [7.0] [cxt 0] Extracting header 'ethernet'
[14:59:52.768] [bmv2] [D] [thread 3238] [7.0] [cxt 0] Parser state 'start' has no switch, going to default next state
[14:59:52.769] [bmv2] [T] [thread 3238] [7.0] [cxt 0] Bytes parsed: 14
[14:59:52.769] [bmv2] [D] [thread 3238] [7.0] [cxt 0] Parser 'parser': end
[14:59:52.769] [bmv2] [D] [thread 3238] [7.0] [cxt 0] Pipeline 'ingress': start
[14:59:52.770] [bmv2] [T] [thread 3238] [7.0] [cxt 0] source_routing.p4(134) Condition "hdr.srcRoutes[0].isValid()" (node_2) is false
[14:59:52.770] [bmv2] [T] [thread 3238] [7.0] [cxt 0] Applying table 'tbl_drop'
[14:59:52.770] [bmv2] [D] [thread 3238] [7.0] [cxt 0] Looking up key:

[14:59:52.771] [bmv2] [D] [thread 3238] [7.0] [cxt 0] Table 'tbl_drop': miss
[14:59:52.771] [bmv2] [D] [thread 3238] [7.0] [cxt 0] Action entry is MyIngress.drop - 
[14:59:52.771] [bmv2] [T] [thread 3238] [7.0] [cxt 0] Action MyIngress.drop
[14:59:52.771] [bmv2] [T] [thread 3238] [7.0] [cxt 0] source_routing.p4(113) Primitive mark_to_drop(standard_metadata)
[14:59:52.772] [bmv2] [D] [thread 3238] [7.0] [cxt 0] Pipeline 'ingress': end
[14:59:52.772] [bmv2] [D] [thread 3238] [7.0] [cxt 0] Egress port is 511
[14:59:52.772] [bmv2] [D] [thread 3238] [7.0] [cxt 0] Dropping packet at the end of ingress
[14:59:52.772] [bmv2] [D] [thread 3238] [8.0] [cxt 0] Processing packet received on port 2
[14:59:52.773] [bmv2] [D] [thread 3238] [8.0] [cxt 0] Parser 'parser': start
[14:59:52.773] [bmv2] [D] [thread 3238] [8.0] [cxt 0] Parser 'parser' entering state 'start'
[14:59:52.773] [bmv2] [D] [thread 3238] [8.0] [cxt 0] Extracting header 'ethernet'
[14:59:52.774] [bmv2] [D] [thread 3238] [8.0] [cxt 0] Parser state 'start' has no switch, going to default next state
[14:59:52.774] [bmv2] [T] [thread 3238] [8.0] [cxt 0] Bytes parsed: 14
[14:59:52.774] [bmv2] [D] [thread 3238] [8.0] [cxt 0] Parser 'parser': end
[14:59:52.775] [bmv2] [D] [thread 3238] [8.0] [cxt 0] Pipeline 'ingress': start
[14:59:52.775] [bmv2] [T] [thread 3238] [8.0] [cxt 0] source_routing.p4(134) Condition "hdr.srcRoutes[0].isValid()" (node_2) is false
[14:59:52.776] [bmv2] [T] [thread 3238] [8.0] [cxt 0] Applying table 'tbl_drop'
[14:59:52.776] [bmv2] [D] [thread 3238] [8.0] [cxt 0] Looking up key:

[14:59:52.776] [bmv2] [D] [thread 3238] [8.0] [cxt 0] Table 'tbl_drop': miss
[14:59:52.777] [bmv2] [D] [thread 3238] [8.0] [cxt 0] Action entry is MyIngress.drop - 
[14:59:52.777] [bmv2] [T] [thread 3238] [8.0] [cxt 0] Action MyIngress.drop
[14:59:52.777] [bmv2] [T] [thread 3238] [8.0] [cxt 0] source_routing.p4(113) Primitive mark_to_drop(standard_metadata)
[14:59:52.777] [bmv2] [D] [thread 3238] [8.0] [cxt 0] Pipeline 'ingress': end
[14:59:52.777] [bmv2] [D] [thread 3238] [8.0] [cxt 0] Egress port is 511
[14:59:52.777] [bmv2] [D] [thread 3238] [8.0] [cxt 0] Dropping packet at the end of ingress
[14:59:52.801] [bmv2] [D] [thread 3238] [9.0] [cxt 0] Processing packet received on port 3
[14:59:52.802] [bmv2] [D] [thread 3238] [9.0] [cxt 0] Parser 'parser': start
[14:59:52.802] [bmv2] [D] [thread 3238] [9.0] [cxt 0] Parser 'parser' entering state 'start'
[14:59:52.802] [bmv2] [D] [thread 3238] [9.0] [cxt 0] Extracting header 'ethernet'
[14:59:52.809] [bmv2] [D] [thread 3238] [9.0] [cxt 0] Parser state 'start' has no switch, going to default next state
[14:59:52.810] [bmv2] [T] [thread 3238] [9.0] [cxt 0] Bytes parsed: 14
[14:59:52.810] [bmv2] [D] [thread 3238] [9.0] [cxt 0] Parser 'parser': end
[14:59:52.810] [bmv2] [D] [thread 3238] [9.0] [cxt 0] Pipeline 'ingress': start
[14:59:52.810] [bmv2] [T] [thread 3238] [9.0] [cxt 0] source_routing.p4(134) Condition "hdr.srcRoutes[0].isValid()" (node_2) is false
[14:59:52.810] [bmv2] [T] [thread 3238] [9.0] [cxt 0] Applying table 'tbl_drop'
[14:59:52.811] [bmv2] [D] [thread 3238] [9.0] [cxt 0] Looking up key:

[14:59:52.811] [bmv2] [D] [thread 3238] [9.0] [cxt 0] Table 'tbl_drop': miss
[14:59:52.811] [bmv2] [D] [thread 3238] [9.0] [cxt 0] Action entry is MyIngress.drop - 
[14:59:52.811] [bmv2] [T] [thread 3238] [9.0] [cxt 0] Action MyIngress.drop
[14:59:52.812] [bmv2] [T] [thread 3238] [9.0] [cxt 0] source_routing.p4(113) Primitive mark_to_drop(standard_metadata)
[14:59:52.812] [bmv2] [D] [thread 3238] [9.0] [cxt 0] Pipeline 'ingress': end
[14:59:52.812] [bmv2] [D] [thread 3238] [9.0] [cxt 0] Egress port is 511
[14:59:52.812] [bmv2] [D] [thread 3238] [9.0] [cxt 0] Dropping packet at the end of ingress
[14:59:52.813] [bmv2] [D] [thread 3238] [10.0] [cxt 0] Processing packet received on port 3
[14:59:52.813] [bmv2] [D] [thread 3238] [10.0] [cxt 0] Parser 'parser': start
[14:59:52.813] [bmv2] [D] [thread 3238] [10.0] [cxt 0] Parser 'parser' entering state 'start'
[14:59:52.813] [bmv2] [D] [thread 3238] [10.0] [cxt 0] Extracting header 'ethernet'
[14:59:52.813] [bmv2] [D] [thread 3238] [10.0] [cxt 0] Parser state 'start' has no switch, going to default next state
[14:59:52.813] [bmv2] [T] [thread 3238] [10.0] [cxt 0] Bytes parsed: 14
[14:59:52.813] [bmv2] [D] [thread 3238] [10.0] [cxt 0] Parser 'parser': end
[14:59:52.814] [bmv2] [D] [thread 3238] [10.0] [cxt 0] Pipeline 'ingress': start
[14:59:52.814] [bmv2] [T] [thread 3238] [10.0] [cxt 0] source_routing.p4(134) Condition "hdr.srcRoutes[0].isValid()" (node_2) is false
[14:59:52.814] [bmv2] [T] [thread 3238] [10.0] [cxt 0] Applying table 'tbl_drop'
[14:59:52.814] [bmv2] [D] [thread 3238] [10.0] [cxt 0] Looking up key:

[14:59:52.814] [bmv2] [D] [thread 3238] [10.0] [cxt 0] Table 'tbl_drop': miss
[14:59:52.814] [bmv2] [D] [thread 3238] [10.0] [cxt 0] Action entry is MyIngress.drop - 
[14:59:52.815] [bmv2] [T] [thread 3238] [10.0] [cxt 0] Action MyIngress.drop
[14:59:52.815] [bmv2] [T] [thread 3238] [10.0] [cxt 0] source_routing.p4(113) Primitive mark_to_drop(standard_metadata)
[14:59:52.815] [bmv2] [D] [thread 3238] [10.0] [cxt 0] Pipeline 'ingress': end
[14:59:52.815] [bmv2] [D] [thread 3238] [10.0] [cxt 0] Egress port is 511
[14:59:52.815] [bmv2] [D] [thread 3238] [10.0] [cxt 0] Dropping packet at the end of ingress
[14:59:53.193] [bmv2] [D] [thread 3238] [11.0] [cxt 0] Processing packet received on port 3
[14:59:53.193] [bmv2] [D] [thread 3238] [11.0] [cxt 0] Parser 'parser': start
[14:59:53.194] [bmv2] [D] [thread 3238] [11.0] [cxt 0] Parser 'parser' entering state 'start'
[14:59:53.194] [bmv2] [D] [thread 3238] [11.0] [cxt 0] Extracting header 'ethernet'
[14:59:53.194] [bmv2] [D] [thread 3238] [11.0] [cxt 0] Parser state 'start' has no switch, going to default next state
[14:59:53.195] [bmv2] [T] [thread 3238] [11.0] [cxt 0] Bytes parsed: 14
[14:59:53.195] [bmv2] [D] [thread 3238] [11.0] [cxt 0] Parser 'parser': end
[14:59:53.195] [bmv2] [D] [thread 3238] [11.0] [cxt 0] Pipeline 'ingress': start
[14:59:53.196] [bmv2] [T] [thread 3238] [11.0] [cxt 0] source_routing.p4(134) Condition "hdr.srcRoutes[0].isValid()" (node_2) is false
[14:59:53.196] [bmv2] [T] [thread 3238] [11.0] [cxt 0] Applying table 'tbl_drop'
[14:59:53.196] [bmv2] [D] [thread 3238] [11.0] [cxt 0] Looking up key:

[14:59:53.196] [bmv2] [D] [thread 3238] [11.0] [cxt 0] Table 'tbl_drop': miss
[14:59:53.196] [bmv2] [D] [thread 3238] [11.0] [cxt 0] Action entry is MyIngress.drop - 
[14:59:53.197] [bmv2] [T] [thread 3238] [11.0] [cxt 0] Action MyIngress.drop
[14:59:53.197] [bmv2] [T] [thread 3238] [11.0] [cxt 0] source_routing.p4(113) Primitive mark_to_drop(standard_metadata)
[14:59:53.197] [bmv2] [D] [thread 3238] [11.0] [cxt 0] Pipeline 'ingress': end
[14:59:53.197] [bmv2] [D] [thread 3238] [11.0] [cxt 0] Egress port is 511
[14:59:53.197] [bmv2] [D] [thread 3238] [11.0] [cxt 0] Dropping packet at the end of ingress
[14:59:53.197] [bmv2] [D] [thread 3238] [12.0] [cxt 0] Processing packet received on port 3
[14:59:53.198] [bmv2] [D] [thread 3238] [12.0] [cxt 0] Parser 'parser': start
[14:59:53.198] [bmv2] [D] [thread 3238] [12.0] [cxt 0] Parser 'parser' entering state 'start'
[14:59:53.198] [bmv2] [D] [thread 3238] [12.0] [cxt 0] Extracting header 'ethernet'
[14:59:53.198] [bmv2] [D] [thread 3238] [12.0] [cxt 0] Parser state 'start' has no switch, going to default next state
[14:59:53.198] [bmv2] [T] [thread 3238] [12.0] [cxt 0] Bytes parsed: 14
[14:59:53.198] [bmv2] [D] [thread 3238] [12.0] [cxt 0] Parser 'parser': end
[14:59:53.198] [bmv2] [D] [thread 3238] [12.0] [cxt 0] Pipeline 'ingress': start
[14:59:53.199] [bmv2] [T] [thread 3238] [12.0] [cxt 0] source_routing.p4(134) Condition "hdr.srcRoutes[0].isValid()" (node_2) is false
[14:59:53.199] [bmv2] [T] [thread 3238] [12.0] [cxt 0] Applying table 'tbl_drop'
[14:59:53.199] [bmv2] [D] [thread 3238] [12.0] [cxt 0] Looking up key:

[14:59:53.199] [bmv2] [D] [thread 3238] [12.0] [cxt 0] Table 'tbl_drop': miss
[14:59:53.200] [bmv2] [D] [thread 3238] [12.0] [cxt 0] Action entry is MyIngress.drop - 
[14:59:53.200] [bmv2] [T] [thread 3238] [12.0] [cxt 0] Action MyIngress.drop
[14:59:53.200] [bmv2] [T] [thread 3238] [12.0] [cxt 0] source_routing.p4(113) Primitive mark_to_drop(standard_metadata)
[14:59:53.200] [bmv2] [D] [thread 3238] [12.0] [cxt 0] Pipeline 'ingress': end
[14:59:53.201] [bmv2] [D] [thread 3238] [12.0] [cxt 0] Egress port is 511
[14:59:53.201] [bmv2] [D] [thread 3238] [12.0] [cxt 0] Dropping packet at the end of ingress
[14:59:53.239] [bmv2] [D] [thread 3238] [13.0] [cxt 0] Processing packet received on port 1
[14:59:53.240] [bmv2] [D] [thread 3238] [13.0] [cxt 0] Parser 'parser': start
[14:59:53.240] [bmv2] [D] [thread 3238] [13.0] [cxt 0] Parser 'parser' entering state 'start'
[14:59:53.241] [bmv2] [D] [thread 3238] [13.0] [cxt 0] Extracting header 'ethernet'
[14:59:53.241] [bmv2] [D] [thread 3238] [13.0] [cxt 0] Parser state 'start' has no switch, going to default next state
[14:59:53.241] [bmv2] [T] [thread 3238] [13.0] [cxt 0] Bytes parsed: 14
[14:59:53.242] [bmv2] [D] [thread 3238] [13.0] [cxt 0] Parser 'parser': end
[14:59:53.242] [bmv2] [D] [thread 3238] [13.0] [cxt 0] Pipeline 'ingress': start
[14:59:53.242] [bmv2] [T] [thread 3238] [13.0] [cxt 0] source_routing.p4(134) Condition "hdr.srcRoutes[0].isValid()" (node_2) is false
[14:59:53.242] [bmv2] [T] [thread 3238] [13.0] [cxt 0] Applying table 'tbl_drop'
[14:59:53.243] [bmv2] [D] [thread 3238] [13.0] [cxt 0] Looking up key:

[14:59:53.243] [bmv2] [D] [thread 3238] [13.0] [cxt 0] Table 'tbl_drop': miss
[14:59:53.243] [bmv2] [D] [thread 3238] [13.0] [cxt 0] Action entry is MyIngress.drop - 
[14:59:53.243] [bmv2] [T] [thread 3238] [13.0] [cxt 0] Action MyIngress.drop
[14:59:53.243] [bmv2] [T] [thread 3238] [13.0] [cxt 0] source_routing.p4(113) Primitive mark_to_drop(standard_metadata)
[14:59:53.244] [bmv2] [D] [thread 3238] [13.0] [cxt 0] Pipeline 'ingress': end
[14:59:53.244] [bmv2] [D] [thread 3238] [13.0] [cxt 0] Egress port is 511
[14:59:53.244] [bmv2] [D] [thread 3238] [13.0] [cxt 0] Dropping packet at the end of ingress
[14:59:53.345] [bmv2] [D] [thread 3238] [14.0] [cxt 0] Processing packet received on port 2
[14:59:53.345] [bmv2] [D] [thread 3238] [14.0] [cxt 0] Parser 'parser': start
[14:59:53.345] [bmv2] [D] [thread 3238] [14.0] [cxt 0] Parser 'parser' entering state 'start'
[14:59:53.345] [bmv2] [D] [thread 3238] [14.0] [cxt 0] Extracting header 'ethernet'
[14:59:53.346] [bmv2] [D] [thread 3238] [14.0] [cxt 0] Parser state 'start' has no switch, going to default next state
[14:59:53.346] [bmv2] [T] [thread 3238] [14.0] [cxt 0] Bytes parsed: 14
[14:59:53.346] [bmv2] [D] [thread 3238] [14.0] [cxt 0] Parser 'parser': end
[14:59:53.346] [bmv2] [D] [thread 3238] [14.0] [cxt 0] Pipeline 'ingress': start
[14:59:53.347] [bmv2] [T] [thread 3238] [14.0] [cxt 0] source_routing.p4(134) Condition "hdr.srcRoutes[0].isValid()" (node_2) is false
[14:59:53.347] [bmv2] [T] [thread 3238] [14.0] [cxt 0] Applying table 'tbl_drop'
[14:59:53.347] [bmv2] [D] [thread 3238] [14.0] [cxt 0] Looking up key:

[14:59:53.348] [bmv2] [D] [thread 3238] [14.0] [cxt 0] Table 'tbl_drop': miss
[14:59:53.348] [bmv2] [D] [thread 3238] [14.0] [cxt 0] Action entry is MyIngress.drop - 
[14:59:53.348] [bmv2] [T] [thread 3238] [14.0] [cxt 0] Action MyIngress.drop
[14:59:53.348] [bmv2] [T] [thread 3238] [14.0] [cxt 0] source_routing.p4(113) Primitive mark_to_drop(standard_metadata)
[14:59:53.349] [bmv2] [D] [thread 3238] [14.0] [cxt 0] Pipeline 'ingress': end
[14:59:53.349] [bmv2] [D] [thread 3238] [14.0] [cxt 0] Egress port is 511
[14:59:53.350] [bmv2] [D] [thread 3238] [14.0] [cxt 0] Dropping packet at the end of ingress
[14:59:53.350] [bmv2] [D] [thread 3238] [15.0] [cxt 0] Processing packet received on port 2
[14:59:53.350] [bmv2] [D] [thread 3238] [15.0] [cxt 0] Parser 'parser': start
[14:59:53.350] [bmv2] [D] [thread 3238] [15.0] [cxt 0] Parser 'parser' entering state 'start'
[14:59:53.351] [bmv2] [D] [thread 3238] [15.0] [cxt 0] Extracting header 'ethernet'
[14:59:53.351] [bmv2] [D] [thread 3238] [15.0] [cxt 0] Parser state 'start' has no switch, going to default next state
[14:59:53.351] [bmv2] [T] [thread 3238] [15.0] [cxt 0] Bytes parsed: 14
[14:59:53.351] [bmv2] [D] [thread 3238] [15.0] [cxt 0] Parser 'parser': end
[14:59:53.352] [bmv2] [D] [thread 3238] [15.0] [cxt 0] Pipeline 'ingress': start
[14:59:53.352] [bmv2] [T] [thread 3238] [15.0] [cxt 0] source_routing.p4(134) Condition "hdr.srcRoutes[0].isValid()" (node_2) is false
[14:59:53.352] [bmv2] [T] [thread 3238] [15.0] [cxt 0] Applying table 'tbl_drop'
[14:59:53.352] [bmv2] [D] [thread 3238] [15.0] [cxt 0] Looking up key:

[14:59:53.352] [bmv2] [D] [thread 3238] [15.0] [cxt 0] Table 'tbl_drop': miss
[14:59:53.352] [bmv2] [D] [thread 3238] [15.0] [cxt 0] Action entry is MyIngress.drop - 
[14:59:53.352] [bmv2] [T] [thread 3238] [15.0] [cxt 0] Action MyIngress.drop
[14:59:53.353] [bmv2] [T] [thread 3238] [15.0] [cxt 0] source_routing.p4(113) Primitive mark_to_drop(standard_metadata)
[14:59:53.353] [bmv2] [D] [thread 3238] [15.0] [cxt 0] Pipeline 'ingress': end
[14:59:53.353] [bmv2] [D] [thread 3238] [15.0] [cxt 0] Egress port is 511
[14:59:53.353] [bmv2] [D] [thread 3238] [15.0] [cxt 0] Dropping packet at the end of ingress
[14:59:53.404] [bmv2] [D] [thread 3238] [16.0] [cxt 0] Processing packet received on port 3
[14:59:53.404] [bmv2] [D] [thread 3238] [16.0] [cxt 0] Parser 'parser': start
[14:59:53.404] [bmv2] [D] [thread 3238] [16.0] [cxt 0] Parser 'parser' entering state 'start'
[14:59:53.405] [bmv2] [D] [thread 3238] [16.0] [cxt 0] Extracting header 'ethernet'
[14:59:53.405] [bmv2] [D] [thread 3238] [16.0] [cxt 0] Parser state 'start' has no switch, going to default next state
[14:59:53.406] [bmv2] [T] [thread 3238] [16.0] [cxt 0] Bytes parsed: 14
[14:59:53.406] [bmv2] [D] [thread 3238] [16.0] [cxt 0] Parser 'parser': end
[14:59:53.406] [bmv2] [D] [thread 3238] [16.0] [cxt 0] Pipeline 'ingress': start
[14:59:53.407] [bmv2] [T] [thread 3238] [16.0] [cxt 0] source_routing.p4(134) Condition "hdr.srcRoutes[0].isValid()" (node_2) is false
[14:59:53.407] [bmv2] [T] [thread 3238] [16.0] [cxt 0] Applying table 'tbl_drop'
[14:59:53.407] [bmv2] [D] [thread 3238] [16.0] [cxt 0] Looking up key:

[14:59:53.408] [bmv2] [D] [thread 3238] [16.0] [cxt 0] Table 'tbl_drop': miss
[14:59:53.408] [bmv2] [D] [thread 3238] [16.0] [cxt 0] Action entry is MyIngress.drop - 
[14:59:53.409] [bmv2] [T] [thread 3238] [16.0] [cxt 0] Action MyIngress.drop
[14:59:53.409] [bmv2] [T] [thread 3238] [16.0] [cxt 0] source_routing.p4(113) Primitive mark_to_drop(standard_metadata)
[14:59:53.410] [bmv2] [D] [thread 3238] [16.0] [cxt 0] Pipeline 'ingress': end
[14:59:53.410] [bmv2] [D] [thread 3238] [16.0] [cxt 0] Egress port is 511
[14:59:53.410] [bmv2] [D] [thread 3238] [16.0] [cxt 0] Dropping packet at the end of ingress
[14:59:53.460] [bmv2] [D] [thread 3238] [17.0] [cxt 0] Processing packet received on port 2
[14:59:53.460] [bmv2] [D] [thread 3238] [17.0] [cxt 0] Parser 'parser': start
[14:59:53.461] [bmv2] [D] [thread 3238] [17.0] [cxt 0] Parser 'parser' entering state 'start'
[14:59:53.461] [bmv2] [D] [thread 3238] [17.0] [cxt 0] Extracting header 'ethernet'
[14:59:53.461] [bmv2] [D] [thread 3238] [17.0] [cxt 0] Parser state 'start' has no switch, going to default next state
[14:59:53.462] [bmv2] [T] [thread 3238] [17.0] [cxt 0] Bytes parsed: 14
[14:59:53.462] [bmv2] [D] [thread 3238] [17.0] [cxt 0] Parser 'parser': end
[14:59:53.462] [bmv2] [D] [thread 3238] [17.0] [cxt 0] Pipeline 'ingress': start
[14:59:53.463] [bmv2] [T] [thread 3238] [17.0] [cxt 0] source_routing.p4(134) Condition "hdr.srcRoutes[0].isValid()" (node_2) is false
[14:59:53.463] [bmv2] [T] [thread 3238] [17.0] [cxt 0] Applying table 'tbl_drop'
[14:59:53.463] [bmv2] [D] [thread 3238] [17.0] [cxt 0] Looking up key:

[14:59:53.463] [bmv2] [D] [thread 3238] [17.0] [cxt 0] Table 'tbl_drop': miss
[14:59:53.463] [bmv2] [D] [thread 3238] [17.0] [cxt 0] Action entry is MyIngress.drop - 
[14:59:53.464] [bmv2] [T] [thread 3238] [17.0] [cxt 0] Action MyIngress.drop
[14:59:53.464] [bmv2] [T] [thread 3238] [17.0] [cxt 0] source_routing.p4(113) Primitive mark_to_drop(standard_metadata)
[14:59:53.464] [bmv2] [D] [thread 3238] [17.0] [cxt 0] Pipeline 'ingress': end
[14:59:53.464] [bmv2] [D] [thread 3238] [17.0] [cxt 0] Egress port is 511
[14:59:53.465] [bmv2] [D] [thread 3238] [17.0] [cxt 0] Dropping packet at the end of ingress
[14:59:53.503] [bmv2] [D] [thread 3238] [18.0] [cxt 0] Processing packet received on port 3
[14:59:53.504] [bmv2] [D] [thread 3238] [18.0] [cxt 0] Parser 'parser': start
[14:59:53.504] [bmv2] [D] [thread 3238] [18.0] [cxt 0] Parser 'parser' entering state 'start'
[14:59:53.505] [bmv2] [D] [thread 3238] [18.0] [cxt 0] Extracting header 'ethernet'
[14:59:53.505] [bmv2] [D] [thread 3238] [18.0] [cxt 0] Parser state 'start' has no switch, going to default next state
[14:59:53.505] [bmv2] [T] [thread 3238] [18.0] [cxt 0] Bytes parsed: 14
[14:59:53.506] [bmv2] [D] [thread 3238] [18.0] [cxt 0] Parser 'parser': end
[14:59:53.506] [bmv2] [D] [thread 3238] [18.0] [cxt 0] Pipeline 'ingress': start
[14:59:53.506] [bmv2] [T] [thread 3238] [18.0] [cxt 0] source_routing.p4(134) Condition "hdr.srcRoutes[0].isValid()" (node_2) is false
[14:59:53.506] [bmv2] [T] [thread 3238] [18.0] [cxt 0] Applying table 'tbl_drop'
[14:59:53.507] [bmv2] [D] [thread 3238] [18.0] [cxt 0] Looking up key:

[14:59:53.507] [bmv2] [D] [thread 3238] [18.0] [cxt 0] Table 'tbl_drop': miss
[14:59:53.507] [bmv2] [D] [thread 3238] [18.0] [cxt 0] Action entry is MyIngress.drop - 
[14:59:53.507] [bmv2] [T] [thread 3238] [18.0] [cxt 0] Action MyIngress.drop
[14:59:53.507] [bmv2] [T] [thread 3238] [18.0] [cxt 0] source_routing.p4(113) Primitive mark_to_drop(standard_metadata)
[14:59:53.507] [bmv2] [D] [thread 3238] [18.0] [cxt 0] Pipeline 'ingress': end
[14:59:53.508] [bmv2] [D] [thread 3238] [18.0] [cxt 0] Egress port is 511
[14:59:53.508] [bmv2] [D] [thread 3238] [18.0] [cxt 0] Dropping packet at the end of ingress
[14:59:53.619] [bmv2] [D] [thread 3238] [19.0] [cxt 0] Processing packet received on port 2
[14:59:53.620] [bmv2] [D] [thread 3238] [19.0] [cxt 0] Parser 'parser': start
[14:59:53.620] [bmv2] [D] [thread 3238] [19.0] [cxt 0] Parser 'parser' entering state 'start'
[14:59:53.620] [bmv2] [D] [thread 3238] [19.0] [cxt 0] Extracting header 'ethernet'
[14:59:53.621] [bmv2] [D] [thread 3238] [19.0] [cxt 0] Parser state 'start' has no switch, going to default next state
[14:59:53.621] [bmv2] [T] [thread 3238] [19.0] [cxt 0] Bytes parsed: 14
[14:59:53.621] [bmv2] [D] [thread 3238] [19.0] [cxt 0] Parser 'parser': end
[14:59:53.621] [bmv2] [D] [thread 3238] [19.0] [cxt 0] Pipeline 'ingress': start
[14:59:53.622] [bmv2] [T] [thread 3238] [19.0] [cxt 0] source_routing.p4(134) Condition "hdr.srcRoutes[0].isValid()" (node_2) is false
[14:59:53.622] [bmv2] [T] [thread 3238] [19.0] [cxt 0] Applying table 'tbl_drop'
[14:59:53.622] [bmv2] [D] [thread 3238] [19.0] [cxt 0] Looking up key:

[14:59:53.623] [bmv2] [D] [thread 3238] [19.0] [cxt 0] Table 'tbl_drop': miss
[14:59:53.623] [bmv2] [D] [thread 3238] [19.0] [cxt 0] Action entry is MyIngress.drop - 
[14:59:53.623] [bmv2] [T] [thread 3238] [19.0] [cxt 0] Action MyIngress.drop
[14:59:53.623] [bmv2] [T] [thread 3238] [19.0] [cxt 0] source_routing.p4(113) Primitive mark_to_drop(standard_metadata)
[14:59:53.623] [bmv2] [D] [thread 3238] [19.0] [cxt 0] Pipeline 'ingress': end
[14:59:53.624] [bmv2] [D] [thread 3238] [19.0] [cxt 0] Egress port is 511
[14:59:53.624] [bmv2] [D] [thread 3238] [19.0] [cxt 0] Dropping packet at the end of ingress
New connection
P4Runtime SetForwardingPipelineConfig
[14:59:54.229] [bmv2] [W] [thread 3301] [P4Runtime] p4::tmp::P4DeviceConfig is deprecated
[14:59:54.230] [bmv2] [D] [thread 3301] Set default default entry for table 'tbl_update_ttl': MyIngress.update_ttl - 
[14:59:54.230] [bmv2] [D] [thread 3301] Set default default entry for table 'tbl_drop': MyIngress.drop - 
Connection removed
[14:59:56.637] [bmv2] [D] [thread 3238] [20.0] [cxt 0] Processing packet received on port 1
[14:59:56.637] [bmv2] [D] [thread 3238] [20.0] [cxt 0] Parser 'parser': start
[14:59:56.637] [bmv2] [D] [thread 3238] [20.0] [cxt 0] Parser 'parser' entering state 'start'
[14:59:56.638] [bmv2] [D] [thread 3238] [20.0] [cxt 0] Extracting header 'ethernet'
[14:59:56.638] [bmv2] [D] [thread 3238] [20.0] [cxt 0] Parser state 'start' has no switch, going to default next state
[14:59:56.638] [bmv2] [T] [thread 3238] [20.0] [cxt 0] Bytes parsed: 14
[14:59:56.639] [bmv2] [D] [thread 3238] [20.0] [cxt 0] Parser 'parser': end
[14:59:56.639] [bmv2] [D] [thread 3238] [20.0] [cxt 0] Pipeline 'ingress': start
[14:59:56.639] [bmv2] [T] [thread 3238] [20.0] [cxt 0] source_routing.p4(134) Condition "hdr.srcRoutes[0].isValid()" (node_2) is false
[14:59:56.640] [bmv2] [T] [thread 3238] [20.0] [cxt 0] Applying table 'tbl_drop'
[14:59:56.640] [bmv2] [D] [thread 3238] [20.0] [cxt 0] Looking up key:

[14:59:56.640] [bmv2] [D] [thread 3238] [20.0] [cxt 0] Table 'tbl_drop': miss
[14:59:56.640] [bmv2] [D] [thread 3238] [20.0] [cxt 0] Action entry is MyIngress.drop - 
[14:59:56.640] [bmv2] [T] [thread 3238] [20.0] [cxt 0] Action MyIngress.drop
[14:59:56.640] [bmv2] [T] [thread 3238] [20.0] [cxt 0] source_routing.p4(113) Primitive mark_to_drop(standard_metadata)
[14:59:56.641] [bmv2] [D] [thread 3238] [20.0] [cxt 0] Pipeline 'ingress': end
[14:59:56.641] [bmv2] [D] [thread 3238] [20.0] [cxt 0] Egress port is 511
[14:59:56.641] [bmv2] [D] [thread 3238] [20.0] [cxt 0] Dropping packet at the end of ingress
[14:59:56.774] [bmv2] [D] [thread 3238] [21.0] [cxt 0] Processing packet received on port 2
[14:59:56.775] [bmv2] [D] [thread 3238] [21.0] [cxt 0] Parser 'parser': start
[14:59:56.775] [bmv2] [D] [thread 3238] [21.0] [cxt 0] Parser 'parser' entering state 'start'
[14:59:56.775] [bmv2] [D] [thread 3238] [21.0] [cxt 0] Extracting header 'ethernet'
[14:59:56.775] [bmv2] [D] [thread 3238] [21.0] [cxt 0] Parser state 'start' has no switch, going to default next state
[14:59:56.775] [bmv2] [T] [thread 3238] [21.0] [cxt 0] Bytes parsed: 14
[14:59:56.775] [bmv2] [D] [thread 3238] [21.0] [cxt 0] Parser 'parser': end
[14:59:56.776] [bmv2] [D] [thread 3238] [21.0] [cxt 0] Pipeline 'ingress': start
[14:59:56.776] [bmv2] [T] [thread 3238] [21.0] [cxt 0] source_routing.p4(134) Condition "hdr.srcRoutes[0].isValid()" (node_2) is false
[14:59:56.776] [bmv2] [T] [thread 3238] [21.0] [cxt 0] Applying table 'tbl_drop'
[14:59:56.776] [bmv2] [D] [thread 3238] [21.0] [cxt 0] Looking up key:

[14:59:56.776] [bmv2] [D] [thread 3238] [21.0] [cxt 0] Table 'tbl_drop': miss
[14:59:56.776] [bmv2] [D] [thread 3238] [21.0] [cxt 0] Action entry is MyIngress.drop - 
[14:59:56.776] [bmv2] [T] [thread 3238] [21.0] [cxt 0] Action MyIngress.drop
[14:59:56.776] [bmv2] [T] [thread 3238] [21.0] [cxt 0] source_routing.p4(113) Primitive mark_to_drop(standard_metadata)
[14:59:56.776] [bmv2] [D] [thread 3238] [21.0] [cxt 0] Pipeline 'ingress': end
[14:59:56.777] [bmv2] [D] [thread 3238] [21.0] [cxt 0] Egress port is 511
[14:59:56.777] [bmv2] [D] [thread 3238] [21.0] [cxt 0] Dropping packet at the end of ingress
[14:59:56.812] [bmv2] [D] [thread 3238] [22.0] [cxt 0] Processing packet received on port 3
[14:59:56.812] [bmv2] [D] [thread 3238] [22.0] [cxt 0] Parser 'parser': start
[14:59:56.812] [bmv2] [D] [thread 3238] [22.0] [cxt 0] Parser 'parser' entering state 'start'
[14:59:56.813] [bmv2] [D] [thread 3238] [22.0] [cxt 0] Extracting header 'ethernet'
[14:59:56.813] [bmv2] [D] [thread 3238] [22.0] [cxt 0] Parser state 'start' has no switch, going to default next state
[14:59:56.813] [bmv2] [T] [thread 3238] [22.0] [cxt 0] Bytes parsed: 14
[14:59:56.814] [bmv2] [D] [thread 3238] [22.0] [cxt 0] Parser 'parser': end
[14:59:56.814] [bmv2] [D] [thread 3238] [22.0] [cxt 0] Pipeline 'ingress': start
[14:59:56.814] [bmv2] [T] [thread 3238] [22.0] [cxt 0] source_routing.p4(134) Condition "hdr.srcRoutes[0].isValid()" (node_2) is false
[14:59:56.815] [bmv2] [T] [thread 3238] [22.0] [cxt 0] Applying table 'tbl_drop'
[14:59:56.815] [bmv2] [D] [thread 3238] [22.0] [cxt 0] Looking up key:

[14:59:56.815] [bmv2] [D] [thread 3238] [22.0] [cxt 0] Table 'tbl_drop': miss
[14:59:56.815] [bmv2] [D] [thread 3238] [22.0] [cxt 0] Action entry is MyIngress.drop - 
[14:59:56.816] [bmv2] [T] [thread 3238] [22.0] [cxt 0] Action MyIngress.drop
[14:59:56.816] [bmv2] [T] [thread 3238] [22.0] [cxt 0] source_routing.p4(113) Primitive mark_to_drop(standard_metadata)
[14:59:56.816] [bmv2] [D] [thread 3238] [22.0] [cxt 0] Pipeline 'ingress': end
[14:59:56.817] [bmv2] [D] [thread 3238] [22.0] [cxt 0] Egress port is 511
[14:59:56.817] [bmv2] [D] [thread 3238] [22.0] [cxt 0] Dropping packet at the end of ingress
[14:59:57.197] [bmv2] [D] [thread 3238] [23.0] [cxt 0] Processing packet received on port 3
[14:59:57.197] [bmv2] [D] [thread 3238] [23.0] [cxt 0] Parser 'parser': start
[14:59:57.197] [bmv2] [D] [thread 3238] [23.0] [cxt 0] Parser 'parser' entering state 'start'
[14:59:57.197] [bmv2] [D] [thread 3238] [23.0] [cxt 0] Extracting header 'ethernet'
[14:59:57.198] [bmv2] [D] [thread 3238] [23.0] [cxt 0] Parser state 'start' has no switch, going to default next state
[14:59:57.198] [bmv2] [T] [thread 3238] [23.0] [cxt 0] Bytes parsed: 14
[14:59:57.198] [bmv2] [D] [thread 3238] [23.0] [cxt 0] Parser 'parser': end
[14:59:57.199] [bmv2] [D] [thread 3238] [23.0] [cxt 0] Pipeline 'ingress': start
[14:59:57.199] [bmv2] [T] [thread 3238] [23.0] [cxt 0] source_routing.p4(134) Condition "hdr.srcRoutes[0].isValid()" (node_2) is false
[14:59:57.199] [bmv2] [T] [thread 3238] [23.0] [cxt 0] Applying table 'tbl_drop'
[14:59:57.200] [bmv2] [D] [thread 3238] [23.0] [cxt 0] Looking up key:

[14:59:57.200] [bmv2] [D] [thread 3238] [23.0] [cxt 0] Table 'tbl_drop': miss
[14:59:57.200] [bmv2] [D] [thread 3238] [23.0] [cxt 0] Action entry is MyIngress.drop - 
[14:59:57.200] [bmv2] [T] [thread 3238] [23.0] [cxt 0] Action MyIngress.drop
[14:59:57.200] [bmv2] [T] [thread 3238] [23.0] [cxt 0] source_routing.p4(113) Primitive mark_to_drop(standard_metadata)
[14:59:57.201] [bmv2] [D] [thread 3238] [23.0] [cxt 0] Pipeline 'ingress': end
[14:59:57.201] [bmv2] [D] [thread 3238] [23.0] [cxt 0] Egress port is 511
[14:59:57.201] [bmv2] [D] [thread 3238] [23.0] [cxt 0] Dropping packet at the end of ingress
[14:59:57.355] [bmv2] [D] [thread 3238] [24.0] [cxt 0] Processing packet received on port 2
[14:59:57.358] [bmv2] [D] [thread 3238] [24.0] [cxt 0] Parser 'parser': start
[14:59:57.359] [bmv2] [D] [thread 3238] [24.0] [cxt 0] Parser 'parser' entering state 'start'
[14:59:57.359] [bmv2] [D] [thread 3238] [24.0] [cxt 0] Extracting header 'ethernet'
[14:59:57.359] [bmv2] [D] [thread 3238] [24.0] [cxt 0] Parser state 'start' has no switch, going to default next state
[14:59:57.359] [bmv2] [T] [thread 3238] [24.0] [cxt 0] Bytes parsed: 14
[14:59:57.359] [bmv2] [D] [thread 3238] [24.0] [cxt 0] Parser 'parser': end
[14:59:57.360] [bmv2] [D] [thread 3238] [24.0] [cxt 0] Pipeline 'ingress': start
[14:59:57.360] [bmv2] [T] [thread 3238] [24.0] [cxt 0] source_routing.p4(134) Condition "hdr.srcRoutes[0].isValid()" (node_2) is false
[14:59:57.360] [bmv2] [T] [thread 3238] [24.0] [cxt 0] Applying table 'tbl_drop'
[14:59:57.361] [bmv2] [D] [thread 3238] [24.0] [cxt 0] Looking up key:

[14:59:57.361] [bmv2] [D] [thread 3238] [24.0] [cxt 0] Table 'tbl_drop': miss
[14:59:57.361] [bmv2] [D] [thread 3238] [24.0] [cxt 0] Action entry is MyIngress.drop - 
[14:59:57.361] [bmv2] [T] [thread 3238] [24.0] [cxt 0] Action MyIngress.drop
[14:59:57.361] [bmv2] [T] [thread 3238] [24.0] [cxt 0] source_routing.p4(113) Primitive mark_to_drop(standard_metadata)
[14:59:57.362] [bmv2] [D] [thread 3238] [24.0] [cxt 0] Pipeline 'ingress': end
[14:59:57.362] [bmv2] [D] [thread 3238] [24.0] [cxt 0] Egress port is 511
[14:59:57.362] [bmv2] [D] [thread 3238] [24.0] [cxt 0] Dropping packet at the end of ingress
[15:00:00.644] [bmv2] [D] [thread 3238] [25.0] [cxt 0] Processing packet received on port 1
[15:00:00.644] [bmv2] [D] [thread 3238] [25.0] [cxt 0] Parser 'parser': start
[15:00:00.644] [bmv2] [D] [thread 3238] [25.0] [cxt 0] Parser 'parser' entering state 'start'
[15:00:00.644] [bmv2] [D] [thread 3238] [25.0] [cxt 0] Extracting header 'ethernet'
[15:00:00.645] [bmv2] [D] [thread 3238] [25.0] [cxt 0] Parser state 'start' has no switch, going to default next state
[15:00:00.645] [bmv2] [T] [thread 3238] [25.0] [cxt 0] Bytes parsed: 14
[15:00:00.645] [bmv2] [D] [thread 3238] [25.0] [cxt 0] Parser 'parser': end
[15:00:00.645] [bmv2] [D] [thread 3238] [25.0] [cxt 0] Pipeline 'ingress': start
[15:00:00.646] [bmv2] [T] [thread 3238] [25.0] [cxt 0] source_routing.p4(134) Condition "hdr.srcRoutes[0].isValid()" (node_2) is false
[15:00:00.646] [bmv2] [T] [thread 3238] [25.0] [cxt 0] Applying table 'tbl_drop'
[15:00:00.646] [bmv2] [D] [thread 3238] [25.0] [cxt 0] Looking up key:

[15:00:00.646] [bmv2] [D] [thread 3238] [25.0] [cxt 0] Table 'tbl_drop': miss
[15:00:00.646] [bmv2] [D] [thread 3238] [25.0] [cxt 0] Action entry is MyIngress.drop - 
[15:00:00.647] [bmv2] [T] [thread 3238] [25.0] [cxt 0] Action MyIngress.drop
[15:00:00.647] [bmv2] [T] [thread 3238] [25.0] [cxt 0] source_routing.p4(113) Primitive mark_to_drop(standard_metadata)
[15:00:00.647] [bmv2] [D] [thread 3238] [25.0] [cxt 0] Pipeline 'ingress': end
[15:00:00.647] [bmv2] [D] [thread 3238] [25.0] [cxt 0] Egress port is 511
[15:00:00.648] [bmv2] [D] [thread 3238] [25.0] [cxt 0] Dropping packet at the end of ingress
[15:00:00.779] [bmv2] [D] [thread 3238] [26.0] [cxt 0] Processing packet received on port 2
[15:00:00.780] [bmv2] [D] [thread 3238] [26.0] [cxt 0] Parser 'parser': start
[15:00:00.780] [bmv2] [D] [thread 3238] [26.0] [cxt 0] Parser 'parser' entering state 'start'
[15:00:00.780] [bmv2] [D] [thread 3238] [26.0] [cxt 0] Extracting header 'ethernet'
[15:00:00.781] [bmv2] [D] [thread 3238] [26.0] [cxt 0] Parser state 'start' has no switch, going to default next state
[15:00:00.781] [bmv2] [T] [thread 3238] [26.0] [cxt 0] Bytes parsed: 14
[15:00:00.781] [bmv2] [D] [thread 3238] [26.0] [cxt 0] Parser 'parser': end
[15:00:00.781] [bmv2] [D] [thread 3238] [26.0] [cxt 0] Pipeline 'ingress': start
[15:00:00.782] [bmv2] [T] [thread 3238] [26.0] [cxt 0] source_routing.p4(134) Condition "hdr.srcRoutes[0].isValid()" (node_2) is false
[15:00:00.782] [bmv2] [T] [thread 3238] [26.0] [cxt 0] Applying table 'tbl_drop'
[15:00:00.782] [bmv2] [D] [thread 3238] [26.0] [cxt 0] Looking up key:

[15:00:00.783] [bmv2] [D] [thread 3238] [26.0] [cxt 0] Table 'tbl_drop': miss
[15:00:00.783] [bmv2] [D] [thread 3238] [26.0] [cxt 0] Action entry is MyIngress.drop - 
[15:00:00.783] [bmv2] [T] [thread 3238] [26.0] [cxt 0] Action MyIngress.drop
[15:00:00.783] [bmv2] [T] [thread 3238] [26.0] [cxt 0] source_routing.p4(113) Primitive mark_to_drop(standard_metadata)
[15:00:00.783] [bmv2] [D] [thread 3238] [26.0] [cxt 0] Pipeline 'ingress': end
[15:00:00.784] [bmv2] [D] [thread 3238] [26.0] [cxt 0] Egress port is 511
[15:00:00.784] [bmv2] [D] [thread 3238] [26.0] [cxt 0] Dropping packet at the end of ingress
[15:00:00.819] [bmv2] [D] [thread 3238] [27.0] [cxt 0] Processing packet received on port 3
[15:00:00.819] [bmv2] [D] [thread 3238] [27.0] [cxt 0] Parser 'parser': start
[15:00:00.820] [bmv2] [D] [thread 3238] [27.0] [cxt 0] Parser 'parser' entering state 'start'
[15:00:00.820] [bmv2] [D] [thread 3238] [27.0] [cxt 0] Extracting header 'ethernet'
[15:00:00.821] [bmv2] [D] [thread 3238] [27.0] [cxt 0] Parser state 'start' has no switch, going to default next state
[15:00:00.821] [bmv2] [T] [thread 3238] [27.0] [cxt 0] Bytes parsed: 14
[15:00:00.821] [bmv2] [D] [thread 3238] [27.0] [cxt 0] Parser 'parser': end
[15:00:00.822] [bmv2] [D] [thread 3238] [27.0] [cxt 0] Pipeline 'ingress': start
[15:00:00.822] [bmv2] [T] [thread 3238] [27.0] [cxt 0] source_routing.p4(134) Condition "hdr.srcRoutes[0].isValid()" (node_2) is false
[15:00:00.822] [bmv2] [T] [thread 3238] [27.0] [cxt 0] Applying table 'tbl_drop'
[15:00:00.822] [bmv2] [D] [thread 3238] [27.0] [cxt 0] Looking up key:

[15:00:00.823] [bmv2] [D] [thread 3238] [27.0] [cxt 0] Table 'tbl_drop': miss
[15:00:00.823] [bmv2] [D] [thread 3238] [27.0] [cxt 0] Action entry is MyIngress.drop - 
[15:00:00.824] [bmv2] [T] [thread 3238] [27.0] [cxt 0] Action MyIngress.drop
[15:00:00.824] [bmv2] [T] [thread 3238] [27.0] [cxt 0] source_routing.p4(113) Primitive mark_to_drop(standard_metadata)
[15:00:00.824] [bmv2] [D] [thread 3238] [27.0] [cxt 0] Pipeline 'ingress': end
[15:00:00.824] [bmv2] [D] [thread 3238] [27.0] [cxt 0] Egress port is 511
[15:00:00.825] [bmv2] [D] [thread 3238] [27.0] [cxt 0] Dropping packet at the end of ingress
[15:00:01.207] [bmv2] [D] [thread 3238] [28.0] [cxt 0] Processing packet received on port 3
[15:00:01.207] [bmv2] [D] [thread 3238] [28.0] [cxt 0] Parser 'parser': start
[15:00:01.208] [bmv2] [D] [thread 3238] [28.0] [cxt 0] Parser 'parser' entering state 'start'
[15:00:01.208] [bmv2] [D] [thread 3238] [28.0] [cxt 0] Extracting header 'ethernet'
[15:00:01.208] [bmv2] [D] [thread 3238] [28.0] [cxt 0] Parser state 'start' has no switch, going to default next state
[15:00:01.208] [bmv2] [T] [thread 3238] [28.0] [cxt 0] Bytes parsed: 14
[15:00:01.209] [bmv2] [D] [thread 3238] [28.0] [cxt 0] Parser 'parser': end
[15:00:01.209] [bmv2] [D] [thread 3238] [28.0] [cxt 0] Pipeline 'ingress': start
[15:00:01.209] [bmv2] [T] [thread 3238] [28.0] [cxt 0] source_routing.p4(134) Condition "hdr.srcRoutes[0].isValid()" (node_2) is false
[15:00:01.210] [bmv2] [T] [thread 3238] [28.0] [cxt 0] Applying table 'tbl_drop'
[15:00:01.210] [bmv2] [D] [thread 3238] [28.0] [cxt 0] Looking up key:

[15:00:01.210] [bmv2] [D] [thread 3238] [28.0] [cxt 0] Table 'tbl_drop': miss
[15:00:01.211] [bmv2] [D] [thread 3238] [28.0] [cxt 0] Action entry is MyIngress.drop - 
[15:00:01.211] [bmv2] [T] [thread 3238] [28.0] [cxt 0] Action MyIngress.drop
[15:00:01.211] [bmv2] [T] [thread 3238] [28.0] [cxt 0] source_routing.p4(113) Primitive mark_to_drop(standard_metadata)
[15:00:01.212] [bmv2] [D] [thread 3238] [28.0] [cxt 0] Pipeline 'ingress': end
[15:00:01.212] [bmv2] [D] [thread 3238] [28.0] [cxt 0] Egress port is 511
[15:00:01.212] [bmv2] [D] [thread 3238] [28.0] [cxt 0] Dropping packet at the end of ingress
[15:00:01.363] [bmv2] [D] [thread 3238] [29.0] [cxt 0] Processing packet received on port 2
[15:00:01.364] [bmv2] [D] [thread 3238] [29.0] [cxt 0] Parser 'parser': start
[15:00:01.364] [bmv2] [D] [thread 3238] [29.0] [cxt 0] Parser 'parser' entering state 'start'
[15:00:01.365] [bmv2] [D] [thread 3238] [29.0] [cxt 0] Extracting header 'ethernet'
[15:00:01.365] [bmv2] [D] [thread 3238] [29.0] [cxt 0] Parser state 'start' has no switch, going to default next state
[15:00:01.365] [bmv2] [T] [thread 3238] [29.0] [cxt 0] Bytes parsed: 14
[15:00:01.366] [bmv2] [D] [thread 3238] [29.0] [cxt 0] Parser 'parser': end
[15:00:01.366] [bmv2] [D] [thread 3238] [29.0] [cxt 0] Pipeline 'ingress': start
[15:00:01.366] [bmv2] [T] [thread 3238] [29.0] [cxt 0] source_routing.p4(134) Condition "hdr.srcRoutes[0].isValid()" (node_2) is false
[15:00:01.367] [bmv2] [T] [thread 3238] [29.0] [cxt 0] Applying table 'tbl_drop'
[15:00:01.367] [bmv2] [D] [thread 3238] [29.0] [cxt 0] Looking up key:

[15:00:01.367] [bmv2] [D] [thread 3238] [29.0] [cxt 0] Table 'tbl_drop': miss
[15:00:01.367] [bmv2] [D] [thread 3238] [29.0] [cxt 0] Action entry is MyIngress.drop - 
[15:00:01.368] [bmv2] [T] [thread 3238] [29.0] [cxt 0] Action MyIngress.drop
[15:00:01.368] [bmv2] [T] [thread 3238] [29.0] [cxt 0] source_routing.p4(113) Primitive mark_to_drop(standard_metadata)
[15:00:01.368] [bmv2] [D] [thread 3238] [29.0] [cxt 0] Pipeline 'ingress': end
[15:00:01.368] [bmv2] [D] [thread 3238] [29.0] [cxt 0] Egress port is 511
[15:00:01.368] [bmv2] [D] [thread 3238] [29.0] [cxt 0] Dropping packet at the end of ingress
[15:03:13.721] [bmv2] [D] [thread 3238] [30.0] [cxt 0] Processing packet received on port 1
[15:03:13.722] [bmv2] [D] [thread 3238] [30.0] [cxt 0] Parser 'parser': start
[15:03:13.722] [bmv2] [D] [thread 3238] [30.0] [cxt 0] Parser 'parser' entering state 'start'
[15:03:13.722] [bmv2] [D] [thread 3238] [30.0] [cxt 0] Extracting header 'ethernet'
[15:03:13.723] [bmv2] [D] [thread 3238] [30.0] [cxt 0] Parser state 'start' has no switch, going to default next state
[15:03:13.723] [bmv2] [T] [thread 3238] [30.0] [cxt 0] Bytes parsed: 14
[15:03:13.723] [bmv2] [D] [thread 3238] [30.0] [cxt 0] Parser 'parser': end
[15:03:13.724] [bmv2] [D] [thread 3238] [30.0] [cxt 0] Pipeline 'ingress': start
[15:03:13.724] [bmv2] [T] [thread 3238] [30.0] [cxt 0] source_routing.p4(134) Condition "hdr.srcRoutes[0].isValid()" (node_2) is false
[15:03:13.724] [bmv2] [T] [thread 3238] [30.0] [cxt 0] Applying table 'tbl_drop'
[15:03:13.724] [bmv2] [D] [thread 3238] [30.0] [cxt 0] Looking up key:

[15:03:13.725] [bmv2] [D] [thread 3238] [30.0] [cxt 0] Table 'tbl_drop': miss
[15:03:13.725] [bmv2] [D] [thread 3238] [30.0] [cxt 0] Action entry is MyIngress.drop - 
[15:03:13.725] [bmv2] [T] [thread 3238] [30.0] [cxt 0] Action MyIngress.drop
[15:03:13.726] [bmv2] [T] [thread 3238] [30.0] [cxt 0] source_routing.p4(113) Primitive mark_to_drop(standard_metadata)
[15:03:13.726] [bmv2] [D] [thread 3238] [30.0] [cxt 0] Pipeline 'ingress': end
[15:03:13.726] [bmv2] [D] [thread 3238] [30.0] [cxt 0] Egress port is 511
[15:03:13.726] [bmv2] [D] [thread 3238] [30.0] [cxt 0] Dropping packet at the end of ingress
[15:05:11.853] [bmv2] [D] [thread 3238] [31.0] [cxt 0] Processing packet received on port 1
[15:05:11.854] [bmv2] [D] [thread 3238] [31.0] [cxt 0] Parser 'parser': start
[15:05:11.854] [bmv2] [D] [thread 3238] [31.0] [cxt 0] Parser 'parser' entering state 'start'
[15:05:11.854] [bmv2] [D] [thread 3238] [31.0] [cxt 0] Extracting header 'ethernet'
[15:05:11.855] [bmv2] [D] [thread 3238] [31.0] [cxt 0] Parser state 'start' has no switch, going to default next state
[15:05:11.855] [bmv2] [T] [thread 3238] [31.0] [cxt 0] Bytes parsed: 14
[15:05:11.855] [bmv2] [D] [thread 3238] [31.0] [cxt 0] Parser 'parser': end
[15:05:11.855] [bmv2] [D] [thread 3238] [31.0] [cxt 0] Pipeline 'ingress': start
[15:05:11.856] [bmv2] [T] [thread 3238] [31.0] [cxt 0] source_routing.p4(134) Condition "hdr.srcRoutes[0].isValid()" (node_2) is false
[15:05:11.856] [bmv2] [T] [thread 3238] [31.0] [cxt 0] Applying table 'tbl_drop'
[15:05:11.856] [bmv2] [D] [thread 3238] [31.0] [cxt 0] Looking up key:

[15:05:11.857] [bmv2] [D] [thread 3238] [31.0] [cxt 0] Table 'tbl_drop': miss
[15:05:11.857] [bmv2] [D] [thread 3238] [31.0] [cxt 0] Action entry is MyIngress.drop - 
[15:05:11.857] [bmv2] [T] [thread 3238] [31.0] [cxt 0] Action MyIngress.drop
[15:05:11.857] [bmv2] [T] [thread 3238] [31.0] [cxt 0] source_routing.p4(113) Primitive mark_to_drop(standard_metadata)
[15:05:11.858] [bmv2] [D] [thread 3238] [31.0] [cxt 0] Pipeline 'ingress': end
[15:05:11.858] [bmv2] [D] [thread 3238] [31.0] [cxt 0] Egress port is 511
[15:05:11.858] [bmv2] [D] [thread 3238] [31.0] [cxt 0] Dropping packet at the end of ingress
