Calling target program-options parser
[14:59:52.110] [bmv2] [D] [thread 3245] Set default default entry for table 'tbl_update_ttl': MyIngress.update_ttl - 
[14:59:52.110] [bmv2] [D] [thread 3245] Set default default entry for table 'tbl_drop': MyIngress.drop - 
Adding interface s2-eth1 as port 1
[14:59:52.111] [bmv2] [D] [thread 3245] Adding interface s2-eth1 as port 1
Adding interface s2-eth2 as port 2
[14:59:52.136] [bmv2] [D] [thread 3245] Adding interface s2-eth2 as port 2
Adding interface s2-eth3 as port 3
[14:59:52.165] [bmv2] [D] [thread 3245] Adding interface s2-eth3 as port 3
I1125 14:59:52.189594148    3245 server_builder.cc:247]      Synchronous server. Num CQs: 1, Min pollers: 1, Max Pollers: 2147483647, CQ timeout (msec): 1000
Server listening on 0.0.0.0:50052
[14:59:52.196] [bmv2] [I] [thread 3245] Starting Thrift server on port 9091
[14:59:52.197] [bmv2] [I] [thread 3245] Thrift server was started
[14:59:52.272] [bmv2] [D] [thread 3252] [0.0] [cxt 0] Processing packet received on port 2
[14:59:52.275] [bmv2] [D] [thread 3252] [0.0] [cxt 0] Parser 'parser': start
[14:59:52.275] [bmv2] [D] [thread 3252] [0.0] [cxt 0] Parser 'parser' entering state 'start'
[14:59:52.275] [bmv2] [D] [thread 3252] [0.0] [cxt 0] Extracting header 'ethernet'
[14:59:52.275] [bmv2] [D] [thread 3252] [0.0] [cxt 0] Parser state 'start' has no switch, going to default next state
[14:59:52.275] [bmv2] [T] [thread 3252] [0.0] [cxt 0] Bytes parsed: 14
[14:59:52.276] [bmv2] [D] [thread 3252] [0.0] [cxt 0] Parser 'parser': end
[14:59:52.276] [bmv2] [D] [thread 3252] [0.0] [cxt 0] Pipeline 'ingress': start
[14:59:52.276] [bmv2] [T] [thread 3252] [0.0] [cxt 0] source_routing.p4(134) Condition "hdr.srcRoutes[0].isValid()" (node_2) is false
[14:59:52.276] [bmv2] [T] [thread 3252] [0.0] [cxt 0] Applying table 'tbl_drop'
[14:59:52.276] [bmv2] [D] [thread 3252] [0.0] [cxt 0] Looking up key:

[14:59:52.277] [bmv2] [D] [thread 3252] [0.0] [cxt 0] Table 'tbl_drop': miss
[14:59:52.277] [bmv2] [D] [thread 3252] [0.0] [cxt 0] Action entry is MyIngress.drop - 
[14:59:52.277] [bmv2] [T] [thread 3252] [0.0] [cxt 0] Action MyIngress.drop
[14:59:52.277] [bmv2] [T] [thread 3252] [0.0] [cxt 0] source_routing.p4(113) Primitive mark_to_drop(standard_metadata)
[14:59:52.277] [bmv2] [D] [thread 3252] [0.0] [cxt 0] Pipeline 'ingress': end
[14:59:52.278] [bmv2] [D] [thread 3252] [0.0] [cxt 0] Egress port is 511
[14:59:52.278] [bmv2] [D] [thread 3252] [0.0] [cxt 0] Dropping packet at the end of ingress
[14:59:52.299] [bmv2] [D] [thread 3252] [1.0] [cxt 0] Processing packet received on port 3
[14:59:52.300] [bmv2] [D] [thread 3252] [1.0] [cxt 0] Parser 'parser': start
[14:59:52.300] [bmv2] [D] [thread 3252] [1.0] [cxt 0] Parser 'parser' entering state 'start'
[14:59:52.300] [bmv2] [D] [thread 3252] [1.0] [cxt 0] Extracting header 'ethernet'
[14:59:52.301] [bmv2] [D] [thread 3252] [1.0] [cxt 0] Parser state 'start' has no switch, going to default next state
[14:59:52.301] [bmv2] [T] [thread 3252] [1.0] [cxt 0] Bytes parsed: 14
[14:59:52.301] [bmv2] [D] [thread 3252] [1.0] [cxt 0] Parser 'parser': end
[14:59:52.301] [bmv2] [D] [thread 3252] [1.0] [cxt 0] Pipeline 'ingress': start
[14:59:52.301] [bmv2] [T] [thread 3252] [1.0] [cxt 0] source_routing.p4(134) Condition "hdr.srcRoutes[0].isValid()" (node_2) is false
[14:59:52.302] [bmv2] [T] [thread 3252] [1.0] [cxt 0] Applying table 'tbl_drop'
[14:59:52.302] [bmv2] [D] [thread 3252] [1.0] [cxt 0] Looking up key:

[14:59:52.302] [bmv2] [D] [thread 3252] [1.0] [cxt 0] Table 'tbl_drop': miss
[14:59:52.302] [bmv2] [D] [thread 3252] [1.0] [cxt 0] Action entry is MyIngress.drop - 
[14:59:52.302] [bmv2] [T] [thread 3252] [1.0] [cxt 0] Action MyIngress.drop
[14:59:52.303] [bmv2] [T] [thread 3252] [1.0] [cxt 0] source_routing.p4(113) Primitive mark_to_drop(standard_metadata)
[14:59:52.303] [bmv2] [D] [thread 3252] [1.0] [cxt 0] Pipeline 'ingress': end
[14:59:52.303] [bmv2] [D] [thread 3252] [1.0] [cxt 0] Egress port is 511
[14:59:52.303] [bmv2] [D] [thread 3252] [1.0] [cxt 0] Dropping packet at the end of ingress
[14:59:52.343] [bmv2] [D] [thread 3252] [2.0] [cxt 0] Processing packet received on port 2
[14:59:52.344] [bmv2] [D] [thread 3252] [2.0] [cxt 0] Parser 'parser': start
[14:59:52.344] [bmv2] [D] [thread 3252] [2.0] [cxt 0] Parser 'parser' entering state 'start'
[14:59:52.344] [bmv2] [D] [thread 3252] [2.0] [cxt 0] Extracting header 'ethernet'
[14:59:52.344] [bmv2] [D] [thread 3252] [2.0] [cxt 0] Parser state 'start' has no switch, going to default next state
[14:59:52.344] [bmv2] [T] [thread 3252] [2.0] [cxt 0] Bytes parsed: 14
[14:59:52.345] [bmv2] [D] [thread 3252] [2.0] [cxt 0] Parser 'parser': end
[14:59:52.345] [bmv2] [D] [thread 3252] [2.0] [cxt 0] Pipeline 'ingress': start
[14:59:52.345] [bmv2] [T] [thread 3252] [2.0] [cxt 0] source_routing.p4(134) Condition "hdr.srcRoutes[0].isValid()" (node_2) is false
[14:59:52.345] [bmv2] [T] [thread 3252] [2.0] [cxt 0] Applying table 'tbl_drop'
[14:59:52.345] [bmv2] [D] [thread 3252] [2.0] [cxt 0] Looking up key:

[14:59:52.346] [bmv2] [D] [thread 3252] [2.0] [cxt 0] Table 'tbl_drop': miss
[14:59:52.346] [bmv2] [D] [thread 3252] [2.0] [cxt 0] Action entry is MyIngress.drop - 
[14:59:52.346] [bmv2] [T] [thread 3252] [2.0] [cxt 0] Action MyIngress.drop
[14:59:52.346] [bmv2] [T] [thread 3252] [2.0] [cxt 0] source_routing.p4(113) Primitive mark_to_drop(standard_metadata)
[14:59:52.346] [bmv2] [D] [thread 3252] [2.0] [cxt 0] Pipeline 'ingress': end
[14:59:52.347] [bmv2] [D] [thread 3252] [2.0] [cxt 0] Egress port is 511
[14:59:52.347] [bmv2] [D] [thread 3252] [2.0] [cxt 0] Dropping packet at the end of ingress
[14:59:52.508] [bmv2] [D] [thread 3252] [3.0] [cxt 0] Processing packet received on port 1
[14:59:52.508] [bmv2] [D] [thread 3252] [3.0] [cxt 0] Parser 'parser': start
[14:59:52.508] [bmv2] [D] [thread 3252] [3.0] [cxt 0] Parser 'parser' entering state 'start'
[14:59:52.508] [bmv2] [D] [thread 3252] [3.0] [cxt 0] Extracting header 'ethernet'
[14:59:52.509] [bmv2] [D] [thread 3252] [3.0] [cxt 0] Parser state 'start' has no switch, going to default next state
[14:59:52.509] [bmv2] [T] [thread 3252] [3.0] [cxt 0] Bytes parsed: 14
[14:59:52.509] [bmv2] [D] [thread 3252] [3.0] [cxt 0] Parser 'parser': end
[14:59:52.509] [bmv2] [D] [thread 3252] [3.0] [cxt 0] Pipeline 'ingress': start
[14:59:52.509] [bmv2] [T] [thread 3252] [3.0] [cxt 0] source_routing.p4(134) Condition "hdr.srcRoutes[0].isValid()" (node_2) is false
[14:59:52.509] [bmv2] [T] [thread 3252] [3.0] [cxt 0] Applying table 'tbl_drop'
[14:59:52.510] [bmv2] [D] [thread 3252] [3.0] [cxt 0] Looking up key:

[14:59:52.510] [bmv2] [D] [thread 3252] [3.0] [cxt 0] Table 'tbl_drop': miss
[14:59:52.510] [bmv2] [D] [thread 3252] [3.0] [cxt 0] Action entry is MyIngress.drop - 
[14:59:52.510] [bmv2] [T] [thread 3252] [3.0] [cxt 0] Action MyIngress.drop
[14:59:52.510] [bmv2] [T] [thread 3252] [3.0] [cxt 0] source_routing.p4(113) Primitive mark_to_drop(standard_metadata)
[14:59:52.510] [bmv2] [D] [thread 3252] [3.0] [cxt 0] Pipeline 'ingress': end
[14:59:52.510] [bmv2] [D] [thread 3252] [3.0] [cxt 0] Egress port is 511
[14:59:52.510] [bmv2] [D] [thread 3252] [3.0] [cxt 0] Dropping packet at the end of ingress
[14:59:52.624] [bmv2] [D] [thread 3252] [4.0] [cxt 0] Processing packet received on port 3
[14:59:52.624] [bmv2] [D] [thread 3252] [4.0] [cxt 0] Parser 'parser': start
[14:59:52.624] [bmv2] [D] [thread 3252] [4.0] [cxt 0] Parser 'parser' entering state 'start'
[14:59:52.624] [bmv2] [D] [thread 3252] [4.0] [cxt 0] Extracting header 'ethernet'
[14:59:52.624] [bmv2] [D] [thread 3252] [4.0] [cxt 0] Parser state 'start' has no switch, going to default next state
[14:59:52.625] [bmv2] [T] [thread 3252] [4.0] [cxt 0] Bytes parsed: 14
[14:59:52.625] [bmv2] [D] [thread 3252] [4.0] [cxt 0] Parser 'parser': end
[14:59:52.625] [bmv2] [D] [thread 3252] [4.0] [cxt 0] Pipeline 'ingress': start
[14:59:52.625] [bmv2] [T] [thread 3252] [4.0] [cxt 0] source_routing.p4(134) Condition "hdr.srcRoutes[0].isValid()" (node_2) is false
[14:59:52.625] [bmv2] [T] [thread 3252] [4.0] [cxt 0] Applying table 'tbl_drop'
[14:59:52.625] [bmv2] [D] [thread 3252] [4.0] [cxt 0] Looking up key:

[14:59:52.625] [bmv2] [D] [thread 3252] [4.0] [cxt 0] Table 'tbl_drop': miss
[14:59:52.625] [bmv2] [D] [thread 3252] [4.0] [cxt 0] Action entry is MyIngress.drop - 
[14:59:52.625] [bmv2] [T] [thread 3252] [4.0] [cxt 0] Action MyIngress.drop
[14:59:52.625] [bmv2] [T] [thread 3252] [4.0] [cxt 0] source_routing.p4(113) Primitive mark_to_drop(standard_metadata)
[14:59:52.625] [bmv2] [D] [thread 3252] [4.0] [cxt 0] Pipeline 'ingress': end
[14:59:52.626] [bmv2] [D] [thread 3252] [4.0] [cxt 0] Egress port is 511
[14:59:52.626] [bmv2] [D] [thread 3252] [4.0] [cxt 0] Dropping packet at the end of ingress
[14:59:52.626] [bmv2] [D] [thread 3252] [5.0] [cxt 0] Processing packet received on port 3
[14:59:52.626] [bmv2] [D] [thread 3252] [5.0] [cxt 0] Parser 'parser': start
[14:59:52.626] [bmv2] [D] [thread 3252] [5.0] [cxt 0] Parser 'parser' entering state 'start'
[14:59:52.626] [bmv2] [D] [thread 3252] [5.0] [cxt 0] Extracting header 'ethernet'
[14:59:52.626] [bmv2] [D] [thread 3252] [5.0] [cxt 0] Parser state 'start' has no switch, going to default next state
[14:59:52.626] [bmv2] [T] [thread 3252] [5.0] [cxt 0] Bytes parsed: 14
[14:59:52.626] [bmv2] [D] [thread 3252] [5.0] [cxt 0] Parser 'parser': end
[14:59:52.626] [bmv2] [D] [thread 3252] [5.0] [cxt 0] Pipeline 'ingress': start
[14:59:52.626] [bmv2] [T] [thread 3252] [5.0] [cxt 0] source_routing.p4(134) Condition "hdr.srcRoutes[0].isValid()" (node_2) is false
[14:59:52.627] [bmv2] [T] [thread 3252] [5.0] [cxt 0] Applying table 'tbl_drop'
[14:59:52.627] [bmv2] [D] [thread 3252] [5.0] [cxt 0] Looking up key:

[14:59:52.627] [bmv2] [D] [thread 3252] [5.0] [cxt 0] Table 'tbl_drop': miss
[14:59:52.627] [bmv2] [D] [thread 3252] [5.0] [cxt 0] Action entry is MyIngress.drop - 
[14:59:52.627] [bmv2] [T] [thread 3252] [5.0] [cxt 0] Action MyIngress.drop
[14:59:52.627] [bmv2] [T] [thread 3252] [5.0] [cxt 0] source_routing.p4(113) Primitive mark_to_drop(standard_metadata)
[14:59:52.627] [bmv2] [D] [thread 3252] [5.0] [cxt 0] Pipeline 'ingress': end
[14:59:52.627] [bmv2] [D] [thread 3252] [5.0] [cxt 0] Egress port is 511
[14:59:52.627] [bmv2] [D] [thread 3252] [5.0] [cxt 0] Dropping packet at the end of ingress
[14:59:52.767] [bmv2] [D] [thread 3252] [6.0] [cxt 0] Processing packet received on port 2
[14:59:52.767] [bmv2] [D] [thread 3252] [6.0] [cxt 0] Parser 'parser': start
[14:59:52.767] [bmv2] [D] [thread 3252] [6.0] [cxt 0] Parser 'parser' entering state 'start'
[14:59:52.768] [bmv2] [D] [thread 3252] [6.0] [cxt 0] Extracting header 'ethernet'
[14:59:52.768] [bmv2] [D] [thread 3252] [6.0] [cxt 0] Parser state 'start' has no switch, going to default next state
[14:59:52.769] [bmv2] [T] [thread 3252] [6.0] [cxt 0] Bytes parsed: 14
[14:59:52.769] [bmv2] [D] [thread 3252] [6.0] [cxt 0] Parser 'parser': end
[14:59:52.769] [bmv2] [D] [thread 3252] [6.0] [cxt 0] Pipeline 'ingress': start
[14:59:52.770] [bmv2] [T] [thread 3252] [6.0] [cxt 0] source_routing.p4(134) Condition "hdr.srcRoutes[0].isValid()" (node_2) is false
[14:59:52.770] [bmv2] [T] [thread 3252] [6.0] [cxt 0] Applying table 'tbl_drop'
[14:59:52.770] [bmv2] [D] [thread 3252] [6.0] [cxt 0] Looking up key:

[14:59:52.771] [bmv2] [D] [thread 3252] [6.0] [cxt 0] Table 'tbl_drop': miss
[14:59:52.771] [bmv2] [D] [thread 3252] [6.0] [cxt 0] Action entry is MyIngress.drop - 
[14:59:52.771] [bmv2] [T] [thread 3252] [6.0] [cxt 0] Action MyIngress.drop
[14:59:52.772] [bmv2] [T] [thread 3252] [6.0] [cxt 0] source_routing.p4(113) Primitive mark_to_drop(standard_metadata)
[14:59:52.772] [bmv2] [D] [thread 3252] [6.0] [cxt 0] Pipeline 'ingress': end
[14:59:52.772] [bmv2] [D] [thread 3252] [6.0] [cxt 0] Egress port is 511
[14:59:52.773] [bmv2] [D] [thread 3252] [6.0] [cxt 0] Dropping packet at the end of ingress
[14:59:52.773] [bmv2] [D] [thread 3252] [7.0] [cxt 0] Processing packet received on port 2
[14:59:52.773] [bmv2] [D] [thread 3252] [7.0] [cxt 0] Parser 'parser': start
[14:59:52.774] [bmv2] [D] [thread 3252] [7.0] [cxt 0] Parser 'parser' entering state 'start'
[14:59:52.774] [bmv2] [D] [thread 3252] [7.0] [cxt 0] Extracting header 'ethernet'
[14:59:52.774] [bmv2] [D] [thread 3252] [7.0] [cxt 0] Parser state 'start' has no switch, going to default next state
[14:59:52.775] [bmv2] [T] [thread 3252] [7.0] [cxt 0] Bytes parsed: 14
[14:59:52.775] [bmv2] [D] [thread 3252] [7.0] [cxt 0] Parser 'parser': end
[14:59:52.775] [bmv2] [D] [thread 3252] [7.0] [cxt 0] Pipeline 'ingress': start
[14:59:52.776] [bmv2] [T] [thread 3252] [7.0] [cxt 0] source_routing.p4(134) Condition "hdr.srcRoutes[0].isValid()" (node_2) is false
[14:59:52.777] [bmv2] [T] [thread 3252] [7.0] [cxt 0] Applying table 'tbl_drop'
[14:59:52.777] [bmv2] [D] [thread 3252] [7.0] [cxt 0] Looking up key:

[14:59:52.777] [bmv2] [D] [thread 3252] [7.0] [cxt 0] Table 'tbl_drop': miss
[14:59:52.777] [bmv2] [D] [thread 3252] [7.0] [cxt 0] Action entry is MyIngress.drop - 
[14:59:52.778] [bmv2] [T] [thread 3252] [7.0] [cxt 0] Action MyIngress.drop
[14:59:52.778] [bmv2] [T] [thread 3252] [7.0] [cxt 0] source_routing.p4(113) Primitive mark_to_drop(standard_metadata)
[14:59:52.778] [bmv2] [D] [thread 3252] [7.0] [cxt 0] Pipeline 'ingress': end
[14:59:52.778] [bmv2] [D] [thread 3252] [7.0] [cxt 0] Egress port is 511
[14:59:52.778] [bmv2] [D] [thread 3252] [7.0] [cxt 0] Dropping packet at the end of ingress
[14:59:52.912] [bmv2] [D] [thread 3252] [8.0] [cxt 0] Processing packet received on port 1
[14:59:52.913] [bmv2] [D] [thread 3252] [8.0] [cxt 0] Parser 'parser': start
[14:59:52.913] [bmv2] [D] [thread 3252] [8.0] [cxt 0] Parser 'parser' entering state 'start'
[14:59:52.913] [bmv2] [D] [thread 3252] [8.0] [cxt 0] Extracting header 'ethernet'
[14:59:52.913] [bmv2] [D] [thread 3252] [8.0] [cxt 0] Parser state 'start' has no switch, going to default next state
[14:59:52.914] [bmv2] [T] [thread 3252] [8.0] [cxt 0] Bytes parsed: 14
[14:59:52.914] [bmv2] [D] [thread 3252] [8.0] [cxt 0] Parser 'parser': end
[14:59:52.914] [bmv2] [D] [thread 3252] [8.0] [cxt 0] Pipeline 'ingress': start
[14:59:52.914] [bmv2] [T] [thread 3252] [8.0] [cxt 0] source_routing.p4(134) Condition "hdr.srcRoutes[0].isValid()" (node_2) is false
[14:59:52.915] [bmv2] [T] [thread 3252] [8.0] [cxt 0] Applying table 'tbl_drop'
[14:59:52.915] [bmv2] [D] [thread 3252] [8.0] [cxt 0] Looking up key:

[14:59:52.915] [bmv2] [D] [thread 3252] [8.0] [cxt 0] Table 'tbl_drop': miss
[14:59:52.916] [bmv2] [D] [thread 3252] [8.0] [cxt 0] Action entry is MyIngress.drop - 
[14:59:52.916] [bmv2] [T] [thread 3252] [8.0] [cxt 0] Action MyIngress.drop
[14:59:52.916] [bmv2] [T] [thread 3252] [8.0] [cxt 0] source_routing.p4(113) Primitive mark_to_drop(standard_metadata)
[14:59:52.916] [bmv2] [D] [thread 3252] [8.0] [cxt 0] Pipeline 'ingress': end
[14:59:52.916] [bmv2] [D] [thread 3252] [8.0] [cxt 0] Egress port is 511
[14:59:52.917] [bmv2] [D] [thread 3252] [8.0] [cxt 0] Dropping packet at the end of ingress
[14:59:52.917] [bmv2] [D] [thread 3252] [9.0] [cxt 0] Processing packet received on port 1
[14:59:52.917] [bmv2] [D] [thread 3252] [9.0] [cxt 0] Parser 'parser': start
[14:59:52.917] [bmv2] [D] [thread 3252] [9.0] [cxt 0] Parser 'parser' entering state 'start'
[14:59:52.917] [bmv2] [D] [thread 3252] [9.0] [cxt 0] Extracting header 'ethernet'
[14:59:52.917] [bmv2] [D] [thread 3252] [9.0] [cxt 0] Parser state 'start' has no switch, going to default next state
[14:59:52.918] [bmv2] [T] [thread 3252] [9.0] [cxt 0] Bytes parsed: 14
[14:59:52.918] [bmv2] [D] [thread 3252] [9.0] [cxt 0] Parser 'parser': end
[14:59:52.918] [bmv2] [D] [thread 3252] [9.0] [cxt 0] Pipeline 'ingress': start
[14:59:52.918] [bmv2] [T] [thread 3252] [9.0] [cxt 0] source_routing.p4(134) Condition "hdr.srcRoutes[0].isValid()" (node_2) is false
[14:59:52.918] [bmv2] [T] [thread 3252] [9.0] [cxt 0] Applying table 'tbl_drop'
[14:59:52.918] [bmv2] [D] [thread 3252] [9.0] [cxt 0] Looking up key:

[14:59:52.918] [bmv2] [D] [thread 3252] [9.0] [cxt 0] Table 'tbl_drop': miss
[14:59:52.918] [bmv2] [D] [thread 3252] [9.0] [cxt 0] Action entry is MyIngress.drop - 
[14:59:52.919] [bmv2] [T] [thread 3252] [9.0] [cxt 0] Action MyIngress.drop
[14:59:52.919] [bmv2] [T] [thread 3252] [9.0] [cxt 0] source_routing.p4(113) Primitive mark_to_drop(standard_metadata)
[14:59:52.919] [bmv2] [D] [thread 3252] [9.0] [cxt 0] Pipeline 'ingress': end
[14:59:52.919] [bmv2] [D] [thread 3252] [9.0] [cxt 0] Egress port is 511
[14:59:52.919] [bmv2] [D] [thread 3252] [9.0] [cxt 0] Dropping packet at the end of ingress
[14:59:53.001] [bmv2] [D] [thread 3252] [10.0] [cxt 0] Processing packet received on port 3
[14:59:53.001] [bmv2] [D] [thread 3252] [10.0] [cxt 0] Parser 'parser': start
[14:59:53.001] [bmv2] [D] [thread 3252] [10.0] [cxt 0] Parser 'parser' entering state 'start'
[14:59:53.001] [bmv2] [D] [thread 3252] [10.0] [cxt 0] Extracting header 'ethernet'
[14:59:53.001] [bmv2] [D] [thread 3252] [10.0] [cxt 0] Parser state 'start' has no switch, going to default next state
[14:59:53.002] [bmv2] [T] [thread 3252] [10.0] [cxt 0] Bytes parsed: 14
[14:59:53.002] [bmv2] [D] [thread 3252] [10.0] [cxt 0] Parser 'parser': end
[14:59:53.002] [bmv2] [D] [thread 3252] [10.0] [cxt 0] Pipeline 'ingress': start
[14:59:53.002] [bmv2] [T] [thread 3252] [10.0] [cxt 0] source_routing.p4(134) Condition "hdr.srcRoutes[0].isValid()" (node_2) is false
[14:59:53.002] [bmv2] [T] [thread 3252] [10.0] [cxt 0] Applying table 'tbl_drop'
[14:59:53.002] [bmv2] [D] [thread 3252] [10.0] [cxt 0] Looking up key:

[14:59:53.002] [bmv2] [D] [thread 3252] [10.0] [cxt 0] Table 'tbl_drop': miss
[14:59:53.003] [bmv2] [D] [thread 3252] [10.0] [cxt 0] Action entry is MyIngress.drop - 
[14:59:53.003] [bmv2] [T] [thread 3252] [10.0] [cxt 0] Action MyIngress.drop
[14:59:53.003] [bmv2] [T] [thread 3252] [10.0] [cxt 0] source_routing.p4(113) Primitive mark_to_drop(standard_metadata)
[14:59:53.003] [bmv2] [D] [thread 3252] [10.0] [cxt 0] Pipeline 'ingress': end
[14:59:53.003] [bmv2] [D] [thread 3252] [10.0] [cxt 0] Egress port is 511
[14:59:53.003] [bmv2] [D] [thread 3252] [10.0] [cxt 0] Dropping packet at the end of ingress
[14:59:53.004] [bmv2] [D] [thread 3252] [11.0] [cxt 0] Processing packet received on port 3
[14:59:53.004] [bmv2] [D] [thread 3252] [11.0] [cxt 0] Parser 'parser': start
[14:59:53.004] [bmv2] [D] [thread 3252] [11.0] [cxt 0] Parser 'parser' entering state 'start'
[14:59:53.004] [bmv2] [D] [thread 3252] [11.0] [cxt 0] Extracting header 'ethernet'
[14:59:53.004] [bmv2] [D] [thread 3252] [11.0] [cxt 0] Parser state 'start' has no switch, going to default next state
[14:59:53.004] [bmv2] [T] [thread 3252] [11.0] [cxt 0] Bytes parsed: 14
[14:59:53.004] [bmv2] [D] [thread 3252] [11.0] [cxt 0] Parser 'parser': end
[14:59:53.005] [bmv2] [D] [thread 3252] [11.0] [cxt 0] Pipeline 'ingress': start
[14:59:53.005] [bmv2] [T] [thread 3252] [11.0] [cxt 0] source_routing.p4(134) Condition "hdr.srcRoutes[0].isValid()" (node_2) is false
[14:59:53.005] [bmv2] [T] [thread 3252] [11.0] [cxt 0] Applying table 'tbl_drop'
[14:59:53.005] [bmv2] [D] [thread 3252] [11.0] [cxt 0] Looking up key:

[14:59:53.005] [bmv2] [D] [thread 3252] [11.0] [cxt 0] Table 'tbl_drop': miss
[14:59:53.005] [bmv2] [D] [thread 3252] [11.0] [cxt 0] Action entry is MyIngress.drop - 
[14:59:53.006] [bmv2] [T] [thread 3252] [11.0] [cxt 0] Action MyIngress.drop
[14:59:53.006] [bmv2] [T] [thread 3252] [11.0] [cxt 0] source_routing.p4(113) Primitive mark_to_drop(standard_metadata)
[14:59:53.006] [bmv2] [D] [thread 3252] [11.0] [cxt 0] Pipeline 'ingress': end
[14:59:53.006] [bmv2] [D] [thread 3252] [11.0] [cxt 0] Egress port is 511
[14:59:53.006] [bmv2] [D] [thread 3252] [11.0] [cxt 0] Dropping packet at the end of ingress
[14:59:53.152] [bmv2] [D] [thread 3252] [12.0] [cxt 0] Processing packet received on port 1
[14:59:53.152] [bmv2] [D] [thread 3252] [12.0] [cxt 0] Parser 'parser': start
[14:59:53.152] [bmv2] [D] [thread 3252] [12.0] [cxt 0] Parser 'parser' entering state 'start'
[14:59:53.153] [bmv2] [D] [thread 3252] [12.0] [cxt 0] Extracting header 'ethernet'
[14:59:53.153] [bmv2] [D] [thread 3252] [12.0] [cxt 0] Parser state 'start' has no switch, going to default next state
[14:59:53.153] [bmv2] [T] [thread 3252] [12.0] [cxt 0] Bytes parsed: 14
[14:59:53.154] [bmv2] [D] [thread 3252] [12.0] [cxt 0] Parser 'parser': end
[14:59:53.154] [bmv2] [D] [thread 3252] [12.0] [cxt 0] Pipeline 'ingress': start
[14:59:53.154] [bmv2] [T] [thread 3252] [12.0] [cxt 0] source_routing.p4(134) Condition "hdr.srcRoutes[0].isValid()" (node_2) is false
[14:59:53.155] [bmv2] [T] [thread 3252] [12.0] [cxt 0] Applying table 'tbl_drop'
[14:59:53.155] [bmv2] [D] [thread 3252] [12.0] [cxt 0] Looking up key:

[14:59:53.155] [bmv2] [D] [thread 3252] [12.0] [cxt 0] Table 'tbl_drop': miss
[14:59:53.155] [bmv2] [D] [thread 3252] [12.0] [cxt 0] Action entry is MyIngress.drop - 
[14:59:53.156] [bmv2] [T] [thread 3252] [12.0] [cxt 0] Action MyIngress.drop
[14:59:53.156] [bmv2] [T] [thread 3252] [12.0] [cxt 0] source_routing.p4(113) Primitive mark_to_drop(standard_metadata)
[14:59:53.156] [bmv2] [D] [thread 3252] [12.0] [cxt 0] Pipeline 'ingress': end
[14:59:53.157] [bmv2] [D] [thread 3252] [12.0] [cxt 0] Egress port is 511
[14:59:53.157] [bmv2] [D] [thread 3252] [12.0] [cxt 0] Dropping packet at the end of ingress
[14:59:53.239] [bmv2] [D] [thread 3252] [13.0] [cxt 0] Processing packet received on port 3
[14:59:53.240] [bmv2] [D] [thread 3252] [13.0] [cxt 0] Parser 'parser': start
[14:59:53.240] [bmv2] [D] [thread 3252] [13.0] [cxt 0] Parser 'parser' entering state 'start'
[14:59:53.240] [bmv2] [D] [thread 3252] [13.0] [cxt 0] Extracting header 'ethernet'
[14:59:53.241] [bmv2] [D] [thread 3252] [13.0] [cxt 0] Parser state 'start' has no switch, going to default next state
[14:59:53.241] [bmv2] [T] [thread 3252] [13.0] [cxt 0] Bytes parsed: 14
[14:59:53.242] [bmv2] [D] [thread 3252] [13.0] [cxt 0] Parser 'parser': end
[14:59:53.242] [bmv2] [D] [thread 3252] [13.0] [cxt 0] Pipeline 'ingress': start
[14:59:53.242] [bmv2] [T] [thread 3252] [13.0] [cxt 0] source_routing.p4(134) Condition "hdr.srcRoutes[0].isValid()" (node_2) is false
[14:59:53.242] [bmv2] [T] [thread 3252] [13.0] [cxt 0] Applying table 'tbl_drop'
[14:59:53.242] [bmv2] [D] [thread 3252] [13.0] [cxt 0] Looking up key:

[14:59:53.243] [bmv2] [D] [thread 3252] [13.0] [cxt 0] Table 'tbl_drop': miss
[14:59:53.243] [bmv2] [D] [thread 3252] [13.0] [cxt 0] Action entry is MyIngress.drop - 
[14:59:53.243] [bmv2] [T] [thread 3252] [13.0] [cxt 0] Action MyIngress.drop
[14:59:53.243] [bmv2] [T] [thread 3252] [13.0] [cxt 0] source_routing.p4(113) Primitive mark_to_drop(standard_metadata)
[14:59:53.243] [bmv2] [D] [thread 3252] [13.0] [cxt 0] Pipeline 'ingress': end
[14:59:53.243] [bmv2] [D] [thread 3252] [13.0] [cxt 0] Egress port is 511
[14:59:53.243] [bmv2] [D] [thread 3252] [13.0] [cxt 0] Dropping packet at the end of ingress
[14:59:53.345] [bmv2] [D] [thread 3252] [14.0] [cxt 0] Processing packet received on port 2
[14:59:53.345] [bmv2] [D] [thread 3252] [14.0] [cxt 0] Parser 'parser': start
[14:59:53.345] [bmv2] [D] [thread 3252] [14.0] [cxt 0] Parser 'parser' entering state 'start'
[14:59:53.345] [bmv2] [D] [thread 3252] [14.0] [cxt 0] Extracting header 'ethernet'
[14:59:53.346] [bmv2] [D] [thread 3252] [14.0] [cxt 0] Parser state 'start' has no switch, going to default next state
[14:59:53.346] [bmv2] [T] [thread 3252] [14.0] [cxt 0] Bytes parsed: 14
[14:59:53.346] [bmv2] [D] [thread 3252] [14.0] [cxt 0] Parser 'parser': end
[14:59:53.347] [bmv2] [D] [thread 3252] [14.0] [cxt 0] Pipeline 'ingress': start
[14:59:53.347] [bmv2] [T] [thread 3252] [14.0] [cxt 0] source_routing.p4(134) Condition "hdr.srcRoutes[0].isValid()" (node_2) is false
[14:59:53.347] [bmv2] [T] [thread 3252] [14.0] [cxt 0] Applying table 'tbl_drop'
[14:59:53.347] [bmv2] [D] [thread 3252] [14.0] [cxt 0] Looking up key:

[14:59:53.348] [bmv2] [D] [thread 3252] [14.0] [cxt 0] Table 'tbl_drop': miss
[14:59:53.348] [bmv2] [D] [thread 3252] [14.0] [cxt 0] Action entry is MyIngress.drop - 
[14:59:53.348] [bmv2] [T] [thread 3252] [14.0] [cxt 0] Action MyIngress.drop
[14:59:53.349] [bmv2] [T] [thread 3252] [14.0] [cxt 0] source_routing.p4(113) Primitive mark_to_drop(standard_metadata)
[14:59:53.349] [bmv2] [D] [thread 3252] [14.0] [cxt 0] Pipeline 'ingress': end
[14:59:53.349] [bmv2] [D] [thread 3252] [14.0] [cxt 0] Egress port is 511
[14:59:53.349] [bmv2] [D] [thread 3252] [14.0] [cxt 0] Dropping packet at the end of ingress
[14:59:53.350] [bmv2] [D] [thread 3252] [15.0] [cxt 0] Processing packet received on port 2
[14:59:53.350] [bmv2] [D] [thread 3252] [15.0] [cxt 0] Parser 'parser': start
[14:59:53.350] [bmv2] [D] [thread 3252] [15.0] [cxt 0] Parser 'parser' entering state 'start'
[14:59:53.351] [bmv2] [D] [thread 3252] [15.0] [cxt 0] Extracting header 'ethernet'
[14:59:53.351] [bmv2] [D] [thread 3252] [15.0] [cxt 0] Parser state 'start' has no switch, going to default next state
[14:59:53.351] [bmv2] [T] [thread 3252] [15.0] [cxt 0] Bytes parsed: 14
[14:59:53.351] [bmv2] [D] [thread 3252] [15.0] [cxt 0] Parser 'parser': end
[14:59:53.351] [bmv2] [D] [thread 3252] [15.0] [cxt 0] Pipeline 'ingress': start
[14:59:53.352] [bmv2] [T] [thread 3252] [15.0] [cxt 0] source_routing.p4(134) Condition "hdr.srcRoutes[0].isValid()" (node_2) is false
[14:59:53.352] [bmv2] [T] [thread 3252] [15.0] [cxt 0] Applying table 'tbl_drop'
[14:59:53.352] [bmv2] [D] [thread 3252] [15.0] [cxt 0] Looking up key:

[14:59:53.352] [bmv2] [D] [thread 3252] [15.0] [cxt 0] Table 'tbl_drop': miss
[14:59:53.352] [bmv2] [D] [thread 3252] [15.0] [cxt 0] Action entry is MyIngress.drop - 
[14:59:53.352] [bmv2] [T] [thread 3252] [15.0] [cxt 0] Action MyIngress.drop
[14:59:53.352] [bmv2] [T] [thread 3252] [15.0] [cxt 0] source_routing.p4(113) Primitive mark_to_drop(standard_metadata)
[14:59:53.352] [bmv2] [D] [thread 3252] [15.0] [cxt 0] Pipeline 'ingress': end
[14:59:53.353] [bmv2] [D] [thread 3252] [15.0] [cxt 0] Egress port is 511
[14:59:53.353] [bmv2] [D] [thread 3252] [15.0] [cxt 0] Dropping packet at the end of ingress
[14:59:53.460] [bmv2] [D] [thread 3252] [16.0] [cxt 0] Processing packet received on port 2
[14:59:53.460] [bmv2] [D] [thread 3252] [16.0] [cxt 0] Parser 'parser': start
[14:59:53.460] [bmv2] [D] [thread 3252] [16.0] [cxt 0] Parser 'parser' entering state 'start'
[14:59:53.461] [bmv2] [D] [thread 3252] [16.0] [cxt 0] Extracting header 'ethernet'
[14:59:53.461] [bmv2] [D] [thread 3252] [16.0] [cxt 0] Parser state 'start' has no switch, going to default next state
[14:59:53.462] [bmv2] [T] [thread 3252] [16.0] [cxt 0] Bytes parsed: 14
[14:59:53.462] [bmv2] [D] [thread 3252] [16.0] [cxt 0] Parser 'parser': end
[14:59:53.462] [bmv2] [D] [thread 3252] [16.0] [cxt 0] Pipeline 'ingress': start
[14:59:53.463] [bmv2] [T] [thread 3252] [16.0] [cxt 0] source_routing.p4(134) Condition "hdr.srcRoutes[0].isValid()" (node_2) is false
[14:59:53.463] [bmv2] [T] [thread 3252] [16.0] [cxt 0] Applying table 'tbl_drop'
[14:59:53.463] [bmv2] [D] [thread 3252] [16.0] [cxt 0] Looking up key:

[14:59:53.463] [bmv2] [D] [thread 3252] [16.0] [cxt 0] Table 'tbl_drop': miss
[14:59:53.464] [bmv2] [D] [thread 3252] [16.0] [cxt 0] Action entry is MyIngress.drop - 
[14:59:53.464] [bmv2] [T] [thread 3252] [16.0] [cxt 0] Action MyIngress.drop
[14:59:53.464] [bmv2] [T] [thread 3252] [16.0] [cxt 0] source_routing.p4(113) Primitive mark_to_drop(standard_metadata)
[14:59:53.464] [bmv2] [D] [thread 3252] [16.0] [cxt 0] Pipeline 'ingress': end
[14:59:53.465] [bmv2] [D] [thread 3252] [16.0] [cxt 0] Egress port is 511
[14:59:53.465] [bmv2] [D] [thread 3252] [16.0] [cxt 0] Dropping packet at the end of ingress
[14:59:53.619] [bmv2] [D] [thread 3252] [17.0] [cxt 0] Processing packet received on port 2
[14:59:53.620] [bmv2] [D] [thread 3252] [17.0] [cxt 0] Parser 'parser': start
[14:59:53.620] [bmv2] [D] [thread 3252] [17.0] [cxt 0] Parser 'parser' entering state 'start'
[14:59:53.620] [bmv2] [D] [thread 3252] [17.0] [cxt 0] Extracting header 'ethernet'
[14:59:53.621] [bmv2] [D] [thread 3252] [17.0] [cxt 0] Parser state 'start' has no switch, going to default next state
[14:59:53.621] [bmv2] [T] [thread 3252] [17.0] [cxt 0] Bytes parsed: 14
[14:59:53.621] [bmv2] [D] [thread 3252] [17.0] [cxt 0] Parser 'parser': end
[14:59:53.621] [bmv2] [D] [thread 3252] [17.0] [cxt 0] Pipeline 'ingress': start
[14:59:53.622] [bmv2] [T] [thread 3252] [17.0] [cxt 0] source_routing.p4(134) Condition "hdr.srcRoutes[0].isValid()" (node_2) is false
[14:59:53.622] [bmv2] [T] [thread 3252] [17.0] [cxt 0] Applying table 'tbl_drop'
[14:59:53.622] [bmv2] [D] [thread 3252] [17.0] [cxt 0] Looking up key:

[14:59:53.622] [bmv2] [D] [thread 3252] [17.0] [cxt 0] Table 'tbl_drop': miss
[14:59:53.623] [bmv2] [D] [thread 3252] [17.0] [cxt 0] Action entry is MyIngress.drop - 
[14:59:53.623] [bmv2] [T] [thread 3252] [17.0] [cxt 0] Action MyIngress.drop
[14:59:53.623] [bmv2] [T] [thread 3252] [17.0] [cxt 0] source_routing.p4(113) Primitive mark_to_drop(standard_metadata)
[14:59:53.623] [bmv2] [D] [thread 3252] [17.0] [cxt 0] Pipeline 'ingress': end
[14:59:53.624] [bmv2] [D] [thread 3252] [17.0] [cxt 0] Egress port is 511
[14:59:53.624] [bmv2] [D] [thread 3252] [17.0] [cxt 0] Dropping packet at the end of ingress
[14:59:53.772] [bmv2] [D] [thread 3252] [18.0] [cxt 0] Processing packet received on port 3
[14:59:53.772] [bmv2] [D] [thread 3252] [18.0] [cxt 0] Parser 'parser': start
[14:59:53.773] [bmv2] [D] [thread 3252] [18.0] [cxt 0] Parser 'parser' entering state 'start'
[14:59:53.773] [bmv2] [D] [thread 3252] [18.0] [cxt 0] Extracting header 'ethernet'
[14:59:53.773] [bmv2] [D] [thread 3252] [18.0] [cxt 0] Parser state 'start' has no switch, going to default next state
[14:59:53.774] [bmv2] [T] [thread 3252] [18.0] [cxt 0] Bytes parsed: 14
[14:59:53.774] [bmv2] [D] [thread 3252] [18.0] [cxt 0] Parser 'parser': end
[14:59:53.774] [bmv2] [D] [thread 3252] [18.0] [cxt 0] Pipeline 'ingress': start
[14:59:53.775] [bmv2] [T] [thread 3252] [18.0] [cxt 0] source_routing.p4(134) Condition "hdr.srcRoutes[0].isValid()" (node_2) is false
[14:59:53.775] [bmv2] [T] [thread 3252] [18.0] [cxt 0] Applying table 'tbl_drop'
[14:59:53.775] [bmv2] [D] [thread 3252] [18.0] [cxt 0] Looking up key:

[14:59:53.775] [bmv2] [D] [thread 3252] [18.0] [cxt 0] Table 'tbl_drop': miss
[14:59:53.776] [bmv2] [D] [thread 3252] [18.0] [cxt 0] Action entry is MyIngress.drop - 
[14:59:53.776] [bmv2] [T] [thread 3252] [18.0] [cxt 0] Action MyIngress.drop
[14:59:53.776] [bmv2] [T] [thread 3252] [18.0] [cxt 0] source_routing.p4(113) Primitive mark_to_drop(standard_metadata)
[14:59:53.776] [bmv2] [D] [thread 3252] [18.0] [cxt 0] Pipeline 'ingress': end
[14:59:53.777] [bmv2] [D] [thread 3252] [18.0] [cxt 0] Egress port is 511
[14:59:53.777] [bmv2] [D] [thread 3252] [18.0] [cxt 0] Dropping packet at the end of ingress
New connection
P4Runtime SetForwardingPipelineConfig
[14:59:54.219] [bmv2] [W] [thread 3293] [P4Runtime] p4::tmp::P4DeviceConfig is deprecated
[14:59:54.220] [bmv2] [D] [thread 3293] Set default default entry for table 'tbl_update_ttl': MyIngress.update_ttl - 
[14:59:54.220] [bmv2] [D] [thread 3293] Set default default entry for table 'tbl_drop': MyIngress.drop - 
Connection removed
[14:59:56.636] [bmv2] [D] [thread 3252] [19.0] [cxt 0] Processing packet received on port 3
[14:59:56.636] [bmv2] [D] [thread 3252] [19.0] [cxt 0] Parser 'parser': start
[14:59:56.637] [bmv2] [D] [thread 3252] [19.0] [cxt 0] Parser 'parser' entering state 'start'
[14:59:56.637] [bmv2] [D] [thread 3252] [19.0] [cxt 0] Extracting header 'ethernet'
[14:59:56.637] [bmv2] [D] [thread 3252] [19.0] [cxt 0] Parser state 'start' has no switch, going to default next state
[14:59:56.638] [bmv2] [T] [thread 3252] [19.0] [cxt 0] Bytes parsed: 14
[14:59:56.638] [bmv2] [D] [thread 3252] [19.0] [cxt 0] Parser 'parser': end
[14:59:56.639] [bmv2] [D] [thread 3252] [19.0] [cxt 0] Pipeline 'ingress': start
[14:59:56.639] [bmv2] [T] [thread 3252] [19.0] [cxt 0] source_routing.p4(134) Condition "hdr.srcRoutes[0].isValid()" (node_2) is false
[14:59:56.639] [bmv2] [T] [thread 3252] [19.0] [cxt 0] Applying table 'tbl_drop'
[14:59:56.639] [bmv2] [D] [thread 3252] [19.0] [cxt 0] Looking up key:

[14:59:56.639] [bmv2] [D] [thread 3252] [19.0] [cxt 0] Table 'tbl_drop': miss
[14:59:56.640] [bmv2] [D] [thread 3252] [19.0] [cxt 0] Action entry is MyIngress.drop - 
[14:59:56.640] [bmv2] [T] [thread 3252] [19.0] [cxt 0] Action MyIngress.drop
[14:59:56.640] [bmv2] [T] [thread 3252] [19.0] [cxt 0] source_routing.p4(113) Primitive mark_to_drop(standard_metadata)
[14:59:56.641] [bmv2] [D] [thread 3252] [19.0] [cxt 0] Pipeline 'ingress': end
[14:59:56.641] [bmv2] [D] [thread 3252] [19.0] [cxt 0] Egress port is 511
[14:59:56.641] [bmv2] [D] [thread 3252] [19.0] [cxt 0] Dropping packet at the end of ingress
[14:59:56.775] [bmv2] [D] [thread 3252] [20.0] [cxt 0] Processing packet received on port 2
[14:59:56.775] [bmv2] [D] [thread 3252] [20.0] [cxt 0] Parser 'parser': start
[14:59:56.775] [bmv2] [D] [thread 3252] [20.0] [cxt 0] Parser 'parser' entering state 'start'
[14:59:56.775] [bmv2] [D] [thread 3252] [20.0] [cxt 0] Extracting header 'ethernet'
[14:59:56.775] [bmv2] [D] [thread 3252] [20.0] [cxt 0] Parser state 'start' has no switch, going to default next state
[14:59:56.775] [bmv2] [T] [thread 3252] [20.0] [cxt 0] Bytes parsed: 14
[14:59:56.775] [bmv2] [D] [thread 3252] [20.0] [cxt 0] Parser 'parser': end
[14:59:56.775] [bmv2] [D] [thread 3252] [20.0] [cxt 0] Pipeline 'ingress': start
[14:59:56.776] [bmv2] [T] [thread 3252] [20.0] [cxt 0] source_routing.p4(134) Condition "hdr.srcRoutes[0].isValid()" (node_2) is false
[14:59:56.776] [bmv2] [T] [thread 3252] [20.0] [cxt 0] Applying table 'tbl_drop'
[14:59:56.776] [bmv2] [D] [thread 3252] [20.0] [cxt 0] Looking up key:

[14:59:56.776] [bmv2] [D] [thread 3252] [20.0] [cxt 0] Table 'tbl_drop': miss
[14:59:56.776] [bmv2] [D] [thread 3252] [20.0] [cxt 0] Action entry is MyIngress.drop - 
[14:59:56.776] [bmv2] [T] [thread 3252] [20.0] [cxt 0] Action MyIngress.drop
[14:59:56.776] [bmv2] [T] [thread 3252] [20.0] [cxt 0] source_routing.p4(113) Primitive mark_to_drop(standard_metadata)
[14:59:56.776] [bmv2] [D] [thread 3252] [20.0] [cxt 0] Pipeline 'ingress': end
[14:59:56.777] [bmv2] [D] [thread 3252] [20.0] [cxt 0] Egress port is 511
[14:59:56.777] [bmv2] [D] [thread 3252] [20.0] [cxt 0] Dropping packet at the end of ingress
[14:59:56.927] [bmv2] [D] [thread 3252] [21.0] [cxt 0] Processing packet received on port 1
[14:59:56.927] [bmv2] [D] [thread 3252] [21.0] [cxt 0] Parser 'parser': start
[14:59:56.927] [bmv2] [D] [thread 3252] [21.0] [cxt 0] Parser 'parser' entering state 'start'
[14:59:56.928] [bmv2] [D] [thread 3252] [21.0] [cxt 0] Extracting header 'ethernet'
[14:59:56.928] [bmv2] [D] [thread 3252] [21.0] [cxt 0] Parser state 'start' has no switch, going to default next state
[14:59:56.928] [bmv2] [T] [thread 3252] [21.0] [cxt 0] Bytes parsed: 14
[14:59:56.929] [bmv2] [D] [thread 3252] [21.0] [cxt 0] Parser 'parser': end
[14:59:56.929] [bmv2] [D] [thread 3252] [21.0] [cxt 0] Pipeline 'ingress': start
[14:59:56.929] [bmv2] [T] [thread 3252] [21.0] [cxt 0] source_routing.p4(134) Condition "hdr.srcRoutes[0].isValid()" (node_2) is false
[14:59:56.929] [bmv2] [T] [thread 3252] [21.0] [cxt 0] Applying table 'tbl_drop'
[14:59:56.930] [bmv2] [D] [thread 3252] [21.0] [cxt 0] Looking up key:

[14:59:56.930] [bmv2] [D] [thread 3252] [21.0] [cxt 0] Table 'tbl_drop': miss
[14:59:56.930] [bmv2] [D] [thread 3252] [21.0] [cxt 0] Action entry is MyIngress.drop - 
[14:59:56.930] [bmv2] [T] [thread 3252] [21.0] [cxt 0] Action MyIngress.drop
[14:59:56.931] [bmv2] [T] [thread 3252] [21.0] [cxt 0] source_routing.p4(113) Primitive mark_to_drop(standard_metadata)
[14:59:56.931] [bmv2] [D] [thread 3252] [21.0] [cxt 0] Pipeline 'ingress': end
[14:59:56.931] [bmv2] [D] [thread 3252] [21.0] [cxt 0] Egress port is 511
[14:59:56.932] [bmv2] [D] [thread 3252] [21.0] [cxt 0] Dropping packet at the end of ingress
[14:59:57.003] [bmv2] [D] [thread 3252] [22.0] [cxt 0] Processing packet received on port 3
[14:59:57.004] [bmv2] [D] [thread 3252] [22.0] [cxt 0] Parser 'parser': start
[14:59:57.004] [bmv2] [D] [thread 3252] [22.0] [cxt 0] Parser 'parser' entering state 'start'
[14:59:57.005] [bmv2] [D] [thread 3252] [22.0] [cxt 0] Extracting header 'ethernet'
[14:59:57.005] [bmv2] [D] [thread 3252] [22.0] [cxt 0] Parser state 'start' has no switch, going to default next state
[14:59:57.005] [bmv2] [T] [thread 3252] [22.0] [cxt 0] Bytes parsed: 14
[14:59:57.006] [bmv2] [D] [thread 3252] [22.0] [cxt 0] Parser 'parser': end
[14:59:57.006] [bmv2] [D] [thread 3252] [22.0] [cxt 0] Pipeline 'ingress': start
[14:59:57.006] [bmv2] [T] [thread 3252] [22.0] [cxt 0] source_routing.p4(134) Condition "hdr.srcRoutes[0].isValid()" (node_2) is false
[14:59:57.006] [bmv2] [T] [thread 3252] [22.0] [cxt 0] Applying table 'tbl_drop'
[14:59:57.006] [bmv2] [D] [thread 3252] [22.0] [cxt 0] Looking up key:

[14:59:57.007] [bmv2] [D] [thread 3252] [22.0] [cxt 0] Table 'tbl_drop': miss
[14:59:57.007] [bmv2] [D] [thread 3252] [22.0] [cxt 0] Action entry is MyIngress.drop - 
[14:59:57.007] [bmv2] [T] [thread 3252] [22.0] [cxt 0] Action MyIngress.drop
[14:59:57.007] [bmv2] [T] [thread 3252] [22.0] [cxt 0] source_routing.p4(113) Primitive mark_to_drop(standard_metadata)
[14:59:57.008] [bmv2] [D] [thread 3252] [22.0] [cxt 0] Pipeline 'ingress': end
[14:59:57.008] [bmv2] [D] [thread 3252] [22.0] [cxt 0] Egress port is 511
[14:59:57.008] [bmv2] [D] [thread 3252] [22.0] [cxt 0] Dropping packet at the end of ingress
[14:59:57.355] [bmv2] [D] [thread 3252] [23.0] [cxt 0] Processing packet received on port 2
[14:59:57.358] [bmv2] [D] [thread 3252] [23.0] [cxt 0] Parser 'parser': start
[14:59:57.359] [bmv2] [D] [thread 3252] [23.0] [cxt 0] Parser 'parser' entering state 'start'
[14:59:57.359] [bmv2] [D] [thread 3252] [23.0] [cxt 0] Extracting header 'ethernet'
[14:59:57.359] [bmv2] [D] [thread 3252] [23.0] [cxt 0] Parser state 'start' has no switch, going to default next state
[14:59:57.360] [bmv2] [T] [thread 3252] [23.0] [cxt 0] Bytes parsed: 14
[14:59:57.360] [bmv2] [D] [thread 3252] [23.0] [cxt 0] Parser 'parser': end
[14:59:57.360] [bmv2] [D] [thread 3252] [23.0] [cxt 0] Pipeline 'ingress': start
[14:59:57.361] [bmv2] [T] [thread 3252] [23.0] [cxt 0] source_routing.p4(134) Condition "hdr.srcRoutes[0].isValid()" (node_2) is false
[14:59:57.361] [bmv2] [T] [thread 3252] [23.0] [cxt 0] Applying table 'tbl_drop'
[14:59:57.361] [bmv2] [D] [thread 3252] [23.0] [cxt 0] Looking up key:

[14:59:57.362] [bmv2] [D] [thread 3252] [23.0] [cxt 0] Table 'tbl_drop': miss
[14:59:57.362] [bmv2] [D] [thread 3252] [23.0] [cxt 0] Action entry is MyIngress.drop - 
[14:59:57.362] [bmv2] [T] [thread 3252] [23.0] [cxt 0] Action MyIngress.drop
[14:59:57.363] [bmv2] [T] [thread 3252] [23.0] [cxt 0] source_routing.p4(113) Primitive mark_to_drop(standard_metadata)
[14:59:57.363] [bmv2] [D] [thread 3252] [23.0] [cxt 0] Pipeline 'ingress': end
[14:59:57.363] [bmv2] [D] [thread 3252] [23.0] [cxt 0] Egress port is 511
[14:59:57.364] [bmv2] [D] [thread 3252] [23.0] [cxt 0] Dropping packet at the end of ingress
[15:00:00.644] [bmv2] [D] [thread 3252] [24.0] [cxt 0] Processing packet received on port 3
[15:00:00.644] [bmv2] [D] [thread 3252] [24.0] [cxt 0] Parser 'parser': start
[15:00:00.644] [bmv2] [D] [thread 3252] [24.0] [cxt 0] Parser 'parser' entering state 'start'
[15:00:00.644] [bmv2] [D] [thread 3252] [24.0] [cxt 0] Extracting header 'ethernet'
[15:00:00.645] [bmv2] [D] [thread 3252] [24.0] [cxt 0] Parser state 'start' has no switch, going to default next state
[15:00:00.645] [bmv2] [T] [thread 3252] [24.0] [cxt 0] Bytes parsed: 14
[15:00:00.645] [bmv2] [D] [thread 3252] [24.0] [cxt 0] Parser 'parser': end
[15:00:00.645] [bmv2] [D] [thread 3252] [24.0] [cxt 0] Pipeline 'ingress': start
[15:00:00.646] [bmv2] [T] [thread 3252] [24.0] [cxt 0] source_routing.p4(134) Condition "hdr.srcRoutes[0].isValid()" (node_2) is false
[15:00:00.646] [bmv2] [T] [thread 3252] [24.0] [cxt 0] Applying table 'tbl_drop'
[15:00:00.646] [bmv2] [D] [thread 3252] [24.0] [cxt 0] Looking up key:

[15:00:00.646] [bmv2] [D] [thread 3252] [24.0] [cxt 0] Table 'tbl_drop': miss
[15:00:00.646] [bmv2] [D] [thread 3252] [24.0] [cxt 0] Action entry is MyIngress.drop - 
[15:00:00.647] [bmv2] [T] [thread 3252] [24.0] [cxt 0] Action MyIngress.drop
[15:00:00.647] [bmv2] [T] [thread 3252] [24.0] [cxt 0] source_routing.p4(113) Primitive mark_to_drop(standard_metadata)
[15:00:00.647] [bmv2] [D] [thread 3252] [24.0] [cxt 0] Pipeline 'ingress': end
[15:00:00.647] [bmv2] [D] [thread 3252] [24.0] [cxt 0] Egress port is 511
[15:00:00.648] [bmv2] [D] [thread 3252] [24.0] [cxt 0] Dropping packet at the end of ingress
[15:00:00.779] [bmv2] [D] [thread 3252] [25.0] [cxt 0] Processing packet received on port 2
[15:00:00.780] [bmv2] [D] [thread 3252] [25.0] [cxt 0] Parser 'parser': start
[15:00:00.780] [bmv2] [D] [thread 3252] [25.0] [cxt 0] Parser 'parser' entering state 'start'
[15:00:00.780] [bmv2] [D] [thread 3252] [25.0] [cxt 0] Extracting header 'ethernet'
[15:00:00.780] [bmv2] [D] [thread 3252] [25.0] [cxt 0] Parser state 'start' has no switch, going to default next state
[15:00:00.780] [bmv2] [T] [thread 3252] [25.0] [cxt 0] Bytes parsed: 14
[15:00:00.781] [bmv2] [D] [thread 3252] [25.0] [cxt 0] Parser 'parser': end
[15:00:00.781] [bmv2] [D] [thread 3252] [25.0] [cxt 0] Pipeline 'ingress': start
[15:00:00.781] [bmv2] [T] [thread 3252] [25.0] [cxt 0] source_routing.p4(134) Condition "hdr.srcRoutes[0].isValid()" (node_2) is false
[15:00:00.782] [bmv2] [T] [thread 3252] [25.0] [cxt 0] Applying table 'tbl_drop'
[15:00:00.782] [bmv2] [D] [thread 3252] [25.0] [cxt 0] Looking up key:

[15:00:00.782] [bmv2] [D] [thread 3252] [25.0] [cxt 0] Table 'tbl_drop': miss
[15:00:00.782] [bmv2] [D] [thread 3252] [25.0] [cxt 0] Action entry is MyIngress.drop - 
[15:00:00.782] [bmv2] [T] [thread 3252] [25.0] [cxt 0] Action MyIngress.drop
[15:00:00.783] [bmv2] [T] [thread 3252] [25.0] [cxt 0] source_routing.p4(113) Primitive mark_to_drop(standard_metadata)
[15:00:00.783] [bmv2] [D] [thread 3252] [25.0] [cxt 0] Pipeline 'ingress': end
[15:00:00.783] [bmv2] [D] [thread 3252] [25.0] [cxt 0] Egress port is 511
[15:00:00.783] [bmv2] [D] [thread 3252] [25.0] [cxt 0] Dropping packet at the end of ingress
[15:00:00.937] [bmv2] [D] [thread 3252] [26.0] [cxt 0] Processing packet received on port 1
[15:00:00.937] [bmv2] [D] [thread 3252] [26.0] [cxt 0] Parser 'parser': start
[15:00:00.937] [bmv2] [D] [thread 3252] [26.0] [cxt 0] Parser 'parser' entering state 'start'
[15:00:00.938] [bmv2] [D] [thread 3252] [26.0] [cxt 0] Extracting header 'ethernet'
[15:00:00.938] [bmv2] [D] [thread 3252] [26.0] [cxt 0] Parser state 'start' has no switch, going to default next state
[15:00:00.938] [bmv2] [T] [thread 3252] [26.0] [cxt 0] Bytes parsed: 14
[15:00:00.939] [bmv2] [D] [thread 3252] [26.0] [cxt 0] Parser 'parser': end
[15:00:00.939] [bmv2] [D] [thread 3252] [26.0] [cxt 0] Pipeline 'ingress': start
[15:00:00.939] [bmv2] [T] [thread 3252] [26.0] [cxt 0] source_routing.p4(134) Condition "hdr.srcRoutes[0].isValid()" (node_2) is false
[15:00:00.940] [bmv2] [T] [thread 3252] [26.0] [cxt 0] Applying table 'tbl_drop'
[15:00:00.940] [bmv2] [D] [thread 3252] [26.0] [cxt 0] Looking up key:

[15:00:00.940] [bmv2] [D] [thread 3252] [26.0] [cxt 0] Table 'tbl_drop': miss
[15:00:00.941] [bmv2] [D] [thread 3252] [26.0] [cxt 0] Action entry is MyIngress.drop - 
[15:00:00.941] [bmv2] [T] [thread 3252] [26.0] [cxt 0] Action MyIngress.drop
[15:00:00.941] [bmv2] [T] [thread 3252] [26.0] [cxt 0] source_routing.p4(113) Primitive mark_to_drop(standard_metadata)
[15:00:00.942] [bmv2] [D] [thread 3252] [26.0] [cxt 0] Pipeline 'ingress': end
[15:00:00.942] [bmv2] [D] [thread 3252] [26.0] [cxt 0] Egress port is 511
[15:00:00.942] [bmv2] [D] [thread 3252] [26.0] [cxt 0] Dropping packet at the end of ingress
[15:00:01.011] [bmv2] [D] [thread 3252] [27.0] [cxt 0] Processing packet received on port 3
[15:00:01.012] [bmv2] [D] [thread 3252] [27.0] [cxt 0] Parser 'parser': start
[15:00:01.012] [bmv2] [D] [thread 3252] [27.0] [cxt 0] Parser 'parser' entering state 'start'
[15:00:01.012] [bmv2] [D] [thread 3252] [27.0] [cxt 0] Extracting header 'ethernet'
[15:00:01.013] [bmv2] [D] [thread 3252] [27.0] [cxt 0] Parser state 'start' has no switch, going to default next state
[15:00:01.013] [bmv2] [T] [thread 3252] [27.0] [cxt 0] Bytes parsed: 14
[15:00:01.013] [bmv2] [D] [thread 3252] [27.0] [cxt 0] Parser 'parser': end
[15:00:01.014] [bmv2] [D] [thread 3252] [27.0] [cxt 0] Pipeline 'ingress': start
[15:00:01.014] [bmv2] [T] [thread 3252] [27.0] [cxt 0] source_routing.p4(134) Condition "hdr.srcRoutes[0].isValid()" (node_2) is false
[15:00:01.014] [bmv2] [T] [thread 3252] [27.0] [cxt 0] Applying table 'tbl_drop'
[15:00:01.015] [bmv2] [D] [thread 3252] [27.0] [cxt 0] Looking up key:

[15:00:01.015] [bmv2] [D] [thread 3252] [27.0] [cxt 0] Table 'tbl_drop': miss
[15:00:01.015] [bmv2] [D] [thread 3252] [27.0] [cxt 0] Action entry is MyIngress.drop - 
[15:00:01.016] [bmv2] [T] [thread 3252] [27.0] [cxt 0] Action MyIngress.drop
[15:00:01.016] [bmv2] [T] [thread 3252] [27.0] [cxt 0] source_routing.p4(113) Primitive mark_to_drop(standard_metadata)
[15:00:01.016] [bmv2] [D] [thread 3252] [27.0] [cxt 0] Pipeline 'ingress': end
[15:00:01.017] [bmv2] [D] [thread 3252] [27.0] [cxt 0] Egress port is 511
[15:00:01.017] [bmv2] [D] [thread 3252] [27.0] [cxt 0] Dropping packet at the end of ingress
[15:00:01.364] [bmv2] [D] [thread 3252] [28.0] [cxt 0] Processing packet received on port 2
[15:00:01.364] [bmv2] [D] [thread 3252] [28.0] [cxt 0] Parser 'parser': start
[15:00:01.364] [bmv2] [D] [thread 3252] [28.0] [cxt 0] Parser 'parser' entering state 'start'
[15:00:01.365] [bmv2] [D] [thread 3252] [28.0] [cxt 0] Extracting header 'ethernet'
[15:00:01.365] [bmv2] [D] [thread 3252] [28.0] [cxt 0] Parser state 'start' has no switch, going to default next state
[15:00:01.365] [bmv2] [T] [thread 3252] [28.0] [cxt 0] Bytes parsed: 14
[15:00:01.365] [bmv2] [D] [thread 3252] [28.0] [cxt 0] Parser 'parser': end
[15:00:01.366] [bmv2] [D] [thread 3252] [28.0] [cxt 0] Pipeline 'ingress': start
[15:00:01.366] [bmv2] [T] [thread 3252] [28.0] [cxt 0] source_routing.p4(134) Condition "hdr.srcRoutes[0].isValid()" (node_2) is false
[15:00:01.366] [bmv2] [T] [thread 3252] [28.0] [cxt 0] Applying table 'tbl_drop'
[15:00:01.366] [bmv2] [D] [thread 3252] [28.0] [cxt 0] Looking up key:

[15:00:01.367] [bmv2] [D] [thread 3252] [28.0] [cxt 0] Table 'tbl_drop': miss
[15:00:01.367] [bmv2] [D] [thread 3252] [28.0] [cxt 0] Action entry is MyIngress.drop - 
[15:00:01.367] [bmv2] [T] [thread 3252] [28.0] [cxt 0] Action MyIngress.drop
[15:00:01.367] [bmv2] [T] [thread 3252] [28.0] [cxt 0] source_routing.p4(113) Primitive mark_to_drop(standard_metadata)
[15:00:01.368] [bmv2] [D] [thread 3252] [28.0] [cxt 0] Pipeline 'ingress': end
[15:00:01.368] [bmv2] [D] [thread 3252] [28.0] [cxt 0] Egress port is 511
[15:00:01.368] [bmv2] [D] [thread 3252] [28.0] [cxt 0] Dropping packet at the end of ingress
open: No such file or directory
open: No such file or directory
open: No such file or directory
