Calling target program-options parser
[14:59:52.628] [bmv2] [D] [thread 3260] Set default default entry for table 'tbl_update_ttl': MyIngress.update_ttl - 
[14:59:52.628] [bmv2] [D] [thread 3260] Set default default entry for table 'tbl_drop': MyIngress.drop - 
Adding interface s3-eth1 as port 1
[14:59:52.628] [bmv2] [D] [thread 3260] Adding interface s3-eth1 as port 1
Adding interface s3-eth2 as port 2
[14:59:52.657] [bmv2] [D] [thread 3260] Adding interface s3-eth2 as port 2
Adding interface s3-eth3 as port 3
[14:59:52.681] [bmv2] [D] [thread 3260] Adding interface s3-eth3 as port 3
I1125 14:59:52.705233534    3260 server_builder.cc:247]      Synchronous server. Num CQs: 1, Min pollers: 1, Max Pollers: 2147483647, CQ timeout (msec): 1000
Server listening on 0.0.0.0:50053
[14:59:52.713] [bmv2] [I] [thread 3260] Starting Thrift server on port 9092
[14:59:52.713] [bmv2] [I] [thread 3260] Thrift server was started
[14:59:52.801] [bmv2] [D] [thread 3267] [0.0] [cxt 0] Processing packet received on port 2
[14:59:52.802] [bmv2] [D] [thread 3267] [0.0] [cxt 0] Parser 'parser': start
[14:59:52.802] [bmv2] [D] [thread 3267] [0.0] [cxt 0] Parser 'parser' entering state 'start'
[14:59:52.809] [bmv2] [D] [thread 3267] [0.0] [cxt 0] Extracting header 'ethernet'
[14:59:52.809] [bmv2] [D] [thread 3267] [0.0] [cxt 0] Parser state 'start' has no switch, going to default next state
[14:59:52.810] [bmv2] [T] [thread 3267] [0.0] [cxt 0] Bytes parsed: 14
[14:59:52.810] [bmv2] [D] [thread 3267] [0.0] [cxt 0] Parser 'parser': end
[14:59:52.810] [bmv2] [D] [thread 3267] [0.0] [cxt 0] Pipeline 'ingress': start
[14:59:52.810] [bmv2] [T] [thread 3267] [0.0] [cxt 0] source_routing.p4(134) Condition "hdr.srcRoutes[0].isValid()" (node_2) is false
[14:59:52.810] [bmv2] [T] [thread 3267] [0.0] [cxt 0] Applying table 'tbl_drop'
[14:59:52.811] [bmv2] [D] [thread 3267] [0.0] [cxt 0] Looking up key:

[14:59:52.811] [bmv2] [D] [thread 3267] [0.0] [cxt 0] Table 'tbl_drop': miss
[14:59:52.811] [bmv2] [D] [thread 3267] [0.0] [cxt 0] Action entry is MyIngress.drop - 
[14:59:52.811] [bmv2] [T] [thread 3267] [0.0] [cxt 0] Action MyIngress.drop
[14:59:52.812] [bmv2] [T] [thread 3267] [0.0] [cxt 0] source_routing.p4(113) Primitive mark_to_drop(standard_metadata)
[14:59:52.812] [bmv2] [D] [thread 3267] [0.0] [cxt 0] Pipeline 'ingress': end
[14:59:52.812] [bmv2] [D] [thread 3267] [0.0] [cxt 0] Egress port is 511
[14:59:52.812] [bmv2] [D] [thread 3267] [0.0] [cxt 0] Dropping packet at the end of ingress
[14:59:52.813] [bmv2] [D] [thread 3267] [1.0] [cxt 0] Processing packet received on port 2
[14:59:52.813] [bmv2] [D] [thread 3267] [1.0] [cxt 0] Parser 'parser': start
[14:59:52.813] [bmv2] [D] [thread 3267] [1.0] [cxt 0] Parser 'parser' entering state 'start'
[14:59:52.813] [bmv2] [D] [thread 3267] [1.0] [cxt 0] Extracting header 'ethernet'
[14:59:52.813] [bmv2] [D] [thread 3267] [1.0] [cxt 0] Parser state 'start' has no switch, going to default next state
[14:59:52.813] [bmv2] [T] [thread 3267] [1.0] [cxt 0] Bytes parsed: 14
[14:59:52.813] [bmv2] [D] [thread 3267] [1.0] [cxt 0] Parser 'parser': end
[14:59:52.814] [bmv2] [D] [thread 3267] [1.0] [cxt 0] Pipeline 'ingress': start
[14:59:52.814] [bmv2] [T] [thread 3267] [1.0] [cxt 0] source_routing.p4(134) Condition "hdr.srcRoutes[0].isValid()" (node_2) is false
[14:59:52.814] [bmv2] [T] [thread 3267] [1.0] [cxt 0] Applying table 'tbl_drop'
[14:59:52.814] [bmv2] [D] [thread 3267] [1.0] [cxt 0] Looking up key:

[14:59:52.814] [bmv2] [D] [thread 3267] [1.0] [cxt 0] Table 'tbl_drop': miss
[14:59:52.814] [bmv2] [D] [thread 3267] [1.0] [cxt 0] Action entry is MyIngress.drop - 
[14:59:52.815] [bmv2] [T] [thread 3267] [1.0] [cxt 0] Action MyIngress.drop
[14:59:52.815] [bmv2] [T] [thread 3267] [1.0] [cxt 0] source_routing.p4(113) Primitive mark_to_drop(standard_metadata)
[14:59:52.815] [bmv2] [D] [thread 3267] [1.0] [cxt 0] Pipeline 'ingress': end
[14:59:52.815] [bmv2] [D] [thread 3267] [1.0] [cxt 0] Egress port is 511
[14:59:52.815] [bmv2] [D] [thread 3267] [1.0] [cxt 0] Dropping packet at the end of ingress
[14:59:52.893] [bmv2] [D] [thread 3267] [2.0] [cxt 0] Processing packet received on port 1
[14:59:52.893] [bmv2] [D] [thread 3267] [2.0] [cxt 0] Parser 'parser': start
[14:59:52.894] [bmv2] [D] [thread 3267] [2.0] [cxt 0] Parser 'parser' entering state 'start'
[14:59:52.894] [bmv2] [D] [thread 3267] [2.0] [cxt 0] Extracting header 'ethernet'
[14:59:52.895] [bmv2] [D] [thread 3267] [2.0] [cxt 0] Parser state 'start' has no switch, going to default next state
[14:59:52.895] [bmv2] [T] [thread 3267] [2.0] [cxt 0] Bytes parsed: 14
[14:59:52.895] [bmv2] [D] [thread 3267] [2.0] [cxt 0] Parser 'parser': end
[14:59:52.896] [bmv2] [D] [thread 3267] [2.0] [cxt 0] Pipeline 'ingress': start
[14:59:52.896] [bmv2] [T] [thread 3267] [2.0] [cxt 0] source_routing.p4(134) Condition "hdr.srcRoutes[0].isValid()" (node_2) is false
[14:59:52.896] [bmv2] [T] [thread 3267] [2.0] [cxt 0] Applying table 'tbl_drop'
[14:59:52.897] [bmv2] [D] [thread 3267] [2.0] [cxt 0] Looking up key:

[14:59:52.897] [bmv2] [D] [thread 3267] [2.0] [cxt 0] Table 'tbl_drop': miss
[14:59:52.897] [bmv2] [D] [thread 3267] [2.0] [cxt 0] Action entry is MyIngress.drop - 
[14:59:52.898] [bmv2] [T] [thread 3267] [2.0] [cxt 0] Action MyIngress.drop
[14:59:52.898] [bmv2] [T] [thread 3267] [2.0] [cxt 0] source_routing.p4(113) Primitive mark_to_drop(standard_metadata)
[14:59:52.898] [bmv2] [D] [thread 3267] [2.0] [cxt 0] Pipeline 'ingress': end
[14:59:52.898] [bmv2] [D] [thread 3267] [2.0] [cxt 0] Egress port is 511
[14:59:52.899] [bmv2] [D] [thread 3267] [2.0] [cxt 0] Dropping packet at the end of ingress
[14:59:52.899] [bmv2] [D] [thread 3267] [3.0] [cxt 0] Processing packet received on port 1
[14:59:52.899] [bmv2] [D] [thread 3267] [3.0] [cxt 0] Parser 'parser': start
[14:59:52.900] [bmv2] [D] [thread 3267] [3.0] [cxt 0] Parser 'parser' entering state 'start'
[14:59:52.900] [bmv2] [D] [thread 3267] [3.0] [cxt 0] Extracting header 'ethernet'
[14:59:52.900] [bmv2] [D] [thread 3267] [3.0] [cxt 0] Parser state 'start' has no switch, going to default next state
[14:59:52.900] [bmv2] [T] [thread 3267] [3.0] [cxt 0] Bytes parsed: 14
[14:59:52.901] [bmv2] [D] [thread 3267] [3.0] [cxt 0] Parser 'parser': end
[14:59:52.901] [bmv2] [D] [thread 3267] [3.0] [cxt 0] Pipeline 'ingress': start
[14:59:52.901] [bmv2] [T] [thread 3267] [3.0] [cxt 0] source_routing.p4(134) Condition "hdr.srcRoutes[0].isValid()" (node_2) is false
[14:59:52.901] [bmv2] [T] [thread 3267] [3.0] [cxt 0] Applying table 'tbl_drop'
[14:59:52.902] [bmv2] [D] [thread 3267] [3.0] [cxt 0] Looking up key:

[14:59:52.902] [bmv2] [D] [thread 3267] [3.0] [cxt 0] Table 'tbl_drop': miss
[14:59:52.902] [bmv2] [D] [thread 3267] [3.0] [cxt 0] Action entry is MyIngress.drop - 
[14:59:52.902] [bmv2] [T] [thread 3267] [3.0] [cxt 0] Action MyIngress.drop
[14:59:52.903] [bmv2] [T] [thread 3267] [3.0] [cxt 0] source_routing.p4(113) Primitive mark_to_drop(standard_metadata)
[14:59:52.903] [bmv2] [D] [thread 3267] [3.0] [cxt 0] Pipeline 'ingress': end
[14:59:52.903] [bmv2] [D] [thread 3267] [3.0] [cxt 0] Egress port is 511
[14:59:52.903] [bmv2] [D] [thread 3267] [3.0] [cxt 0] Dropping packet at the end of ingress
[14:59:52.923] [bmv2] [D] [thread 3267] [4.0] [cxt 0] Processing packet received on port 1
[14:59:52.923] [bmv2] [D] [thread 3267] [4.0] [cxt 0] Parser 'parser': start
[14:59:52.923] [bmv2] [D] [thread 3267] [4.0] [cxt 0] Parser 'parser' entering state 'start'
[14:59:52.924] [bmv2] [D] [thread 3267] [4.0] [cxt 0] Extracting header 'ethernet'
[14:59:52.924] [bmv2] [D] [thread 3267] [4.0] [cxt 0] Parser state 'start' has no switch, going to default next state
[14:59:52.924] [bmv2] [T] [thread 3267] [4.0] [cxt 0] Bytes parsed: 14
[14:59:52.925] [bmv2] [D] [thread 3267] [4.0] [cxt 0] Parser 'parser': end
[14:59:52.925] [bmv2] [D] [thread 3267] [4.0] [cxt 0] Pipeline 'ingress': start
[14:59:52.925] [bmv2] [T] [thread 3267] [4.0] [cxt 0] source_routing.p4(134) Condition "hdr.srcRoutes[0].isValid()" (node_2) is false
[14:59:52.925] [bmv2] [T] [thread 3267] [4.0] [cxt 0] Applying table 'tbl_drop'
[14:59:52.926] [bmv2] [D] [thread 3267] [4.0] [cxt 0] Looking up key:

[14:59:52.926] [bmv2] [D] [thread 3267] [4.0] [cxt 0] Table 'tbl_drop': miss
[14:59:52.926] [bmv2] [D] [thread 3267] [4.0] [cxt 0] Action entry is MyIngress.drop - 
[14:59:52.926] [bmv2] [T] [thread 3267] [4.0] [cxt 0] Action MyIngress.drop
[14:59:52.927] [bmv2] [T] [thread 3267] [4.0] [cxt 0] source_routing.p4(113) Primitive mark_to_drop(standard_metadata)
[14:59:52.927] [bmv2] [D] [thread 3267] [4.0] [cxt 0] Pipeline 'ingress': end
[14:59:52.927] [bmv2] [D] [thread 3267] [4.0] [cxt 0] Egress port is 511
[14:59:52.927] [bmv2] [D] [thread 3267] [4.0] [cxt 0] Dropping packet at the end of ingress
[14:59:53.001] [bmv2] [D] [thread 3267] [5.0] [cxt 0] Processing packet received on port 3
[14:59:53.001] [bmv2] [D] [thread 3267] [5.0] [cxt 0] Parser 'parser': start
[14:59:53.001] [bmv2] [D] [thread 3267] [5.0] [cxt 0] Parser 'parser' entering state 'start'
[14:59:53.002] [bmv2] [D] [thread 3267] [5.0] [cxt 0] Extracting header 'ethernet'
[14:59:53.002] [bmv2] [D] [thread 3267] [5.0] [cxt 0] Parser state 'start' has no switch, going to default next state
[14:59:53.002] [bmv2] [T] [thread 3267] [5.0] [cxt 0] Bytes parsed: 14
[14:59:53.002] [bmv2] [D] [thread 3267] [5.0] [cxt 0] Parser 'parser': end
[14:59:53.002] [bmv2] [D] [thread 3267] [5.0] [cxt 0] Pipeline 'ingress': start
[14:59:53.002] [bmv2] [T] [thread 3267] [5.0] [cxt 0] source_routing.p4(134) Condition "hdr.srcRoutes[0].isValid()" (node_2) is false
[14:59:53.003] [bmv2] [T] [thread 3267] [5.0] [cxt 0] Applying table 'tbl_drop'
[14:59:53.003] [bmv2] [D] [thread 3267] [5.0] [cxt 0] Looking up key:

[14:59:53.003] [bmv2] [D] [thread 3267] [5.0] [cxt 0] Table 'tbl_drop': miss
[14:59:53.003] [bmv2] [D] [thread 3267] [5.0] [cxt 0] Action entry is MyIngress.drop - 
[14:59:53.003] [bmv2] [T] [thread 3267] [5.0] [cxt 0] Action MyIngress.drop
[14:59:53.003] [bmv2] [T] [thread 3267] [5.0] [cxt 0] source_routing.p4(113) Primitive mark_to_drop(standard_metadata)
[14:59:53.004] [bmv2] [D] [thread 3267] [5.0] [cxt 0] Pipeline 'ingress': end
[14:59:53.004] [bmv2] [D] [thread 3267] [5.0] [cxt 0] Egress port is 511
[14:59:53.004] [bmv2] [D] [thread 3267] [5.0] [cxt 0] Dropping packet at the end of ingress
[14:59:53.004] [bmv2] [D] [thread 3267] [6.0] [cxt 0] Processing packet received on port 3
[14:59:53.004] [bmv2] [D] [thread 3267] [6.0] [cxt 0] Parser 'parser': start
[14:59:53.004] [bmv2] [D] [thread 3267] [6.0] [cxt 0] Parser 'parser' entering state 'start'
[14:59:53.004] [bmv2] [D] [thread 3267] [6.0] [cxt 0] Extracting header 'ethernet'
[14:59:53.005] [bmv2] [D] [thread 3267] [6.0] [cxt 0] Parser state 'start' has no switch, going to default next state
[14:59:53.005] [bmv2] [T] [thread 3267] [6.0] [cxt 0] Bytes parsed: 14
[14:59:53.005] [bmv2] [D] [thread 3267] [6.0] [cxt 0] Parser 'parser': end
[14:59:53.005] [bmv2] [D] [thread 3267] [6.0] [cxt 0] Pipeline 'ingress': start
[14:59:53.005] [bmv2] [T] [thread 3267] [6.0] [cxt 0] source_routing.p4(134) Condition "hdr.srcRoutes[0].isValid()" (node_2) is false
[14:59:53.005] [bmv2] [T] [thread 3267] [6.0] [cxt 0] Applying table 'tbl_drop'
[14:59:53.006] [bmv2] [D] [thread 3267] [6.0] [cxt 0] Looking up key:

[14:59:53.006] [bmv2] [D] [thread 3267] [6.0] [cxt 0] Table 'tbl_drop': miss
[14:59:53.006] [bmv2] [D] [thread 3267] [6.0] [cxt 0] Action entry is MyIngress.drop - 
[14:59:53.006] [bmv2] [T] [thread 3267] [6.0] [cxt 0] Action MyIngress.drop
[14:59:53.006] [bmv2] [T] [thread 3267] [6.0] [cxt 0] source_routing.p4(113) Primitive mark_to_drop(standard_metadata)
[14:59:53.006] [bmv2] [D] [thread 3267] [6.0] [cxt 0] Pipeline 'ingress': end
[14:59:53.007] [bmv2] [D] [thread 3267] [6.0] [cxt 0] Egress port is 511
[14:59:53.007] [bmv2] [D] [thread 3267] [6.0] [cxt 0] Dropping packet at the end of ingress
[14:59:53.193] [bmv2] [D] [thread 3267] [7.0] [cxt 0] Processing packet received on port 2
[14:59:53.193] [bmv2] [D] [thread 3267] [7.0] [cxt 0] Parser 'parser': start
[14:59:53.194] [bmv2] [D] [thread 3267] [7.0] [cxt 0] Parser 'parser' entering state 'start'
[14:59:53.194] [bmv2] [D] [thread 3267] [7.0] [cxt 0] Extracting header 'ethernet'
[14:59:53.195] [bmv2] [D] [thread 3267] [7.0] [cxt 0] Parser state 'start' has no switch, going to default next state
[14:59:53.195] [bmv2] [T] [thread 3267] [7.0] [cxt 0] Bytes parsed: 14
[14:59:53.195] [bmv2] [D] [thread 3267] [7.0] [cxt 0] Parser 'parser': end
[14:59:53.195] [bmv2] [D] [thread 3267] [7.0] [cxt 0] Pipeline 'ingress': start
[14:59:53.196] [bmv2] [T] [thread 3267] [7.0] [cxt 0] source_routing.p4(134) Condition "hdr.srcRoutes[0].isValid()" (node_2) is false
[14:59:53.196] [bmv2] [T] [thread 3267] [7.0] [cxt 0] Applying table 'tbl_drop'
[14:59:53.196] [bmv2] [D] [thread 3267] [7.0] [cxt 0] Looking up key:

[14:59:53.196] [bmv2] [D] [thread 3267] [7.0] [cxt 0] Table 'tbl_drop': miss
[14:59:53.196] [bmv2] [D] [thread 3267] [7.0] [cxt 0] Action entry is MyIngress.drop - 
[14:59:53.197] [bmv2] [T] [thread 3267] [7.0] [cxt 0] Action MyIngress.drop
[14:59:53.197] [bmv2] [T] [thread 3267] [7.0] [cxt 0] source_routing.p4(113) Primitive mark_to_drop(standard_metadata)
[14:59:53.197] [bmv2] [D] [thread 3267] [7.0] [cxt 0] Pipeline 'ingress': end
[14:59:53.197] [bmv2] [D] [thread 3267] [7.0] [cxt 0] Egress port is 511
[14:59:53.197] [bmv2] [D] [thread 3267] [7.0] [cxt 0] Dropping packet at the end of ingress
[14:59:53.197] [bmv2] [D] [thread 3267] [8.0] [cxt 0] Processing packet received on port 2
[14:59:53.198] [bmv2] [D] [thread 3267] [8.0] [cxt 0] Parser 'parser': start
[14:59:53.198] [bmv2] [D] [thread 3267] [8.0] [cxt 0] Parser 'parser' entering state 'start'
[14:59:53.198] [bmv2] [D] [thread 3267] [8.0] [cxt 0] Extracting header 'ethernet'
[14:59:53.198] [bmv2] [D] [thread 3267] [8.0] [cxt 0] Parser state 'start' has no switch, going to default next state
[14:59:53.198] [bmv2] [T] [thread 3267] [8.0] [cxt 0] Bytes parsed: 14
[14:59:53.199] [bmv2] [D] [thread 3267] [8.0] [cxt 0] Parser 'parser': end
[14:59:53.199] [bmv2] [D] [thread 3267] [8.0] [cxt 0] Pipeline 'ingress': start
[14:59:53.200] [bmv2] [T] [thread 3267] [8.0] [cxt 0] source_routing.p4(134) Condition "hdr.srcRoutes[0].isValid()" (node_2) is false
[14:59:53.200] [bmv2] [T] [thread 3267] [8.0] [cxt 0] Applying table 'tbl_drop'
[14:59:53.200] [bmv2] [D] [thread 3267] [8.0] [cxt 0] Looking up key:

[14:59:53.200] [bmv2] [D] [thread 3267] [8.0] [cxt 0] Table 'tbl_drop': miss
[14:59:53.200] [bmv2] [D] [thread 3267] [8.0] [cxt 0] Action entry is MyIngress.drop - 
[14:59:53.200] [bmv2] [T] [thread 3267] [8.0] [cxt 0] Action MyIngress.drop
[14:59:53.200] [bmv2] [T] [thread 3267] [8.0] [cxt 0] source_routing.p4(113) Primitive mark_to_drop(standard_metadata)
[14:59:53.201] [bmv2] [D] [thread 3267] [8.0] [cxt 0] Pipeline 'ingress': end
[14:59:53.201] [bmv2] [D] [thread 3267] [8.0] [cxt 0] Egress port is 511
[14:59:53.201] [bmv2] [D] [thread 3267] [8.0] [cxt 0] Dropping packet at the end of ingress
[14:59:53.239] [bmv2] [D] [thread 3267] [9.0] [cxt 0] Processing packet received on port 3
[14:59:53.240] [bmv2] [D] [thread 3267] [9.0] [cxt 0] Parser 'parser': start
[14:59:53.240] [bmv2] [D] [thread 3267] [9.0] [cxt 0] Parser 'parser' entering state 'start'
[14:59:53.241] [bmv2] [D] [thread 3267] [9.0] [cxt 0] Extracting header 'ethernet'
[14:59:53.241] [bmv2] [D] [thread 3267] [9.0] [cxt 0] Parser state 'start' has no switch, going to default next state
[14:59:53.242] [bmv2] [T] [thread 3267] [9.0] [cxt 0] Bytes parsed: 14
[14:59:53.242] [bmv2] [D] [thread 3267] [9.0] [cxt 0] Parser 'parser': end
[14:59:53.242] [bmv2] [D] [thread 3267] [9.0] [cxt 0] Pipeline 'ingress': start
[14:59:53.244] [bmv2] [T] [thread 3267] [9.0] [cxt 0] source_routing.p4(134) Condition "hdr.srcRoutes[0].isValid()" (node_2) is false
[14:59:53.244] [bmv2] [T] [thread 3267] [9.0] [cxt 0] Applying table 'tbl_drop'
[14:59:53.244] [bmv2] [D] [thread 3267] [9.0] [cxt 0] Looking up key:

[14:59:53.244] [bmv2] [D] [thread 3267] [9.0] [cxt 0] Table 'tbl_drop': miss
[14:59:53.244] [bmv2] [D] [thread 3267] [9.0] [cxt 0] Action entry is MyIngress.drop - 
[14:59:53.244] [bmv2] [T] [thread 3267] [9.0] [cxt 0] Action MyIngress.drop
[14:59:53.245] [bmv2] [T] [thread 3267] [9.0] [cxt 0] source_routing.p4(113) Primitive mark_to_drop(standard_metadata)
[14:59:53.245] [bmv2] [D] [thread 3267] [9.0] [cxt 0] Pipeline 'ingress': end
[14:59:53.245] [bmv2] [D] [thread 3267] [9.0] [cxt 0] Egress port is 511
[14:59:53.245] [bmv2] [D] [thread 3267] [9.0] [cxt 0] Dropping packet at the end of ingress
[14:59:53.404] [bmv2] [D] [thread 3267] [10.0] [cxt 0] Processing packet received on port 2
[14:59:53.404] [bmv2] [D] [thread 3267] [10.0] [cxt 0] Parser 'parser': start
[14:59:53.405] [bmv2] [D] [thread 3267] [10.0] [cxt 0] Parser 'parser' entering state 'start'
[14:59:53.405] [bmv2] [D] [thread 3267] [10.0] [cxt 0] Extracting header 'ethernet'
[14:59:53.405] [bmv2] [D] [thread 3267] [10.0] [cxt 0] Parser state 'start' has no switch, going to default next state
[14:59:53.406] [bmv2] [T] [thread 3267] [10.0] [cxt 0] Bytes parsed: 14
[14:59:53.406] [bmv2] [D] [thread 3267] [10.0] [cxt 0] Parser 'parser': end
[14:59:53.406] [bmv2] [D] [thread 3267] [10.0] [cxt 0] Pipeline 'ingress': start
[14:59:53.406] [bmv2] [T] [thread 3267] [10.0] [cxt 0] source_routing.p4(134) Condition "hdr.srcRoutes[0].isValid()" (node_2) is false
[14:59:53.407] [bmv2] [T] [thread 3267] [10.0] [cxt 0] Applying table 'tbl_drop'
[14:59:53.407] [bmv2] [D] [thread 3267] [10.0] [cxt 0] Looking up key:

[14:59:53.408] [bmv2] [D] [thread 3267] [10.0] [cxt 0] Table 'tbl_drop': miss
[14:59:53.408] [bmv2] [D] [thread 3267] [10.0] [cxt 0] Action entry is MyIngress.drop - 
[14:59:53.408] [bmv2] [T] [thread 3267] [10.0] [cxt 0] Action MyIngress.drop
[14:59:53.408] [bmv2] [T] [thread 3267] [10.0] [cxt 0] source_routing.p4(113) Primitive mark_to_drop(standard_metadata)
[14:59:53.409] [bmv2] [D] [thread 3267] [10.0] [cxt 0] Pipeline 'ingress': end
[14:59:53.409] [bmv2] [D] [thread 3267] [10.0] [cxt 0] Egress port is 511
[14:59:53.409] [bmv2] [D] [thread 3267] [10.0] [cxt 0] Dropping packet at the end of ingress
[14:59:53.504] [bmv2] [D] [thread 3267] [11.0] [cxt 0] Processing packet received on port 2
[14:59:53.504] [bmv2] [D] [thread 3267] [11.0] [cxt 0] Parser 'parser': start
[14:59:53.504] [bmv2] [D] [thread 3267] [11.0] [cxt 0] Parser 'parser' entering state 'start'
[14:59:53.504] [bmv2] [D] [thread 3267] [11.0] [cxt 0] Extracting header 'ethernet'
[14:59:53.504] [bmv2] [D] [thread 3267] [11.0] [cxt 0] Parser state 'start' has no switch, going to default next state
[14:59:53.505] [bmv2] [T] [thread 3267] [11.0] [cxt 0] Bytes parsed: 14
[14:59:53.505] [bmv2] [D] [thread 3267] [11.0] [cxt 0] Parser 'parser': end
[14:59:53.505] [bmv2] [D] [thread 3267] [11.0] [cxt 0] Pipeline 'ingress': start
[14:59:53.505] [bmv2] [T] [thread 3267] [11.0] [cxt 0] source_routing.p4(134) Condition "hdr.srcRoutes[0].isValid()" (node_2) is false
[14:59:53.506] [bmv2] [T] [thread 3267] [11.0] [cxt 0] Applying table 'tbl_drop'
[14:59:53.506] [bmv2] [D] [thread 3267] [11.0] [cxt 0] Looking up key:

[14:59:53.506] [bmv2] [D] [thread 3267] [11.0] [cxt 0] Table 'tbl_drop': miss
[14:59:53.506] [bmv2] [D] [thread 3267] [11.0] [cxt 0] Action entry is MyIngress.drop - 
[14:59:53.506] [bmv2] [T] [thread 3267] [11.0] [cxt 0] Action MyIngress.drop
[14:59:53.507] [bmv2] [T] [thread 3267] [11.0] [cxt 0] source_routing.p4(113) Primitive mark_to_drop(standard_metadata)
[14:59:53.507] [bmv2] [D] [thread 3267] [11.0] [cxt 0] Pipeline 'ingress': end
[14:59:53.507] [bmv2] [D] [thread 3267] [11.0] [cxt 0] Egress port is 511
[14:59:53.507] [bmv2] [D] [thread 3267] [11.0] [cxt 0] Dropping packet at the end of ingress
[14:59:53.772] [bmv2] [D] [thread 3267] [12.0] [cxt 0] Processing packet received on port 3
[14:59:53.772] [bmv2] [D] [thread 3267] [12.0] [cxt 0] Parser 'parser': start
[14:59:53.773] [bmv2] [D] [thread 3267] [12.0] [cxt 0] Parser 'parser' entering state 'start'
[14:59:53.773] [bmv2] [D] [thread 3267] [12.0] [cxt 0] Extracting header 'ethernet'
[14:59:53.773] [bmv2] [D] [thread 3267] [12.0] [cxt 0] Parser state 'start' has no switch, going to default next state
[14:59:53.774] [bmv2] [T] [thread 3267] [12.0] [cxt 0] Bytes parsed: 14
[14:59:53.774] [bmv2] [D] [thread 3267] [12.0] [cxt 0] Parser 'parser': end
[14:59:53.774] [bmv2] [D] [thread 3267] [12.0] [cxt 0] Pipeline 'ingress': start
[14:59:53.775] [bmv2] [T] [thread 3267] [12.0] [cxt 0] source_routing.p4(134) Condition "hdr.srcRoutes[0].isValid()" (node_2) is false
[14:59:53.775] [bmv2] [T] [thread 3267] [12.0] [cxt 0] Applying table 'tbl_drop'
[14:59:53.775] [bmv2] [D] [thread 3267] [12.0] [cxt 0] Looking up key:

[14:59:53.775] [bmv2] [D] [thread 3267] [12.0] [cxt 0] Table 'tbl_drop': miss
[14:59:53.775] [bmv2] [D] [thread 3267] [12.0] [cxt 0] Action entry is MyIngress.drop - 
[14:59:53.776] [bmv2] [T] [thread 3267] [12.0] [cxt 0] Action MyIngress.drop
[14:59:53.776] [bmv2] [T] [thread 3267] [12.0] [cxt 0] source_routing.p4(113) Primitive mark_to_drop(standard_metadata)
[14:59:53.776] [bmv2] [D] [thread 3267] [12.0] [cxt 0] Pipeline 'ingress': end
[14:59:53.776] [bmv2] [D] [thread 3267] [12.0] [cxt 0] Egress port is 511
[14:59:53.777] [bmv2] [D] [thread 3267] [12.0] [cxt 0] Dropping packet at the end of ingress
New connection
P4Runtime SetForwardingPipelineConfig
[14:59:54.196] [bmv2] [W] [thread 3285] [P4Runtime] p4::tmp::P4DeviceConfig is deprecated
[14:59:54.208] [bmv2] [D] [thread 3285] Set default default entry for table 'tbl_update_ttl': MyIngress.update_ttl - 
[14:59:54.208] [bmv2] [D] [thread 3285] Set default default entry for table 'tbl_drop': MyIngress.drop - 
Connection removed
[14:59:56.636] [bmv2] [D] [thread 3267] [13.0] [cxt 0] Processing packet received on port 3
[14:59:56.637] [bmv2] [D] [thread 3267] [13.0] [cxt 0] Parser 'parser': start
[14:59:56.637] [bmv2] [D] [thread 3267] [13.0] [cxt 0] Parser 'parser' entering state 'start'
[14:59:56.637] [bmv2] [D] [thread 3267] [13.0] [cxt 0] Extracting header 'ethernet'
[14:59:56.638] [bmv2] [D] [thread 3267] [13.0] [cxt 0] Parser state 'start' has no switch, going to default next state
[14:59:56.638] [bmv2] [T] [thread 3267] [13.0] [cxt 0] Bytes parsed: 14
[14:59:56.639] [bmv2] [D] [thread 3267] [13.0] [cxt 0] Parser 'parser': end
[14:59:56.639] [bmv2] [D] [thread 3267] [13.0] [cxt 0] Pipeline 'ingress': start
[14:59:56.639] [bmv2] [T] [thread 3267] [13.0] [cxt 0] source_routing.p4(134) Condition "hdr.srcRoutes[0].isValid()" (node_2) is false
[14:59:56.640] [bmv2] [T] [thread 3267] [13.0] [cxt 0] Applying table 'tbl_drop'
[14:59:56.640] [bmv2] [D] [thread 3267] [13.0] [cxt 0] Looking up key:

[14:59:56.640] [bmv2] [D] [thread 3267] [13.0] [cxt 0] Table 'tbl_drop': miss
[14:59:56.640] [bmv2] [D] [thread 3267] [13.0] [cxt 0] Action entry is MyIngress.drop - 
[14:59:56.640] [bmv2] [T] [thread 3267] [13.0] [cxt 0] Action MyIngress.drop
[14:59:56.640] [bmv2] [T] [thread 3267] [13.0] [cxt 0] source_routing.p4(113) Primitive mark_to_drop(standard_metadata)
[14:59:56.641] [bmv2] [D] [thread 3267] [13.0] [cxt 0] Pipeline 'ingress': end
[14:59:56.641] [bmv2] [D] [thread 3267] [13.0] [cxt 0] Egress port is 511
[14:59:56.641] [bmv2] [D] [thread 3267] [13.0] [cxt 0] Dropping packet at the end of ingress
[14:59:56.811] [bmv2] [D] [thread 3267] [14.0] [cxt 0] Processing packet received on port 2
[14:59:56.812] [bmv2] [D] [thread 3267] [14.0] [cxt 0] Parser 'parser': start
[14:59:56.812] [bmv2] [D] [thread 3267] [14.0] [cxt 0] Parser 'parser' entering state 'start'
[14:59:56.813] [bmv2] [D] [thread 3267] [14.0] [cxt 0] Extracting header 'ethernet'
[14:59:56.813] [bmv2] [D] [thread 3267] [14.0] [cxt 0] Parser state 'start' has no switch, going to default next state
[14:59:56.813] [bmv2] [T] [thread 3267] [14.0] [cxt 0] Bytes parsed: 14
[14:59:56.814] [bmv2] [D] [thread 3267] [14.0] [cxt 0] Parser 'parser': end
[14:59:56.814] [bmv2] [D] [thread 3267] [14.0] [cxt 0] Pipeline 'ingress': start
[14:59:56.814] [bmv2] [T] [thread 3267] [14.0] [cxt 0] source_routing.p4(134) Condition "hdr.srcRoutes[0].isValid()" (node_2) is false
[14:59:56.814] [bmv2] [T] [thread 3267] [14.0] [cxt 0] Applying table 'tbl_drop'
[14:59:56.815] [bmv2] [D] [thread 3267] [14.0] [cxt 0] Looking up key:

[14:59:56.815] [bmv2] [D] [thread 3267] [14.0] [cxt 0] Table 'tbl_drop': miss
[14:59:56.815] [bmv2] [D] [thread 3267] [14.0] [cxt 0] Action entry is MyIngress.drop - 
[14:59:56.816] [bmv2] [T] [thread 3267] [14.0] [cxt 0] Action MyIngress.drop
[14:59:56.816] [bmv2] [T] [thread 3267] [14.0] [cxt 0] source_routing.p4(113) Primitive mark_to_drop(standard_metadata)
[14:59:56.816] [bmv2] [D] [thread 3267] [14.0] [cxt 0] Pipeline 'ingress': end
[14:59:56.816] [bmv2] [D] [thread 3267] [14.0] [cxt 0] Egress port is 511
[14:59:56.817] [bmv2] [D] [thread 3267] [14.0] [cxt 0] Dropping packet at the end of ingress
[14:59:56.899] [bmv2] [D] [thread 3267] [15.0] [cxt 0] Processing packet received on port 1
[14:59:56.900] [bmv2] [D] [thread 3267] [15.0] [cxt 0] Parser 'parser': start
[14:59:56.900] [bmv2] [D] [thread 3267] [15.0] [cxt 0] Parser 'parser' entering state 'start'
[14:59:56.900] [bmv2] [D] [thread 3267] [15.0] [cxt 0] Extracting header 'ethernet'
[14:59:56.901] [bmv2] [D] [thread 3267] [15.0] [cxt 0] Parser state 'start' has no switch, going to default next state
[14:59:56.901] [bmv2] [T] [thread 3267] [15.0] [cxt 0] Bytes parsed: 14
[14:59:56.901] [bmv2] [D] [thread 3267] [15.0] [cxt 0] Parser 'parser': end
[14:59:56.902] [bmv2] [D] [thread 3267] [15.0] [cxt 0] Pipeline 'ingress': start
[14:59:56.902] [bmv2] [T] [thread 3267] [15.0] [cxt 0] source_routing.p4(134) Condition "hdr.srcRoutes[0].isValid()" (node_2) is false
[14:59:56.902] [bmv2] [T] [thread 3267] [15.0] [cxt 0] Applying table 'tbl_drop'
[14:59:56.902] [bmv2] [D] [thread 3267] [15.0] [cxt 0] Looking up key:

[14:59:56.903] [bmv2] [D] [thread 3267] [15.0] [cxt 0] Table 'tbl_drop': miss
[14:59:56.903] [bmv2] [D] [thread 3267] [15.0] [cxt 0] Action entry is MyIngress.drop - 
[14:59:56.903] [bmv2] [T] [thread 3267] [15.0] [cxt 0] Action MyIngress.drop
[14:59:56.903] [bmv2] [T] [thread 3267] [15.0] [cxt 0] source_routing.p4(113) Primitive mark_to_drop(standard_metadata)
[14:59:56.904] [bmv2] [D] [thread 3267] [15.0] [cxt 0] Pipeline 'ingress': end
[14:59:56.904] [bmv2] [D] [thread 3267] [15.0] [cxt 0] Egress port is 511
[14:59:56.904] [bmv2] [D] [thread 3267] [15.0] [cxt 0] Dropping packet at the end of ingress
[14:59:57.003] [bmv2] [D] [thread 3267] [16.0] [cxt 0] Processing packet received on port 3
[14:59:57.004] [bmv2] [D] [thread 3267] [16.0] [cxt 0] Parser 'parser': start
[14:59:57.004] [bmv2] [D] [thread 3267] [16.0] [cxt 0] Parser 'parser' entering state 'start'
[14:59:57.005] [bmv2] [D] [thread 3267] [16.0] [cxt 0] Extracting header 'ethernet'
[14:59:57.005] [bmv2] [D] [thread 3267] [16.0] [cxt 0] Parser state 'start' has no switch, going to default next state
[14:59:57.005] [bmv2] [T] [thread 3267] [16.0] [cxt 0] Bytes parsed: 14
[14:59:57.006] [bmv2] [D] [thread 3267] [16.0] [cxt 0] Parser 'parser': end
[14:59:57.006] [bmv2] [D] [thread 3267] [16.0] [cxt 0] Pipeline 'ingress': start
[14:59:57.006] [bmv2] [T] [thread 3267] [16.0] [cxt 0] source_routing.p4(134) Condition "hdr.srcRoutes[0].isValid()" (node_2) is false
[14:59:57.006] [bmv2] [T] [thread 3267] [16.0] [cxt 0] Applying table 'tbl_drop'
[14:59:57.007] [bmv2] [D] [thread 3267] [16.0] [cxt 0] Looking up key:

[14:59:57.007] [bmv2] [D] [thread 3267] [16.0] [cxt 0] Table 'tbl_drop': miss
[14:59:57.007] [bmv2] [D] [thread 3267] [16.0] [cxt 0] Action entry is MyIngress.drop - 
[14:59:57.007] [bmv2] [T] [thread 3267] [16.0] [cxt 0] Action MyIngress.drop
[14:59:57.008] [bmv2] [T] [thread 3267] [16.0] [cxt 0] source_routing.p4(113) Primitive mark_to_drop(standard_metadata)
[14:59:57.008] [bmv2] [D] [thread 3267] [16.0] [cxt 0] Pipeline 'ingress': end
[14:59:57.008] [bmv2] [D] [thread 3267] [16.0] [cxt 0] Egress port is 511
[14:59:57.009] [bmv2] [D] [thread 3267] [16.0] [cxt 0] Dropping packet at the end of ingress
[14:59:57.197] [bmv2] [D] [thread 3267] [17.0] [cxt 0] Processing packet received on port 2
[14:59:57.197] [bmv2] [D] [thread 3267] [17.0] [cxt 0] Parser 'parser': start
[14:59:57.197] [bmv2] [D] [thread 3267] [17.0] [cxt 0] Parser 'parser' entering state 'start'
[14:59:57.198] [bmv2] [D] [thread 3267] [17.0] [cxt 0] Extracting header 'ethernet'
[14:59:57.198] [bmv2] [D] [thread 3267] [17.0] [cxt 0] Parser state 'start' has no switch, going to default next state
[14:59:57.198] [bmv2] [T] [thread 3267] [17.0] [cxt 0] Bytes parsed: 14
[14:59:57.199] [bmv2] [D] [thread 3267] [17.0] [cxt 0] Parser 'parser': end
[14:59:57.199] [bmv2] [D] [thread 3267] [17.0] [cxt 0] Pipeline 'ingress': start
[14:59:57.199] [bmv2] [T] [thread 3267] [17.0] [cxt 0] source_routing.p4(134) Condition "hdr.srcRoutes[0].isValid()" (node_2) is false
[14:59:57.199] [bmv2] [T] [thread 3267] [17.0] [cxt 0] Applying table 'tbl_drop'
[14:59:57.200] [bmv2] [D] [thread 3267] [17.0] [cxt 0] Looking up key:

[14:59:57.200] [bmv2] [D] [thread 3267] [17.0] [cxt 0] Table 'tbl_drop': miss
[14:59:57.200] [bmv2] [D] [thread 3267] [17.0] [cxt 0] Action entry is MyIngress.drop - 
[14:59:57.200] [bmv2] [T] [thread 3267] [17.0] [cxt 0] Action MyIngress.drop
[14:59:57.200] [bmv2] [T] [thread 3267] [17.0] [cxt 0] source_routing.p4(113) Primitive mark_to_drop(standard_metadata)
[14:59:57.201] [bmv2] [D] [thread 3267] [17.0] [cxt 0] Pipeline 'ingress': end
[14:59:57.201] [bmv2] [D] [thread 3267] [17.0] [cxt 0] Egress port is 511
[14:59:57.201] [bmv2] [D] [thread 3267] [17.0] [cxt 0] Dropping packet at the end of ingress
[15:00:00.644] [bmv2] [D] [thread 3267] [18.0] [cxt 0] Processing packet received on port 3
[15:00:00.644] [bmv2] [D] [thread 3267] [18.0] [cxt 0] Parser 'parser': start
[15:00:00.644] [bmv2] [D] [thread 3267] [18.0] [cxt 0] Parser 'parser' entering state 'start'
[15:00:00.645] [bmv2] [D] [thread 3267] [18.0] [cxt 0] Extracting header 'ethernet'
[15:00:00.645] [bmv2] [D] [thread 3267] [18.0] [cxt 0] Parser state 'start' has no switch, going to default next state
[15:00:00.645] [bmv2] [T] [thread 3267] [18.0] [cxt 0] Bytes parsed: 14
[15:00:00.645] [bmv2] [D] [thread 3267] [18.0] [cxt 0] Parser 'parser': end
[15:00:00.646] [bmv2] [D] [thread 3267] [18.0] [cxt 0] Pipeline 'ingress': start
[15:00:00.646] [bmv2] [T] [thread 3267] [18.0] [cxt 0] source_routing.p4(134) Condition "hdr.srcRoutes[0].isValid()" (node_2) is false
[15:00:00.646] [bmv2] [T] [thread 3267] [18.0] [cxt 0] Applying table 'tbl_drop'
[15:00:00.647] [bmv2] [D] [thread 3267] [18.0] [cxt 0] Looking up key:

[15:00:00.647] [bmv2] [D] [thread 3267] [18.0] [cxt 0] Table 'tbl_drop': miss
[15:00:00.647] [bmv2] [D] [thread 3267] [18.0] [cxt 0] Action entry is MyIngress.drop - 
[15:00:00.648] [bmv2] [T] [thread 3267] [18.0] [cxt 0] Action MyIngress.drop
[15:00:00.648] [bmv2] [T] [thread 3267] [18.0] [cxt 0] source_routing.p4(113) Primitive mark_to_drop(standard_metadata)
[15:00:00.648] [bmv2] [D] [thread 3267] [18.0] [cxt 0] Pipeline 'ingress': end
[15:00:00.648] [bmv2] [D] [thread 3267] [18.0] [cxt 0] Egress port is 511
[15:00:00.648] [bmv2] [D] [thread 3267] [18.0] [cxt 0] Dropping packet at the end of ingress
[15:00:00.819] [bmv2] [D] [thread 3267] [19.0] [cxt 0] Processing packet received on port 2
[15:00:00.819] [bmv2] [D] [thread 3267] [19.0] [cxt 0] Parser 'parser': start
[15:00:00.820] [bmv2] [D] [thread 3267] [19.0] [cxt 0] Parser 'parser' entering state 'start'
[15:00:00.820] [bmv2] [D] [thread 3267] [19.0] [cxt 0] Extracting header 'ethernet'
[15:00:00.820] [bmv2] [D] [thread 3267] [19.0] [cxt 0] Parser state 'start' has no switch, going to default next state
[15:00:00.821] [bmv2] [T] [thread 3267] [19.0] [cxt 0] Bytes parsed: 14
[15:00:00.821] [bmv2] [D] [thread 3267] [19.0] [cxt 0] Parser 'parser': end
[15:00:00.822] [bmv2] [D] [thread 3267] [19.0] [cxt 0] Pipeline 'ingress': start
[15:00:00.822] [bmv2] [T] [thread 3267] [19.0] [cxt 0] source_routing.p4(134) Condition "hdr.srcRoutes[0].isValid()" (node_2) is false
[15:00:00.822] [bmv2] [T] [thread 3267] [19.0] [cxt 0] Applying table 'tbl_drop'
[15:00:00.822] [bmv2] [D] [thread 3267] [19.0] [cxt 0] Looking up key:

[15:00:00.823] [bmv2] [D] [thread 3267] [19.0] [cxt 0] Table 'tbl_drop': miss
[15:00:00.823] [bmv2] [D] [thread 3267] [19.0] [cxt 0] Action entry is MyIngress.drop - 
[15:00:00.823] [bmv2] [T] [thread 3267] [19.0] [cxt 0] Action MyIngress.drop
[15:00:00.824] [bmv2] [T] [thread 3267] [19.0] [cxt 0] source_routing.p4(113) Primitive mark_to_drop(standard_metadata)
[15:00:00.824] [bmv2] [D] [thread 3267] [19.0] [cxt 0] Pipeline 'ingress': end
[15:00:00.824] [bmv2] [D] [thread 3267] [19.0] [cxt 0] Egress port is 511
[15:00:00.825] [bmv2] [D] [thread 3267] [19.0] [cxt 0] Dropping packet at the end of ingress
[15:00:00.908] [bmv2] [D] [thread 3267] [20.0] [cxt 0] Processing packet received on port 1
[15:00:00.908] [bmv2] [D] [thread 3267] [20.0] [cxt 0] Parser 'parser': start
[15:00:00.908] [bmv2] [D] [thread 3267] [20.0] [cxt 0] Parser 'parser' entering state 'start'
[15:00:00.909] [bmv2] [D] [thread 3267] [20.0] [cxt 0] Extracting header 'ethernet'
[15:00:00.909] [bmv2] [D] [thread 3267] [20.0] [cxt 0] Parser state 'start' has no switch, going to default next state
[15:00:00.909] [bmv2] [T] [thread 3267] [20.0] [cxt 0] Bytes parsed: 14
[15:00:00.909] [bmv2] [D] [thread 3267] [20.0] [cxt 0] Parser 'parser': end
[15:00:00.910] [bmv2] [D] [thread 3267] [20.0] [cxt 0] Pipeline 'ingress': start
[15:00:00.910] [bmv2] [T] [thread 3267] [20.0] [cxt 0] source_routing.p4(134) Condition "hdr.srcRoutes[0].isValid()" (node_2) is false
[15:00:00.910] [bmv2] [T] [thread 3267] [20.0] [cxt 0] Applying table 'tbl_drop'
[15:00:00.911] [bmv2] [D] [thread 3267] [20.0] [cxt 0] Looking up key:

[15:00:00.911] [bmv2] [D] [thread 3267] [20.0] [cxt 0] Table 'tbl_drop': miss
[15:00:00.911] [bmv2] [D] [thread 3267] [20.0] [cxt 0] Action entry is MyIngress.drop - 
[15:00:00.911] [bmv2] [T] [thread 3267] [20.0] [cxt 0] Action MyIngress.drop
[15:00:00.912] [bmv2] [T] [thread 3267] [20.0] [cxt 0] source_routing.p4(113) Primitive mark_to_drop(standard_metadata)
[15:00:00.912] [bmv2] [D] [thread 3267] [20.0] [cxt 0] Pipeline 'ingress': end
[15:00:00.912] [bmv2] [D] [thread 3267] [20.0] [cxt 0] Egress port is 511
[15:00:00.913] [bmv2] [D] [thread 3267] [20.0] [cxt 0] Dropping packet at the end of ingress
[15:00:01.011] [bmv2] [D] [thread 3267] [21.0] [cxt 0] Processing packet received on port 3
[15:00:01.012] [bmv2] [D] [thread 3267] [21.0] [cxt 0] Parser 'parser': start
[15:00:01.012] [bmv2] [D] [thread 3267] [21.0] [cxt 0] Parser 'parser' entering state 'start'
[15:00:01.013] [bmv2] [D] [thread 3267] [21.0] [cxt 0] Extracting header 'ethernet'
[15:00:01.013] [bmv2] [D] [thread 3267] [21.0] [cxt 0] Parser state 'start' has no switch, going to default next state
[15:00:01.013] [bmv2] [T] [thread 3267] [21.0] [cxt 0] Bytes parsed: 14
[15:00:01.013] [bmv2] [D] [thread 3267] [21.0] [cxt 0] Parser 'parser': end
[15:00:01.014] [bmv2] [D] [thread 3267] [21.0] [cxt 0] Pipeline 'ingress': start
[15:00:01.014] [bmv2] [T] [thread 3267] [21.0] [cxt 0] source_routing.p4(134) Condition "hdr.srcRoutes[0].isValid()" (node_2) is false
[15:00:01.014] [bmv2] [T] [thread 3267] [21.0] [cxt 0] Applying table 'tbl_drop'
[15:00:01.014] [bmv2] [D] [thread 3267] [21.0] [cxt 0] Looking up key:

[15:00:01.015] [bmv2] [D] [thread 3267] [21.0] [cxt 0] Table 'tbl_drop': miss
[15:00:01.015] [bmv2] [D] [thread 3267] [21.0] [cxt 0] Action entry is MyIngress.drop - 
[15:00:01.015] [bmv2] [T] [thread 3267] [21.0] [cxt 0] Action MyIngress.drop
[15:00:01.015] [bmv2] [T] [thread 3267] [21.0] [cxt 0] source_routing.p4(113) Primitive mark_to_drop(standard_metadata)
[15:00:01.016] [bmv2] [D] [thread 3267] [21.0] [cxt 0] Pipeline 'ingress': end
[15:00:01.016] [bmv2] [D] [thread 3267] [21.0] [cxt 0] Egress port is 511
[15:00:01.016] [bmv2] [D] [thread 3267] [21.0] [cxt 0] Dropping packet at the end of ingress
[15:00:01.207] [bmv2] [D] [thread 3267] [22.0] [cxt 0] Processing packet received on port 2
[15:00:01.207] [bmv2] [D] [thread 3267] [22.0] [cxt 0] Parser 'parser': start
[15:00:01.207] [bmv2] [D] [thread 3267] [22.0] [cxt 0] Parser 'parser' entering state 'start'
[15:00:01.208] [bmv2] [D] [thread 3267] [22.0] [cxt 0] Extracting header 'ethernet'
[15:00:01.208] [bmv2] [D] [thread 3267] [22.0] [cxt 0] Parser state 'start' has no switch, going to default next state
[15:00:01.209] [bmv2] [T] [thread 3267] [22.0] [cxt 0] Bytes parsed: 14
[15:00:01.209] [bmv2] [D] [thread 3267] [22.0] [cxt 0] Parser 'parser': end
[15:00:01.210] [bmv2] [D] [thread 3267] [22.0] [cxt 0] Pipeline 'ingress': start
[15:00:01.210] [bmv2] [T] [thread 3267] [22.0] [cxt 0] source_routing.p4(134) Condition "hdr.srcRoutes[0].isValid()" (node_2) is false
[15:00:01.210] [bmv2] [T] [thread 3267] [22.0] [cxt 0] Applying table 'tbl_drop'
[15:00:01.211] [bmv2] [D] [thread 3267] [22.0] [cxt 0] Looking up key:

[15:00:01.211] [bmv2] [D] [thread 3267] [22.0] [cxt 0] Table 'tbl_drop': miss
[15:00:01.211] [bmv2] [D] [thread 3267] [22.0] [cxt 0] Action entry is MyIngress.drop - 
[15:00:01.212] [bmv2] [T] [thread 3267] [22.0] [cxt 0] Action MyIngress.drop
[15:00:01.212] [bmv2] [T] [thread 3267] [22.0] [cxt 0] source_routing.p4(113) Primitive mark_to_drop(standard_metadata)
[15:00:01.212] [bmv2] [D] [thread 3267] [22.0] [cxt 0] Pipeline 'ingress': end
[15:00:01.212] [bmv2] [D] [thread 3267] [22.0] [cxt 0] Egress port is 511
[15:00:01.212] [bmv2] [D] [thread 3267] [22.0] [cxt 0] Dropping packet at the end of ingress
open: No such file or directory
open: No such file or directory
open: No such file or directory
