Calling target program-options parser
[19:25:14.223] [bmv2] [D] [thread 30696] Set default default entry for table 'tbl_get_val': my_ingress.get_val - 
[19:25:14.224] [bmv2] [D] [thread 30696] Set default default entry for table 'tbl_put_val': my_ingress.put_val - 
[19:25:14.224] [bmv2] [D] [thread 30696] Set default default entry for table 'tbl_reject': my_ingress.reject - 
Adding interface s1-eth1 as port 1
[19:25:14.226] [bmv2] [D] [thread 30696] Adding interface s1-eth1 as port 1
I1201 19:25:14.261596107   30696 server_builder.cc:247]      Synchronous server. Num CQs: 1, Min pollers: 1, Max Pollers: 2147483647, CQ timeout (msec): 1000
Server listening on 0.0.0.0:50051
[19:25:14.271] [bmv2] [I] [thread 30696] Starting Thrift server on port 9090
[19:25:14.271] [bmv2] [I] [thread 30696] Thrift server was started
[19:25:14.344] [bmv2] [D] [thread 30727] [0.0] [cxt 0] Processing packet received on port 1
[19:25:14.344] [bmv2] [D] [thread 30727] [0.0] [cxt 0] Parser 'parser': start
[19:25:14.345] [bmv2] [D] [thread 30727] [0.0] [cxt 0] Parser 'parser' entering state 'start'
[19:25:14.345] [bmv2] [D] [thread 30727] [0.0] [cxt 0] Extracting header 'pckt'
[19:25:14.346] [bmv2] [D] [thread 30727] [0.0] [cxt 0] Parser state 'start': key is 3333ff8e850c2eb2
[19:25:14.347] [bmv2] [T] [thread 30727] [0.0] [cxt 0] Bytes parsed: 17
[19:25:14.347] [bmv2] [D] [thread 30727] [0.0] [cxt 0] Parser 'parser': end
[19:25:14.348] [bmv2] [D] [thread 30727] [0.0] [cxt 0] Pipeline 'ingress': start
[19:25:14.348] [bmv2] [T] [thread 30727] [0.0] [cxt 0] kv_store.p4(134) Condition "hdr.pckt.type == 0" (node_2) is false
[19:25:14.349] [bmv2] [T] [thread 30727] [0.0] [cxt 0] kv_store.p4(138) Condition "hdr.pckt.type == 1" (node_4) is false
[19:25:14.349] [bmv2] [T] [thread 30727] [0.0] [cxt 0] Applying table 'tbl_reject'
[19:25:14.350] [bmv2] [D] [thread 30727] [0.0] [cxt 0] Looking up key:

[19:25:14.350] [bmv2] [D] [thread 30727] [0.0] [cxt 0] Table 'tbl_reject': miss
[19:25:14.351] [bmv2] [D] [thread 30727] [0.0] [cxt 0] Action entry is my_ingress.reject - 
[19:25:14.351] [bmv2] [T] [thread 30727] [0.0] [cxt 0] Action my_ingress.reject
[19:25:14.352] [bmv2] [T] [thread 30727] [0.0] [cxt 0] kv_store.p4(115) Primitive mark_to_drop(std_meta)
[19:25:14.352] [bmv2] [D] [thread 30727] [0.0] [cxt 0] Pipeline 'ingress': end
[19:25:14.352] [bmv2] [D] [thread 30727] [0.0] [cxt 0] Egress port is 511
[19:25:14.353] [bmv2] [D] [thread 30727] [0.0] [cxt 0] Dropping packet at the end of ingress
[19:25:15.131] [bmv2] [D] [thread 30727] [1.0] [cxt 0] Processing packet received on port 1
[19:25:15.132] [bmv2] [D] [thread 30727] [1.0] [cxt 0] Parser 'parser': start
[19:25:15.132] [bmv2] [D] [thread 30727] [1.0] [cxt 0] Parser 'parser' entering state 'start'
[19:25:15.133] [bmv2] [D] [thread 30727] [1.0] [cxt 0] Extracting header 'pckt'
[19:25:15.133] [bmv2] [D] [thread 30727] [1.0] [cxt 0] Parser state 'start': key is 3333000000162eb2
[19:25:15.134] [bmv2] [T] [thread 30727] [1.0] [cxt 0] Bytes parsed: 17
[19:25:15.134] [bmv2] [D] [thread 30727] [1.0] [cxt 0] Parser 'parser': end
[19:25:15.135] [bmv2] [D] [thread 30727] [1.0] [cxt 0] Pipeline 'ingress': start
[19:25:15.135] [bmv2] [T] [thread 30727] [1.0] [cxt 0] kv_store.p4(134) Condition "hdr.pckt.type == 0" (node_2) is false
[19:25:15.136] [bmv2] [T] [thread 30727] [1.0] [cxt 0] kv_store.p4(138) Condition "hdr.pckt.type == 1" (node_4) is false
[19:25:15.136] [bmv2] [T] [thread 30727] [1.0] [cxt 0] Applying table 'tbl_reject'
[19:25:15.137] [bmv2] [D] [thread 30727] [1.0] [cxt 0] Looking up key:

[19:25:15.137] [bmv2] [D] [thread 30727] [1.0] [cxt 0] Table 'tbl_reject': miss
[19:25:15.138] [bmv2] [D] [thread 30727] [1.0] [cxt 0] Action entry is my_ingress.reject - 
[19:25:15.138] [bmv2] [T] [thread 30727] [1.0] [cxt 0] Action my_ingress.reject
[19:25:15.139] [bmv2] [T] [thread 30727] [1.0] [cxt 0] kv_store.p4(115) Primitive mark_to_drop(std_meta)
[19:25:15.139] [bmv2] [D] [thread 30727] [1.0] [cxt 0] Pipeline 'ingress': end
[19:25:15.140] [bmv2] [D] [thread 30727] [1.0] [cxt 0] Egress port is 511
[19:25:15.140] [bmv2] [D] [thread 30727] [1.0] [cxt 0] Dropping packet at the end of ingress
[19:25:15.351] [bmv2] [D] [thread 30727] [2.0] [cxt 0] Processing packet received on port 1
[19:25:15.353] [bmv2] [D] [thread 30727] [2.0] [cxt 0] Parser 'parser': start
[19:25:15.353] [bmv2] [D] [thread 30727] [2.0] [cxt 0] Parser 'parser' entering state 'start'
[19:25:15.353] [bmv2] [D] [thread 30727] [2.0] [cxt 0] Extracting header 'pckt'
[19:25:15.353] [bmv2] [D] [thread 30727] [2.0] [cxt 0] Parser state 'start': key is 3333000000162eb2
[19:25:15.353] [bmv2] [T] [thread 30727] [2.0] [cxt 0] Bytes parsed: 17
[19:25:15.353] [bmv2] [D] [thread 30727] [2.0] [cxt 0] Parser 'parser': end
[19:25:15.353] [bmv2] [D] [thread 30727] [2.0] [cxt 0] Pipeline 'ingress': start
[19:25:15.353] [bmv2] [T] [thread 30727] [2.0] [cxt 0] kv_store.p4(134) Condition "hdr.pckt.type == 0" (node_2) is false
[19:25:15.353] [bmv2] [T] [thread 30727] [2.0] [cxt 0] kv_store.p4(138) Condition "hdr.pckt.type == 1" (node_4) is false
[19:25:15.353] [bmv2] [T] [thread 30727] [2.0] [cxt 0] Applying table 'tbl_reject'
[19:25:15.353] [bmv2] [D] [thread 30727] [2.0] [cxt 0] Looking up key:

[19:25:15.353] [bmv2] [D] [thread 30727] [2.0] [cxt 0] Table 'tbl_reject': miss
[19:25:15.353] [bmv2] [D] [thread 30727] [2.0] [cxt 0] Action entry is my_ingress.reject - 
[19:25:15.353] [bmv2] [T] [thread 30727] [2.0] [cxt 0] Action my_ingress.reject
[19:25:15.353] [bmv2] [T] [thread 30727] [2.0] [cxt 0] kv_store.p4(115) Primitive mark_to_drop(std_meta)
[19:25:15.353] [bmv2] [D] [thread 30727] [2.0] [cxt 0] Pipeline 'ingress': end
[19:25:15.354] [bmv2] [D] [thread 30727] [2.0] [cxt 0] Egress port is 511
[19:25:15.354] [bmv2] [D] [thread 30727] [2.0] [cxt 0] Dropping packet at the end of ingress
[19:25:15.354] [bmv2] [D] [thread 30727] [3.0] [cxt 0] Processing packet received on port 1
[19:25:15.354] [bmv2] [D] [thread 30727] [3.0] [cxt 0] Parser 'parser': start
[19:25:15.354] [bmv2] [D] [thread 30727] [3.0] [cxt 0] Parser 'parser' entering state 'start'
[19:25:15.354] [bmv2] [D] [thread 30727] [3.0] [cxt 0] Extracting header 'pckt'
[19:25:15.354] [bmv2] [D] [thread 30727] [3.0] [cxt 0] Parser state 'start': key is 3333000000022eb2
[19:25:15.354] [bmv2] [T] [thread 30727] [3.0] [cxt 0] Bytes parsed: 17
[19:25:15.354] [bmv2] [D] [thread 30727] [3.0] [cxt 0] Parser 'parser': end
[19:25:15.354] [bmv2] [D] [thread 30727] [3.0] [cxt 0] Pipeline 'ingress': start
[19:25:15.354] [bmv2] [T] [thread 30727] [3.0] [cxt 0] kv_store.p4(134) Condition "hdr.pckt.type == 0" (node_2) is false
[19:25:15.354] [bmv2] [T] [thread 30727] [3.0] [cxt 0] kv_store.p4(138) Condition "hdr.pckt.type == 1" (node_4) is false
[19:25:15.354] [bmv2] [T] [thread 30727] [3.0] [cxt 0] Applying table 'tbl_reject'
[19:25:15.354] [bmv2] [D] [thread 30727] [3.0] [cxt 0] Looking up key:

[19:25:15.354] [bmv2] [D] [thread 30727] [3.0] [cxt 0] Table 'tbl_reject': miss
[19:25:15.354] [bmv2] [D] [thread 30727] [3.0] [cxt 0] Action entry is my_ingress.reject - 
[19:25:15.354] [bmv2] [T] [thread 30727] [3.0] [cxt 0] Action my_ingress.reject
[19:25:15.354] [bmv2] [T] [thread 30727] [3.0] [cxt 0] kv_store.p4(115) Primitive mark_to_drop(std_meta)
[19:25:15.354] [bmv2] [D] [thread 30727] [3.0] [cxt 0] Pipeline 'ingress': end
[19:25:15.354] [bmv2] [D] [thread 30727] [3.0] [cxt 0] Egress port is 511
[19:25:15.355] [bmv2] [D] [thread 30727] [3.0] [cxt 0] Dropping packet at the end of ingress
New connection
P4Runtime SetForwardingPipelineConfig
[19:25:15.774] [bmv2] [W] [thread 30743] [P4Runtime] p4::tmp::P4DeviceConfig is deprecated
[19:25:15.775] [bmv2] [D] [thread 30743] Set default default entry for table 'tbl_get_val': my_ingress.get_val - 
[19:25:15.775] [bmv2] [D] [thread 30743] Set default default entry for table 'tbl_put_val': my_ingress.put_val - 
[19:25:15.776] [bmv2] [D] [thread 30743] Set default default entry for table 'tbl_reject': my_ingress.reject - 
Connection removed
[19:25:16.158] [bmv2] [D] [thread 30727] [4.0] [cxt 0] Processing packet received on port 1
[19:25:16.158] [bmv2] [D] [thread 30727] [4.0] [cxt 0] Parser 'parser': start
[19:25:16.159] [bmv2] [D] [thread 30727] [4.0] [cxt 0] Parser 'parser' entering state 'start'
[19:25:16.159] [bmv2] [D] [thread 30727] [4.0] [cxt 0] Extracting header 'pckt'
[19:25:16.159] [bmv2] [D] [thread 30727] [4.0] [cxt 0] Parser state 'start': key is 3333000000162eb2
[19:25:16.160] [bmv2] [T] [thread 30727] [4.0] [cxt 0] Bytes parsed: 17
[19:25:16.160] [bmv2] [D] [thread 30727] [4.0] [cxt 0] Parser 'parser': end
[19:25:16.160] [bmv2] [D] [thread 30727] [4.0] [cxt 0] Pipeline 'ingress': start
[19:25:16.161] [bmv2] [T] [thread 30727] [4.0] [cxt 0] kv_store.p4(134) Condition "hdr.pckt.type == 0" (node_2) is false
[19:25:16.161] [bmv2] [T] [thread 30727] [4.0] [cxt 0] kv_store.p4(138) Condition "hdr.pckt.type == 1" (node_4) is false
[19:25:16.161] [bmv2] [T] [thread 30727] [4.0] [cxt 0] Applying table 'tbl_reject'
[19:25:16.162] [bmv2] [D] [thread 30727] [4.0] [cxt 0] Looking up key:

[19:25:16.162] [bmv2] [D] [thread 30727] [4.0] [cxt 0] Table 'tbl_reject': miss
[19:25:16.162] [bmv2] [D] [thread 30727] [4.0] [cxt 0] Action entry is my_ingress.reject - 
[19:25:16.163] [bmv2] [T] [thread 30727] [4.0] [cxt 0] Action my_ingress.reject
[19:25:16.163] [bmv2] [T] [thread 30727] [4.0] [cxt 0] kv_store.p4(115) Primitive mark_to_drop(std_meta)
[19:25:16.163] [bmv2] [D] [thread 30727] [4.0] [cxt 0] Pipeline 'ingress': end
[19:25:16.163] [bmv2] [D] [thread 30727] [4.0] [cxt 0] Egress port is 511
[19:25:16.163] [bmv2] [D] [thread 30727] [4.0] [cxt 0] Dropping packet at the end of ingress
[19:25:19.359] [bmv2] [D] [thread 30727] [5.0] [cxt 0] Processing packet received on port 1
[19:25:19.359] [bmv2] [D] [thread 30727] [5.0] [cxt 0] Parser 'parser': start
[19:25:19.360] [bmv2] [D] [thread 30727] [5.0] [cxt 0] Parser 'parser' entering state 'start'
[19:25:19.360] [bmv2] [D] [thread 30727] [5.0] [cxt 0] Extracting header 'pckt'
[19:25:19.361] [bmv2] [D] [thread 30727] [5.0] [cxt 0] Parser state 'start': key is 3333000000022eb2
[19:25:19.361] [bmv2] [T] [thread 30727] [5.0] [cxt 0] Bytes parsed: 17
[19:25:19.362] [bmv2] [D] [thread 30727] [5.0] [cxt 0] Parser 'parser': end
[19:25:19.362] [bmv2] [D] [thread 30727] [5.0] [cxt 0] Pipeline 'ingress': start
[19:25:19.363] [bmv2] [T] [thread 30727] [5.0] [cxt 0] kv_store.p4(134) Condition "hdr.pckt.type == 0" (node_2) is false
[19:25:19.363] [bmv2] [T] [thread 30727] [5.0] [cxt 0] kv_store.p4(138) Condition "hdr.pckt.type == 1" (node_4) is false
[19:25:19.363] [bmv2] [T] [thread 30727] [5.0] [cxt 0] Applying table 'tbl_reject'
[19:25:19.364] [bmv2] [D] [thread 30727] [5.0] [cxt 0] Looking up key:

[19:25:19.364] [bmv2] [D] [thread 30727] [5.0] [cxt 0] Table 'tbl_reject': miss
[19:25:19.364] [bmv2] [D] [thread 30727] [5.0] [cxt 0] Action entry is my_ingress.reject - 
[19:25:19.365] [bmv2] [T] [thread 30727] [5.0] [cxt 0] Action my_ingress.reject
[19:25:19.365] [bmv2] [T] [thread 30727] [5.0] [cxt 0] kv_store.p4(115) Primitive mark_to_drop(std_meta)
[19:25:19.365] [bmv2] [D] [thread 30727] [5.0] [cxt 0] Pipeline 'ingress': end
[19:25:19.365] [bmv2] [D] [thread 30727] [5.0] [cxt 0] Egress port is 511
[19:25:19.366] [bmv2] [D] [thread 30727] [5.0] [cxt 0] Dropping packet at the end of ingress
[19:25:23.367] [bmv2] [D] [thread 30727] [6.0] [cxt 0] Processing packet received on port 1
[19:25:23.367] [bmv2] [D] [thread 30727] [6.0] [cxt 0] Parser 'parser': start
[19:25:23.368] [bmv2] [D] [thread 30727] [6.0] [cxt 0] Parser 'parser' entering state 'start'
[19:25:23.368] [bmv2] [D] [thread 30727] [6.0] [cxt 0] Extracting header 'pckt'
[19:25:23.369] [bmv2] [D] [thread 30727] [6.0] [cxt 0] Parser state 'start': key is 3333000000022eb2
[19:25:23.369] [bmv2] [T] [thread 30727] [6.0] [cxt 0] Bytes parsed: 17
[19:25:23.370] [bmv2] [D] [thread 30727] [6.0] [cxt 0] Parser 'parser': end
[19:25:23.370] [bmv2] [D] [thread 30727] [6.0] [cxt 0] Pipeline 'ingress': start
[19:25:23.371] [bmv2] [T] [thread 30727] [6.0] [cxt 0] kv_store.p4(134) Condition "hdr.pckt.type == 0" (node_2) is false
[19:25:23.371] [bmv2] [T] [thread 30727] [6.0] [cxt 0] kv_store.p4(138) Condition "hdr.pckt.type == 1" (node_4) is false
[19:25:23.372] [bmv2] [T] [thread 30727] [6.0] [cxt 0] Applying table 'tbl_reject'
[19:25:23.372] [bmv2] [D] [thread 30727] [6.0] [cxt 0] Looking up key:

[19:25:23.372] [bmv2] [D] [thread 30727] [6.0] [cxt 0] Table 'tbl_reject': miss
[19:25:23.373] [bmv2] [D] [thread 30727] [6.0] [cxt 0] Action entry is my_ingress.reject - 
[19:25:23.373] [bmv2] [T] [thread 30727] [6.0] [cxt 0] Action my_ingress.reject
[19:25:23.373] [bmv2] [T] [thread 30727] [6.0] [cxt 0] kv_store.p4(115) Primitive mark_to_drop(std_meta)
[19:25:23.374] [bmv2] [D] [thread 30727] [6.0] [cxt 0] Pipeline 'ingress': end
[19:25:23.374] [bmv2] [D] [thread 30727] [6.0] [cxt 0] Egress port is 511
[19:25:23.374] [bmv2] [D] [thread 30727] [6.0] [cxt 0] Dropping packet at the end of ingress
open: No such file or directory
