Calling target program-options parser
[15:15:45.557] [bmv2] [D] [thread 18247] Set default default entry for table 'MyIngress.ipv4_lpm': NoAction - 
Adding interface s1-eth1 as port 1
[15:15:45.558] [bmv2] [D] [thread 18247] Adding interface s1-eth1 as port 1
Adding interface s1-eth2 as port 2
[15:15:45.586] [bmv2] [D] [thread 18247] Adding interface s1-eth2 as port 2
Adding interface s1-eth3 as port 3
[15:15:45.610] [bmv2] [D] [thread 18247] Adding interface s1-eth3 as port 3
I1209 15:15:45.638869160   18247 server_builder.cc:247]      Synchronous server. Num CQs: 1, Min pollers: 1, Max Pollers: 2147483647, CQ timeout (msec): 1000
Server listening on 0.0.0.0:50051
[15:15:45.643] [bmv2] [I] [thread 18247] Starting Thrift server on port 9090
[15:15:45.644] [bmv2] [I] [thread 18247] Thrift server was started
[15:15:45.708] [bmv2] [D] [thread 18264] [0.0] [cxt 0] Processing packet received on port 2
[15:15:45.708] [bmv2] [D] [thread 18264] [0.0] [cxt 0] Parser 'parser': start
[15:15:45.708] [bmv2] [D] [thread 18264] [0.0] [cxt 0] Parser 'parser' entering state 'start'
[15:15:45.708] [bmv2] [D] [thread 18264] [0.0] [cxt 0] Extracting header 'ethernet'
[15:15:45.709] [bmv2] [D] [thread 18264] [0.0] [cxt 0] Parser state 'start': key is 86dd
[15:15:45.709] [bmv2] [T] [thread 18264] [0.0] [cxt 0] Bytes parsed: 14
[15:15:45.709] [bmv2] [D] [thread 18264] [0.0] [cxt 0] Parser 'parser': end
[15:15:45.709] [bmv2] [D] [thread 18264] [0.0] [cxt 0] Pipeline 'ingress': start
[15:15:45.709] [bmv2] [T] [thread 18264] [0.0] [cxt 0] Applying table 'MyIngress.ipv4_lpm'
[15:15:45.710] [bmv2] [D] [thread 18264] [0.0] [cxt 0] Looking up key:
* hdr.ipv4.dstAddr    : 00000000

[15:15:45.710] [bmv2] [D] [thread 18264] [0.0] [cxt 0] Table 'MyIngress.ipv4_lpm': miss
[15:15:45.710] [bmv2] [D] [thread 18264] [0.0] [cxt 0] Action entry is NoAction - 
[15:15:45.710] [bmv2] [T] [thread 18264] [0.0] [cxt 0] Action NoAction
[15:15:45.710] [bmv2] [D] [thread 18264] [0.0] [cxt 0] Pipeline 'ingress': end
[15:15:45.710] [bmv2] [D] [thread 18264] [0.0] [cxt 0] Egress port is 0
[15:15:45.710] [bmv2] [D] [thread 18265] [0.0] [cxt 0] Pipeline 'egress': start
[15:15:45.710] [bmv2] [D] [thread 18265] [0.0] [cxt 0] Pipeline 'egress': end
[15:15:45.711] [bmv2] [D] [thread 18265] [0.0] [cxt 0] Deparser 'deparser': start
[15:15:45.711] [bmv2] [T] [thread 18265] [0.0] [cxt 0] Skipping checksum 'cksum' update because condition not met
[15:15:45.711] [bmv2] [D] [thread 18265] [0.0] [cxt 0] Deparsing header 'ethernet'
[15:15:45.711] [bmv2] [D] [thread 18265] [0.0] [cxt 0] Deparser 'deparser': end
[15:15:45.711] [bmv2] [D] [thread 18269] [0.0] [cxt 0] Transmitting packet of size 90 out of port 0
[15:15:45.711] [bmv2] [D] [thread 18264] [1.0] [cxt 0] Processing packet received on port 2
[15:15:45.711] [bmv2] [D] [thread 18264] [1.0] [cxt 0] Parser 'parser': start
[15:15:45.711] [bmv2] [D] [thread 18264] [1.0] [cxt 0] Parser 'parser' entering state 'start'
[15:15:45.712] [bmv2] [D] [thread 18264] [1.0] [cxt 0] Extracting header 'ethernet'
[15:15:45.712] [bmv2] [D] [thread 18264] [1.0] [cxt 0] Parser state 'start': key is 86dd
[15:15:45.712] [bmv2] [T] [thread 18264] [1.0] [cxt 0] Bytes parsed: 14
[15:15:45.712] [bmv2] [D] [thread 18264] [1.0] [cxt 0] Parser 'parser': end
[15:15:45.712] [bmv2] [D] [thread 18264] [1.0] [cxt 0] Pipeline 'ingress': start
[15:15:45.712] [bmv2] [T] [thread 18264] [1.0] [cxt 0] Applying table 'MyIngress.ipv4_lpm'
[15:15:45.712] [bmv2] [D] [thread 18264] [1.0] [cxt 0] Looking up key:
* hdr.ipv4.dstAddr    : 00000000

[15:15:45.712] [bmv2] [D] [thread 18264] [1.0] [cxt 0] Table 'MyIngress.ipv4_lpm': miss
[15:15:45.712] [bmv2] [D] [thread 18264] [1.0] [cxt 0] Action entry is NoAction - 
[15:15:45.712] [bmv2] [T] [thread 18264] [1.0] [cxt 0] Action NoAction
[15:15:45.712] [bmv2] [D] [thread 18264] [1.0] [cxt 0] Pipeline 'ingress': end
[15:15:45.713] [bmv2] [D] [thread 18264] [1.0] [cxt 0] Egress port is 0
[15:15:45.713] [bmv2] [D] [thread 18265] [1.0] [cxt 0] Pipeline 'egress': start
[15:15:45.713] [bmv2] [D] [thread 18265] [1.0] [cxt 0] Pipeline 'egress': end
[15:15:45.713] [bmv2] [D] [thread 18265] [1.0] [cxt 0] Deparser 'deparser': start
[15:15:45.713] [bmv2] [T] [thread 18265] [1.0] [cxt 0] Skipping checksum 'cksum' update because condition not met
[15:15:45.713] [bmv2] [D] [thread 18265] [1.0] [cxt 0] Deparsing header 'ethernet'
[15:15:45.714] [bmv2] [D] [thread 18265] [1.0] [cxt 0] Deparser 'deparser': end
[15:15:45.714] [bmv2] [D] [thread 18269] [1.0] [cxt 0] Transmitting packet of size 90 out of port 0
[15:15:45.819] [bmv2] [D] [thread 18264] [2.0] [cxt 0] Processing packet received on port 3
[15:15:45.819] [bmv2] [D] [thread 18264] [2.0] [cxt 0] Parser 'parser': start
[15:15:45.819] [bmv2] [D] [thread 18264] [2.0] [cxt 0] Parser 'parser' entering state 'start'
[15:15:45.819] [bmv2] [D] [thread 18264] [2.0] [cxt 0] Extracting header 'ethernet'
[15:15:45.820] [bmv2] [D] [thread 18264] [2.0] [cxt 0] Parser state 'start': key is 86dd
[15:15:45.820] [bmv2] [T] [thread 18264] [2.0] [cxt 0] Bytes parsed: 14
[15:15:45.820] [bmv2] [D] [thread 18264] [2.0] [cxt 0] Parser 'parser': end
[15:15:45.820] [bmv2] [D] [thread 18264] [2.0] [cxt 0] Pipeline 'ingress': start
[15:15:45.820] [bmv2] [T] [thread 18264] [2.0] [cxt 0] Applying table 'MyIngress.ipv4_lpm'
[15:15:45.821] [bmv2] [D] [thread 18264] [2.0] [cxt 0] Looking up key:
* hdr.ipv4.dstAddr    : 00000000

[15:15:45.821] [bmv2] [D] [thread 18264] [2.0] [cxt 0] Table 'MyIngress.ipv4_lpm': miss
[15:15:45.821] [bmv2] [D] [thread 18264] [2.0] [cxt 0] Action entry is NoAction - 
[15:15:45.821] [bmv2] [T] [thread 18264] [2.0] [cxt 0] Action NoAction
[15:15:45.821] [bmv2] [D] [thread 18264] [2.0] [cxt 0] Pipeline 'ingress': end
[15:15:45.821] [bmv2] [D] [thread 18264] [2.0] [cxt 0] Egress port is 0
[15:15:45.821] [bmv2] [D] [thread 18265] [2.0] [cxt 0] Pipeline 'egress': start
[15:15:45.821] [bmv2] [D] [thread 18265] [2.0] [cxt 0] Pipeline 'egress': end
[15:15:45.821] [bmv2] [D] [thread 18265] [2.0] [cxt 0] Deparser 'deparser': start
[15:15:45.822] [bmv2] [T] [thread 18265] [2.0] [cxt 0] Skipping checksum 'cksum' update because condition not met
[15:15:45.822] [bmv2] [D] [thread 18265] [2.0] [cxt 0] Deparsing header 'ethernet'
[15:15:45.822] [bmv2] [D] [thread 18265] [2.0] [cxt 0] Deparser 'deparser': end
[15:15:45.822] [bmv2] [D] [thread 18269] [2.0] [cxt 0] Transmitting packet of size 90 out of port 0
[15:15:45.857] [bmv2] [D] [thread 18264] [3.0] [cxt 0] Processing packet received on port 1
[15:15:45.857] [bmv2] [D] [thread 18264] [3.0] [cxt 0] Parser 'parser': start
[15:15:45.857] [bmv2] [D] [thread 18264] [3.0] [cxt 0] Parser 'parser' entering state 'start'
[15:15:45.857] [bmv2] [D] [thread 18264] [3.0] [cxt 0] Extracting header 'ethernet'
[15:15:45.858] [bmv2] [D] [thread 18264] [3.0] [cxt 0] Parser state 'start': key is 86dd
[15:15:45.858] [bmv2] [T] [thread 18264] [3.0] [cxt 0] Bytes parsed: 14
[15:15:45.858] [bmv2] [D] [thread 18264] [3.0] [cxt 0] Parser 'parser': end
[15:15:45.859] [bmv2] [D] [thread 18264] [3.0] [cxt 0] Pipeline 'ingress': start
[15:15:45.859] [bmv2] [T] [thread 18264] [3.0] [cxt 0] Applying table 'MyIngress.ipv4_lpm'
[15:15:45.859] [bmv2] [D] [thread 18264] [3.0] [cxt 0] Looking up key:
* hdr.ipv4.dstAddr    : 00000000

[15:15:45.859] [bmv2] [D] [thread 18264] [3.0] [cxt 0] Table 'MyIngress.ipv4_lpm': miss
[15:15:45.859] [bmv2] [D] [thread 18264] [3.0] [cxt 0] Action entry is NoAction - 
[15:15:45.860] [bmv2] [T] [thread 18264] [3.0] [cxt 0] Action NoAction
[15:15:45.860] [bmv2] [D] [thread 18264] [3.0] [cxt 0] Pipeline 'ingress': end
[15:15:45.860] [bmv2] [D] [thread 18264] [3.0] [cxt 0] Egress port is 0
[15:15:45.860] [bmv2] [D] [thread 18265] [3.0] [cxt 0] Pipeline 'egress': start
[15:15:45.860] [bmv2] [D] [thread 18265] [3.0] [cxt 0] Pipeline 'egress': end
[15:15:45.860] [bmv2] [D] [thread 18265] [3.0] [cxt 0] Deparser 'deparser': start
[15:15:45.861] [bmv2] [T] [thread 18265] [3.0] [cxt 0] Skipping checksum 'cksum' update because condition not met
[15:15:45.861] [bmv2] [D] [thread 18265] [3.0] [cxt 0] Deparsing header 'ethernet'
[15:15:45.861] [bmv2] [D] [thread 18265] [3.0] [cxt 0] Deparser 'deparser': end
[15:15:45.861] [bmv2] [D] [thread 18269] [3.0] [cxt 0] Transmitting packet of size 90 out of port 0
[15:15:45.951] [bmv2] [D] [thread 18264] [4.0] [cxt 0] Processing packet received on port 1
[15:15:45.951] [bmv2] [D] [thread 18264] [4.0] [cxt 0] Parser 'parser': start
[15:15:45.951] [bmv2] [D] [thread 18264] [4.0] [cxt 0] Parser 'parser' entering state 'start'
[15:15:45.952] [bmv2] [D] [thread 18264] [4.0] [cxt 0] Extracting header 'ethernet'
[15:15:45.952] [bmv2] [D] [thread 18264] [4.0] [cxt 0] Parser state 'start': key is 86dd
[15:15:45.952] [bmv2] [T] [thread 18264] [4.0] [cxt 0] Bytes parsed: 14
[15:15:45.952] [bmv2] [D] [thread 18264] [4.0] [cxt 0] Parser 'parser': end
[15:15:45.953] [bmv2] [D] [thread 18264] [4.0] [cxt 0] Pipeline 'ingress': start
[15:15:45.953] [bmv2] [T] [thread 18264] [4.0] [cxt 0] Applying table 'MyIngress.ipv4_lpm'
[15:15:45.953] [bmv2] [D] [thread 18264] [4.0] [cxt 0] Looking up key:
* hdr.ipv4.dstAddr    : 00000000

[15:15:45.953] [bmv2] [D] [thread 18264] [4.0] [cxt 0] Table 'MyIngress.ipv4_lpm': miss
[15:15:45.953] [bmv2] [D] [thread 18264] [4.0] [cxt 0] Action entry is NoAction - 
[15:15:45.953] [bmv2] [T] [thread 18264] [4.0] [cxt 0] Action NoAction
[15:15:45.953] [bmv2] [D] [thread 18264] [4.0] [cxt 0] Pipeline 'ingress': end
[15:15:45.953] [bmv2] [D] [thread 18264] [4.0] [cxt 0] Egress port is 0
[15:15:45.954] [bmv2] [D] [thread 18265] [4.0] [cxt 0] Pipeline 'egress': start
[15:15:45.954] [bmv2] [D] [thread 18265] [4.0] [cxt 0] Pipeline 'egress': end
[15:15:45.954] [bmv2] [D] [thread 18265] [4.0] [cxt 0] Deparser 'deparser': start
[15:15:45.954] [bmv2] [T] [thread 18265] [4.0] [cxt 0] Skipping checksum 'cksum' update because condition not met
[15:15:45.954] [bmv2] [D] [thread 18265] [4.0] [cxt 0] Deparsing header 'ethernet'
[15:15:45.954] [bmv2] [D] [thread 18265] [4.0] [cxt 0] Deparser 'deparser': end
[15:15:45.954] [bmv2] [D] [thread 18269] [4.0] [cxt 0] Transmitting packet of size 78 out of port 0
[15:15:46.110] [bmv2] [D] [thread 18264] [5.0] [cxt 0] Processing packet received on port 3
[15:15:46.111] [bmv2] [D] [thread 18264] [5.0] [cxt 0] Parser 'parser': start
[15:15:46.111] [bmv2] [D] [thread 18264] [5.0] [cxt 0] Parser 'parser' entering state 'start'
[15:15:46.111] [bmv2] [D] [thread 18264] [5.0] [cxt 0] Extracting header 'ethernet'
[15:15:46.111] [bmv2] [D] [thread 18264] [5.0] [cxt 0] Parser state 'start': key is 86dd
[15:15:46.112] [bmv2] [T] [thread 18264] [5.0] [cxt 0] Bytes parsed: 14
[15:15:46.112] [bmv2] [D] [thread 18264] [5.0] [cxt 0] Parser 'parser': end
[15:15:46.112] [bmv2] [D] [thread 18264] [5.0] [cxt 0] Pipeline 'ingress': start
[15:15:46.112] [bmv2] [T] [thread 18264] [5.0] [cxt 0] Applying table 'MyIngress.ipv4_lpm'
[15:15:46.112] [bmv2] [D] [thread 18264] [5.0] [cxt 0] Looking up key:
* hdr.ipv4.dstAddr    : 00000000

[15:15:46.113] [bmv2] [D] [thread 18264] [5.0] [cxt 0] Table 'MyIngress.ipv4_lpm': miss
[15:15:46.113] [bmv2] [D] [thread 18264] [5.0] [cxt 0] Action entry is NoAction - 
[15:15:46.113] [bmv2] [T] [thread 18264] [5.0] [cxt 0] Action NoAction
[15:15:46.113] [bmv2] [D] [thread 18264] [5.0] [cxt 0] Pipeline 'ingress': end
[15:15:46.113] [bmv2] [D] [thread 18264] [5.0] [cxt 0] Egress port is 0
[15:15:46.113] [bmv2] [D] [thread 18265] [5.0] [cxt 0] Pipeline 'egress': start
[15:15:46.113] [bmv2] [D] [thread 18265] [5.0] [cxt 0] Pipeline 'egress': end
[15:15:46.113] [bmv2] [D] [thread 18265] [5.0] [cxt 0] Deparser 'deparser': start
[15:15:46.113] [bmv2] [T] [thread 18265] [5.0] [cxt 0] Skipping checksum 'cksum' update because condition not met
[15:15:46.113] [bmv2] [D] [thread 18265] [5.0] [cxt 0] Deparsing header 'ethernet'
[15:15:46.114] [bmv2] [D] [thread 18265] [5.0] [cxt 0] Deparser 'deparser': end
[15:15:46.114] [bmv2] [D] [thread 18269] [5.0] [cxt 0] Transmitting packet of size 90 out of port 0
[15:15:46.361] [bmv2] [D] [thread 18264] [6.0] [cxt 0] Processing packet received on port 2
[15:15:46.361] [bmv2] [D] [thread 18264] [6.0] [cxt 0] Parser 'parser': start
[15:15:46.361] [bmv2] [D] [thread 18264] [6.0] [cxt 0] Parser 'parser' entering state 'start'
[15:15:46.361] [bmv2] [D] [thread 18264] [6.0] [cxt 0] Extracting header 'ethernet'
[15:15:46.362] [bmv2] [D] [thread 18264] [6.0] [cxt 0] Parser state 'start': key is 86dd
[15:15:46.362] [bmv2] [T] [thread 18264] [6.0] [cxt 0] Bytes parsed: 14
[15:15:46.362] [bmv2] [D] [thread 18264] [6.0] [cxt 0] Parser 'parser': end
[15:15:46.362] [bmv2] [D] [thread 18264] [6.0] [cxt 0] Pipeline 'ingress': start
[15:15:46.362] [bmv2] [T] [thread 18264] [6.0] [cxt 0] Applying table 'MyIngress.ipv4_lpm'
[15:15:46.363] [bmv2] [D] [thread 18264] [6.0] [cxt 0] Looking up key:
* hdr.ipv4.dstAddr    : 00000000

[15:15:46.363] [bmv2] [D] [thread 18264] [6.0] [cxt 0] Table 'MyIngress.ipv4_lpm': miss
[15:15:46.363] [bmv2] [D] [thread 18264] [6.0] [cxt 0] Action entry is NoAction - 
[15:15:46.363] [bmv2] [T] [thread 18264] [6.0] [cxt 0] Action NoAction
[15:15:46.363] [bmv2] [D] [thread 18264] [6.0] [cxt 0] Pipeline 'ingress': end
[15:15:46.363] [bmv2] [D] [thread 18264] [6.0] [cxt 0] Egress port is 0
[15:15:46.364] [bmv2] [D] [thread 18264] [7.0] [cxt 0] Processing packet received on port 2
[15:15:46.364] [bmv2] [D] [thread 18264] [7.0] [cxt 0] Parser 'parser': start
[15:15:46.364] [bmv2] [D] [thread 18264] [7.0] [cxt 0] Parser 'parser' entering state 'start'
[15:15:46.364] [bmv2] [D] [thread 18264] [7.0] [cxt 0] Extracting header 'ethernet'
[15:15:46.364] [bmv2] [D] [thread 18264] [7.0] [cxt 0] Parser state 'start': key is 86dd
[15:15:46.364] [bmv2] [T] [thread 18264] [7.0] [cxt 0] Bytes parsed: 14
[15:15:46.365] [bmv2] [D] [thread 18264] [7.0] [cxt 0] Parser 'parser': end
[15:15:46.364] [bmv2] [D] [thread 18265] [6.0] [cxt 0] Pipeline 'egress': start
[15:15:46.365] [bmv2] [D] [thread 18265] [6.0] [cxt 0] Pipeline 'egress': end
[15:15:46.365] [bmv2] [D] [thread 18265] [6.0] [cxt 0] Deparser 'deparser': start
[15:15:46.365] [bmv2] [T] [thread 18265] [6.0] [cxt 0] Skipping checksum 'cksum' update because condition not met
[15:15:46.365] [bmv2] [D] [thread 18265] [6.0] [cxt 0] Deparsing header 'ethernet'
[15:15:46.365] [bmv2] [D] [thread 18265] [6.0] [cxt 0] Deparser 'deparser': end
[15:15:46.365] [bmv2] [D] [thread 18269] [6.0] [cxt 0] Transmitting packet of size 90 out of port 0
[15:15:46.365] [bmv2] [D] [thread 18264] [7.0] [cxt 0] Pipeline 'ingress': start
[15:15:46.366] [bmv2] [T] [thread 18264] [7.0] [cxt 0] Applying table 'MyIngress.ipv4_lpm'
[15:15:46.366] [bmv2] [D] [thread 18264] [7.0] [cxt 0] Looking up key:
* hdr.ipv4.dstAddr    : 00000000

[15:15:46.366] [bmv2] [D] [thread 18264] [7.0] [cxt 0] Table 'MyIngress.ipv4_lpm': miss
[15:15:46.366] [bmv2] [D] [thread 18264] [7.0] [cxt 0] Action entry is NoAction - 
[15:15:46.366] [bmv2] [T] [thread 18264] [7.0] [cxt 0] Action NoAction
[15:15:46.367] [bmv2] [D] [thread 18264] [7.0] [cxt 0] Pipeline 'ingress': end
[15:15:46.367] [bmv2] [D] [thread 18264] [7.0] [cxt 0] Egress port is 0
[15:15:46.367] [bmv2] [D] [thread 18265] [7.0] [cxt 0] Pipeline 'egress': start
[15:15:46.367] [bmv2] [D] [thread 18265] [7.0] [cxt 0] Pipeline 'egress': end
[15:15:46.367] [bmv2] [D] [thread 18265] [7.0] [cxt 0] Deparser 'deparser': start
[15:15:46.367] [bmv2] [T] [thread 18265] [7.0] [cxt 0] Skipping checksum 'cksum' update because condition not met
[15:15:46.367] [bmv2] [D] [thread 18265] [7.0] [cxt 0] Deparsing header 'ethernet'
[15:15:46.368] [bmv2] [D] [thread 18265] [7.0] [cxt 0] Deparser 'deparser': end
[15:15:46.368] [bmv2] [D] [thread 18269] [7.0] [cxt 0] Transmitting packet of size 70 out of port 0
[15:15:46.419] [bmv2] [D] [thread 18264] [8.0] [cxt 0] Processing packet received on port 3
[15:15:46.419] [bmv2] [D] [thread 18264] [8.0] [cxt 0] Parser 'parser': start
[15:15:46.419] [bmv2] [D] [thread 18264] [8.0] [cxt 0] Parser 'parser' entering state 'start'
[15:15:46.419] [bmv2] [D] [thread 18264] [8.0] [cxt 0] Extracting header 'ethernet'
[15:15:46.420] [bmv2] [D] [thread 18264] [8.0] [cxt 0] Parser state 'start': key is 86dd
[15:15:46.420] [bmv2] [T] [thread 18264] [8.0] [cxt 0] Bytes parsed: 14
[15:15:46.420] [bmv2] [D] [thread 18264] [8.0] [cxt 0] Parser 'parser': end
[15:15:46.420] [bmv2] [D] [thread 18264] [8.0] [cxt 0] Pipeline 'ingress': start
[15:15:46.420] [bmv2] [T] [thread 18264] [8.0] [cxt 0] Applying table 'MyIngress.ipv4_lpm'
[15:15:46.421] [bmv2] [D] [thread 18264] [8.0] [cxt 0] Looking up key:
* hdr.ipv4.dstAddr    : 00000000

[15:15:46.421] [bmv2] [D] [thread 18264] [8.0] [cxt 0] Table 'MyIngress.ipv4_lpm': miss
[15:15:46.421] [bmv2] [D] [thread 18264] [8.0] [cxt 0] Action entry is NoAction - 
[15:15:46.421] [bmv2] [T] [thread 18264] [8.0] [cxt 0] Action NoAction
[15:15:46.421] [bmv2] [D] [thread 18264] [8.0] [cxt 0] Pipeline 'ingress': end
[15:15:46.421] [bmv2] [D] [thread 18264] [8.0] [cxt 0] Egress port is 0
[15:15:46.421] [bmv2] [D] [thread 18265] [8.0] [cxt 0] Pipeline 'egress': start
[15:15:46.421] [bmv2] [D] [thread 18265] [8.0] [cxt 0] Pipeline 'egress': end
[15:15:46.422] [bmv2] [D] [thread 18265] [8.0] [cxt 0] Deparser 'deparser': start
[15:15:46.422] [bmv2] [T] [thread 18265] [8.0] [cxt 0] Skipping checksum 'cksum' update because condition not met
[15:15:46.422] [bmv2] [D] [thread 18265] [8.0] [cxt 0] Deparsing header 'ethernet'
[15:15:46.422] [bmv2] [D] [thread 18265] [8.0] [cxt 0] Deparser 'deparser': end
[15:15:46.422] [bmv2] [D] [thread 18269] [8.0] [cxt 0] Transmitting packet of size 90 out of port 0
[15:15:46.421] [bmv2] [D] [thread 18264] [9.0] [cxt 0] Processing packet received on port 3
[15:15:46.422] [bmv2] [D] [thread 18264] [9.0] [cxt 0] Parser 'parser': start
[15:15:46.422] [bmv2] [D] [thread 18264] [9.0] [cxt 0] Parser 'parser' entering state 'start'
[15:15:46.422] [bmv2] [D] [thread 18264] [9.0] [cxt 0] Extracting header 'ethernet'
[15:15:46.422] [bmv2] [D] [thread 18264] [9.0] [cxt 0] Parser state 'start': key is 86dd
[15:15:46.422] [bmv2] [T] [thread 18264] [9.0] [cxt 0] Bytes parsed: 14
[15:15:46.423] [bmv2] [D] [thread 18264] [9.0] [cxt 0] Parser 'parser': end
[15:15:46.423] [bmv2] [D] [thread 18264] [9.0] [cxt 0] Pipeline 'ingress': start
[15:15:46.423] [bmv2] [T] [thread 18264] [9.0] [cxt 0] Applying table 'MyIngress.ipv4_lpm'
[15:15:46.423] [bmv2] [D] [thread 18264] [9.0] [cxt 0] Looking up key:
* hdr.ipv4.dstAddr    : 00000000

[15:15:46.423] [bmv2] [D] [thread 18264] [9.0] [cxt 0] Table 'MyIngress.ipv4_lpm': miss
[15:15:46.423] [bmv2] [D] [thread 18264] [9.0] [cxt 0] Action entry is NoAction - 
[15:15:46.423] [bmv2] [T] [thread 18264] [9.0] [cxt 0] Action NoAction
[15:15:46.423] [bmv2] [D] [thread 18264] [9.0] [cxt 0] Pipeline 'ingress': end
[15:15:46.423] [bmv2] [D] [thread 18264] [9.0] [cxt 0] Egress port is 0
[15:15:46.423] [bmv2] [D] [thread 18265] [9.0] [cxt 0] Pipeline 'egress': start
[15:15:46.423] [bmv2] [D] [thread 18265] [9.0] [cxt 0] Pipeline 'egress': end
[15:15:46.424] [bmv2] [D] [thread 18265] [9.0] [cxt 0] Deparser 'deparser': start
[15:15:46.424] [bmv2] [T] [thread 18265] [9.0] [cxt 0] Skipping checksum 'cksum' update because condition not met
[15:15:46.424] [bmv2] [D] [thread 18265] [9.0] [cxt 0] Deparsing header 'ethernet'
[15:15:46.424] [bmv2] [D] [thread 18265] [9.0] [cxt 0] Deparser 'deparser': end
[15:15:46.424] [bmv2] [D] [thread 18269] [9.0] [cxt 0] Transmitting packet of size 70 out of port 0
[15:15:46.434] [bmv2] [D] [thread 18264] [10.0] [cxt 0] Processing packet received on port 3
[15:15:46.435] [bmv2] [D] [thread 18264] [10.0] [cxt 0] Parser 'parser': start
[15:15:46.435] [bmv2] [D] [thread 18264] [10.0] [cxt 0] Parser 'parser' entering state 'start'
[15:15:46.435] [bmv2] [D] [thread 18264] [10.0] [cxt 0] Extracting header 'ethernet'
[15:15:46.435] [bmv2] [D] [thread 18264] [10.0] [cxt 0] Parser state 'start': key is 86dd
[15:15:46.435] [bmv2] [T] [thread 18264] [10.0] [cxt 0] Bytes parsed: 14
[15:15:46.435] [bmv2] [D] [thread 18264] [10.0] [cxt 0] Parser 'parser': end
[15:15:46.436] [bmv2] [D] [thread 18264] [10.0] [cxt 0] Pipeline 'ingress': start
[15:15:46.436] [bmv2] [T] [thread 18264] [10.0] [cxt 0] Applying table 'MyIngress.ipv4_lpm'
[15:15:46.436] [bmv2] [D] [thread 18264] [10.0] [cxt 0] Looking up key:
* hdr.ipv4.dstAddr    : 00000000

[15:15:46.436] [bmv2] [D] [thread 18264] [10.0] [cxt 0] Table 'MyIngress.ipv4_lpm': miss
[15:15:46.436] [bmv2] [D] [thread 18264] [10.0] [cxt 0] Action entry is NoAction - 
[15:15:46.436] [bmv2] [T] [thread 18264] [10.0] [cxt 0] Action NoAction
[15:15:46.436] [bmv2] [D] [thread 18264] [10.0] [cxt 0] Pipeline 'ingress': end
[15:15:46.436] [bmv2] [D] [thread 18264] [10.0] [cxt 0] Egress port is 0
[15:15:46.437] [bmv2] [D] [thread 18265] [10.0] [cxt 0] Pipeline 'egress': start
[15:15:46.437] [bmv2] [D] [thread 18265] [10.0] [cxt 0] Pipeline 'egress': end
[15:15:46.437] [bmv2] [D] [thread 18265] [10.0] [cxt 0] Deparser 'deparser': start
[15:15:46.437] [bmv2] [T] [thread 18265] [10.0] [cxt 0] Skipping checksum 'cksum' update because condition not met
[15:15:46.438] [bmv2] [D] [thread 18265] [10.0] [cxt 0] Deparsing header 'ethernet'
[15:15:46.438] [bmv2] [D] [thread 18265] [10.0] [cxt 0] Deparser 'deparser': end
[15:15:46.438] [bmv2] [D] [thread 18269] [10.0] [cxt 0] Transmitting packet of size 90 out of port 0
[15:15:46.505] [bmv2] [D] [thread 18264] [11.0] [cxt 0] Processing packet received on port 2
[15:15:46.505] [bmv2] [D] [thread 18264] [11.0] [cxt 0] Parser 'parser': start
[15:15:46.505] [bmv2] [D] [thread 18264] [11.0] [cxt 0] Parser 'parser' entering state 'start'
[15:15:46.505] [bmv2] [D] [thread 18264] [11.0] [cxt 0] Extracting header 'ethernet'
[15:15:46.506] [bmv2] [D] [thread 18264] [11.0] [cxt 0] Parser state 'start': key is 86dd
[15:15:46.506] [bmv2] [T] [thread 18264] [11.0] [cxt 0] Bytes parsed: 14
[15:15:46.506] [bmv2] [D] [thread 18264] [11.0] [cxt 0] Parser 'parser': end
[15:15:46.506] [bmv2] [D] [thread 18264] [11.0] [cxt 0] Pipeline 'ingress': start
[15:15:46.506] [bmv2] [T] [thread 18264] [11.0] [cxt 0] Applying table 'MyIngress.ipv4_lpm'
[15:15:46.507] [bmv2] [D] [thread 18264] [11.0] [cxt 0] Looking up key:
* hdr.ipv4.dstAddr    : 00000000

[15:15:46.507] [bmv2] [D] [thread 18264] [11.0] [cxt 0] Table 'MyIngress.ipv4_lpm': miss
[15:15:46.507] [bmv2] [D] [thread 18264] [11.0] [cxt 0] Action entry is NoAction - 
[15:15:46.507] [bmv2] [T] [thread 18264] [11.0] [cxt 0] Action NoAction
[15:15:46.507] [bmv2] [D] [thread 18264] [11.0] [cxt 0] Pipeline 'ingress': end
[15:15:46.507] [bmv2] [D] [thread 18264] [11.0] [cxt 0] Egress port is 0
[15:15:46.508] [bmv2] [D] [thread 18265] [11.0] [cxt 0] Pipeline 'egress': start
[15:15:46.508] [bmv2] [D] [thread 18265] [11.0] [cxt 0] Pipeline 'egress': end
[15:15:46.508] [bmv2] [D] [thread 18265] [11.0] [cxt 0] Deparser 'deparser': start
[15:15:46.508] [bmv2] [T] [thread 18265] [11.0] [cxt 0] Skipping checksum 'cksum' update because condition not met
[15:15:46.509] [bmv2] [D] [thread 18265] [11.0] [cxt 0] Deparsing header 'ethernet'
[15:15:46.509] [bmv2] [D] [thread 18265] [11.0] [cxt 0] Deparser 'deparser': end
[15:15:46.509] [bmv2] [D] [thread 18269] [11.0] [cxt 0] Transmitting packet of size 90 out of port 0
[15:15:46.508] [bmv2] [D] [thread 18264] [12.0] [cxt 0] Processing packet received on port 2
[15:15:46.509] [bmv2] [D] [thread 18264] [12.0] [cxt 0] Parser 'parser': start
[15:15:46.509] [bmv2] [D] [thread 18264] [12.0] [cxt 0] Parser 'parser' entering state 'start'
[15:15:46.510] [bmv2] [D] [thread 18264] [12.0] [cxt 0] Extracting header 'ethernet'
[15:15:46.510] [bmv2] [D] [thread 18264] [12.0] [cxt 0] Parser state 'start': key is 86dd
[15:15:46.510] [bmv2] [T] [thread 18264] [12.0] [cxt 0] Bytes parsed: 14
[15:15:46.510] [bmv2] [D] [thread 18264] [12.0] [cxt 0] Parser 'parser': end
[15:15:46.510] [bmv2] [D] [thread 18264] [12.0] [cxt 0] Pipeline 'ingress': start
[15:15:46.510] [bmv2] [T] [thread 18264] [12.0] [cxt 0] Applying table 'MyIngress.ipv4_lpm'
[15:15:46.511] [bmv2] [D] [thread 18264] [12.0] [cxt 0] Looking up key:
* hdr.ipv4.dstAddr    : 00000000

[15:15:46.511] [bmv2] [D] [thread 18264] [12.0] [cxt 0] Table 'MyIngress.ipv4_lpm': miss
[15:15:46.511] [bmv2] [D] [thread 18264] [12.0] [cxt 0] Action entry is NoAction - 
[15:15:46.511] [bmv2] [T] [thread 18264] [12.0] [cxt 0] Action NoAction
[15:15:46.511] [bmv2] [D] [thread 18264] [12.0] [cxt 0] Pipeline 'ingress': end
[15:15:46.511] [bmv2] [D] [thread 18264] [12.0] [cxt 0] Egress port is 0
[15:15:46.512] [bmv2] [D] [thread 18265] [12.0] [cxt 0] Pipeline 'egress': start
[15:15:46.512] [bmv2] [D] [thread 18265] [12.0] [cxt 0] Pipeline 'egress': end
[15:15:46.512] [bmv2] [D] [thread 18265] [12.0] [cxt 0] Deparser 'deparser': start
[15:15:46.512] [bmv2] [T] [thread 18265] [12.0] [cxt 0] Skipping checksum 'cksum' update because condition not met
[15:15:46.512] [bmv2] [D] [thread 18265] [12.0] [cxt 0] Deparsing header 'ethernet'
[15:15:46.512] [bmv2] [D] [thread 18265] [12.0] [cxt 0] Deparser 'deparser': end
[15:15:46.512] [bmv2] [D] [thread 18269] [12.0] [cxt 0] Transmitting packet of size 70 out of port 0
[15:15:46.527] [bmv2] [D] [thread 18264] [13.0] [cxt 0] Processing packet received on port 3
[15:15:46.527] [bmv2] [D] [thread 18264] [13.0] [cxt 0] Parser 'parser': start
[15:15:46.527] [bmv2] [D] [thread 18264] [13.0] [cxt 0] Parser 'parser' entering state 'start'
[15:15:46.527] [bmv2] [D] [thread 18264] [13.0] [cxt 0] Extracting header 'ethernet'
[15:15:46.527] [bmv2] [D] [thread 18264] [13.0] [cxt 0] Parser state 'start': key is 86dd
[15:15:46.527] [bmv2] [T] [thread 18264] [13.0] [cxt 0] Bytes parsed: 14
[15:15:46.528] [bmv2] [D] [thread 18264] [13.0] [cxt 0] Parser 'parser': end
[15:15:46.528] [bmv2] [D] [thread 18264] [13.0] [cxt 0] Pipeline 'ingress': start
[15:15:46.528] [bmv2] [T] [thread 18264] [13.0] [cxt 0] Applying table 'MyIngress.ipv4_lpm'
[15:15:46.528] [bmv2] [D] [thread 18264] [13.0] [cxt 0] Looking up key:
* hdr.ipv4.dstAddr    : 00000000

[15:15:46.528] [bmv2] [D] [thread 18264] [13.0] [cxt 0] Table 'MyIngress.ipv4_lpm': miss
[15:15:46.528] [bmv2] [D] [thread 18264] [13.0] [cxt 0] Action entry is NoAction - 
[15:15:46.529] [bmv2] [T] [thread 18264] [13.0] [cxt 0] Action NoAction
[15:15:46.529] [bmv2] [D] [thread 18264] [13.0] [cxt 0] Pipeline 'ingress': end
[15:15:46.529] [bmv2] [D] [thread 18264] [13.0] [cxt 0] Egress port is 0
[15:15:46.529] [bmv2] [D] [thread 18265] [13.0] [cxt 0] Pipeline 'egress': start
[15:15:46.529] [bmv2] [D] [thread 18265] [13.0] [cxt 0] Pipeline 'egress': end
[15:15:46.529] [bmv2] [D] [thread 18265] [13.0] [cxt 0] Deparser 'deparser': start
[15:15:46.529] [bmv2] [T] [thread 18265] [13.0] [cxt 0] Skipping checksum 'cksum' update because condition not met
[15:15:46.529] [bmv2] [D] [thread 18265] [13.0] [cxt 0] Deparsing header 'ethernet'
[15:15:46.529] [bmv2] [D] [thread 18265] [13.0] [cxt 0] Deparser 'deparser': end
[15:15:46.529] [bmv2] [D] [thread 18269] [13.0] [cxt 0] Transmitting packet of size 90 out of port 0
[15:15:46.529] [bmv2] [D] [thread 18264] [14.0] [cxt 0] Processing packet received on port 3
[15:15:46.530] [bmv2] [D] [thread 18264] [14.0] [cxt 0] Parser 'parser': start
[15:15:46.530] [bmv2] [D] [thread 18264] [14.0] [cxt 0] Parser 'parser' entering state 'start'
[15:15:46.530] [bmv2] [D] [thread 18264] [14.0] [cxt 0] Extracting header 'ethernet'
[15:15:46.530] [bmv2] [D] [thread 18264] [14.0] [cxt 0] Parser state 'start': key is 86dd
[15:15:46.530] [bmv2] [T] [thread 18264] [14.0] [cxt 0] Bytes parsed: 14
[15:15:46.530] [bmv2] [D] [thread 18264] [14.0] [cxt 0] Parser 'parser': end
[15:15:46.530] [bmv2] [D] [thread 18264] [14.0] [cxt 0] Pipeline 'ingress': start
[15:15:46.530] [bmv2] [T] [thread 18264] [14.0] [cxt 0] Applying table 'MyIngress.ipv4_lpm'
[15:15:46.530] [bmv2] [D] [thread 18264] [14.0] [cxt 0] Looking up key:
* hdr.ipv4.dstAddr    : 00000000

[15:15:46.530] [bmv2] [D] [thread 18264] [14.0] [cxt 0] Table 'MyIngress.ipv4_lpm': miss
[15:15:46.531] [bmv2] [D] [thread 18264] [14.0] [cxt 0] Action entry is NoAction - 
[15:15:46.531] [bmv2] [T] [thread 18264] [14.0] [cxt 0] Action NoAction
[15:15:46.531] [bmv2] [D] [thread 18264] [14.0] [cxt 0] Pipeline 'ingress': end
[15:15:46.531] [bmv2] [D] [thread 18264] [14.0] [cxt 0] Egress port is 0
[15:15:46.531] [bmv2] [D] [thread 18265] [14.0] [cxt 0] Pipeline 'egress': start
[15:15:46.531] [bmv2] [D] [thread 18265] [14.0] [cxt 0] Pipeline 'egress': end
[15:15:46.531] [bmv2] [D] [thread 18265] [14.0] [cxt 0] Deparser 'deparser': start
[15:15:46.531] [bmv2] [T] [thread 18265] [14.0] [cxt 0] Skipping checksum 'cksum' update because condition not met
[15:15:46.531] [bmv2] [D] [thread 18265] [14.0] [cxt 0] Deparsing header 'ethernet'
[15:15:46.531] [bmv2] [D] [thread 18265] [14.0] [cxt 0] Deparser 'deparser': end
[15:15:46.531] [bmv2] [D] [thread 18269] [14.0] [cxt 0] Transmitting packet of size 70 out of port 0
[15:15:46.600] [bmv2] [D] [thread 18264] [15.0] [cxt 0] Processing packet received on port 2
[15:15:46.600] [bmv2] [D] [thread 18264] [15.0] [cxt 0] Parser 'parser': start
[15:15:46.600] [bmv2] [D] [thread 18264] [15.0] [cxt 0] Parser 'parser' entering state 'start'
[15:15:46.601] [bmv2] [D] [thread 18264] [15.0] [cxt 0] Extracting header 'ethernet'
[15:15:46.601] [bmv2] [D] [thread 18264] [15.0] [cxt 0] Parser state 'start': key is 86dd
[15:15:46.601] [bmv2] [T] [thread 18264] [15.0] [cxt 0] Bytes parsed: 14
[15:15:46.601] [bmv2] [D] [thread 18264] [15.0] [cxt 0] Parser 'parser': end
[15:15:46.601] [bmv2] [D] [thread 18264] [15.0] [cxt 0] Pipeline 'ingress': start
[15:15:46.601] [bmv2] [T] [thread 18264] [15.0] [cxt 0] Applying table 'MyIngress.ipv4_lpm'
[15:15:46.601] [bmv2] [D] [thread 18264] [15.0] [cxt 0] Looking up key:
* hdr.ipv4.dstAddr    : 00000000

[15:15:46.601] [bmv2] [D] [thread 18264] [15.0] [cxt 0] Table 'MyIngress.ipv4_lpm': miss
[15:15:46.602] [bmv2] [D] [thread 18264] [15.0] [cxt 0] Action entry is NoAction - 
[15:15:46.602] [bmv2] [T] [thread 18264] [15.0] [cxt 0] Action NoAction
[15:15:46.602] [bmv2] [D] [thread 18264] [15.0] [cxt 0] Pipeline 'ingress': end
[15:15:46.602] [bmv2] [D] [thread 18264] [15.0] [cxt 0] Egress port is 0
[15:15:46.602] [bmv2] [D] [thread 18265] [15.0] [cxt 0] Pipeline 'egress': start
[15:15:46.602] [bmv2] [D] [thread 18265] [15.0] [cxt 0] Pipeline 'egress': end
[15:15:46.602] [bmv2] [D] [thread 18265] [15.0] [cxt 0] Deparser 'deparser': start
[15:15:46.602] [bmv2] [T] [thread 18265] [15.0] [cxt 0] Skipping checksum 'cksum' update because condition not met
[15:15:46.602] [bmv2] [D] [thread 18265] [15.0] [cxt 0] Deparsing header 'ethernet'
[15:15:46.602] [bmv2] [D] [thread 18265] [15.0] [cxt 0] Deparser 'deparser': end
[15:15:46.602] [bmv2] [D] [thread 18269] [15.0] [cxt 0] Transmitting packet of size 90 out of port 0
[15:15:46.723] [bmv2] [D] [thread 18264] [16.0] [cxt 0] Processing packet received on port 2
[15:15:46.724] [bmv2] [D] [thread 18264] [16.0] [cxt 0] Parser 'parser': start
[15:15:46.724] [bmv2] [D] [thread 18264] [16.0] [cxt 0] Parser 'parser' entering state 'start'
[15:15:46.724] [bmv2] [D] [thread 18264] [16.0] [cxt 0] Extracting header 'ethernet'
[15:15:46.724] [bmv2] [D] [thread 18264] [16.0] [cxt 0] Parser state 'start': key is 86dd
[15:15:46.725] [bmv2] [T] [thread 18264] [16.0] [cxt 0] Bytes parsed: 14
[15:15:46.725] [bmv2] [D] [thread 18264] [16.0] [cxt 0] Parser 'parser': end
[15:15:46.725] [bmv2] [D] [thread 18264] [16.0] [cxt 0] Pipeline 'ingress': start
[15:15:46.725] [bmv2] [T] [thread 18264] [16.0] [cxt 0] Applying table 'MyIngress.ipv4_lpm'
[15:15:46.725] [bmv2] [D] [thread 18264] [16.0] [cxt 0] Looking up key:
* hdr.ipv4.dstAddr    : 00000000

[15:15:46.725] [bmv2] [D] [thread 18264] [16.0] [cxt 0] Table 'MyIngress.ipv4_lpm': miss
[15:15:46.726] [bmv2] [D] [thread 18264] [16.0] [cxt 0] Action entry is NoAction - 
[15:15:46.726] [bmv2] [T] [thread 18264] [16.0] [cxt 0] Action NoAction
[15:15:46.726] [bmv2] [D] [thread 18264] [16.0] [cxt 0] Pipeline 'ingress': end
[15:15:46.726] [bmv2] [D] [thread 18264] [16.0] [cxt 0] Egress port is 0
[15:15:46.726] [bmv2] [D] [thread 18265] [16.0] [cxt 0] Pipeline 'egress': start
[15:15:46.726] [bmv2] [D] [thread 18265] [16.0] [cxt 0] Pipeline 'egress': end
[15:15:46.726] [bmv2] [D] [thread 18265] [16.0] [cxt 0] Deparser 'deparser': start
[15:15:46.727] [bmv2] [T] [thread 18265] [16.0] [cxt 0] Skipping checksum 'cksum' update because condition not met
[15:15:46.727] [bmv2] [D] [thread 18265] [16.0] [cxt 0] Deparsing header 'ethernet'
[15:15:46.727] [bmv2] [D] [thread 18265] [16.0] [cxt 0] Deparser 'deparser': end
[15:15:46.727] [bmv2] [D] [thread 18269] [16.0] [cxt 0] Transmitting packet of size 90 out of port 0
[15:15:46.951] [bmv2] [D] [thread 18264] [17.0] [cxt 0] Processing packet received on port 1
[15:15:46.951] [bmv2] [D] [thread 18264] [17.0] [cxt 0] Parser 'parser': start
[15:15:46.951] [bmv2] [D] [thread 18264] [17.0] [cxt 0] Parser 'parser' entering state 'start'
[15:15:46.951] [bmv2] [D] [thread 18264] [17.0] [cxt 0] Extracting header 'ethernet'
[15:15:46.952] [bmv2] [D] [thread 18264] [17.0] [cxt 0] Parser state 'start': key is 86dd
[15:15:46.952] [bmv2] [T] [thread 18264] [17.0] [cxt 0] Bytes parsed: 14
[15:15:46.952] [bmv2] [D] [thread 18264] [17.0] [cxt 0] Parser 'parser': end
[15:15:46.952] [bmv2] [D] [thread 18264] [17.0] [cxt 0] Pipeline 'ingress': start
[15:15:46.953] [bmv2] [T] [thread 18264] [17.0] [cxt 0] Applying table 'MyIngress.ipv4_lpm'
[15:15:46.953] [bmv2] [D] [thread 18264] [17.0] [cxt 0] Looking up key:
* hdr.ipv4.dstAddr    : 00000000

[15:15:46.953] [bmv2] [D] [thread 18264] [17.0] [cxt 0] Table 'MyIngress.ipv4_lpm': miss
[15:15:46.953] [bmv2] [D] [thread 18264] [17.0] [cxt 0] Action entry is NoAction - 
[15:15:46.953] [bmv2] [T] [thread 18264] [17.0] [cxt 0] Action NoAction
[15:15:46.953] [bmv2] [D] [thread 18264] [17.0] [cxt 0] Pipeline 'ingress': end
[15:15:46.953] [bmv2] [D] [thread 18264] [17.0] [cxt 0] Egress port is 0
[15:15:46.953] [bmv2] [D] [thread 18264] [18.0] [cxt 0] Processing packet received on port 1
[15:15:46.953] [bmv2] [D] [thread 18264] [18.0] [cxt 0] Parser 'parser': start
[15:15:46.953] [bmv2] [D] [thread 18264] [18.0] [cxt 0] Parser 'parser' entering state 'start'
[15:15:46.954] [bmv2] [D] [thread 18264] [18.0] [cxt 0] Extracting header 'ethernet'
[15:15:46.954] [bmv2] [D] [thread 18264] [18.0] [cxt 0] Parser state 'start': key is 86dd
[15:15:46.954] [bmv2] [T] [thread 18264] [18.0] [cxt 0] Bytes parsed: 14
[15:15:46.954] [bmv2] [D] [thread 18264] [18.0] [cxt 0] Parser 'parser': end
[15:15:46.954] [bmv2] [D] [thread 18264] [18.0] [cxt 0] Pipeline 'ingress': start
[15:15:46.954] [bmv2] [T] [thread 18264] [18.0] [cxt 0] Applying table 'MyIngress.ipv4_lpm'
[15:15:46.954] [bmv2] [D] [thread 18264] [18.0] [cxt 0] Looking up key:
* hdr.ipv4.dstAddr    : 00000000

[15:15:46.954] [bmv2] [D] [thread 18264] [18.0] [cxt 0] Table 'MyIngress.ipv4_lpm': miss
[15:15:46.954] [bmv2] [D] [thread 18264] [18.0] [cxt 0] Action entry is NoAction - 
[15:15:46.954] [bmv2] [T] [thread 18264] [18.0] [cxt 0] Action NoAction
[15:15:46.955] [bmv2] [D] [thread 18264] [18.0] [cxt 0] Pipeline 'ingress': end
[15:15:46.955] [bmv2] [D] [thread 18264] [18.0] [cxt 0] Egress port is 0
[15:15:46.953] [bmv2] [D] [thread 18265] [17.0] [cxt 0] Pipeline 'egress': start
[15:15:46.955] [bmv2] [D] [thread 18265] [17.0] [cxt 0] Pipeline 'egress': end
[15:15:46.955] [bmv2] [D] [thread 18265] [17.0] [cxt 0] Deparser 'deparser': start
[15:15:46.955] [bmv2] [T] [thread 18265] [17.0] [cxt 0] Skipping checksum 'cksum' update because condition not met
[15:15:46.955] [bmv2] [D] [thread 18265] [17.0] [cxt 0] Deparsing header 'ethernet'
[15:15:46.955] [bmv2] [D] [thread 18265] [17.0] [cxt 0] Deparser 'deparser': end
[15:15:46.955] [bmv2] [D] [thread 18265] [18.0] [cxt 0] Pipeline 'egress': start
[15:15:46.955] [bmv2] [D] [thread 18265] [18.0] [cxt 0] Pipeline 'egress': end
[15:15:46.956] [bmv2] [D] [thread 18265] [18.0] [cxt 0] Deparser 'deparser': start
[15:15:46.956] [bmv2] [T] [thread 18265] [18.0] [cxt 0] Skipping checksum 'cksum' update because condition not met
[15:15:46.956] [bmv2] [D] [thread 18265] [18.0] [cxt 0] Deparsing header 'ethernet'
[15:15:46.956] [bmv2] [D] [thread 18265] [18.0] [cxt 0] Deparser 'deparser': end
[15:15:46.955] [bmv2] [D] [thread 18269] [17.0] [cxt 0] Transmitting packet of size 90 out of port 0
[15:15:46.956] [bmv2] [D] [thread 18269] [18.0] [cxt 0] Transmitting packet of size 70 out of port 0
[15:15:47.219] [bmv2] [D] [thread 18264] [19.0] [cxt 0] Processing packet received on port 3
[15:15:47.219] [bmv2] [D] [thread 18264] [19.0] [cxt 0] Parser 'parser': start
[15:15:47.220] [bmv2] [D] [thread 18264] [19.0] [cxt 0] Parser 'parser' entering state 'start'
[15:15:47.220] [bmv2] [D] [thread 18264] [19.0] [cxt 0] Extracting header 'ethernet'
[15:15:47.220] [bmv2] [D] [thread 18264] [19.0] [cxt 0] Parser state 'start': key is 86dd
[15:15:47.220] [bmv2] [T] [thread 18264] [19.0] [cxt 0] Bytes parsed: 14
[15:15:47.221] [bmv2] [D] [thread 18264] [19.0] [cxt 0] Parser 'parser': end
[15:15:47.221] [bmv2] [D] [thread 18264] [19.0] [cxt 0] Pipeline 'ingress': start
[15:15:47.221] [bmv2] [T] [thread 18264] [19.0] [cxt 0] Applying table 'MyIngress.ipv4_lpm'
[15:15:47.221] [bmv2] [D] [thread 18264] [19.0] [cxt 0] Looking up key:
* hdr.ipv4.dstAddr    : 00000000

[15:15:47.221] [bmv2] [D] [thread 18264] [19.0] [cxt 0] Table 'MyIngress.ipv4_lpm': miss
[15:15:47.221] [bmv2] [D] [thread 18264] [19.0] [cxt 0] Action entry is NoAction - 
[15:15:47.222] [bmv2] [T] [thread 18264] [19.0] [cxt 0] Action NoAction
[15:15:47.222] [bmv2] [D] [thread 18264] [19.0] [cxt 0] Pipeline 'ingress': end
[15:15:47.222] [bmv2] [D] [thread 18264] [19.0] [cxt 0] Egress port is 0
[15:15:47.222] [bmv2] [D] [thread 18265] [19.0] [cxt 0] Pipeline 'egress': start
[15:15:47.222] [bmv2] [D] [thread 18265] [19.0] [cxt 0] Pipeline 'egress': end
[15:15:47.223] [bmv2] [D] [thread 18265] [19.0] [cxt 0] Deparser 'deparser': start
[15:15:47.223] [bmv2] [T] [thread 18265] [19.0] [cxt 0] Skipping checksum 'cksum' update because condition not met
[15:15:47.223] [bmv2] [D] [thread 18265] [19.0] [cxt 0] Deparsing header 'ethernet'
[15:15:47.223] [bmv2] [D] [thread 18265] [19.0] [cxt 0] Deparser 'deparser': end
[15:15:47.223] [bmv2] [D] [thread 18269] [19.0] [cxt 0] Transmitting packet of size 90 out of port 0
[15:15:47.439] [bmv2] [D] [thread 18264] [20.0] [cxt 0] Processing packet received on port 1
[15:15:47.439] [bmv2] [D] [thread 18264] [20.0] [cxt 0] Parser 'parser': start
[15:15:47.439] [bmv2] [D] [thread 18264] [20.0] [cxt 0] Parser 'parser' entering state 'start'
[15:15:47.440] [bmv2] [D] [thread 18264] [20.0] [cxt 0] Extracting header 'ethernet'
[15:15:47.440] [bmv2] [D] [thread 18264] [20.0] [cxt 0] Parser state 'start': key is 86dd
[15:15:47.440] [bmv2] [T] [thread 18264] [20.0] [cxt 0] Bytes parsed: 14
[15:15:47.440] [bmv2] [D] [thread 18264] [20.0] [cxt 0] Parser 'parser': end
[15:15:47.441] [bmv2] [D] [thread 18264] [20.0] [cxt 0] Pipeline 'ingress': start
[15:15:47.441] [bmv2] [T] [thread 18264] [20.0] [cxt 0] Applying table 'MyIngress.ipv4_lpm'
[15:15:47.441] [bmv2] [D] [thread 18264] [20.0] [cxt 0] Looking up key:
* hdr.ipv4.dstAddr    : 00000000

[15:15:47.442] [bmv2] [D] [thread 18264] [20.0] [cxt 0] Table 'MyIngress.ipv4_lpm': miss
[15:15:47.442] [bmv2] [D] [thread 18264] [20.0] [cxt 0] Action entry is NoAction - 
[15:15:47.442] [bmv2] [T] [thread 18264] [20.0] [cxt 0] Action NoAction
[15:15:47.442] [bmv2] [D] [thread 18264] [20.0] [cxt 0] Pipeline 'ingress': end
[15:15:47.443] [bmv2] [D] [thread 18264] [20.0] [cxt 0] Egress port is 0
[15:15:47.443] [bmv2] [D] [thread 18265] [20.0] [cxt 0] Pipeline 'egress': start
[15:15:47.443] [bmv2] [D] [thread 18265] [20.0] [cxt 0] Pipeline 'egress': end
[15:15:47.444] [bmv2] [D] [thread 18265] [20.0] [cxt 0] Deparser 'deparser': start
[15:15:47.444] [bmv2] [T] [thread 18265] [20.0] [cxt 0] Skipping checksum 'cksum' update because condition not met
[15:15:47.444] [bmv2] [D] [thread 18265] [20.0] [cxt 0] Deparsing header 'ethernet'
[15:15:47.444] [bmv2] [D] [thread 18265] [20.0] [cxt 0] Deparser 'deparser': end
[15:15:47.444] [bmv2] [D] [thread 18269] [20.0] [cxt 0] Transmitting packet of size 90 out of port 0
New connection
P4Runtime SetForwardingPipelineConfig
[15:15:50.264] [bmv2] [W] [thread 18383] [P4Runtime] p4::tmp::P4DeviceConfig is deprecated
[15:15:50.264] [bmv2] [D] [thread 18383] Set default default entry for table 'MyIngress.ipv4_lpm': NoAction - 
P4Runtime Write
election_id {
  low: 1
}
updates {
  type: MODIFY
  entity {
    table_entry {
      table_id: 33574068
      action {
        action {
          action_id: 16805608
        }
      }
      is_default_action: true
    }
  }
}
[15:15:50.269] [bmv2] [D] [thread 18383] Set default entry for table 'MyIngress.ipv4_lpm': MyIngress.drop - 
P4Runtime Write
election_id {
  low: 1
}
updates {
  type: INSERT
  entity {
    table_entry {
      table_id: 33574068
      match {
        field_id: 1
        lpm {
          value: "\n\000\007\000"
          prefix_len: 24
        }
      }
      action {
        action {
          action_id: 16799317
          params {
            param_id: 1
            value: "\010\000\000\000\005U"
          }
          params {
            param_id: 2
            value: "\000\002"
          }
        }
      }
    }
  }
}
[15:15:50.271] [bmv2] [D] [thread 18383] Entry 0 added to table 'MyIngress.ipv4_lpm'
[15:15:50.271] [bmv2] [D] [thread 18383] Dumping entry 0
Match key:
* hdr.ipv4.dstAddr    : LPM       0a000700/24
Action entry: MyIngress.ipv4_forward - 80000000555,2,

P4Runtime Write
election_id {
  low: 1
}
updates {
  type: INSERT
  entity {
    table_entry {
      table_id: 33574068
      match {
        field_id: 1
        lpm {
          value: "\n\000\001\001"
          prefix_len: 32
        }
      }
      action {
        action {
          action_id: 16799317
          params {
            param_id: 1
            value: "\010\000\000\000\001\021"
          }
          params {
            param_id: 2
            value: "\000\001"
          }
        }
      }
    }
  }
}
[15:15:50.273] [bmv2] [D] [thread 18383] Entry 1 added to table 'MyIngress.ipv4_lpm'
[15:15:50.273] [bmv2] [D] [thread 18383] Dumping entry 1
Match key:
* hdr.ipv4.dstAddr    : LPM       0a000101/32
Action entry: MyIngress.ipv4_forward - 80000000111,1,

Connection removed
[15:15:50.376] [bmv2] [D] [thread 18264] [21.0] [cxt 0] Processing packet received on port 2
[15:15:50.376] [bmv2] [D] [thread 18264] [21.0] [cxt 0] Parser 'parser': start
[15:15:50.377] [bmv2] [D] [thread 18264] [21.0] [cxt 0] Parser 'parser' entering state 'start'
[15:15:50.377] [bmv2] [D] [thread 18264] [21.0] [cxt 0] Extracting header 'ethernet'
[15:15:50.377] [bmv2] [D] [thread 18264] [21.0] [cxt 0] Parser state 'start': key is 86dd
[15:15:50.377] [bmv2] [T] [thread 18264] [21.0] [cxt 0] Bytes parsed: 14
[15:15:50.378] [bmv2] [D] [thread 18264] [21.0] [cxt 0] Parser 'parser': end
[15:15:50.378] [bmv2] [D] [thread 18264] [21.0] [cxt 0] Pipeline 'ingress': start
[15:15:50.378] [bmv2] [T] [thread 18264] [21.0] [cxt 0] Applying table 'MyIngress.ipv4_lpm'
[15:15:50.378] [bmv2] [D] [thread 18264] [21.0] [cxt 0] Looking up key:
* hdr.ipv4.dstAddr    : 00000000

[15:15:50.378] [bmv2] [D] [thread 18264] [21.0] [cxt 0] Table 'MyIngress.ipv4_lpm': miss
[15:15:50.378] [bmv2] [D] [thread 18264] [21.0] [cxt 0] Action entry is MyIngress.drop - 
[15:15:50.379] [bmv2] [T] [thread 18264] [21.0] [cxt 0] Action MyIngress.drop
[15:15:50.379] [bmv2] [T] [thread 18264] [21.0] [cxt 0] streaming.p4(159) Primitive mark_to_drop(standard_metadata)
[15:15:50.379] [bmv2] [D] [thread 18264] [21.0] [cxt 0] Pipeline 'ingress': end
[15:15:50.379] [bmv2] [D] [thread 18264] [21.0] [cxt 0] Egress port is 511
[15:15:50.379] [bmv2] [D] [thread 18264] [21.0] [cxt 0] Dropping packet at the end of ingress
[15:15:50.427] [bmv2] [D] [thread 18264] [22.0] [cxt 0] Processing packet received on port 3
[15:15:50.427] [bmv2] [D] [thread 18264] [22.0] [cxt 0] Parser 'parser': start
[15:15:50.427] [bmv2] [D] [thread 18264] [22.0] [cxt 0] Parser 'parser' entering state 'start'
[15:15:50.427] [bmv2] [D] [thread 18264] [22.0] [cxt 0] Extracting header 'ethernet'
[15:15:50.428] [bmv2] [D] [thread 18264] [22.0] [cxt 0] Parser state 'start': key is 86dd
[15:15:50.428] [bmv2] [T] [thread 18264] [22.0] [cxt 0] Bytes parsed: 14
[15:15:50.428] [bmv2] [D] [thread 18264] [22.0] [cxt 0] Parser 'parser': end
[15:15:50.428] [bmv2] [D] [thread 18264] [22.0] [cxt 0] Pipeline 'ingress': start
[15:15:50.428] [bmv2] [T] [thread 18264] [22.0] [cxt 0] Applying table 'MyIngress.ipv4_lpm'
[15:15:50.429] [bmv2] [D] [thread 18264] [22.0] [cxt 0] Looking up key:
* hdr.ipv4.dstAddr    : 00000000

[15:15:50.429] [bmv2] [D] [thread 18264] [22.0] [cxt 0] Table 'MyIngress.ipv4_lpm': miss
[15:15:50.429] [bmv2] [D] [thread 18264] [22.0] [cxt 0] Action entry is MyIngress.drop - 
[15:15:50.429] [bmv2] [T] [thread 18264] [22.0] [cxt 0] Action MyIngress.drop
[15:15:50.429] [bmv2] [T] [thread 18264] [22.0] [cxt 0] streaming.p4(159) Primitive mark_to_drop(standard_metadata)
[15:15:50.429] [bmv2] [D] [thread 18264] [22.0] [cxt 0] Pipeline 'ingress': end
[15:15:50.429] [bmv2] [D] [thread 18264] [22.0] [cxt 0] Egress port is 511
[15:15:50.429] [bmv2] [D] [thread 18264] [22.0] [cxt 0] Dropping packet at the end of ingress
[15:15:50.511] [bmv2] [D] [thread 18264] [23.0] [cxt 0] Processing packet received on port 2
[15:15:50.511] [bmv2] [D] [thread 18264] [23.0] [cxt 0] Parser 'parser': start
[15:15:50.511] [bmv2] [D] [thread 18264] [23.0] [cxt 0] Parser 'parser' entering state 'start'
[15:15:50.512] [bmv2] [D] [thread 18264] [23.0] [cxt 0] Extracting header 'ethernet'
[15:15:50.512] [bmv2] [D] [thread 18264] [23.0] [cxt 0] Parser state 'start': key is 86dd
[15:15:50.512] [bmv2] [T] [thread 18264] [23.0] [cxt 0] Bytes parsed: 14
[15:15:50.512] [bmv2] [D] [thread 18264] [23.0] [cxt 0] Parser 'parser': end
[15:15:50.513] [bmv2] [D] [thread 18264] [23.0] [cxt 0] Pipeline 'ingress': start
[15:15:50.513] [bmv2] [T] [thread 18264] [23.0] [cxt 0] Applying table 'MyIngress.ipv4_lpm'
[15:15:50.513] [bmv2] [D] [thread 18264] [23.0] [cxt 0] Looking up key:
* hdr.ipv4.dstAddr    : 00000000

[15:15:50.513] [bmv2] [D] [thread 18264] [23.0] [cxt 0] Table 'MyIngress.ipv4_lpm': miss
[15:15:50.514] [bmv2] [D] [thread 18264] [23.0] [cxt 0] Action entry is MyIngress.drop - 
[15:15:50.514] [bmv2] [T] [thread 18264] [23.0] [cxt 0] Action MyIngress.drop
[15:15:50.514] [bmv2] [T] [thread 18264] [23.0] [cxt 0] streaming.p4(159) Primitive mark_to_drop(standard_metadata)
[15:15:50.514] [bmv2] [D] [thread 18264] [23.0] [cxt 0] Pipeline 'ingress': end
[15:15:50.514] [bmv2] [D] [thread 18264] [23.0] [cxt 0] Egress port is 511
[15:15:50.514] [bmv2] [D] [thread 18264] [23.0] [cxt 0] Dropping packet at the end of ingress
[15:15:50.530] [bmv2] [D] [thread 18264] [24.0] [cxt 0] Processing packet received on port 3
[15:15:50.530] [bmv2] [D] [thread 18264] [24.0] [cxt 0] Parser 'parser': start
[15:15:50.531] [bmv2] [D] [thread 18264] [24.0] [cxt 0] Parser 'parser' entering state 'start'
[15:15:50.531] [bmv2] [D] [thread 18264] [24.0] [cxt 0] Extracting header 'ethernet'
[15:15:50.531] [bmv2] [D] [thread 18264] [24.0] [cxt 0] Parser state 'start': key is 86dd
[15:15:50.531] [bmv2] [T] [thread 18264] [24.0] [cxt 0] Bytes parsed: 14
[15:15:50.532] [bmv2] [D] [thread 18264] [24.0] [cxt 0] Parser 'parser': end
[15:15:50.532] [bmv2] [D] [thread 18264] [24.0] [cxt 0] Pipeline 'ingress': start
[15:15:50.532] [bmv2] [T] [thread 18264] [24.0] [cxt 0] Applying table 'MyIngress.ipv4_lpm'
[15:15:50.532] [bmv2] [D] [thread 18264] [24.0] [cxt 0] Looking up key:
* hdr.ipv4.dstAddr    : 00000000

[15:15:50.532] [bmv2] [D] [thread 18264] [24.0] [cxt 0] Table 'MyIngress.ipv4_lpm': miss
[15:15:50.532] [bmv2] [D] [thread 18264] [24.0] [cxt 0] Action entry is MyIngress.drop - 
[15:15:50.533] [bmv2] [T] [thread 18264] [24.0] [cxt 0] Action MyIngress.drop
[15:15:50.533] [bmv2] [T] [thread 18264] [24.0] [cxt 0] streaming.p4(159) Primitive mark_to_drop(standard_metadata)
[15:15:50.533] [bmv2] [D] [thread 18264] [24.0] [cxt 0] Pipeline 'ingress': end
[15:15:50.533] [bmv2] [D] [thread 18264] [24.0] [cxt 0] Egress port is 511
[15:15:50.533] [bmv2] [D] [thread 18264] [24.0] [cxt 0] Dropping packet at the end of ingress
[15:15:50.968] [bmv2] [D] [thread 18264] [25.0] [cxt 0] Processing packet received on port 1
[15:15:50.968] [bmv2] [D] [thread 18264] [25.0] [cxt 0] Parser 'parser': start
[15:15:50.968] [bmv2] [D] [thread 18264] [25.0] [cxt 0] Parser 'parser' entering state 'start'
[15:15:50.968] [bmv2] [D] [thread 18264] [25.0] [cxt 0] Extracting header 'ethernet'
[15:15:50.968] [bmv2] [D] [thread 18264] [25.0] [cxt 0] Parser state 'start': key is 86dd
[15:15:50.969] [bmv2] [T] [thread 18264] [25.0] [cxt 0] Bytes parsed: 14
[15:15:50.969] [bmv2] [D] [thread 18264] [25.0] [cxt 0] Parser 'parser': end
[15:15:50.969] [bmv2] [D] [thread 18264] [25.0] [cxt 0] Pipeline 'ingress': start
[15:15:50.969] [bmv2] [T] [thread 18264] [25.0] [cxt 0] Applying table 'MyIngress.ipv4_lpm'
[15:15:50.970] [bmv2] [D] [thread 18264] [25.0] [cxt 0] Looking up key:
* hdr.ipv4.dstAddr    : 00000000

[15:15:50.970] [bmv2] [D] [thread 18264] [25.0] [cxt 0] Table 'MyIngress.ipv4_lpm': miss
[15:15:50.970] [bmv2] [D] [thread 18264] [25.0] [cxt 0] Action entry is MyIngress.drop - 
[15:15:50.970] [bmv2] [T] [thread 18264] [25.0] [cxt 0] Action MyIngress.drop
[15:15:50.970] [bmv2] [T] [thread 18264] [25.0] [cxt 0] streaming.p4(159) Primitive mark_to_drop(standard_metadata)
[15:15:50.970] [bmv2] [D] [thread 18264] [25.0] [cxt 0] Pipeline 'ingress': end
[15:15:50.970] [bmv2] [D] [thread 18264] [25.0] [cxt 0] Egress port is 511
[15:15:50.970] [bmv2] [D] [thread 18264] [25.0] [cxt 0] Dropping packet at the end of ingress
[15:15:52.292] [bmv2] [D] [thread 18264] [26.0] [cxt 0] Processing packet received on port 1
[15:15:52.292] [bmv2] [D] [thread 18264] [26.0] [cxt 0] Parser 'parser': start
[15:15:52.292] [bmv2] [D] [thread 18264] [26.0] [cxt 0] Parser 'parser' entering state 'start'
[15:15:52.293] [bmv2] [D] [thread 18264] [26.0] [cxt 0] Extracting header 'ethernet'
[15:15:52.293] [bmv2] [D] [thread 18264] [26.0] [cxt 0] Parser state 'start': key is 0800
[15:15:52.293] [bmv2] [T] [thread 18264] [26.0] [cxt 0] Bytes parsed: 14
[15:15:52.293] [bmv2] [D] [thread 18264] [26.0] [cxt 0] Parser 'parser' entering state 'parse_ipv4'
[15:15:52.293] [bmv2] [D] [thread 18264] [26.0] [cxt 0] Extracting header 'ipv4'
[15:15:52.294] [bmv2] [D] [thread 18264] [26.0] [cxt 0] Parser state 'parse_ipv4' has no switch, going to default next state
[15:15:52.294] [bmv2] [T] [thread 18264] [26.0] [cxt 0] Bytes parsed: 34
[15:15:52.294] [bmv2] [D] [thread 18264] [26.0] [cxt 0] Parser 'parser': end
[15:15:52.294] [bmv2] [D] [thread 18264] [26.0] [cxt 0] Pipeline 'ingress': start
[15:15:52.294] [bmv2] [T] [thread 18264] [26.0] [cxt 0] Applying table 'MyIngress.ipv4_lpm'
[15:15:52.294] [bmv2] [D] [thread 18264] [26.0] [cxt 0] Looking up key:
* hdr.ipv4.dstAddr    : 0a000707

[15:15:52.294] [bmv2] [D] [thread 18264] [26.0] [cxt 0] Table 'MyIngress.ipv4_lpm': hit with handle 0
[15:15:52.295] [bmv2] [D] [thread 18264] [26.0] [cxt 0] Dumping entry 0
Match key:
* hdr.ipv4.dstAddr    : LPM       0a000700/24
Action entry: MyIngress.ipv4_forward - 80000000555,2,

[15:15:52.295] [bmv2] [D] [thread 18264] [26.0] [cxt 0] Action entry is MyIngress.ipv4_forward - 80000000555,2,
[15:15:52.295] [bmv2] [T] [thread 18264] [26.0] [cxt 0] Action MyIngress.ipv4_forward
[15:15:52.295] [bmv2] [T] [thread 18264] [26.0] [cxt 0] streaming.p4(149) Primitive hdr.ethernet.dst = dstAddr
[15:15:52.295] [bmv2] [T] [thread 18264] [26.0] [cxt 0] streaming.p4(149) Primitive dstAddr; ...
[15:15:52.295] [bmv2] [T] [thread 18264] [26.0] [cxt 0] streaming.p4(151) Primitive standard_metadata.egress_spec = port
[15:15:52.295] [bmv2] [T] [thread 18264] [26.0] [cxt 0] streaming.p4(152) Primitive hdr.ipv4.ttl = hdr.ipv4.ttl - 1
[15:15:52.295] [bmv2] [D] [thread 18264] [26.0] [cxt 0] Pipeline 'ingress': end
[15:15:52.295] [bmv2] [D] [thread 18264] [26.0] [cxt 0] Egress port is 2
[15:15:52.296] [bmv2] [D] [thread 18267] [26.0] [cxt 0] Pipeline 'egress': start
[15:15:52.296] [bmv2] [D] [thread 18267] [26.0] [cxt 0] Pipeline 'egress': end
[15:15:52.296] [bmv2] [D] [thread 18267] [26.0] [cxt 0] Deparser 'deparser': start
[15:15:52.296] [bmv2] [D] [thread 18267] [26.0] [cxt 0] Updating checksum 'cksum'
[15:15:52.296] [bmv2] [D] [thread 18267] [26.0] [cxt 0] Deparsing header 'ethernet'
[15:15:52.296] [bmv2] [D] [thread 18267] [26.0] [cxt 0] Deparsing header 'ipv4'
[15:15:52.297] [bmv2] [D] [thread 18267] [26.0] [cxt 0] Deparser 'deparser': end
[15:15:52.298] [bmv2] [D] [thread 18269] [26.0] [cxt 0] Transmitting packet of size 98 out of port 2
[15:15:52.348] [bmv2] [D] [thread 18264] [27.0] [cxt 0] Processing packet received on port 2
[15:15:52.348] [bmv2] [D] [thread 18264] [27.0] [cxt 0] Parser 'parser': start
[15:15:52.349] [bmv2] [D] [thread 18264] [27.0] [cxt 0] Parser 'parser' entering state 'start'
[15:15:52.349] [bmv2] [D] [thread 18264] [27.0] [cxt 0] Extracting header 'ethernet'
[15:15:52.349] [bmv2] [D] [thread 18264] [27.0] [cxt 0] Parser state 'start': key is 0800
[15:15:52.349] [bmv2] [T] [thread 18264] [27.0] [cxt 0] Bytes parsed: 14
[15:15:52.349] [bmv2] [D] [thread 18264] [27.0] [cxt 0] Parser 'parser' entering state 'parse_ipv4'
[15:15:52.349] [bmv2] [D] [thread 18264] [27.0] [cxt 0] Extracting header 'ipv4'
[15:15:52.349] [bmv2] [D] [thread 18264] [27.0] [cxt 0] Parser state 'parse_ipv4' has no switch, going to default next state
[15:15:52.350] [bmv2] [T] [thread 18264] [27.0] [cxt 0] Bytes parsed: 34
[15:15:52.350] [bmv2] [D] [thread 18264] [27.0] [cxt 0] Parser 'parser': end
[15:15:52.350] [bmv2] [D] [thread 18264] [27.0] [cxt 0] Pipeline 'ingress': start
[15:15:52.350] [bmv2] [T] [thread 18264] [27.0] [cxt 0] Applying table 'MyIngress.ipv4_lpm'
[15:15:52.350] [bmv2] [D] [thread 18264] [27.0] [cxt 0] Looking up key:
* hdr.ipv4.dstAddr    : 0a000101

[15:15:52.350] [bmv2] [D] [thread 18264] [27.0] [cxt 0] Table 'MyIngress.ipv4_lpm': hit with handle 1
[15:15:52.350] [bmv2] [D] [thread 18264] [27.0] [cxt 0] Dumping entry 1
Match key:
* hdr.ipv4.dstAddr    : LPM       0a000101/32
Action entry: MyIngress.ipv4_forward - 80000000111,1,

[15:15:52.350] [bmv2] [D] [thread 18264] [27.0] [cxt 0] Action entry is MyIngress.ipv4_forward - 80000000111,1,
[15:15:52.350] [bmv2] [T] [thread 18264] [27.0] [cxt 0] Action MyIngress.ipv4_forward
[15:15:52.350] [bmv2] [T] [thread 18264] [27.0] [cxt 0] streaming.p4(149) Primitive hdr.ethernet.dst = dstAddr
[15:15:52.351] [bmv2] [T] [thread 18264] [27.0] [cxt 0] streaming.p4(149) Primitive dstAddr; ...
[15:15:52.351] [bmv2] [T] [thread 18264] [27.0] [cxt 0] streaming.p4(151) Primitive standard_metadata.egress_spec = port
[15:15:52.351] [bmv2] [T] [thread 18264] [27.0] [cxt 0] streaming.p4(152) Primitive hdr.ipv4.ttl = hdr.ipv4.ttl - 1
[15:15:52.351] [bmv2] [D] [thread 18264] [27.0] [cxt 0] Pipeline 'ingress': end
[15:15:52.351] [bmv2] [D] [thread 18264] [27.0] [cxt 0] Egress port is 1
[15:15:52.351] [bmv2] [D] [thread 18266] [27.0] [cxt 0] Pipeline 'egress': start
[15:15:52.351] [bmv2] [D] [thread 18266] [27.0] [cxt 0] Pipeline 'egress': end
[15:15:52.351] [bmv2] [D] [thread 18266] [27.0] [cxt 0] Deparser 'deparser': start
[15:15:52.352] [bmv2] [D] [thread 18266] [27.0] [cxt 0] Updating checksum 'cksum'
[15:15:52.352] [bmv2] [D] [thread 18266] [27.0] [cxt 0] Deparsing header 'ethernet'
[15:15:52.352] [bmv2] [D] [thread 18266] [27.0] [cxt 0] Deparsing header 'ipv4'
[15:15:52.352] [bmv2] [D] [thread 18266] [27.0] [cxt 0] Deparser 'deparser': end
[15:15:52.352] [bmv2] [D] [thread 18269] [27.0] [cxt 0] Transmitting packet of size 98 out of port 1
[15:15:53.293] [bmv2] [D] [thread 18264] [28.0] [cxt 0] Processing packet received on port 1
[15:15:53.293] [bmv2] [D] [thread 18264] [28.0] [cxt 0] Parser 'parser': start
[15:15:53.293] [bmv2] [D] [thread 18264] [28.0] [cxt 0] Parser 'parser' entering state 'start'
[15:15:53.293] [bmv2] [D] [thread 18264] [28.0] [cxt 0] Extracting header 'ethernet'
[15:15:53.294] [bmv2] [D] [thread 18264] [28.0] [cxt 0] Parser state 'start': key is 0800
[15:15:53.294] [bmv2] [T] [thread 18264] [28.0] [cxt 0] Bytes parsed: 14
[15:15:53.294] [bmv2] [D] [thread 18264] [28.0] [cxt 0] Parser 'parser' entering state 'parse_ipv4'
[15:15:53.294] [bmv2] [D] [thread 18264] [28.0] [cxt 0] Extracting header 'ipv4'
[15:15:53.295] [bmv2] [D] [thread 18264] [28.0] [cxt 0] Parser state 'parse_ipv4' has no switch, going to default next state
[15:15:53.295] [bmv2] [T] [thread 18264] [28.0] [cxt 0] Bytes parsed: 34
[15:15:53.295] [bmv2] [D] [thread 18264] [28.0] [cxt 0] Parser 'parser': end
[15:15:53.295] [bmv2] [D] [thread 18264] [28.0] [cxt 0] Pipeline 'ingress': start
[15:15:53.295] [bmv2] [T] [thread 18264] [28.0] [cxt 0] Applying table 'MyIngress.ipv4_lpm'
[15:15:53.295] [bmv2] [D] [thread 18264] [28.0] [cxt 0] Looking up key:
* hdr.ipv4.dstAddr    : 0a000707

[15:15:53.295] [bmv2] [D] [thread 18264] [28.0] [cxt 0] Table 'MyIngress.ipv4_lpm': hit with handle 0
[15:15:53.295] [bmv2] [D] [thread 18264] [28.0] [cxt 0] Dumping entry 0
Match key:
* hdr.ipv4.dstAddr    : LPM       0a000700/24
Action entry: MyIngress.ipv4_forward - 80000000555,2,

[15:15:53.295] [bmv2] [D] [thread 18264] [28.0] [cxt 0] Action entry is MyIngress.ipv4_forward - 80000000555,2,
[15:15:53.296] [bmv2] [T] [thread 18264] [28.0] [cxt 0] Action MyIngress.ipv4_forward
[15:15:53.296] [bmv2] [T] [thread 18264] [28.0] [cxt 0] streaming.p4(149) Primitive hdr.ethernet.dst = dstAddr
[15:15:53.296] [bmv2] [T] [thread 18264] [28.0] [cxt 0] streaming.p4(149) Primitive dstAddr; ...
[15:15:53.296] [bmv2] [T] [thread 18264] [28.0] [cxt 0] streaming.p4(151) Primitive standard_metadata.egress_spec = port
[15:15:53.296] [bmv2] [T] [thread 18264] [28.0] [cxt 0] streaming.p4(152) Primitive hdr.ipv4.ttl = hdr.ipv4.ttl - 1
[15:15:53.296] [bmv2] [D] [thread 18264] [28.0] [cxt 0] Pipeline 'ingress': end
[15:15:53.296] [bmv2] [D] [thread 18264] [28.0] [cxt 0] Egress port is 2
[15:15:53.296] [bmv2] [D] [thread 18267] [28.0] [cxt 0] Pipeline 'egress': start
[15:15:53.296] [bmv2] [D] [thread 18267] [28.0] [cxt 0] Pipeline 'egress': end
[15:15:53.296] [bmv2] [D] [thread 18267] [28.0] [cxt 0] Deparser 'deparser': start
[15:15:53.296] [bmv2] [D] [thread 18267] [28.0] [cxt 0] Updating checksum 'cksum'
[15:15:53.297] [bmv2] [D] [thread 18267] [28.0] [cxt 0] Deparsing header 'ethernet'
[15:15:53.297] [bmv2] [D] [thread 18267] [28.0] [cxt 0] Deparsing header 'ipv4'
[15:15:53.297] [bmv2] [D] [thread 18267] [28.0] [cxt 0] Deparser 'deparser': end
[15:15:53.297] [bmv2] [D] [thread 18269] [28.0] [cxt 0] Transmitting packet of size 98 out of port 2
[15:15:53.337] [bmv2] [D] [thread 18264] [29.0] [cxt 0] Processing packet received on port 2
[15:15:53.338] [bmv2] [D] [thread 18264] [29.0] [cxt 0] Parser 'parser': start
[15:15:53.338] [bmv2] [D] [thread 18264] [29.0] [cxt 0] Parser 'parser' entering state 'start'
[15:15:53.338] [bmv2] [D] [thread 18264] [29.0] [cxt 0] Extracting header 'ethernet'
[15:15:53.338] [bmv2] [D] [thread 18264] [29.0] [cxt 0] Parser state 'start': key is 0800
[15:15:53.338] [bmv2] [T] [thread 18264] [29.0] [cxt 0] Bytes parsed: 14
[15:15:53.338] [bmv2] [D] [thread 18264] [29.0] [cxt 0] Parser 'parser' entering state 'parse_ipv4'
[15:15:53.338] [bmv2] [D] [thread 18264] [29.0] [cxt 0] Extracting header 'ipv4'
[15:15:53.339] [bmv2] [D] [thread 18264] [29.0] [cxt 0] Parser state 'parse_ipv4' has no switch, going to default next state
[15:15:53.339] [bmv2] [T] [thread 18264] [29.0] [cxt 0] Bytes parsed: 34
[15:15:53.339] [bmv2] [D] [thread 18264] [29.0] [cxt 0] Parser 'parser': end
[15:15:53.339] [bmv2] [D] [thread 18264] [29.0] [cxt 0] Pipeline 'ingress': start
[15:15:53.339] [bmv2] [T] [thread 18264] [29.0] [cxt 0] Applying table 'MyIngress.ipv4_lpm'
[15:15:53.339] [bmv2] [D] [thread 18264] [29.0] [cxt 0] Looking up key:
* hdr.ipv4.dstAddr    : 0a000101

[15:15:53.339] [bmv2] [D] [thread 18264] [29.0] [cxt 0] Table 'MyIngress.ipv4_lpm': hit with handle 1
[15:15:53.339] [bmv2] [D] [thread 18264] [29.0] [cxt 0] Dumping entry 1
Match key:
* hdr.ipv4.dstAddr    : LPM       0a000101/32
Action entry: MyIngress.ipv4_forward - 80000000111,1,

[15:15:53.339] [bmv2] [D] [thread 18264] [29.0] [cxt 0] Action entry is MyIngress.ipv4_forward - 80000000111,1,
[15:15:53.339] [bmv2] [T] [thread 18264] [29.0] [cxt 0] Action MyIngress.ipv4_forward
[15:15:53.339] [bmv2] [T] [thread 18264] [29.0] [cxt 0] streaming.p4(149) Primitive hdr.ethernet.dst = dstAddr
[15:15:53.340] [bmv2] [T] [thread 18264] [29.0] [cxt 0] streaming.p4(149) Primitive dstAddr; ...
[15:15:53.340] [bmv2] [T] [thread 18264] [29.0] [cxt 0] streaming.p4(151) Primitive standard_metadata.egress_spec = port
[15:15:53.340] [bmv2] [T] [thread 18264] [29.0] [cxt 0] streaming.p4(152) Primitive hdr.ipv4.ttl = hdr.ipv4.ttl - 1
[15:15:53.340] [bmv2] [D] [thread 18264] [29.0] [cxt 0] Pipeline 'ingress': end
[15:15:53.340] [bmv2] [D] [thread 18264] [29.0] [cxt 0] Egress port is 1
[15:15:53.340] [bmv2] [D] [thread 18266] [29.0] [cxt 0] Pipeline 'egress': start
[15:15:53.340] [bmv2] [D] [thread 18266] [29.0] [cxt 0] Pipeline 'egress': end
[15:15:53.340] [bmv2] [D] [thread 18266] [29.0] [cxt 0] Deparser 'deparser': start
[15:15:53.340] [bmv2] [D] [thread 18266] [29.0] [cxt 0] Updating checksum 'cksum'
[15:15:53.340] [bmv2] [D] [thread 18266] [29.0] [cxt 0] Deparsing header 'ethernet'
[15:15:53.340] [bmv2] [D] [thread 18266] [29.0] [cxt 0] Deparsing header 'ipv4'
[15:15:53.340] [bmv2] [D] [thread 18266] [29.0] [cxt 0] Deparser 'deparser': end
[15:15:53.341] [bmv2] [D] [thread 18269] [29.0] [cxt 0] Transmitting packet of size 98 out of port 1
[15:15:54.388] [bmv2] [D] [thread 18264] [30.0] [cxt 0] Processing packet received on port 2
[15:15:54.388] [bmv2] [D] [thread 18264] [30.0] [cxt 0] Parser 'parser': start
[15:15:54.388] [bmv2] [D] [thread 18264] [30.0] [cxt 0] Parser 'parser' entering state 'start'
[15:15:54.388] [bmv2] [D] [thread 18264] [30.0] [cxt 0] Extracting header 'ethernet'
[15:15:54.389] [bmv2] [D] [thread 18264] [30.0] [cxt 0] Parser state 'start': key is 86dd
[15:15:54.389] [bmv2] [T] [thread 18264] [30.0] [cxt 0] Bytes parsed: 14
[15:15:54.389] [bmv2] [D] [thread 18264] [30.0] [cxt 0] Parser 'parser': end
[15:15:54.389] [bmv2] [D] [thread 18264] [30.0] [cxt 0] Pipeline 'ingress': start
[15:15:54.390] [bmv2] [T] [thread 18264] [30.0] [cxt 0] Applying table 'MyIngress.ipv4_lpm'
[15:15:54.390] [bmv2] [D] [thread 18264] [30.0] [cxt 0] Looking up key:
* hdr.ipv4.dstAddr    : 00000000

[15:15:54.390] [bmv2] [D] [thread 18264] [30.0] [cxt 0] Table 'MyIngress.ipv4_lpm': miss
[15:15:54.390] [bmv2] [D] [thread 18264] [30.0] [cxt 0] Action entry is MyIngress.drop - 
[15:15:54.390] [bmv2] [T] [thread 18264] [30.0] [cxt 0] Action MyIngress.drop
[15:15:54.390] [bmv2] [T] [thread 18264] [30.0] [cxt 0] streaming.p4(159) Primitive mark_to_drop(standard_metadata)
[15:15:54.391] [bmv2] [D] [thread 18264] [30.0] [cxt 0] Pipeline 'ingress': end
[15:15:54.391] [bmv2] [D] [thread 18264] [30.0] [cxt 0] Egress port is 511
[15:15:54.391] [bmv2] [D] [thread 18264] [30.0] [cxt 0] Dropping packet at the end of ingress
[15:15:54.435] [bmv2] [D] [thread 18264] [31.0] [cxt 0] Processing packet received on port 3
[15:15:54.435] [bmv2] [D] [thread 18264] [31.0] [cxt 0] Parser 'parser': start
[15:15:54.435] [bmv2] [D] [thread 18264] [31.0] [cxt 0] Parser 'parser' entering state 'start'
[15:15:54.436] [bmv2] [D] [thread 18264] [31.0] [cxt 0] Extracting header 'ethernet'
[15:15:54.436] [bmv2] [D] [thread 18264] [31.0] [cxt 0] Parser state 'start': key is 86dd
[15:15:54.436] [bmv2] [T] [thread 18264] [31.0] [cxt 0] Bytes parsed: 14
[15:15:54.436] [bmv2] [D] [thread 18264] [31.0] [cxt 0] Parser 'parser': end
[15:15:54.437] [bmv2] [D] [thread 18264] [31.0] [cxt 0] Pipeline 'ingress': start
[15:15:54.437] [bmv2] [T] [thread 18264] [31.0] [cxt 0] Applying table 'MyIngress.ipv4_lpm'
[15:15:54.437] [bmv2] [D] [thread 18264] [31.0] [cxt 0] Looking up key:
* hdr.ipv4.dstAddr    : 00000000

[15:15:54.437] [bmv2] [D] [thread 18264] [31.0] [cxt 0] Table 'MyIngress.ipv4_lpm': miss
[15:15:54.437] [bmv2] [D] [thread 18264] [31.0] [cxt 0] Action entry is MyIngress.drop - 
[15:15:54.437] [bmv2] [T] [thread 18264] [31.0] [cxt 0] Action MyIngress.drop
[15:15:54.438] [bmv2] [T] [thread 18264] [31.0] [cxt 0] streaming.p4(159) Primitive mark_to_drop(standard_metadata)
[15:15:54.438] [bmv2] [D] [thread 18264] [31.0] [cxt 0] Pipeline 'ingress': end
[15:15:54.438] [bmv2] [D] [thread 18264] [31.0] [cxt 0] Egress port is 511
[15:15:54.439] [bmv2] [D] [thread 18264] [31.0] [cxt 0] Dropping packet at the end of ingress
[15:15:54.525] [bmv2] [D] [thread 18264] [32.0] [cxt 0] Processing packet received on port 2
[15:15:54.526] [bmv2] [D] [thread 18264] [32.0] [cxt 0] Parser 'parser': start
[15:15:54.526] [bmv2] [D] [thread 18264] [32.0] [cxt 0] Parser 'parser' entering state 'start'
[15:15:54.526] [bmv2] [D] [thread 18264] [32.0] [cxt 0] Extracting header 'ethernet'
[15:15:54.526] [bmv2] [D] [thread 18264] [32.0] [cxt 0] Parser state 'start': key is 86dd
[15:15:54.527] [bmv2] [T] [thread 18264] [32.0] [cxt 0] Bytes parsed: 14
[15:15:54.527] [bmv2] [D] [thread 18264] [32.0] [cxt 0] Parser 'parser': end
[15:15:54.527] [bmv2] [D] [thread 18264] [32.0] [cxt 0] Pipeline 'ingress': start
[15:15:54.527] [bmv2] [T] [thread 18264] [32.0] [cxt 0] Applying table 'MyIngress.ipv4_lpm'
[15:15:54.528] [bmv2] [D] [thread 18264] [32.0] [cxt 0] Looking up key:
* hdr.ipv4.dstAddr    : 00000000

[15:15:54.528] [bmv2] [D] [thread 18264] [32.0] [cxt 0] Table 'MyIngress.ipv4_lpm': miss
[15:15:54.528] [bmv2] [D] [thread 18264] [32.0] [cxt 0] Action entry is MyIngress.drop - 
[15:15:54.528] [bmv2] [T] [thread 18264] [32.0] [cxt 0] Action MyIngress.drop
[15:15:54.528] [bmv2] [T] [thread 18264] [32.0] [cxt 0] streaming.p4(159) Primitive mark_to_drop(standard_metadata)
[15:15:54.529] [bmv2] [D] [thread 18264] [32.0] [cxt 0] Pipeline 'ingress': end
[15:15:54.529] [bmv2] [D] [thread 18264] [32.0] [cxt 0] Egress port is 511
[15:15:54.529] [bmv2] [D] [thread 18264] [32.0] [cxt 0] Dropping packet at the end of ingress
[15:15:54.539] [bmv2] [D] [thread 18264] [33.0] [cxt 0] Processing packet received on port 3
[15:15:54.539] [bmv2] [D] [thread 18264] [33.0] [cxt 0] Parser 'parser': start
[15:15:54.539] [bmv2] [D] [thread 18264] [33.0] [cxt 0] Parser 'parser' entering state 'start'
[15:15:54.539] [bmv2] [D] [thread 18264] [33.0] [cxt 0] Extracting header 'ethernet'
[15:15:54.540] [bmv2] [D] [thread 18264] [33.0] [cxt 0] Parser state 'start': key is 86dd
[15:15:54.540] [bmv2] [T] [thread 18264] [33.0] [cxt 0] Bytes parsed: 14
[15:15:54.541] [bmv2] [D] [thread 18264] [33.0] [cxt 0] Parser 'parser': end
[15:15:54.541] [bmv2] [D] [thread 18264] [33.0] [cxt 0] Pipeline 'ingress': start
[15:15:54.541] [bmv2] [T] [thread 18264] [33.0] [cxt 0] Applying table 'MyIngress.ipv4_lpm'
[15:15:54.541] [bmv2] [D] [thread 18264] [33.0] [cxt 0] Looking up key:
* hdr.ipv4.dstAddr    : 00000000

[15:15:54.541] [bmv2] [D] [thread 18264] [33.0] [cxt 0] Table 'MyIngress.ipv4_lpm': miss
[15:15:54.542] [bmv2] [D] [thread 18264] [33.0] [cxt 0] Action entry is MyIngress.drop - 
[15:15:54.542] [bmv2] [T] [thread 18264] [33.0] [cxt 0] Action MyIngress.drop
[15:15:54.542] [bmv2] [T] [thread 18264] [33.0] [cxt 0] streaming.p4(159) Primitive mark_to_drop(standard_metadata)
[15:15:54.542] [bmv2] [D] [thread 18264] [33.0] [cxt 0] Pipeline 'ingress': end
[15:15:54.542] [bmv2] [D] [thread 18264] [33.0] [cxt 0] Egress port is 511
[15:15:54.542] [bmv2] [D] [thread 18264] [33.0] [cxt 0] Dropping packet at the end of ingress
[15:15:54.978] [bmv2] [D] [thread 18264] [34.0] [cxt 0] Processing packet received on port 1
[15:15:54.978] [bmv2] [D] [thread 18264] [34.0] [cxt 0] Parser 'parser': start
[15:15:54.978] [bmv2] [D] [thread 18264] [34.0] [cxt 0] Parser 'parser' entering state 'start'
[15:15:54.979] [bmv2] [D] [thread 18264] [34.0] [cxt 0] Extracting header 'ethernet'
[15:15:54.979] [bmv2] [D] [thread 18264] [34.0] [cxt 0] Parser state 'start': key is 86dd
[15:15:54.979] [bmv2] [T] [thread 18264] [34.0] [cxt 0] Bytes parsed: 14
[15:15:54.979] [bmv2] [D] [thread 18264] [34.0] [cxt 0] Parser 'parser': end
[15:15:54.980] [bmv2] [D] [thread 18264] [34.0] [cxt 0] Pipeline 'ingress': start
[15:15:54.980] [bmv2] [T] [thread 18264] [34.0] [cxt 0] Applying table 'MyIngress.ipv4_lpm'
[15:15:54.980] [bmv2] [D] [thread 18264] [34.0] [cxt 0] Looking up key:
* hdr.ipv4.dstAddr    : 00000000

[15:15:54.980] [bmv2] [D] [thread 18264] [34.0] [cxt 0] Table 'MyIngress.ipv4_lpm': miss
[15:15:54.980] [bmv2] [D] [thread 18264] [34.0] [cxt 0] Action entry is MyIngress.drop - 
[15:15:54.980] [bmv2] [T] [thread 18264] [34.0] [cxt 0] Action MyIngress.drop
[15:15:54.980] [bmv2] [T] [thread 18264] [34.0] [cxt 0] streaming.p4(159) Primitive mark_to_drop(standard_metadata)
[15:15:54.981] [bmv2] [D] [thread 18264] [34.0] [cxt 0] Pipeline 'ingress': end
[15:15:54.981] [bmv2] [D] [thread 18264] [34.0] [cxt 0] Egress port is 511
[15:15:54.981] [bmv2] [D] [thread 18264] [34.0] [cxt 0] Dropping packet at the end of ingress
open: No such file or directory
open: No such file or directory
open: No such file or directory
open: No such file or directory
