Calling target program-options parser
[11:41:20.820] [bmv2] [D] [thread 5118] Set default default entry for table 'MyIngress.ipv4_lpm': NoAction - 
[11:41:20.820] [bmv2] [D] [thread 5118] Set default default entry for table 'tbl_act': act - 
Adding interface s2-eth1 as port 1
[11:41:20.821] [bmv2] [D] [thread 5118] Adding interface s2-eth1 as port 1
Adding interface s2-eth2 as port 2
[11:41:20.846] [bmv2] [D] [thread 5118] Adding interface s2-eth2 as port 2
Adding interface s2-eth3 as port 3
[11:41:20.874] [bmv2] [D] [thread 5118] Adding interface s2-eth3 as port 3
I1209 11:41:20.905846771    5118 server_builder.cc:247]      Synchronous server. Num CQs: 1, Min pollers: 1, Max Pollers: 2147483647, CQ timeout (msec): 1000
Server listening on 0.0.0.0:50052
[11:41:20.913] [bmv2] [I] [thread 5118] Starting Thrift server on port 9091
[11:41:20.913] [bmv2] [I] [thread 5118] Thrift server was started
[11:41:20.932] [bmv2] [D] [thread 5125] [0.0] [cxt 0] Processing packet received on port 1
[11:41:20.933] [bmv2] [D] [thread 5125] [0.0] [cxt 0] Parser 'parser': start
[11:41:20.933] [bmv2] [D] [thread 5125] [0.0] [cxt 0] Parser 'parser' entering state 'start'
[11:41:20.933] [bmv2] [D] [thread 5125] [0.0] [cxt 0] Extracting header 'ethernet'
[11:41:20.934] [bmv2] [D] [thread 5125] [0.0] [cxt 0] Parser state 'start': key is 86dd
[11:41:20.934] [bmv2] [T] [thread 5125] [0.0] [cxt 0] Bytes parsed: 14
[11:41:20.934] [bmv2] [D] [thread 5125] [0.0] [cxt 0] Parser 'parser': end
[11:41:20.934] [bmv2] [D] [thread 5125] [0.0] [cxt 0] Pipeline 'ingress': start
[11:41:20.935] [bmv2] [T] [thread 5125] [0.0] [cxt 0] Applying table 'MyIngress.ipv4_lpm'
[11:41:20.935] [bmv2] [D] [thread 5125] [0.0] [cxt 0] Looking up key:
* hdr.ipv4.dstAddr    : 00000000

[11:41:20.935] [bmv2] [D] [thread 5125] [0.0] [cxt 0] Table 'MyIngress.ipv4_lpm': miss
[11:41:20.936] [bmv2] [D] [thread 5125] [0.0] [cxt 0] Action entry is NoAction - 
[11:41:20.936] [bmv2] [T] [thread 5125] [0.0] [cxt 0] Action NoAction
[11:41:20.936] [bmv2] [D] [thread 5125] [0.0] [cxt 0] Pipeline 'ingress': end
[11:41:20.936] [bmv2] [D] [thread 5125] [0.0] [cxt 0] Egress port is 0
[11:41:20.936] [bmv2] [D] [thread 5126] [0.0] [cxt 0] Pipeline 'egress': start
[11:41:20.937] [bmv2] [T] [thread 5126] [0.0] [cxt 0] Applying table 'tbl_act'
[11:41:20.937] [bmv2] [D] [thread 5126] [0.0] [cxt 0] Looking up key:

[11:41:20.937] [bmv2] [D] [thread 5126] [0.0] [cxt 0] Table 'tbl_act': miss
[11:41:20.937] [bmv2] [D] [thread 5126] [0.0] [cxt 0] Action entry is act - 
[11:41:20.937] [bmv2] [T] [thread 5126] [0.0] [cxt 0] Action act
[11:41:20.938] [bmv2] [T] [thread 5126] [0.0] [cxt 0] streaming.p4(188) Primitive standard_metadata.egress_rid = 1
[11:41:20.938] [bmv2] [D] [thread 5126] [0.0] [cxt 0] Pipeline 'egress': end
[11:41:20.938] [bmv2] [D] [thread 5126] [0.0] [cxt 0] Deparser 'deparser': start
[11:41:20.938] [bmv2] [T] [thread 5126] [0.0] [cxt 0] Skipping checksum 'cksum' update because condition not met
[11:41:20.938] [bmv2] [D] [thread 5126] [0.0] [cxt 0] Deparsing header 'ethernet'
[11:41:20.939] [bmv2] [D] [thread 5126] [0.0] [cxt 0] Deparser 'deparser': end
[11:41:20.939] [bmv2] [D] [thread 5130] [0.0] [cxt 0] Transmitting packet of size 90 out of port 0
[11:41:20.971] [bmv2] [D] [thread 5125] [1.0] [cxt 0] Processing packet received on port 1
[11:41:20.971] [bmv2] [D] [thread 5125] [1.0] [cxt 0] Parser 'parser': start
[11:41:20.971] [bmv2] [D] [thread 5125] [1.0] [cxt 0] Parser 'parser' entering state 'start'
[11:41:20.971] [bmv2] [D] [thread 5125] [1.0] [cxt 0] Extracting header 'ethernet'
[11:41:20.971] [bmv2] [D] [thread 5125] [1.0] [cxt 0] Parser state 'start': key is 86dd
[11:41:20.972] [bmv2] [T] [thread 5125] [1.0] [cxt 0] Bytes parsed: 14
[11:41:20.972] [bmv2] [D] [thread 5125] [1.0] [cxt 0] Parser 'parser': end
[11:41:20.972] [bmv2] [D] [thread 5125] [1.0] [cxt 0] Pipeline 'ingress': start
[11:41:20.973] [bmv2] [T] [thread 5125] [1.0] [cxt 0] Applying table 'MyIngress.ipv4_lpm'
[11:41:20.973] [bmv2] [D] [thread 5125] [1.0] [cxt 0] Looking up key:
* hdr.ipv4.dstAddr    : 00000000

[11:41:20.973] [bmv2] [D] [thread 5125] [1.0] [cxt 0] Table 'MyIngress.ipv4_lpm': miss
[11:41:20.973] [bmv2] [D] [thread 5125] [1.0] [cxt 0] Action entry is NoAction - 
[11:41:20.974] [bmv2] [T] [thread 5125] [1.0] [cxt 0] Action NoAction
[11:41:20.974] [bmv2] [D] [thread 5125] [1.0] [cxt 0] Pipeline 'ingress': end
[11:41:20.974] [bmv2] [D] [thread 5125] [1.0] [cxt 0] Egress port is 0
[11:41:20.974] [bmv2] [D] [thread 5126] [1.0] [cxt 0] Pipeline 'egress': start
[11:41:20.974] [bmv2] [T] [thread 5126] [1.0] [cxt 0] Applying table 'tbl_act'
[11:41:20.974] [bmv2] [D] [thread 5126] [1.0] [cxt 0] Looking up key:

[11:41:20.975] [bmv2] [D] [thread 5126] [1.0] [cxt 0] Table 'tbl_act': miss
[11:41:20.975] [bmv2] [D] [thread 5126] [1.0] [cxt 0] Action entry is act - 
[11:41:20.975] [bmv2] [T] [thread 5126] [1.0] [cxt 0] Action act
[11:41:20.975] [bmv2] [T] [thread 5126] [1.0] [cxt 0] streaming.p4(188) Primitive standard_metadata.egress_rid = 1
[11:41:20.976] [bmv2] [D] [thread 5126] [1.0] [cxt 0] Pipeline 'egress': end
[11:41:20.976] [bmv2] [D] [thread 5126] [1.0] [cxt 0] Deparser 'deparser': start
[11:41:20.976] [bmv2] [T] [thread 5126] [1.0] [cxt 0] Skipping checksum 'cksum' update because condition not met
[11:41:20.976] [bmv2] [D] [thread 5126] [1.0] [cxt 0] Deparsing header 'ethernet'
[11:41:20.977] [bmv2] [D] [thread 5126] [1.0] [cxt 0] Deparser 'deparser': end
[11:41:20.977] [bmv2] [D] [thread 5130] [1.0] [cxt 0] Transmitting packet of size 78 out of port 0
[11:41:20.989] [bmv2] [D] [thread 5125] [2.0] [cxt 0] Processing packet received on port 3
[11:41:20.989] [bmv2] [D] [thread 5125] [2.0] [cxt 0] Parser 'parser': start
[11:41:20.989] [bmv2] [D] [thread 5125] [2.0] [cxt 0] Parser 'parser' entering state 'start'
[11:41:20.990] [bmv2] [D] [thread 5125] [2.0] [cxt 0] Extracting header 'ethernet'
[11:41:20.990] [bmv2] [D] [thread 5125] [2.0] [cxt 0] Parser state 'start': key is 86dd
[11:41:20.990] [bmv2] [T] [thread 5125] [2.0] [cxt 0] Bytes parsed: 14
[11:41:20.991] [bmv2] [D] [thread 5125] [2.0] [cxt 0] Parser 'parser': end
[11:41:20.991] [bmv2] [D] [thread 5125] [2.0] [cxt 0] Pipeline 'ingress': start
[11:41:20.991] [bmv2] [T] [thread 5125] [2.0] [cxt 0] Applying table 'MyIngress.ipv4_lpm'
[11:41:20.991] [bmv2] [D] [thread 5125] [2.0] [cxt 0] Looking up key:
* hdr.ipv4.dstAddr    : 00000000

[11:41:20.991] [bmv2] [D] [thread 5125] [2.0] [cxt 0] Table 'MyIngress.ipv4_lpm': miss
[11:41:20.992] [bmv2] [D] [thread 5125] [2.0] [cxt 0] Action entry is NoAction - 
[11:41:20.992] [bmv2] [T] [thread 5125] [2.0] [cxt 0] Action NoAction
[11:41:20.992] [bmv2] [D] [thread 5125] [2.0] [cxt 0] Pipeline 'ingress': end
[11:41:20.992] [bmv2] [D] [thread 5125] [2.0] [cxt 0] Egress port is 0
[11:41:20.992] [bmv2] [D] [thread 5126] [2.0] [cxt 0] Pipeline 'egress': start
[11:41:20.993] [bmv2] [T] [thread 5126] [2.0] [cxt 0] Applying table 'tbl_act'
[11:41:20.993] [bmv2] [D] [thread 5126] [2.0] [cxt 0] Looking up key:

[11:41:20.993] [bmv2] [D] [thread 5126] [2.0] [cxt 0] Table 'tbl_act': miss
[11:41:20.993] [bmv2] [D] [thread 5126] [2.0] [cxt 0] Action entry is act - 
[11:41:20.993] [bmv2] [T] [thread 5126] [2.0] [cxt 0] Action act
[11:41:20.994] [bmv2] [T] [thread 5126] [2.0] [cxt 0] streaming.p4(188) Primitive standard_metadata.egress_rid = 1
[11:41:20.994] [bmv2] [D] [thread 5126] [2.0] [cxt 0] Pipeline 'egress': end
[11:41:20.994] [bmv2] [D] [thread 5126] [2.0] [cxt 0] Deparser 'deparser': start
[11:41:20.994] [bmv2] [T] [thread 5126] [2.0] [cxt 0] Skipping checksum 'cksum' update because condition not met
[11:41:20.994] [bmv2] [D] [thread 5126] [2.0] [cxt 0] Deparsing header 'ethernet'
[11:41:20.995] [bmv2] [D] [thread 5126] [2.0] [cxt 0] Deparser 'deparser': end
[11:41:20.995] [bmv2] [D] [thread 5130] [2.0] [cxt 0] Transmitting packet of size 78 out of port 0
[11:41:21.078] [bmv2] [D] [thread 5125] [3.0] [cxt 0] Processing packet received on port 3
[11:41:21.079] [bmv2] [D] [thread 5125] [3.0] [cxt 0] Parser 'parser': start
[11:41:21.079] [bmv2] [D] [thread 5125] [3.0] [cxt 0] Parser 'parser' entering state 'start'
[11:41:21.080] [bmv2] [D] [thread 5125] [3.0] [cxt 0] Extracting header 'ethernet'
[11:41:21.081] [bmv2] [D] [thread 5125] [3.0] [cxt 0] Parser state 'start': key is 86dd
[11:41:21.081] [bmv2] [T] [thread 5125] [3.0] [cxt 0] Bytes parsed: 14
[11:41:21.081] [bmv2] [D] [thread 5125] [3.0] [cxt 0] Parser 'parser': end
[11:41:21.082] [bmv2] [D] [thread 5125] [3.0] [cxt 0] Pipeline 'ingress': start
[11:41:21.082] [bmv2] [T] [thread 5125] [3.0] [cxt 0] Applying table 'MyIngress.ipv4_lpm'
[11:41:21.082] [bmv2] [D] [thread 5125] [3.0] [cxt 0] Looking up key:
* hdr.ipv4.dstAddr    : 00000000

[11:41:21.083] [bmv2] [D] [thread 5125] [3.0] [cxt 0] Table 'MyIngress.ipv4_lpm': miss
[11:41:21.083] [bmv2] [D] [thread 5125] [3.0] [cxt 0] Action entry is NoAction - 
[11:41:21.083] [bmv2] [T] [thread 5125] [3.0] [cxt 0] Action NoAction
[11:41:21.084] [bmv2] [D] [thread 5125] [3.0] [cxt 0] Pipeline 'ingress': end
[11:41:21.084] [bmv2] [D] [thread 5125] [3.0] [cxt 0] Egress port is 0
[11:41:21.084] [bmv2] [D] [thread 5126] [3.0] [cxt 0] Pipeline 'egress': start
[11:41:21.084] [bmv2] [T] [thread 5126] [3.0] [cxt 0] Applying table 'tbl_act'
[11:41:21.085] [bmv2] [D] [thread 5126] [3.0] [cxt 0] Looking up key:

[11:41:21.085] [bmv2] [D] [thread 5126] [3.0] [cxt 0] Table 'tbl_act': miss
[11:41:21.085] [bmv2] [D] [thread 5126] [3.0] [cxt 0] Action entry is act - 
[11:41:21.085] [bmv2] [T] [thread 5126] [3.0] [cxt 0] Action act
[11:41:21.086] [bmv2] [T] [thread 5126] [3.0] [cxt 0] streaming.p4(188) Primitive standard_metadata.egress_rid = 1
[11:41:21.086] [bmv2] [D] [thread 5126] [3.0] [cxt 0] Pipeline 'egress': end
[11:41:21.086] [bmv2] [D] [thread 5126] [3.0] [cxt 0] Deparser 'deparser': start
[11:41:21.086] [bmv2] [T] [thread 5126] [3.0] [cxt 0] Skipping checksum 'cksum' update because condition not met
[11:41:21.086] [bmv2] [D] [thread 5126] [3.0] [cxt 0] Deparsing header 'ethernet'
[11:41:21.086] [bmv2] [D] [thread 5126] [3.0] [cxt 0] Deparser 'deparser': end
[11:41:21.086] [bmv2] [D] [thread 5130] [3.0] [cxt 0] Transmitting packet of size 90 out of port 0
[11:41:21.084] [bmv2] [D] [thread 5125] [4.0] [cxt 0] Processing packet received on port 3
[11:41:21.087] [bmv2] [D] [thread 5125] [4.0] [cxt 0] Parser 'parser': start
[11:41:21.087] [bmv2] [D] [thread 5125] [4.0] [cxt 0] Parser 'parser' entering state 'start'
[11:41:21.087] [bmv2] [D] [thread 5125] [4.0] [cxt 0] Extracting header 'ethernet'
[11:41:21.087] [bmv2] [D] [thread 5125] [4.0] [cxt 0] Parser state 'start': key is 86dd
[11:41:21.087] [bmv2] [T] [thread 5125] [4.0] [cxt 0] Bytes parsed: 14
[11:41:21.087] [bmv2] [D] [thread 5125] [4.0] [cxt 0] Parser 'parser': end
[11:41:21.087] [bmv2] [D] [thread 5125] [4.0] [cxt 0] Pipeline 'ingress': start
[11:41:21.088] [bmv2] [T] [thread 5125] [4.0] [cxt 0] Applying table 'MyIngress.ipv4_lpm'
[11:41:21.088] [bmv2] [D] [thread 5125] [4.0] [cxt 0] Looking up key:
* hdr.ipv4.dstAddr    : 00000000

[11:41:21.088] [bmv2] [D] [thread 5125] [4.0] [cxt 0] Table 'MyIngress.ipv4_lpm': miss
[11:41:21.088] [bmv2] [D] [thread 5125] [4.0] [cxt 0] Action entry is NoAction - 
[11:41:21.089] [bmv2] [T] [thread 5125] [4.0] [cxt 0] Action NoAction
[11:41:21.089] [bmv2] [D] [thread 5125] [4.0] [cxt 0] Pipeline 'ingress': end
[11:41:21.089] [bmv2] [D] [thread 5125] [4.0] [cxt 0] Egress port is 0
[11:41:21.090] [bmv2] [D] [thread 5126] [4.0] [cxt 0] Pipeline 'egress': start
[11:41:21.090] [bmv2] [T] [thread 5126] [4.0] [cxt 0] Applying table 'tbl_act'
[11:41:21.090] [bmv2] [D] [thread 5126] [4.0] [cxt 0] Looking up key:

[11:41:21.090] [bmv2] [D] [thread 5126] [4.0] [cxt 0] Table 'tbl_act': miss
[11:41:21.090] [bmv2] [D] [thread 5126] [4.0] [cxt 0] Action entry is act - 
[11:41:21.091] [bmv2] [T] [thread 5126] [4.0] [cxt 0] Action act
[11:41:21.091] [bmv2] [T] [thread 5126] [4.0] [cxt 0] streaming.p4(188) Primitive standard_metadata.egress_rid = 1
[11:41:21.091] [bmv2] [D] [thread 5126] [4.0] [cxt 0] Pipeline 'egress': end
[11:41:21.091] [bmv2] [D] [thread 5126] [4.0] [cxt 0] Deparser 'deparser': start
[11:41:21.091] [bmv2] [T] [thread 5126] [4.0] [cxt 0] Skipping checksum 'cksum' update because condition not met
[11:41:21.091] [bmv2] [D] [thread 5126] [4.0] [cxt 0] Deparsing header 'ethernet'
[11:41:21.092] [bmv2] [D] [thread 5126] [4.0] [cxt 0] Deparser 'deparser': end
[11:41:21.092] [bmv2] [D] [thread 5130] [4.0] [cxt 0] Transmitting packet of size 70 out of port 0
[11:41:21.146] [bmv2] [D] [thread 5125] [5.0] [cxt 0] Processing packet received on port 2
[11:41:21.147] [bmv2] [D] [thread 5125] [5.0] [cxt 0] Parser 'parser': start
[11:41:21.147] [bmv2] [D] [thread 5125] [5.0] [cxt 0] Parser 'parser' entering state 'start'
[11:41:21.147] [bmv2] [D] [thread 5125] [5.0] [cxt 0] Extracting header 'ethernet'
[11:41:21.148] [bmv2] [D] [thread 5125] [5.0] [cxt 0] Parser state 'start': key is 86dd
[11:41:21.148] [bmv2] [T] [thread 5125] [5.0] [cxt 0] Bytes parsed: 14
[11:41:21.148] [bmv2] [D] [thread 5125] [5.0] [cxt 0] Parser 'parser': end
[11:41:21.149] [bmv2] [D] [thread 5125] [5.0] [cxt 0] Pipeline 'ingress': start
[11:41:21.149] [bmv2] [T] [thread 5125] [5.0] [cxt 0] Applying table 'MyIngress.ipv4_lpm'
[11:41:21.150] [bmv2] [D] [thread 5125] [5.0] [cxt 0] Looking up key:
* hdr.ipv4.dstAddr    : 00000000

[11:41:21.150] [bmv2] [D] [thread 5125] [5.0] [cxt 0] Table 'MyIngress.ipv4_lpm': miss
[11:41:21.150] [bmv2] [D] [thread 5125] [5.0] [cxt 0] Action entry is NoAction - 
[11:41:21.150] [bmv2] [T] [thread 5125] [5.0] [cxt 0] Action NoAction
[11:41:21.150] [bmv2] [D] [thread 5125] [5.0] [cxt 0] Pipeline 'ingress': end
[11:41:21.151] [bmv2] [D] [thread 5125] [5.0] [cxt 0] Egress port is 0
[11:41:21.151] [bmv2] [D] [thread 5126] [5.0] [cxt 0] Pipeline 'egress': start
[11:41:21.151] [bmv2] [T] [thread 5126] [5.0] [cxt 0] Applying table 'tbl_act'
[11:41:21.152] [bmv2] [D] [thread 5126] [5.0] [cxt 0] Looking up key:

[11:41:21.152] [bmv2] [D] [thread 5126] [5.0] [cxt 0] Table 'tbl_act': miss
[11:41:21.152] [bmv2] [D] [thread 5126] [5.0] [cxt 0] Action entry is act - 
[11:41:21.152] [bmv2] [T] [thread 5126] [5.0] [cxt 0] Action act
[11:41:21.153] [bmv2] [T] [thread 5126] [5.0] [cxt 0] streaming.p4(188) Primitive standard_metadata.egress_rid = 1
[11:41:21.153] [bmv2] [D] [thread 5126] [5.0] [cxt 0] Pipeline 'egress': end
[11:41:21.153] [bmv2] [D] [thread 5126] [5.0] [cxt 0] Deparser 'deparser': start
[11:41:21.153] [bmv2] [T] [thread 5126] [5.0] [cxt 0] Skipping checksum 'cksum' update because condition not met
[11:41:21.154] [bmv2] [D] [thread 5126] [5.0] [cxt 0] Deparsing header 'ethernet'
[11:41:21.154] [bmv2] [D] [thread 5126] [5.0] [cxt 0] Deparser 'deparser': end
[11:41:21.154] [bmv2] [D] [thread 5130] [5.0] [cxt 0] Transmitting packet of size 90 out of port 0
[11:41:21.151] [bmv2] [D] [thread 5125] [6.0] [cxt 0] Processing packet received on port 2
[11:41:21.154] [bmv2] [D] [thread 5125] [6.0] [cxt 0] Parser 'parser': start
[11:41:21.154] [bmv2] [D] [thread 5125] [6.0] [cxt 0] Parser 'parser' entering state 'start'
[11:41:21.154] [bmv2] [D] [thread 5125] [6.0] [cxt 0] Extracting header 'ethernet'
[11:41:21.154] [bmv2] [D] [thread 5125] [6.0] [cxt 0] Parser state 'start': key is 86dd
[11:41:21.155] [bmv2] [T] [thread 5125] [6.0] [cxt 0] Bytes parsed: 14
[11:41:21.155] [bmv2] [D] [thread 5125] [6.0] [cxt 0] Parser 'parser': end
[11:41:21.155] [bmv2] [D] [thread 5125] [6.0] [cxt 0] Pipeline 'ingress': start
[11:41:21.155] [bmv2] [T] [thread 5125] [6.0] [cxt 0] Applying table 'MyIngress.ipv4_lpm'
[11:41:21.155] [bmv2] [D] [thread 5125] [6.0] [cxt 0] Looking up key:
* hdr.ipv4.dstAddr    : 00000000

[11:41:21.155] [bmv2] [D] [thread 5125] [6.0] [cxt 0] Table 'MyIngress.ipv4_lpm': miss
[11:41:21.155] [bmv2] [D] [thread 5125] [6.0] [cxt 0] Action entry is NoAction - 
[11:41:21.155] [bmv2] [T] [thread 5125] [6.0] [cxt 0] Action NoAction
[11:41:21.156] [bmv2] [D] [thread 5125] [6.0] [cxt 0] Pipeline 'ingress': end
[11:41:21.156] [bmv2] [D] [thread 5125] [6.0] [cxt 0] Egress port is 0
[11:41:21.156] [bmv2] [D] [thread 5126] [6.0] [cxt 0] Pipeline 'egress': start
[11:41:21.156] [bmv2] [T] [thread 5126] [6.0] [cxt 0] Applying table 'tbl_act'
[11:41:21.156] [bmv2] [D] [thread 5126] [6.0] [cxt 0] Looking up key:

[11:41:21.156] [bmv2] [D] [thread 5126] [6.0] [cxt 0] Table 'tbl_act': miss
[11:41:21.156] [bmv2] [D] [thread 5126] [6.0] [cxt 0] Action entry is act - 
[11:41:21.156] [bmv2] [T] [thread 5126] [6.0] [cxt 0] Action act
[11:41:21.156] [bmv2] [T] [thread 5126] [6.0] [cxt 0] streaming.p4(188) Primitive standard_metadata.egress_rid = 1
[11:41:21.157] [bmv2] [D] [thread 5126] [6.0] [cxt 0] Pipeline 'egress': end
[11:41:21.157] [bmv2] [D] [thread 5126] [6.0] [cxt 0] Deparser 'deparser': start
[11:41:21.157] [bmv2] [T] [thread 5126] [6.0] [cxt 0] Skipping checksum 'cksum' update because condition not met
[11:41:21.157] [bmv2] [D] [thread 5126] [6.0] [cxt 0] Deparsing header 'ethernet'
[11:41:21.157] [bmv2] [D] [thread 5126] [6.0] [cxt 0] Deparser 'deparser': end
[11:41:21.157] [bmv2] [D] [thread 5130] [6.0] [cxt 0] Transmitting packet of size 70 out of port 0
[11:41:21.163] [bmv2] [D] [thread 5125] [7.0] [cxt 0] Processing packet received on port 1
[11:41:21.163] [bmv2] [D] [thread 5125] [7.0] [cxt 0] Parser 'parser': start
[11:41:21.163] [bmv2] [D] [thread 5125] [7.0] [cxt 0] Parser 'parser' entering state 'start'
[11:41:21.164] [bmv2] [D] [thread 5125] [7.0] [cxt 0] Extracting header 'ethernet'
[11:41:21.164] [bmv2] [D] [thread 5125] [7.0] [cxt 0] Parser state 'start': key is 86dd
[11:41:21.164] [bmv2] [T] [thread 5125] [7.0] [cxt 0] Bytes parsed: 14
[11:41:21.165] [bmv2] [D] [thread 5125] [7.0] [cxt 0] Parser 'parser': end
[11:41:21.165] [bmv2] [D] [thread 5125] [7.0] [cxt 0] Pipeline 'ingress': start
[11:41:21.165] [bmv2] [T] [thread 5125] [7.0] [cxt 0] Applying table 'MyIngress.ipv4_lpm'
[11:41:21.166] [bmv2] [D] [thread 5125] [7.0] [cxt 0] Looking up key:
* hdr.ipv4.dstAddr    : 00000000

[11:41:21.166] [bmv2] [D] [thread 5125] [7.0] [cxt 0] Table 'MyIngress.ipv4_lpm': miss
[11:41:21.166] [bmv2] [D] [thread 5125] [7.0] [cxt 0] Action entry is NoAction - 
[11:41:21.166] [bmv2] [T] [thread 5125] [7.0] [cxt 0] Action NoAction
[11:41:21.166] [bmv2] [D] [thread 5125] [7.0] [cxt 0] Pipeline 'ingress': end
[11:41:21.166] [bmv2] [D] [thread 5125] [7.0] [cxt 0] Egress port is 0
[11:41:21.167] [bmv2] [D] [thread 5126] [7.0] [cxt 0] Pipeline 'egress': start
[11:41:21.167] [bmv2] [T] [thread 5126] [7.0] [cxt 0] Applying table 'tbl_act'
[11:41:21.167] [bmv2] [D] [thread 5126] [7.0] [cxt 0] Looking up key:

[11:41:21.167] [bmv2] [D] [thread 5126] [7.0] [cxt 0] Table 'tbl_act': miss
[11:41:21.167] [bmv2] [D] [thread 5126] [7.0] [cxt 0] Action entry is act - 
[11:41:21.168] [bmv2] [T] [thread 5126] [7.0] [cxt 0] Action act
[11:41:21.168] [bmv2] [T] [thread 5126] [7.0] [cxt 0] streaming.p4(188) Primitive standard_metadata.egress_rid = 1
[11:41:21.168] [bmv2] [D] [thread 5126] [7.0] [cxt 0] Pipeline 'egress': end
[11:41:21.168] [bmv2] [D] [thread 5126] [7.0] [cxt 0] Deparser 'deparser': start
[11:41:21.168] [bmv2] [T] [thread 5126] [7.0] [cxt 0] Skipping checksum 'cksum' update because condition not met
[11:41:21.168] [bmv2] [D] [thread 5126] [7.0] [cxt 0] Deparsing header 'ethernet'
[11:41:21.169] [bmv2] [D] [thread 5126] [7.0] [cxt 0] Deparser 'deparser': end
[11:41:21.169] [bmv2] [D] [thread 5130] [7.0] [cxt 0] Transmitting packet of size 90 out of port 0
[11:41:21.167] [bmv2] [D] [thread 5125] [8.0] [cxt 0] Processing packet received on port 1
[11:41:21.169] [bmv2] [D] [thread 5125] [8.0] [cxt 0] Parser 'parser': start
[11:41:21.169] [bmv2] [D] [thread 5125] [8.0] [cxt 0] Parser 'parser' entering state 'start'
[11:41:21.169] [bmv2] [D] [thread 5125] [8.0] [cxt 0] Extracting header 'ethernet'
[11:41:21.170] [bmv2] [D] [thread 5125] [8.0] [cxt 0] Parser state 'start': key is 86dd
[11:41:21.170] [bmv2] [T] [thread 5125] [8.0] [cxt 0] Bytes parsed: 14
[11:41:21.171] [bmv2] [D] [thread 5125] [8.0] [cxt 0] Parser 'parser': end
[11:41:21.171] [bmv2] [D] [thread 5125] [8.0] [cxt 0] Pipeline 'ingress': start
[11:41:21.171] [bmv2] [T] [thread 5125] [8.0] [cxt 0] Applying table 'MyIngress.ipv4_lpm'
[11:41:21.172] [bmv2] [D] [thread 5125] [8.0] [cxt 0] Looking up key:
* hdr.ipv4.dstAddr    : 00000000

[11:41:21.172] [bmv2] [D] [thread 5125] [8.0] [cxt 0] Table 'MyIngress.ipv4_lpm': miss
[11:41:21.172] [bmv2] [D] [thread 5125] [8.0] [cxt 0] Action entry is NoAction - 
[11:41:21.173] [bmv2] [T] [thread 5125] [8.0] [cxt 0] Action NoAction
[11:41:21.173] [bmv2] [D] [thread 5125] [8.0] [cxt 0] Pipeline 'ingress': end
[11:41:21.173] [bmv2] [D] [thread 5125] [8.0] [cxt 0] Egress port is 0
[11:41:21.173] [bmv2] [D] [thread 5126] [8.0] [cxt 0] Pipeline 'egress': start
[11:41:21.173] [bmv2] [T] [thread 5126] [8.0] [cxt 0] Applying table 'tbl_act'
[11:41:21.173] [bmv2] [D] [thread 5126] [8.0] [cxt 0] Looking up key:

[11:41:21.173] [bmv2] [D] [thread 5126] [8.0] [cxt 0] Table 'tbl_act': miss
[11:41:21.174] [bmv2] [D] [thread 5126] [8.0] [cxt 0] Action entry is act - 
[11:41:21.174] [bmv2] [T] [thread 5126] [8.0] [cxt 0] Action act
[11:41:21.174] [bmv2] [T] [thread 5126] [8.0] [cxt 0] streaming.p4(188) Primitive standard_metadata.egress_rid = 1
[11:41:21.174] [bmv2] [D] [thread 5126] [8.0] [cxt 0] Pipeline 'egress': end
[11:41:21.174] [bmv2] [D] [thread 5126] [8.0] [cxt 0] Deparser 'deparser': start
[11:41:21.174] [bmv2] [T] [thread 5126] [8.0] [cxt 0] Skipping checksum 'cksum' update because condition not met
[11:41:21.174] [bmv2] [D] [thread 5126] [8.0] [cxt 0] Deparsing header 'ethernet'
[11:41:21.174] [bmv2] [D] [thread 5126] [8.0] [cxt 0] Deparser 'deparser': end
[11:41:21.174] [bmv2] [D] [thread 5130] [8.0] [cxt 0] Transmitting packet of size 70 out of port 0
[11:41:21.251] [bmv2] [D] [thread 5125] [9.0] [cxt 0] Processing packet received on port 1
[11:41:21.251] [bmv2] [D] [thread 5125] [9.0] [cxt 0] Parser 'parser': start
[11:41:21.251] [bmv2] [D] [thread 5125] [9.0] [cxt 0] Parser 'parser' entering state 'start'
[11:41:21.251] [bmv2] [D] [thread 5125] [9.0] [cxt 0] Extracting header 'ethernet'
[11:41:21.252] [bmv2] [D] [thread 5125] [9.0] [cxt 0] Parser state 'start': key is 86dd
[11:41:21.252] [bmv2] [T] [thread 5125] [9.0] [cxt 0] Bytes parsed: 14
[11:41:21.252] [bmv2] [D] [thread 5125] [9.0] [cxt 0] Parser 'parser': end
[11:41:21.252] [bmv2] [D] [thread 5125] [9.0] [cxt 0] Pipeline 'ingress': start
[11:41:21.253] [bmv2] [T] [thread 5125] [9.0] [cxt 0] Applying table 'MyIngress.ipv4_lpm'
[11:41:21.253] [bmv2] [D] [thread 5125] [9.0] [cxt 0] Looking up key:
* hdr.ipv4.dstAddr    : 00000000

[11:41:21.253] [bmv2] [D] [thread 5125] [9.0] [cxt 0] Table 'MyIngress.ipv4_lpm': miss
[11:41:21.253] [bmv2] [D] [thread 5125] [9.0] [cxt 0] Action entry is NoAction - 
[11:41:21.253] [bmv2] [T] [thread 5125] [9.0] [cxt 0] Action NoAction
[11:41:21.253] [bmv2] [D] [thread 5125] [9.0] [cxt 0] Pipeline 'ingress': end
[11:41:21.254] [bmv2] [D] [thread 5125] [9.0] [cxt 0] Egress port is 0
[11:41:21.254] [bmv2] [D] [thread 5126] [9.0] [cxt 0] Pipeline 'egress': start
[11:41:21.254] [bmv2] [T] [thread 5126] [9.0] [cxt 0] Applying table 'tbl_act'
[11:41:21.254] [bmv2] [D] [thread 5126] [9.0] [cxt 0] Looking up key:

[11:41:21.254] [bmv2] [D] [thread 5126] [9.0] [cxt 0] Table 'tbl_act': miss
[11:41:21.254] [bmv2] [D] [thread 5126] [9.0] [cxt 0] Action entry is act - 
[11:41:21.255] [bmv2] [T] [thread 5126] [9.0] [cxt 0] Action act
[11:41:21.255] [bmv2] [T] [thread 5126] [9.0] [cxt 0] streaming.p4(188) Primitive standard_metadata.egress_rid = 1
[11:41:21.255] [bmv2] [D] [thread 5126] [9.0] [cxt 0] Pipeline 'egress': end
[11:41:21.255] [bmv2] [D] [thread 5126] [9.0] [cxt 0] Deparser 'deparser': start
[11:41:21.255] [bmv2] [T] [thread 5126] [9.0] [cxt 0] Skipping checksum 'cksum' update because condition not met
[11:41:21.255] [bmv2] [D] [thread 5126] [9.0] [cxt 0] Deparsing header 'ethernet'
[11:41:21.255] [bmv2] [D] [thread 5126] [9.0] [cxt 0] Deparser 'deparser': end
[11:41:21.255] [bmv2] [D] [thread 5130] [9.0] [cxt 0] Transmitting packet of size 90 out of port 0
[11:41:21.557] [bmv2] [D] [thread 5125] [10.0] [cxt 0] Processing packet received on port 2
[11:41:21.557] [bmv2] [D] [thread 5125] [10.0] [cxt 0] Parser 'parser': start
[11:41:21.557] [bmv2] [D] [thread 5125] [10.0] [cxt 0] Parser 'parser' entering state 'start'
[11:41:21.557] [bmv2] [D] [thread 5125] [10.0] [cxt 0] Extracting header 'ethernet'
[11:41:21.558] [bmv2] [D] [thread 5125] [10.0] [cxt 0] Parser state 'start': key is 86dd
[11:41:21.558] [bmv2] [T] [thread 5125] [10.0] [cxt 0] Bytes parsed: 14
[11:41:21.558] [bmv2] [D] [thread 5125] [10.0] [cxt 0] Parser 'parser': end
[11:41:21.558] [bmv2] [D] [thread 5125] [10.0] [cxt 0] Pipeline 'ingress': start
[11:41:21.558] [bmv2] [T] [thread 5125] [10.0] [cxt 0] Applying table 'MyIngress.ipv4_lpm'
[11:41:21.558] [bmv2] [D] [thread 5125] [10.0] [cxt 0] Looking up key:
* hdr.ipv4.dstAddr    : 00000000

[11:41:21.558] [bmv2] [D] [thread 5125] [10.0] [cxt 0] Table 'MyIngress.ipv4_lpm': miss
[11:41:21.558] [bmv2] [D] [thread 5125] [10.0] [cxt 0] Action entry is NoAction - 
[11:41:21.559] [bmv2] [T] [thread 5125] [10.0] [cxt 0] Action NoAction
[11:41:21.559] [bmv2] [D] [thread 5125] [10.0] [cxt 0] Pipeline 'ingress': end
[11:41:21.559] [bmv2] [D] [thread 5125] [10.0] [cxt 0] Egress port is 0
[11:41:21.559] [bmv2] [D] [thread 5125] [11.0] [cxt 0] Processing packet received on port 2
[11:41:21.559] [bmv2] [D] [thread 5125] [11.0] [cxt 0] Parser 'parser': start
[11:41:21.559] [bmv2] [D] [thread 5125] [11.0] [cxt 0] Parser 'parser' entering state 'start'
[11:41:21.559] [bmv2] [D] [thread 5125] [11.0] [cxt 0] Extracting header 'ethernet'
[11:41:21.559] [bmv2] [D] [thread 5125] [11.0] [cxt 0] Parser state 'start': key is 86dd
[11:41:21.559] [bmv2] [T] [thread 5125] [11.0] [cxt 0] Bytes parsed: 14
[11:41:21.559] [bmv2] [D] [thread 5125] [11.0] [cxt 0] Parser 'parser': end
[11:41:21.560] [bmv2] [D] [thread 5125] [11.0] [cxt 0] Pipeline 'ingress': start
[11:41:21.560] [bmv2] [T] [thread 5125] [11.0] [cxt 0] Applying table 'MyIngress.ipv4_lpm'
[11:41:21.560] [bmv2] [D] [thread 5125] [11.0] [cxt 0] Looking up key:
* hdr.ipv4.dstAddr    : 00000000

[11:41:21.560] [bmv2] [D] [thread 5125] [11.0] [cxt 0] Table 'MyIngress.ipv4_lpm': miss
[11:41:21.560] [bmv2] [D] [thread 5125] [11.0] [cxt 0] Action entry is NoAction - 
[11:41:21.560] [bmv2] [T] [thread 5125] [11.0] [cxt 0] Action NoAction
[11:41:21.560] [bmv2] [D] [thread 5125] [11.0] [cxt 0] Pipeline 'ingress': end
[11:41:21.560] [bmv2] [D] [thread 5125] [11.0] [cxt 0] Egress port is 0
[11:41:21.559] [bmv2] [D] [thread 5126] [10.0] [cxt 0] Pipeline 'egress': start
[11:41:21.560] [bmv2] [T] [thread 5126] [10.0] [cxt 0] Applying table 'tbl_act'
[11:41:21.560] [bmv2] [D] [thread 5126] [10.0] [cxt 0] Looking up key:

[11:41:21.561] [bmv2] [D] [thread 5126] [10.0] [cxt 0] Table 'tbl_act': miss
[11:41:21.561] [bmv2] [D] [thread 5126] [10.0] [cxt 0] Action entry is act - 
[11:41:21.561] [bmv2] [T] [thread 5126] [10.0] [cxt 0] Action act
[11:41:21.561] [bmv2] [T] [thread 5126] [10.0] [cxt 0] streaming.p4(188) Primitive standard_metadata.egress_rid = 1
[11:41:21.561] [bmv2] [D] [thread 5126] [10.0] [cxt 0] Pipeline 'egress': end
[11:41:21.561] [bmv2] [D] [thread 5126] [10.0] [cxt 0] Deparser 'deparser': start
[11:41:21.561] [bmv2] [T] [thread 5126] [10.0] [cxt 0] Skipping checksum 'cksum' update because condition not met
[11:41:21.561] [bmv2] [D] [thread 5126] [10.0] [cxt 0] Deparsing header 'ethernet'
[11:41:21.561] [bmv2] [D] [thread 5126] [10.0] [cxt 0] Deparser 'deparser': end
[11:41:21.561] [bmv2] [D] [thread 5126] [11.0] [cxt 0] Pipeline 'egress': start
[11:41:21.561] [bmv2] [T] [thread 5126] [11.0] [cxt 0] Applying table 'tbl_act'
[11:41:21.561] [bmv2] [D] [thread 5126] [11.0] [cxt 0] Looking up key:

[11:41:21.562] [bmv2] [D] [thread 5126] [11.0] [cxt 0] Table 'tbl_act': miss
[11:41:21.562] [bmv2] [D] [thread 5126] [11.0] [cxt 0] Action entry is act - 
[11:41:21.562] [bmv2] [T] [thread 5126] [11.0] [cxt 0] Action act
[11:41:21.562] [bmv2] [T] [thread 5126] [11.0] [cxt 0] streaming.p4(188) Primitive standard_metadata.egress_rid = 1
[11:41:21.562] [bmv2] [D] [thread 5126] [11.0] [cxt 0] Pipeline 'egress': end
[11:41:21.562] [bmv2] [D] [thread 5126] [11.0] [cxt 0] Deparser 'deparser': start
[11:41:21.562] [bmv2] [T] [thread 5126] [11.0] [cxt 0] Skipping checksum 'cksum' update because condition not met
[11:41:21.562] [bmv2] [D] [thread 5126] [11.0] [cxt 0] Deparsing header 'ethernet'
[11:41:21.562] [bmv2] [D] [thread 5126] [11.0] [cxt 0] Deparser 'deparser': end
[11:41:21.561] [bmv2] [D] [thread 5130] [10.0] [cxt 0] Transmitting packet of size 90 out of port 0
[11:41:21.562] [bmv2] [D] [thread 5130] [11.0] [cxt 0] Transmitting packet of size 70 out of port 0
[11:41:21.687] [bmv2] [D] [thread 5125] [12.0] [cxt 0] Processing packet received on port 2
[11:41:21.687] [bmv2] [D] [thread 5125] [12.0] [cxt 0] Parser 'parser': start
[11:41:21.688] [bmv2] [D] [thread 5125] [12.0] [cxt 0] Parser 'parser' entering state 'start'
[11:41:21.688] [bmv2] [D] [thread 5125] [12.0] [cxt 0] Extracting header 'ethernet'
[11:41:21.688] [bmv2] [D] [thread 5125] [12.0] [cxt 0] Parser state 'start': key is 86dd
[11:41:21.689] [bmv2] [T] [thread 5125] [12.0] [cxt 0] Bytes parsed: 14
[11:41:21.689] [bmv2] [D] [thread 5125] [12.0] [cxt 0] Parser 'parser': end
[11:41:21.689] [bmv2] [D] [thread 5125] [12.0] [cxt 0] Pipeline 'ingress': start
[11:41:21.689] [bmv2] [T] [thread 5125] [12.0] [cxt 0] Applying table 'MyIngress.ipv4_lpm'
[11:41:21.690] [bmv2] [D] [thread 5125] [12.0] [cxt 0] Looking up key:
* hdr.ipv4.dstAddr    : 00000000

[11:41:21.690] [bmv2] [D] [thread 5125] [12.0] [cxt 0] Table 'MyIngress.ipv4_lpm': miss
[11:41:21.690] [bmv2] [D] [thread 5125] [12.0] [cxt 0] Action entry is NoAction - 
[11:41:21.690] [bmv2] [T] [thread 5125] [12.0] [cxt 0] Action NoAction
[11:41:21.690] [bmv2] [D] [thread 5125] [12.0] [cxt 0] Pipeline 'ingress': end
[11:41:21.691] [bmv2] [D] [thread 5125] [12.0] [cxt 0] Egress port is 0
[11:41:21.691] [bmv2] [D] [thread 5126] [12.0] [cxt 0] Pipeline 'egress': start
[11:41:21.691] [bmv2] [T] [thread 5126] [12.0] [cxt 0] Applying table 'tbl_act'
[11:41:21.691] [bmv2] [D] [thread 5126] [12.0] [cxt 0] Looking up key:

[11:41:21.691] [bmv2] [D] [thread 5126] [12.0] [cxt 0] Table 'tbl_act': miss
[11:41:21.691] [bmv2] [D] [thread 5126] [12.0] [cxt 0] Action entry is act - 
[11:41:21.691] [bmv2] [T] [thread 5126] [12.0] [cxt 0] Action act
[11:41:21.691] [bmv2] [T] [thread 5126] [12.0] [cxt 0] streaming.p4(188) Primitive standard_metadata.egress_rid = 1
[11:41:21.692] [bmv2] [D] [thread 5126] [12.0] [cxt 0] Pipeline 'egress': end
[11:41:21.692] [bmv2] [D] [thread 5126] [12.0] [cxt 0] Deparser 'deparser': start
[11:41:21.692] [bmv2] [T] [thread 5126] [12.0] [cxt 0] Skipping checksum 'cksum' update because condition not met
[11:41:21.692] [bmv2] [D] [thread 5126] [12.0] [cxt 0] Deparsing header 'ethernet'
[11:41:21.692] [bmv2] [D] [thread 5126] [12.0] [cxt 0] Deparser 'deparser': end
[11:41:21.692] [bmv2] [D] [thread 5130] [12.0] [cxt 0] Transmitting packet of size 90 out of port 0
[11:41:21.767] [bmv2] [D] [thread 5125] [13.0] [cxt 0] Processing packet received on port 3
[11:41:21.767] [bmv2] [D] [thread 5125] [13.0] [cxt 0] Parser 'parser': start
[11:41:21.768] [bmv2] [D] [thread 5125] [13.0] [cxt 0] Parser 'parser' entering state 'start'
[11:41:21.768] [bmv2] [D] [thread 5125] [13.0] [cxt 0] Extracting header 'ethernet'
[11:41:21.768] [bmv2] [D] [thread 5125] [13.0] [cxt 0] Parser state 'start': key is 86dd
[11:41:21.768] [bmv2] [T] [thread 5125] [13.0] [cxt 0] Bytes parsed: 14
[11:41:21.768] [bmv2] [D] [thread 5125] [13.0] [cxt 0] Parser 'parser': end
[11:41:21.769] [bmv2] [D] [thread 5125] [13.0] [cxt 0] Pipeline 'ingress': start
[11:41:21.769] [bmv2] [T] [thread 5125] [13.0] [cxt 0] Applying table 'MyIngress.ipv4_lpm'
[11:41:21.769] [bmv2] [D] [thread 5125] [13.0] [cxt 0] Looking up key:
* hdr.ipv4.dstAddr    : 00000000

[11:41:21.769] [bmv2] [D] [thread 5125] [13.0] [cxt 0] Table 'MyIngress.ipv4_lpm': miss
[11:41:21.769] [bmv2] [D] [thread 5125] [13.0] [cxt 0] Action entry is NoAction - 
[11:41:21.769] [bmv2] [T] [thread 5125] [13.0] [cxt 0] Action NoAction
[11:41:21.769] [bmv2] [D] [thread 5125] [13.0] [cxt 0] Pipeline 'ingress': end
[11:41:21.769] [bmv2] [D] [thread 5125] [13.0] [cxt 0] Egress port is 0
[11:41:21.770] [bmv2] [D] [thread 5126] [13.0] [cxt 0] Pipeline 'egress': start
[11:41:21.770] [bmv2] [T] [thread 5126] [13.0] [cxt 0] Applying table 'tbl_act'
[11:41:21.770] [bmv2] [D] [thread 5126] [13.0] [cxt 0] Looking up key:

[11:41:21.770] [bmv2] [D] [thread 5126] [13.0] [cxt 0] Table 'tbl_act': miss
[11:41:21.770] [bmv2] [D] [thread 5126] [13.0] [cxt 0] Action entry is act - 
[11:41:21.770] [bmv2] [T] [thread 5126] [13.0] [cxt 0] Action act
[11:41:21.770] [bmv2] [T] [thread 5126] [13.0] [cxt 0] streaming.p4(188) Primitive standard_metadata.egress_rid = 1
[11:41:21.770] [bmv2] [D] [thread 5126] [13.0] [cxt 0] Pipeline 'egress': end
[11:41:21.770] [bmv2] [D] [thread 5126] [13.0] [cxt 0] Deparser 'deparser': start
[11:41:21.770] [bmv2] [T] [thread 5126] [13.0] [cxt 0] Skipping checksum 'cksum' update because condition not met
[11:41:21.771] [bmv2] [D] [thread 5126] [13.0] [cxt 0] Deparsing header 'ethernet'
[11:41:21.771] [bmv2] [D] [thread 5126] [13.0] [cxt 0] Deparser 'deparser': end
[11:41:21.771] [bmv2] [D] [thread 5130] [13.0] [cxt 0] Transmitting packet of size 90 out of port 0
[11:41:21.982] [bmv2] [D] [thread 5125] [14.0] [cxt 0] Processing packet received on port 2
[11:41:21.982] [bmv2] [D] [thread 5125] [14.0] [cxt 0] Parser 'parser': start
[11:41:21.982] [bmv2] [D] [thread 5125] [14.0] [cxt 0] Parser 'parser' entering state 'start'
[11:41:21.983] [bmv2] [D] [thread 5125] [14.0] [cxt 0] Extracting header 'ethernet'
[11:41:21.983] [bmv2] [D] [thread 5125] [14.0] [cxt 0] Parser state 'start': key is 86dd
[11:41:21.984] [bmv2] [T] [thread 5125] [14.0] [cxt 0] Bytes parsed: 14
[11:41:21.984] [bmv2] [D] [thread 5125] [14.0] [cxt 0] Parser 'parser': end
[11:41:21.984] [bmv2] [D] [thread 5125] [14.0] [cxt 0] Pipeline 'ingress': start
[11:41:21.984] [bmv2] [T] [thread 5125] [14.0] [cxt 0] Applying table 'MyIngress.ipv4_lpm'
[11:41:21.984] [bmv2] [D] [thread 5125] [14.0] [cxt 0] Looking up key:
* hdr.ipv4.dstAddr    : 00000000

[11:41:21.985] [bmv2] [D] [thread 5125] [14.0] [cxt 0] Table 'MyIngress.ipv4_lpm': miss
[11:41:21.985] [bmv2] [D] [thread 5125] [14.0] [cxt 0] Action entry is NoAction - 
[11:41:21.985] [bmv2] [T] [thread 5125] [14.0] [cxt 0] Action NoAction
[11:41:21.985] [bmv2] [D] [thread 5125] [14.0] [cxt 0] Pipeline 'ingress': end
[11:41:21.985] [bmv2] [D] [thread 5125] [14.0] [cxt 0] Egress port is 0
[11:41:21.985] [bmv2] [D] [thread 5125] [15.0] [cxt 0] Processing packet received on port 1
[11:41:21.985] [bmv2] [D] [thread 5125] [15.0] [cxt 0] Parser 'parser': start
[11:41:21.985] [bmv2] [D] [thread 5125] [15.0] [cxt 0] Parser 'parser' entering state 'start'
[11:41:21.985] [bmv2] [D] [thread 5125] [15.0] [cxt 0] Extracting header 'ethernet'
[11:41:21.985] [bmv2] [D] [thread 5125] [15.0] [cxt 0] Parser state 'start': key is 86dd
[11:41:21.985] [bmv2] [T] [thread 5125] [15.0] [cxt 0] Bytes parsed: 14
[11:41:21.985] [bmv2] [D] [thread 5125] [15.0] [cxt 0] Parser 'parser': end
[11:41:21.985] [bmv2] [D] [thread 5125] [15.0] [cxt 0] Pipeline 'ingress': start
[11:41:21.985] [bmv2] [T] [thread 5125] [15.0] [cxt 0] Applying table 'MyIngress.ipv4_lpm'
[11:41:21.985] [bmv2] [D] [thread 5125] [15.0] [cxt 0] Looking up key:
* hdr.ipv4.dstAddr    : 00000000

[11:41:21.986] [bmv2] [D] [thread 5125] [15.0] [cxt 0] Table 'MyIngress.ipv4_lpm': miss
[11:41:21.986] [bmv2] [D] [thread 5125] [15.0] [cxt 0] Action entry is NoAction - 
[11:41:21.986] [bmv2] [T] [thread 5125] [15.0] [cxt 0] Action NoAction
[11:41:21.986] [bmv2] [D] [thread 5125] [15.0] [cxt 0] Pipeline 'ingress': end
[11:41:21.986] [bmv2] [D] [thread 5125] [15.0] [cxt 0] Egress port is 0
[11:41:21.986] [bmv2] [D] [thread 5125] [16.0] [cxt 0] Processing packet received on port 1
[11:41:21.986] [bmv2] [D] [thread 5125] [16.0] [cxt 0] Parser 'parser': start
[11:41:21.986] [bmv2] [D] [thread 5125] [16.0] [cxt 0] Parser 'parser' entering state 'start'
[11:41:21.986] [bmv2] [D] [thread 5125] [16.0] [cxt 0] Extracting header 'ethernet'
[11:41:21.985] [bmv2] [D] [thread 5126] [14.0] [cxt 0] Pipeline 'egress': start
[11:41:21.986] [bmv2] [T] [thread 5126] [14.0] [cxt 0] Applying table 'tbl_act'
[11:41:21.986] [bmv2] [D] [thread 5126] [14.0] [cxt 0] Looking up key:

[11:41:21.986] [bmv2] [D] [thread 5126] [14.0] [cxt 0] Table 'tbl_act': miss
[11:41:21.986] [bmv2] [D] [thread 5126] [14.0] [cxt 0] Action entry is act - 
[11:41:21.986] [bmv2] [T] [thread 5126] [14.0] [cxt 0] Action act
[11:41:21.986] [bmv2] [T] [thread 5126] [14.0] [cxt 0] streaming.p4(188) Primitive standard_metadata.egress_rid = 1
[11:41:21.986] [bmv2] [D] [thread 5126] [14.0] [cxt 0] Pipeline 'egress': end
[11:41:21.987] [bmv2] [D] [thread 5126] [14.0] [cxt 0] Deparser 'deparser': start
[11:41:21.987] [bmv2] [T] [thread 5126] [14.0] [cxt 0] Skipping checksum 'cksum' update because condition not met
[11:41:21.987] [bmv2] [D] [thread 5126] [14.0] [cxt 0] Deparsing header 'ethernet'
[11:41:21.987] [bmv2] [D] [thread 5126] [14.0] [cxt 0] Deparser 'deparser': end
[11:41:21.987] [bmv2] [D] [thread 5126] [15.0] [cxt 0] Pipeline 'egress': start
[11:41:21.987] [bmv2] [T] [thread 5126] [15.0] [cxt 0] Applying table 'tbl_act'
[11:41:21.987] [bmv2] [D] [thread 5126] [15.0] [cxt 0] Looking up key:

[11:41:21.987] [bmv2] [D] [thread 5126] [15.0] [cxt 0] Table 'tbl_act': miss
[11:41:21.987] [bmv2] [D] [thread 5126] [15.0] [cxt 0] Action entry is act - 
[11:41:21.987] [bmv2] [T] [thread 5126] [15.0] [cxt 0] Action act
[11:41:21.987] [bmv2] [T] [thread 5126] [15.0] [cxt 0] streaming.p4(188) Primitive standard_metadata.egress_rid = 1
[11:41:21.988] [bmv2] [D] [thread 5126] [15.0] [cxt 0] Pipeline 'egress': end
[11:41:21.988] [bmv2] [D] [thread 5126] [15.0] [cxt 0] Deparser 'deparser': start
[11:41:21.988] [bmv2] [T] [thread 5126] [15.0] [cxt 0] Skipping checksum 'cksum' update because condition not met
[11:41:21.988] [bmv2] [D] [thread 5126] [15.0] [cxt 0] Deparsing header 'ethernet'
[11:41:21.988] [bmv2] [D] [thread 5126] [15.0] [cxt 0] Deparser 'deparser': end
[11:41:21.987] [bmv2] [D] [thread 5130] [14.0] [cxt 0] Transmitting packet of size 90 out of port 0
[11:41:21.988] [bmv2] [D] [thread 5130] [15.0] [cxt 0] Transmitting packet of size 90 out of port 0
[11:41:21.988] [bmv2] [D] [thread 5125] [16.0] [cxt 0] Parser state 'start': key is 86dd
[11:41:21.989] [bmv2] [T] [thread 5125] [16.0] [cxt 0] Bytes parsed: 14
[11:41:21.989] [bmv2] [D] [thread 5125] [16.0] [cxt 0] Parser 'parser': end
[11:41:21.990] [bmv2] [D] [thread 5125] [16.0] [cxt 0] Pipeline 'ingress': start
[11:41:21.990] [bmv2] [T] [thread 5125] [16.0] [cxt 0] Applying table 'MyIngress.ipv4_lpm'
[11:41:21.990] [bmv2] [D] [thread 5125] [16.0] [cxt 0] Looking up key:
* hdr.ipv4.dstAddr    : 00000000

[11:41:21.990] [bmv2] [D] [thread 5125] [16.0] [cxt 0] Table 'MyIngress.ipv4_lpm': miss
[11:41:21.990] [bmv2] [D] [thread 5125] [16.0] [cxt 0] Action entry is NoAction - 
[11:41:21.990] [bmv2] [T] [thread 5125] [16.0] [cxt 0] Action NoAction
[11:41:21.990] [bmv2] [D] [thread 5125] [16.0] [cxt 0] Pipeline 'ingress': end
[11:41:21.990] [bmv2] [D] [thread 5125] [16.0] [cxt 0] Egress port is 0
[11:41:21.990] [bmv2] [D] [thread 5125] [17.0] [cxt 0] Processing packet received on port 3
[11:41:21.990] [bmv2] [D] [thread 5125] [17.0] [cxt 0] Parser 'parser': start
[11:41:21.990] [bmv2] [D] [thread 5125] [17.0] [cxt 0] Parser 'parser' entering state 'start'
[11:41:21.990] [bmv2] [D] [thread 5125] [17.0] [cxt 0] Extracting header 'ethernet'
[11:41:21.990] [bmv2] [D] [thread 5125] [17.0] [cxt 0] Parser state 'start': key is 86dd
[11:41:21.990] [bmv2] [T] [thread 5125] [17.0] [cxt 0] Bytes parsed: 14
[11:41:21.990] [bmv2] [D] [thread 5126] [16.0] [cxt 0] Pipeline 'egress': start
[11:41:21.991] [bmv2] [T] [thread 5126] [16.0] [cxt 0] Applying table 'tbl_act'
[11:41:21.991] [bmv2] [D] [thread 5126] [16.0] [cxt 0] Looking up key:

[11:41:21.991] [bmv2] [D] [thread 5126] [16.0] [cxt 0] Table 'tbl_act': miss
[11:41:21.991] [bmv2] [D] [thread 5126] [16.0] [cxt 0] Action entry is act - 
[11:41:21.991] [bmv2] [T] [thread 5126] [16.0] [cxt 0] Action act
[11:41:21.991] [bmv2] [T] [thread 5126] [16.0] [cxt 0] streaming.p4(188) Primitive standard_metadata.egress_rid = 1
[11:41:21.991] [bmv2] [D] [thread 5126] [16.0] [cxt 0] Pipeline 'egress': end
[11:41:21.991] [bmv2] [D] [thread 5126] [16.0] [cxt 0] Deparser 'deparser': start
[11:41:21.991] [bmv2] [T] [thread 5126] [16.0] [cxt 0] Skipping checksum 'cksum' update because condition not met
[11:41:21.991] [bmv2] [D] [thread 5126] [16.0] [cxt 0] Deparsing header 'ethernet'
[11:41:21.991] [bmv2] [D] [thread 5126] [16.0] [cxt 0] Deparser 'deparser': end
[11:41:21.991] [bmv2] [D] [thread 5130] [16.0] [cxt 0] Transmitting packet of size 70 out of port 0
[11:41:21.991] [bmv2] [D] [thread 5125] [17.0] [cxt 0] Parser 'parser': end
[11:41:21.991] [bmv2] [D] [thread 5125] [17.0] [cxt 0] Pipeline 'ingress': start
[11:41:21.991] [bmv2] [T] [thread 5125] [17.0] [cxt 0] Applying table 'MyIngress.ipv4_lpm'
[11:41:21.991] [bmv2] [D] [thread 5125] [17.0] [cxt 0] Looking up key:
* hdr.ipv4.dstAddr    : 00000000

[11:41:21.991] [bmv2] [D] [thread 5125] [17.0] [cxt 0] Table 'MyIngress.ipv4_lpm': miss
[11:41:21.991] [bmv2] [D] [thread 5125] [17.0] [cxt 0] Action entry is NoAction - 
[11:41:21.992] [bmv2] [T] [thread 5125] [17.0] [cxt 0] Action NoAction
[11:41:21.992] [bmv2] [D] [thread 5125] [17.0] [cxt 0] Pipeline 'ingress': end
[11:41:21.992] [bmv2] [D] [thread 5125] [17.0] [cxt 0] Egress port is 0
[11:41:21.992] [bmv2] [D] [thread 5125] [18.0] [cxt 0] Processing packet received on port 3
[11:41:21.992] [bmv2] [D] [thread 5125] [18.0] [cxt 0] Parser 'parser': start
[11:41:21.992] [bmv2] [D] [thread 5125] [18.0] [cxt 0] Parser 'parser' entering state 'start'
[11:41:21.992] [bmv2] [D] [thread 5125] [18.0] [cxt 0] Extracting header 'ethernet'
[11:41:21.992] [bmv2] [D] [thread 5125] [18.0] [cxt 0] Parser state 'start': key is 86dd
[11:41:21.992] [bmv2] [T] [thread 5125] [18.0] [cxt 0] Bytes parsed: 14
[11:41:21.992] [bmv2] [D] [thread 5126] [17.0] [cxt 0] Pipeline 'egress': start
[11:41:21.992] [bmv2] [T] [thread 5126] [17.0] [cxt 0] Applying table 'tbl_act'
[11:41:21.992] [bmv2] [D] [thread 5126] [17.0] [cxt 0] Looking up key:

[11:41:21.992] [bmv2] [D] [thread 5126] [17.0] [cxt 0] Table 'tbl_act': miss
[11:41:21.992] [bmv2] [D] [thread 5126] [17.0] [cxt 0] Action entry is act - 
[11:41:21.992] [bmv2] [T] [thread 5126] [17.0] [cxt 0] Action act
[11:41:21.992] [bmv2] [T] [thread 5126] [17.0] [cxt 0] streaming.p4(188) Primitive standard_metadata.egress_rid = 1
[11:41:21.992] [bmv2] [D] [thread 5126] [17.0] [cxt 0] Pipeline 'egress': end
[11:41:21.992] [bmv2] [D] [thread 5126] [17.0] [cxt 0] Deparser 'deparser': start
[11:41:21.992] [bmv2] [T] [thread 5126] [17.0] [cxt 0] Skipping checksum 'cksum' update because condition not met
[11:41:21.993] [bmv2] [D] [thread 5126] [17.0] [cxt 0] Deparsing header 'ethernet'
[11:41:21.993] [bmv2] [D] [thread 5126] [17.0] [cxt 0] Deparser 'deparser': end
[11:41:21.993] [bmv2] [D] [thread 5130] [17.0] [cxt 0] Transmitting packet of size 90 out of port 0
[11:41:21.992] [bmv2] [D] [thread 5125] [18.0] [cxt 0] Parser 'parser': end
[11:41:21.993] [bmv2] [D] [thread 5125] [18.0] [cxt 0] Pipeline 'ingress': start
[11:41:21.993] [bmv2] [T] [thread 5125] [18.0] [cxt 0] Applying table 'MyIngress.ipv4_lpm'
[11:41:21.993] [bmv2] [D] [thread 5125] [18.0] [cxt 0] Looking up key:
* hdr.ipv4.dstAddr    : 00000000

[11:41:21.993] [bmv2] [D] [thread 5125] [18.0] [cxt 0] Table 'MyIngress.ipv4_lpm': miss
[11:41:21.993] [bmv2] [D] [thread 5125] [18.0] [cxt 0] Action entry is NoAction - 
[11:41:21.993] [bmv2] [T] [thread 5125] [18.0] [cxt 0] Action NoAction
[11:41:21.993] [bmv2] [D] [thread 5125] [18.0] [cxt 0] Pipeline 'ingress': end
[11:41:21.993] [bmv2] [D] [thread 5125] [18.0] [cxt 0] Egress port is 0
[11:41:21.993] [bmv2] [D] [thread 5126] [18.0] [cxt 0] Pipeline 'egress': start
[11:41:21.993] [bmv2] [T] [thread 5126] [18.0] [cxt 0] Applying table 'tbl_act'
[11:41:21.993] [bmv2] [D] [thread 5126] [18.0] [cxt 0] Looking up key:

[11:41:21.993] [bmv2] [D] [thread 5126] [18.0] [cxt 0] Table 'tbl_act': miss
[11:41:21.993] [bmv2] [D] [thread 5126] [18.0] [cxt 0] Action entry is act - 
[11:41:21.993] [bmv2] [T] [thread 5126] [18.0] [cxt 0] Action act
[11:41:21.993] [bmv2] [T] [thread 5126] [18.0] [cxt 0] streaming.p4(188) Primitive standard_metadata.egress_rid = 1
[11:41:21.993] [bmv2] [D] [thread 5126] [18.0] [cxt 0] Pipeline 'egress': end
[11:41:21.994] [bmv2] [D] [thread 5126] [18.0] [cxt 0] Deparser 'deparser': start
[11:41:21.994] [bmv2] [T] [thread 5126] [18.0] [cxt 0] Skipping checksum 'cksum' update because condition not met
[11:41:21.994] [bmv2] [D] [thread 5126] [18.0] [cxt 0] Deparsing header 'ethernet'
[11:41:21.994] [bmv2] [D] [thread 5126] [18.0] [cxt 0] Deparser 'deparser': end
[11:41:21.994] [bmv2] [D] [thread 5130] [18.0] [cxt 0] Transmitting packet of size 70 out of port 0
[11:41:22.471] [bmv2] [D] [thread 5125] [19.0] [cxt 0] Processing packet received on port 1
[11:41:22.471] [bmv2] [D] [thread 5125] [19.0] [cxt 0] Parser 'parser': start
[11:41:22.471] [bmv2] [D] [thread 5125] [19.0] [cxt 0] Parser 'parser' entering state 'start'
[11:41:22.471] [bmv2] [D] [thread 5125] [19.0] [cxt 0] Extracting header 'ethernet'
[11:41:22.472] [bmv2] [D] [thread 5125] [19.0] [cxt 0] Parser state 'start': key is 86dd
[11:41:22.472] [bmv2] [T] [thread 5125] [19.0] [cxt 0] Bytes parsed: 14
[11:41:22.472] [bmv2] [D] [thread 5125] [19.0] [cxt 0] Parser 'parser': end
[11:41:22.473] [bmv2] [D] [thread 5125] [19.0] [cxt 0] Pipeline 'ingress': start
[11:41:22.473] [bmv2] [T] [thread 5125] [19.0] [cxt 0] Applying table 'MyIngress.ipv4_lpm'
[11:41:22.473] [bmv2] [D] [thread 5125] [19.0] [cxt 0] Looking up key:
* hdr.ipv4.dstAddr    : 00000000

[11:41:22.473] [bmv2] [D] [thread 5125] [19.0] [cxt 0] Table 'MyIngress.ipv4_lpm': miss
[11:41:22.473] [bmv2] [D] [thread 5125] [19.0] [cxt 0] Action entry is NoAction - 
[11:41:22.474] [bmv2] [T] [thread 5125] [19.0] [cxt 0] Action NoAction
[11:41:22.474] [bmv2] [D] [thread 5125] [19.0] [cxt 0] Pipeline 'ingress': end
[11:41:22.474] [bmv2] [D] [thread 5125] [19.0] [cxt 0] Egress port is 0
[11:41:22.474] [bmv2] [D] [thread 5126] [19.0] [cxt 0] Pipeline 'egress': start
[11:41:22.475] [bmv2] [T] [thread 5126] [19.0] [cxt 0] Applying table 'tbl_act'
[11:41:22.475] [bmv2] [D] [thread 5126] [19.0] [cxt 0] Looking up key:

[11:41:22.475] [bmv2] [D] [thread 5126] [19.0] [cxt 0] Table 'tbl_act': miss
[11:41:22.475] [bmv2] [D] [thread 5126] [19.0] [cxt 0] Action entry is act - 
[11:41:22.475] [bmv2] [T] [thread 5126] [19.0] [cxt 0] Action act
[11:41:22.476] [bmv2] [T] [thread 5126] [19.0] [cxt 0] streaming.p4(188) Primitive standard_metadata.egress_rid = 1
[11:41:22.476] [bmv2] [D] [thread 5126] [19.0] [cxt 0] Pipeline 'egress': end
[11:41:22.476] [bmv2] [D] [thread 5126] [19.0] [cxt 0] Deparser 'deparser': start
[11:41:22.476] [bmv2] [T] [thread 5126] [19.0] [cxt 0] Skipping checksum 'cksum' update because condition not met
[11:41:22.477] [bmv2] [D] [thread 5126] [19.0] [cxt 0] Deparsing header 'ethernet'
[11:41:22.477] [bmv2] [D] [thread 5126] [19.0] [cxt 0] Deparser 'deparser': end
[11:41:22.477] [bmv2] [D] [thread 5130] [19.0] [cxt 0] Transmitting packet of size 90 out of port 0
[11:41:22.517] [bmv2] [D] [thread 5125] [20.0] [cxt 0] Processing packet received on port 3
[11:41:22.517] [bmv2] [D] [thread 5125] [20.0] [cxt 0] Parser 'parser': start
[11:41:22.518] [bmv2] [D] [thread 5125] [20.0] [cxt 0] Parser 'parser' entering state 'start'
[11:41:22.518] [bmv2] [D] [thread 5125] [20.0] [cxt 0] Extracting header 'ethernet'
[11:41:22.519] [bmv2] [D] [thread 5125] [20.0] [cxt 0] Parser state 'start': key is 86dd
[11:41:22.519] [bmv2] [T] [thread 5125] [20.0] [cxt 0] Bytes parsed: 14
[11:41:22.519] [bmv2] [D] [thread 5125] [20.0] [cxt 0] Parser 'parser': end
[11:41:22.519] [bmv2] [D] [thread 5125] [20.0] [cxt 0] Pipeline 'ingress': start
[11:41:22.519] [bmv2] [T] [thread 5125] [20.0] [cxt 0] Applying table 'MyIngress.ipv4_lpm'
[11:41:22.520] [bmv2] [D] [thread 5125] [20.0] [cxt 0] Looking up key:
* hdr.ipv4.dstAddr    : 00000000

[11:41:22.520] [bmv2] [D] [thread 5125] [20.0] [cxt 0] Table 'MyIngress.ipv4_lpm': miss
[11:41:22.520] [bmv2] [D] [thread 5125] [20.0] [cxt 0] Action entry is NoAction - 
[11:41:22.520] [bmv2] [T] [thread 5125] [20.0] [cxt 0] Action NoAction
[11:41:22.520] [bmv2] [D] [thread 5125] [20.0] [cxt 0] Pipeline 'ingress': end
[11:41:22.520] [bmv2] [D] [thread 5125] [20.0] [cxt 0] Egress port is 0
[11:41:22.521] [bmv2] [D] [thread 5126] [20.0] [cxt 0] Pipeline 'egress': start
[11:41:22.521] [bmv2] [T] [thread 5126] [20.0] [cxt 0] Applying table 'tbl_act'
[11:41:22.521] [bmv2] [D] [thread 5126] [20.0] [cxt 0] Looking up key:

[11:41:22.522] [bmv2] [D] [thread 5126] [20.0] [cxt 0] Table 'tbl_act': miss
[11:41:22.522] [bmv2] [D] [thread 5126] [20.0] [cxt 0] Action entry is act - 
[11:41:22.522] [bmv2] [T] [thread 5126] [20.0] [cxt 0] Action act
[11:41:22.522] [bmv2] [T] [thread 5126] [20.0] [cxt 0] streaming.p4(188) Primitive standard_metadata.egress_rid = 1
[11:41:22.523] [bmv2] [D] [thread 5126] [20.0] [cxt 0] Pipeline 'egress': end
[11:41:22.523] [bmv2] [D] [thread 5126] [20.0] [cxt 0] Deparser 'deparser': start
[11:41:22.523] [bmv2] [T] [thread 5126] [20.0] [cxt 0] Skipping checksum 'cksum' update because condition not met
[11:41:22.523] [bmv2] [D] [thread 5126] [20.0] [cxt 0] Deparsing header 'ethernet'
[11:41:22.523] [bmv2] [D] [thread 5126] [20.0] [cxt 0] Deparser 'deparser': end
[11:41:22.524] [bmv2] [D] [thread 5130] [20.0] [cxt 0] Transmitting packet of size 90 out of port 0
New connection
P4Runtime SetForwardingPipelineConfig
[11:41:25.084] [bmv2] [W] [thread 5224] [P4Runtime] p4::tmp::P4DeviceConfig is deprecated
[11:41:25.085] [bmv2] [D] [thread 5125] [21.0] [cxt 0] Processing packet received on port 3
[11:41:25.085] [bmv2] [D] [thread 5125] [21.0] [cxt 0] Parser 'parser': start
[11:41:25.085] [bmv2] [D] [thread 5125] [21.0] [cxt 0] Parser 'parser' entering state 'start'
[11:41:25.085] [bmv2] [D] [thread 5125] [21.0] [cxt 0] Extracting header 'ethernet'
[11:41:25.086] [bmv2] [D] [thread 5125] [21.0] [cxt 0] Parser state 'start': key is 86dd
[11:41:25.086] [bmv2] [T] [thread 5125] [21.0] [cxt 0] Bytes parsed: 14
[11:41:25.086] [bmv2] [D] [thread 5125] [21.0] [cxt 0] Parser 'parser': end
[11:41:25.086] [bmv2] [D] [thread 5125] [21.0] [cxt 0] Pipeline 'ingress': start
[11:41:25.087] [bmv2] [T] [thread 5125] [21.0] [cxt 0] Applying table 'MyIngress.ipv4_lpm'
[11:41:25.087] [bmv2] [D] [thread 5125] [21.0] [cxt 0] Looking up key:
* hdr.ipv4.dstAddr    : 00000000

[11:41:25.087] [bmv2] [D] [thread 5224] Set default default entry for table 'MyIngress.ipv4_lpm': NoAction - 
[11:41:25.087] [bmv2] [D] [thread 5125] [21.0] [cxt 0] Table 'MyIngress.ipv4_lpm': miss
[11:41:25.087] [bmv2] [D] [thread 5125] [21.0] [cxt 0] Action entry is NoAction - 
[11:41:25.087] [bmv2] [T] [thread 5125] [21.0] [cxt 0] Action NoAction
[11:41:25.088] [bmv2] [D] [thread 5125] [21.0] [cxt 0] Pipeline 'ingress': end
[11:41:25.088] [bmv2] [D] [thread 5125] [21.0] [cxt 0] Egress port is 0
[11:41:25.087] [bmv2] [D] [thread 5224] Set default default entry for table 'tbl_act': act - 
[11:41:25.088] [bmv2] [D] [thread 5126] [21.0] [cxt 0] Pipeline 'egress': start
[11:41:25.088] [bmv2] [T] [thread 5126] [21.0] [cxt 0] Applying table 'tbl_act'
[11:41:25.088] [bmv2] [D] [thread 5126] [21.0] [cxt 0] Looking up key:

[11:41:25.088] [bmv2] [D] [thread 5126] [21.0] [cxt 0] Table 'tbl_act': miss
[11:41:25.088] [bmv2] [D] [thread 5126] [21.0] [cxt 0] Action entry is act - 
[11:41:25.088] [bmv2] [T] [thread 5126] [21.0] [cxt 0] Action act
[11:41:25.089] [bmv2] [T] [thread 5126] [21.0] [cxt 0] streaming.p4(188) Primitive standard_metadata.egress_rid = 1
[11:41:25.089] [bmv2] [D] [thread 5126] [21.0] [cxt 0] Pipeline 'egress': end
[11:41:25.089] [bmv2] [D] [thread 5126] [21.0] [cxt 0] Deparser 'deparser': start
[11:41:25.089] [bmv2] [T] [thread 5126] [21.0] [cxt 0] Skipping checksum 'cksum' update because condition not met
[11:41:25.090] [bmv2] [D] [thread 5126] [21.0] [cxt 0] Deparsing header 'ethernet'
[11:41:25.090] [bmv2] [D] [thread 5126] [21.0] [cxt 0] Deparser 'deparser': end
[11:41:25.090] [bmv2] [D] [thread 5130] [21.0] [cxt 0] Transmitting packet of size 70 out of port 0
P4Runtime Write
device_id: 1
election_id {
  low: 1
}
updates {
  type: MODIFY
  entity {
    table_entry {
      table_id: 33574068
      action {
        action {
          action_id: 16805608
        }
      }
      is_default_action: true
    }
  }
}
[11:41:25.097] [bmv2] [D] [thread 5224] Set default entry for table 'MyIngress.ipv4_lpm': MyIngress.drop - 
P4Runtime Write
device_id: 1
election_id {
  low: 1
}
updates {
  type: INSERT
  entity {
    table_entry {
      table_id: 33574068
      match {
        field_id: 1
        lpm {
          value: "\n\000\007\007"
          prefix_len: 32
        }
      }
      action {
        action {
          action_id: 16799317
          params {
            param_id: 1
            value: "\010\000\000\000\t\231"
          }
          params {
            param_id: 2
            value: "\000\002"
          }
        }
      }
    }
  }
}
[11:41:25.102] [bmv2] [D] [thread 5224] Entry 0 added to table 'MyIngress.ipv4_lpm'
[11:41:25.102] [bmv2] [D] [thread 5224] Dumping entry 0
Match key:
* hdr.ipv4.dstAddr    : LPM       0a000707/32
Action entry: MyIngress.ipv4_forward - 80000000999,2,

P4Runtime Write
device_id: 1
election_id {
  low: 1
}
updates {
  type: INSERT
  entity {
    packet_replication_engine_entry {
      multicast_group_entry {
        multicast_group_id: 1
        replicas {
          egress_port: 2
          instance: 1
        }
        replicas {
          egress_port: 3
          instance: 1
        }
      }
    }
  }
}
[11:41:25.106] [bmv2] [D] [thread 5226] mgrp node created for mgid 1
[11:41:25.106] [bmv2] [D] [thread 5226] node created for rid 1
[11:41:25.106] [bmv2] [D] [thread 5226] node associated with mgid 1
Connection removed
[11:41:25.157] [bmv2] [D] [thread 5125] [22.0] [cxt 0] Processing packet received on port 2
[11:41:25.157] [bmv2] [D] [thread 5125] [22.0] [cxt 0] Parser 'parser': start
[11:41:25.157] [bmv2] [D] [thread 5125] [22.0] [cxt 0] Parser 'parser' entering state 'start'
[11:41:25.157] [bmv2] [D] [thread 5125] [22.0] [cxt 0] Extracting header 'ethernet'
[11:41:25.158] [bmv2] [D] [thread 5125] [22.0] [cxt 0] Parser state 'start': key is 86dd
[11:41:25.158] [bmv2] [T] [thread 5125] [22.0] [cxt 0] Bytes parsed: 14
[11:41:25.158] [bmv2] [D] [thread 5125] [22.0] [cxt 0] Parser 'parser': end
[11:41:25.158] [bmv2] [D] [thread 5125] [22.0] [cxt 0] Pipeline 'ingress': start
[11:41:25.158] [bmv2] [T] [thread 5125] [22.0] [cxt 0] Applying table 'MyIngress.ipv4_lpm'
[11:41:25.158] [bmv2] [D] [thread 5125] [22.0] [cxt 0] Looking up key:
* hdr.ipv4.dstAddr    : 00000000

[11:41:25.159] [bmv2] [D] [thread 5125] [22.0] [cxt 0] Table 'MyIngress.ipv4_lpm': miss
[11:41:25.159] [bmv2] [D] [thread 5125] [22.0] [cxt 0] Action entry is MyIngress.drop - 
[11:41:25.159] [bmv2] [T] [thread 5125] [22.0] [cxt 0] Action MyIngress.drop
[11:41:25.159] [bmv2] [T] [thread 5125] [22.0] [cxt 0] streaming.p4(157) Primitive mark_to_drop(standard_metadata)
[11:41:25.159] [bmv2] [D] [thread 5125] [22.0] [cxt 0] Pipeline 'ingress': end
[11:41:25.159] [bmv2] [D] [thread 5125] [22.0] [cxt 0] Egress port is 511
[11:41:25.160] [bmv2] [D] [thread 5125] [22.0] [cxt 0] Dropping packet at the end of ingress
[11:41:25.171] [bmv2] [D] [thread 5125] [23.0] [cxt 0] Processing packet received on port 1
[11:41:25.171] [bmv2] [D] [thread 5125] [23.0] [cxt 0] Parser 'parser': start
[11:41:25.171] [bmv2] [D] [thread 5125] [23.0] [cxt 0] Parser 'parser' entering state 'start'
[11:41:25.172] [bmv2] [D] [thread 5125] [23.0] [cxt 0] Extracting header 'ethernet'
[11:41:25.172] [bmv2] [D] [thread 5125] [23.0] [cxt 0] Parser state 'start': key is 86dd
[11:41:25.172] [bmv2] [T] [thread 5125] [23.0] [cxt 0] Bytes parsed: 14
[11:41:25.172] [bmv2] [D] [thread 5125] [23.0] [cxt 0] Parser 'parser': end
[11:41:25.172] [bmv2] [D] [thread 5125] [23.0] [cxt 0] Pipeline 'ingress': start
[11:41:25.172] [bmv2] [T] [thread 5125] [23.0] [cxt 0] Applying table 'MyIngress.ipv4_lpm'
[11:41:25.172] [bmv2] [D] [thread 5125] [23.0] [cxt 0] Looking up key:
* hdr.ipv4.dstAddr    : 00000000

[11:41:25.172] [bmv2] [D] [thread 5125] [23.0] [cxt 0] Table 'MyIngress.ipv4_lpm': miss
[11:41:25.173] [bmv2] [D] [thread 5125] [23.0] [cxt 0] Action entry is MyIngress.drop - 
[11:41:25.173] [bmv2] [T] [thread 5125] [23.0] [cxt 0] Action MyIngress.drop
[11:41:25.173] [bmv2] [T] [thread 5125] [23.0] [cxt 0] streaming.p4(157) Primitive mark_to_drop(standard_metadata)
[11:41:25.173] [bmv2] [D] [thread 5125] [23.0] [cxt 0] Pipeline 'ingress': end
[11:41:25.173] [bmv2] [D] [thread 5125] [23.0] [cxt 0] Egress port is 511
[11:41:25.173] [bmv2] [D] [thread 5125] [23.0] [cxt 0] Dropping packet at the end of ingress
[11:41:25.561] [bmv2] [D] [thread 5125] [24.0] [cxt 0] Processing packet received on port 2
[11:41:25.561] [bmv2] [D] [thread 5125] [24.0] [cxt 0] Parser 'parser': start
[11:41:25.561] [bmv2] [D] [thread 5125] [24.0] [cxt 0] Parser 'parser' entering state 'start'
[11:41:25.562] [bmv2] [D] [thread 5125] [24.0] [cxt 0] Extracting header 'ethernet'
[11:41:25.562] [bmv2] [D] [thread 5125] [24.0] [cxt 0] Parser state 'start': key is 86dd
[11:41:25.562] [bmv2] [T] [thread 5125] [24.0] [cxt 0] Bytes parsed: 14
[11:41:25.562] [bmv2] [D] [thread 5125] [24.0] [cxt 0] Parser 'parser': end
[11:41:25.562] [bmv2] [D] [thread 5125] [24.0] [cxt 0] Pipeline 'ingress': start
[11:41:25.562] [bmv2] [T] [thread 5125] [24.0] [cxt 0] Applying table 'MyIngress.ipv4_lpm'
[11:41:25.563] [bmv2] [D] [thread 5125] [24.0] [cxt 0] Looking up key:
* hdr.ipv4.dstAddr    : 00000000

[11:41:25.563] [bmv2] [D] [thread 5125] [24.0] [cxt 0] Table 'MyIngress.ipv4_lpm': miss
[11:41:25.563] [bmv2] [D] [thread 5125] [24.0] [cxt 0] Action entry is MyIngress.drop - 
[11:41:25.563] [bmv2] [T] [thread 5125] [24.0] [cxt 0] Action MyIngress.drop
[11:41:25.563] [bmv2] [T] [thread 5125] [24.0] [cxt 0] streaming.p4(157) Primitive mark_to_drop(standard_metadata)
[11:41:25.563] [bmv2] [D] [thread 5125] [24.0] [cxt 0] Pipeline 'ingress': end
[11:41:25.564] [bmv2] [D] [thread 5125] [24.0] [cxt 0] Egress port is 511
[11:41:25.564] [bmv2] [D] [thread 5125] [24.0] [cxt 0] Dropping packet at the end of ingress
[11:41:25.994] [bmv2] [D] [thread 5125] [25.0] [cxt 0] Processing packet received on port 3
[11:41:25.994] [bmv2] [D] [thread 5125] [25.0] [cxt 0] Parser 'parser': start
[11:41:25.994] [bmv2] [D] [thread 5125] [25.0] [cxt 0] Parser 'parser' entering state 'start'
[11:41:25.995] [bmv2] [D] [thread 5125] [25.0] [cxt 0] Extracting header 'ethernet'
[11:41:25.995] [bmv2] [D] [thread 5125] [25.0] [cxt 0] Parser state 'start': key is 86dd
[11:41:25.995] [bmv2] [T] [thread 5125] [25.0] [cxt 0] Bytes parsed: 14
[11:41:25.996] [bmv2] [D] [thread 5125] [25.0] [cxt 0] Parser 'parser': end
[11:41:25.996] [bmv2] [D] [thread 5125] [25.0] [cxt 0] Pipeline 'ingress': start
[11:41:25.996] [bmv2] [T] [thread 5125] [25.0] [cxt 0] Applying table 'MyIngress.ipv4_lpm'
[11:41:25.997] [bmv2] [D] [thread 5125] [25.0] [cxt 0] Looking up key:
* hdr.ipv4.dstAddr    : 00000000

[11:41:25.997] [bmv2] [D] [thread 5125] [25.0] [cxt 0] Table 'MyIngress.ipv4_lpm': miss
[11:41:25.997] [bmv2] [D] [thread 5125] [25.0] [cxt 0] Action entry is MyIngress.drop - 
[11:41:25.997] [bmv2] [T] [thread 5125] [25.0] [cxt 0] Action MyIngress.drop
[11:41:25.998] [bmv2] [T] [thread 5125] [25.0] [cxt 0] streaming.p4(157) Primitive mark_to_drop(standard_metadata)
[11:41:25.998] [bmv2] [D] [thread 5125] [25.0] [cxt 0] Pipeline 'ingress': end
[11:41:25.998] [bmv2] [D] [thread 5125] [25.0] [cxt 0] Egress port is 511
[11:41:25.998] [bmv2] [D] [thread 5125] [25.0] [cxt 0] Dropping packet at the end of ingress
[11:41:25.999] [bmv2] [D] [thread 5125] [26.0] [cxt 0] Processing packet received on port 1
[11:41:25.999] [bmv2] [D] [thread 5125] [26.0] [cxt 0] Parser 'parser': start
[11:41:25.999] [bmv2] [D] [thread 5125] [26.0] [cxt 0] Parser 'parser' entering state 'start'
[11:41:25.999] [bmv2] [D] [thread 5125] [26.0] [cxt 0] Extracting header 'ethernet'
[11:41:25.999] [bmv2] [D] [thread 5125] [26.0] [cxt 0] Parser state 'start': key is 86dd
[11:41:26.000] [bmv2] [T] [thread 5125] [26.0] [cxt 0] Bytes parsed: 14
[11:41:26.000] [bmv2] [D] [thread 5125] [26.0] [cxt 0] Parser 'parser': end
[11:41:26.000] [bmv2] [D] [thread 5125] [26.0] [cxt 0] Pipeline 'ingress': start
[11:41:26.000] [bmv2] [T] [thread 5125] [26.0] [cxt 0] Applying table 'MyIngress.ipv4_lpm'
[11:41:26.000] [bmv2] [D] [thread 5125] [26.0] [cxt 0] Looking up key:
* hdr.ipv4.dstAddr    : 00000000

[11:41:26.000] [bmv2] [D] [thread 5125] [26.0] [cxt 0] Table 'MyIngress.ipv4_lpm': miss
[11:41:26.000] [bmv2] [D] [thread 5125] [26.0] [cxt 0] Action entry is MyIngress.drop - 
[11:41:26.000] [bmv2] [T] [thread 5125] [26.0] [cxt 0] Action MyIngress.drop
[11:41:26.000] [bmv2] [T] [thread 5125] [26.0] [cxt 0] streaming.p4(157) Primitive mark_to_drop(standard_metadata)
[11:41:26.001] [bmv2] [D] [thread 5125] [26.0] [cxt 0] Pipeline 'ingress': end
[11:41:26.001] [bmv2] [D] [thread 5125] [26.0] [cxt 0] Egress port is 511
[11:41:26.001] [bmv2] [D] [thread 5125] [26.0] [cxt 0] Dropping packet at the end of ingress
[11:41:29.090] [bmv2] [D] [thread 5125] [27.0] [cxt 0] Processing packet received on port 3
[11:41:29.090] [bmv2] [D] [thread 5125] [27.0] [cxt 0] Parser 'parser': start
[11:41:29.091] [bmv2] [D] [thread 5125] [27.0] [cxt 0] Parser 'parser' entering state 'start'
[11:41:29.091] [bmv2] [D] [thread 5125] [27.0] [cxt 0] Extracting header 'ethernet'
[11:41:29.091] [bmv2] [D] [thread 5125] [27.0] [cxt 0] Parser state 'start': key is 86dd
[11:41:29.092] [bmv2] [T] [thread 5125] [27.0] [cxt 0] Bytes parsed: 14
[11:41:29.092] [bmv2] [D] [thread 5125] [27.0] [cxt 0] Parser 'parser': end
[11:41:29.092] [bmv2] [D] [thread 5125] [27.0] [cxt 0] Pipeline 'ingress': start
[11:41:29.092] [bmv2] [T] [thread 5125] [27.0] [cxt 0] Applying table 'MyIngress.ipv4_lpm'
[11:41:29.092] [bmv2] [D] [thread 5125] [27.0] [cxt 0] Looking up key:
* hdr.ipv4.dstAddr    : 00000000

[11:41:29.093] [bmv2] [D] [thread 5125] [27.0] [cxt 0] Table 'MyIngress.ipv4_lpm': miss
[11:41:29.093] [bmv2] [D] [thread 5125] [27.0] [cxt 0] Action entry is MyIngress.drop - 
[11:41:29.093] [bmv2] [T] [thread 5125] [27.0] [cxt 0] Action MyIngress.drop
[11:41:29.093] [bmv2] [T] [thread 5125] [27.0] [cxt 0] streaming.p4(157) Primitive mark_to_drop(standard_metadata)
[11:41:29.093] [bmv2] [D] [thread 5125] [27.0] [cxt 0] Pipeline 'ingress': end
[11:41:29.093] [bmv2] [D] [thread 5125] [27.0] [cxt 0] Egress port is 511
[11:41:29.093] [bmv2] [D] [thread 5125] [27.0] [cxt 0] Dropping packet at the end of ingress
[11:41:29.161] [bmv2] [D] [thread 5125] [28.0] [cxt 0] Processing packet received on port 2
[11:41:29.161] [bmv2] [D] [thread 5125] [28.0] [cxt 0] Parser 'parser': start
[11:41:29.161] [bmv2] [D] [thread 5125] [28.0] [cxt 0] Parser 'parser' entering state 'start'
[11:41:29.162] [bmv2] [D] [thread 5125] [28.0] [cxt 0] Extracting header 'ethernet'
[11:41:29.162] [bmv2] [D] [thread 5125] [28.0] [cxt 0] Parser state 'start': key is 86dd
[11:41:29.162] [bmv2] [T] [thread 5125] [28.0] [cxt 0] Bytes parsed: 14
[11:41:29.162] [bmv2] [D] [thread 5125] [28.0] [cxt 0] Parser 'parser': end
[11:41:29.162] [bmv2] [D] [thread 5125] [28.0] [cxt 0] Pipeline 'ingress': start
[11:41:29.162] [bmv2] [T] [thread 5125] [28.0] [cxt 0] Applying table 'MyIngress.ipv4_lpm'
[11:41:29.163] [bmv2] [D] [thread 5125] [28.0] [cxt 0] Looking up key:
* hdr.ipv4.dstAddr    : 00000000

[11:41:29.163] [bmv2] [D] [thread 5125] [28.0] [cxt 0] Table 'MyIngress.ipv4_lpm': miss
[11:41:29.163] [bmv2] [D] [thread 5125] [28.0] [cxt 0] Action entry is MyIngress.drop - 
[11:41:29.163] [bmv2] [T] [thread 5125] [28.0] [cxt 0] Action MyIngress.drop
[11:41:29.164] [bmv2] [T] [thread 5125] [28.0] [cxt 0] streaming.p4(157) Primitive mark_to_drop(standard_metadata)
[11:41:29.164] [bmv2] [D] [thread 5125] [28.0] [cxt 0] Pipeline 'ingress': end
[11:41:29.164] [bmv2] [D] [thread 5125] [28.0] [cxt 0] Egress port is 511
[11:41:29.164] [bmv2] [D] [thread 5125] [28.0] [cxt 0] Dropping packet at the end of ingress
[11:41:29.179] [bmv2] [D] [thread 5125] [29.0] [cxt 0] Processing packet received on port 1
[11:41:29.179] [bmv2] [D] [thread 5125] [29.0] [cxt 0] Parser 'parser': start
[11:41:29.179] [bmv2] [D] [thread 5125] [29.0] [cxt 0] Parser 'parser' entering state 'start'
[11:41:29.179] [bmv2] [D] [thread 5125] [29.0] [cxt 0] Extracting header 'ethernet'
[11:41:29.180] [bmv2] [D] [thread 5125] [29.0] [cxt 0] Parser state 'start': key is 86dd
[11:41:29.180] [bmv2] [T] [thread 5125] [29.0] [cxt 0] Bytes parsed: 14
[11:41:29.180] [bmv2] [D] [thread 5125] [29.0] [cxt 0] Parser 'parser': end
[11:41:29.180] [bmv2] [D] [thread 5125] [29.0] [cxt 0] Pipeline 'ingress': start
[11:41:29.180] [bmv2] [T] [thread 5125] [29.0] [cxt 0] Applying table 'MyIngress.ipv4_lpm'
[11:41:29.180] [bmv2] [D] [thread 5125] [29.0] [cxt 0] Looking up key:
* hdr.ipv4.dstAddr    : 00000000

[11:41:29.181] [bmv2] [D] [thread 5125] [29.0] [cxt 0] Table 'MyIngress.ipv4_lpm': miss
[11:41:29.181] [bmv2] [D] [thread 5125] [29.0] [cxt 0] Action entry is MyIngress.drop - 
[11:41:29.181] [bmv2] [T] [thread 5125] [29.0] [cxt 0] Action MyIngress.drop
[11:41:29.181] [bmv2] [T] [thread 5125] [29.0] [cxt 0] streaming.p4(157) Primitive mark_to_drop(standard_metadata)
[11:41:29.181] [bmv2] [D] [thread 5125] [29.0] [cxt 0] Pipeline 'ingress': end
[11:41:29.181] [bmv2] [D] [thread 5125] [29.0] [cxt 0] Egress port is 511
[11:41:29.181] [bmv2] [D] [thread 5125] [29.0] [cxt 0] Dropping packet at the end of ingress
[11:41:29.569] [bmv2] [D] [thread 5125] [30.0] [cxt 0] Processing packet received on port 2
[11:41:29.569] [bmv2] [D] [thread 5125] [30.0] [cxt 0] Parser 'parser': start
[11:41:29.569] [bmv2] [D] [thread 5125] [30.0] [cxt 0] Parser 'parser' entering state 'start'
[11:41:29.569] [bmv2] [D] [thread 5125] [30.0] [cxt 0] Extracting header 'ethernet'
[11:41:29.569] [bmv2] [D] [thread 5125] [30.0] [cxt 0] Parser state 'start': key is 86dd
[11:41:29.570] [bmv2] [T] [thread 5125] [30.0] [cxt 0] Bytes parsed: 14
[11:41:29.570] [bmv2] [D] [thread 5125] [30.0] [cxt 0] Parser 'parser': end
[11:41:29.570] [bmv2] [D] [thread 5125] [30.0] [cxt 0] Pipeline 'ingress': start
[11:41:29.570] [bmv2] [T] [thread 5125] [30.0] [cxt 0] Applying table 'MyIngress.ipv4_lpm'
[11:41:29.570] [bmv2] [D] [thread 5125] [30.0] [cxt 0] Looking up key:
* hdr.ipv4.dstAddr    : 00000000

[11:41:29.570] [bmv2] [D] [thread 5125] [30.0] [cxt 0] Table 'MyIngress.ipv4_lpm': miss
[11:41:29.571] [bmv2] [D] [thread 5125] [30.0] [cxt 0] Action entry is MyIngress.drop - 
[11:41:29.571] [bmv2] [T] [thread 5125] [30.0] [cxt 0] Action MyIngress.drop
[11:41:29.571] [bmv2] [T] [thread 5125] [30.0] [cxt 0] streaming.p4(157) Primitive mark_to_drop(standard_metadata)
[11:41:29.571] [bmv2] [D] [thread 5125] [30.0] [cxt 0] Pipeline 'ingress': end
[11:41:29.571] [bmv2] [D] [thread 5125] [30.0] [cxt 0] Egress port is 511
[11:41:29.571] [bmv2] [D] [thread 5125] [30.0] [cxt 0] Dropping packet at the end of ingress
[11:41:30.001] [bmv2] [D] [thread 5125] [31.0] [cxt 0] Processing packet received on port 3
[11:41:30.001] [bmv2] [D] [thread 5125] [31.0] [cxt 0] Parser 'parser': start
[11:41:30.001] [bmv2] [D] [thread 5125] [31.0] [cxt 0] Parser 'parser' entering state 'start'
[11:41:30.002] [bmv2] [D] [thread 5125] [31.0] [cxt 0] Extracting header 'ethernet'
[11:41:30.002] [bmv2] [D] [thread 5125] [31.0] [cxt 0] Parser state 'start': key is 86dd
[11:41:30.002] [bmv2] [T] [thread 5125] [31.0] [cxt 0] Bytes parsed: 14
[11:41:30.002] [bmv2] [D] [thread 5125] [31.0] [cxt 0] Parser 'parser': end
[11:41:30.003] [bmv2] [D] [thread 5125] [31.0] [cxt 0] Pipeline 'ingress': start
[11:41:30.003] [bmv2] [T] [thread 5125] [31.0] [cxt 0] Applying table 'MyIngress.ipv4_lpm'
[11:41:30.003] [bmv2] [D] [thread 5125] [31.0] [cxt 0] Looking up key:
* hdr.ipv4.dstAddr    : 00000000

[11:41:30.003] [bmv2] [D] [thread 5125] [31.0] [cxt 0] Table 'MyIngress.ipv4_lpm': miss
[11:41:30.004] [bmv2] [D] [thread 5125] [31.0] [cxt 0] Action entry is MyIngress.drop - 
[11:41:30.004] [bmv2] [T] [thread 5125] [31.0] [cxt 0] Action MyIngress.drop
[11:41:30.004] [bmv2] [T] [thread 5125] [31.0] [cxt 0] streaming.p4(157) Primitive mark_to_drop(standard_metadata)
[11:41:30.004] [bmv2] [D] [thread 5125] [31.0] [cxt 0] Pipeline 'ingress': end
[11:41:30.004] [bmv2] [D] [thread 5125] [31.0] [cxt 0] Egress port is 511
[11:41:30.005] [bmv2] [D] [thread 5125] [31.0] [cxt 0] Dropping packet at the end of ingress
[11:41:30.005] [bmv2] [D] [thread 5125] [32.0] [cxt 0] Processing packet received on port 1
[11:41:30.005] [bmv2] [D] [thread 5125] [32.0] [cxt 0] Parser 'parser': start
[11:41:30.005] [bmv2] [D] [thread 5125] [32.0] [cxt 0] Parser 'parser' entering state 'start'
[11:41:30.005] [bmv2] [D] [thread 5125] [32.0] [cxt 0] Extracting header 'ethernet'
[11:41:30.005] [bmv2] [D] [thread 5125] [32.0] [cxt 0] Parser state 'start': key is 86dd
[11:41:30.005] [bmv2] [T] [thread 5125] [32.0] [cxt 0] Bytes parsed: 14
[11:41:30.005] [bmv2] [D] [thread 5125] [32.0] [cxt 0] Parser 'parser': end
[11:41:30.006] [bmv2] [D] [thread 5125] [32.0] [cxt 0] Pipeline 'ingress': start
[11:41:30.006] [bmv2] [T] [thread 5125] [32.0] [cxt 0] Applying table 'MyIngress.ipv4_lpm'
[11:41:30.006] [bmv2] [D] [thread 5125] [32.0] [cxt 0] Looking up key:
* hdr.ipv4.dstAddr    : 00000000

[11:41:30.006] [bmv2] [D] [thread 5125] [32.0] [cxt 0] Table 'MyIngress.ipv4_lpm': miss
[11:41:30.006] [bmv2] [D] [thread 5125] [32.0] [cxt 0] Action entry is MyIngress.drop - 
[11:41:30.006] [bmv2] [T] [thread 5125] [32.0] [cxt 0] Action MyIngress.drop
[11:41:30.006] [bmv2] [T] [thread 5125] [32.0] [cxt 0] streaming.p4(157) Primitive mark_to_drop(standard_metadata)
[11:41:30.006] [bmv2] [D] [thread 5125] [32.0] [cxt 0] Pipeline 'ingress': end
[11:41:30.006] [bmv2] [D] [thread 5125] [32.0] [cxt 0] Egress port is 511
[11:41:30.006] [bmv2] [D] [thread 5125] [32.0] [cxt 0] Dropping packet at the end of ingress
open: No such file or directory
open: No such file or directory
open: No such file or directory
open: No such file or directory
open: No such file or directory
