Calling target program-options parser
[11:48:01.517] [bmv2] [D] [thread 11425] Set default default entry for table 'tbl_act': act - 
[11:48:01.517] [bmv2] [D] [thread 11425] Set default default entry for table 'MyIngress.ipv4_lpm': NoAction - 
[11:48:01.517] [bmv2] [D] [thread 11425] Set default default entry for table 'tbl_broad': MyIngress.broad - 
[11:48:01.517] [bmv2] [D] [thread 11425] Set default default entry for table 'MyEgress.nat_table': NoAction - 
Adding interface s3-eth1 as port 1
[11:48:01.518] [bmv2] [D] [thread 11425] Adding interface s3-eth1 as port 1
Adding interface s3-eth2 as port 2
[11:48:01.545] [bmv2] [D] [thread 11425] Adding interface s3-eth2 as port 2
Adding interface s3-eth3 as port 3
[11:48:01.577] [bmv2] [D] [thread 11425] Adding interface s3-eth3 as port 3
Adding interface s3-eth4 as port 4
[11:48:01.606] [bmv2] [D] [thread 11425] Adding interface s3-eth4 as port 4
I1210 11:48:01.617616733   11425 server_builder.cc:247]      Synchronous server. Num CQs: 1, Min pollers: 1, Max Pollers: 2147483647, CQ timeout (msec): 1000
Server listening on 0.0.0.0:50053
[11:48:01.622] [bmv2] [I] [thread 11425] Starting Thrift server on port 9092
[11:48:01.623] [bmv2] [I] [thread 11425] Thrift server was started
[11:48:01.624] [bmv2] [D] [thread 11432] [0.0] [cxt 0] Processing packet received on port 2
[11:48:01.624] [bmv2] [D] [thread 11432] [0.0] [cxt 0] Parser 'parser': start
[11:48:01.624] [bmv2] [D] [thread 11432] [0.0] [cxt 0] Parser 'parser' entering state 'start'
[11:48:01.625] [bmv2] [D] [thread 11432] [0.0] [cxt 0] Extracting header 'ethernet'
[11:48:01.625] [bmv2] [D] [thread 11432] [0.0] [cxt 0] Parser state 'start': key is 86dd
[11:48:01.625] [bmv2] [T] [thread 11432] [0.0] [cxt 0] Bytes parsed: 14
[11:48:01.625] [bmv2] [T] [thread 11432] [0.0] [cxt 0] Skipping checksum 'cksum_1' verification because target field invalid
[11:48:01.625] [bmv2] [T] [thread 11432] [0.0] [cxt 0] Skipping checksum 'cksum_2' verification because target field invalid
[11:48:01.625] [bmv2] [D] [thread 11432] [0.0] [cxt 0] Parser 'parser': end
[11:48:01.625] [bmv2] [D] [thread 11432] [0.0] [cxt 0] Pipeline 'ingress': start
[11:48:01.626] [bmv2] [T] [thread 11432] [0.0] [cxt 0] Applying table 'tbl_act'
[11:48:01.626] [bmv2] [D] [thread 11432] [0.0] [cxt 0] Looking up key:

[11:48:01.626] [bmv2] [D] [thread 11432] [0.0] [cxt 0] Table 'tbl_act': miss
[11:48:01.626] [bmv2] [D] [thread 11432] [0.0] [cxt 0] Action entry is act - 
[11:48:01.626] [bmv2] [T] [thread 11432] [0.0] [cxt 0] Action act
[11:48:01.626] [bmv2] [T] [thread 11432] [0.0] [cxt 0] streaming.p4(182) Primitive bit<16> mcast_const = 1;
[11:48:01.626] [bmv2] [T] [thread 11432] [0.0] [cxt 0] Applying table 'MyIngress.ipv4_lpm'
[11:48:01.626] [bmv2] [D] [thread 11432] [0.0] [cxt 0] Looking up key:
* hdr.ipv4.dstAddr    : 00000000

[11:48:01.627] [bmv2] [D] [thread 11432] [0.0] [cxt 0] Table 'MyIngress.ipv4_lpm': miss
[11:48:01.627] [bmv2] [D] [thread 11432] [0.0] [cxt 0] Action entry is NoAction - 
[11:48:01.627] [bmv2] [T] [thread 11432] [0.0] [cxt 0] Action NoAction
[11:48:01.627] [bmv2] [T] [thread 11432] [0.0] [cxt 0] streaming.p4(219) Condition "hdr.ipv4.protocol == 17" (node_4) is false
[11:48:01.627] [bmv2] [D] [thread 11432] [0.0] [cxt 0] Pipeline 'ingress': end
[11:48:01.627] [bmv2] [D] [thread 11432] [0.0] [cxt 0] Egress port is 0
[11:48:01.627] [bmv2] [D] [thread 11433] [0.0] [cxt 0] Pipeline 'egress': start
[11:48:01.628] [bmv2] [T] [thread 11433] [0.0] [cxt 0] Applying table 'MyEgress.nat_table'
[11:48:01.628] [bmv2] [D] [thread 11433] [0.0] [cxt 0] Looking up key:
* standard_metadata.egress_rid: 0000

[11:48:01.628] [bmv2] [D] [thread 11433] [0.0] [cxt 0] Table 'MyEgress.nat_table': miss
[11:48:01.628] [bmv2] [D] [thread 11433] [0.0] [cxt 0] Action entry is NoAction - 
[11:48:01.628] [bmv2] [T] [thread 11433] [0.0] [cxt 0] Action NoAction
[11:48:01.628] [bmv2] [D] [thread 11433] [0.0] [cxt 0] Pipeline 'egress': end
[11:48:01.628] [bmv2] [D] [thread 11433] [0.0] [cxt 0] Deparser 'deparser': start
[11:48:01.628] [bmv2] [T] [thread 11433] [0.0] [cxt 0] Skipping checksum 'cksum' update because condition not met
[11:48:01.628] [bmv2] [T] [thread 11433] [0.0] [cxt 0] Skipping checksum 'cksum_0' update because condition not met
[11:48:01.628] [bmv2] [D] [thread 11433] [0.0] [cxt 0] Deparsing header 'ethernet'
[11:48:01.628] [bmv2] [D] [thread 11433] [0.0] [cxt 0] Deparser 'deparser': end
[11:48:01.629] [bmv2] [D] [thread 11437] [0.0] [cxt 0] Transmitting packet of size 90 out of port 0
[11:48:01.682] [bmv2] [D] [thread 11432] [1.0] [cxt 0] Processing packet received on port 4
[11:48:01.682] [bmv2] [D] [thread 11432] [1.0] [cxt 0] Parser 'parser': start
[11:48:01.682] [bmv2] [D] [thread 11432] [1.0] [cxt 0] Parser 'parser' entering state 'start'
[11:48:01.682] [bmv2] [D] [thread 11432] [1.0] [cxt 0] Extracting header 'ethernet'
[11:48:01.683] [bmv2] [D] [thread 11432] [1.0] [cxt 0] Parser state 'start': key is 86dd
[11:48:01.683] [bmv2] [T] [thread 11432] [1.0] [cxt 0] Bytes parsed: 14
[11:48:01.683] [bmv2] [T] [thread 11432] [1.0] [cxt 0] Skipping checksum 'cksum_1' verification because target field invalid
[11:48:01.684] [bmv2] [T] [thread 11432] [1.0] [cxt 0] Skipping checksum 'cksum_2' verification because target field invalid
[11:48:01.684] [bmv2] [D] [thread 11432] [1.0] [cxt 0] Parser 'parser': end
[11:48:01.684] [bmv2] [D] [thread 11432] [1.0] [cxt 0] Pipeline 'ingress': start
[11:48:01.685] [bmv2] [T] [thread 11432] [1.0] [cxt 0] Applying table 'tbl_act'
[11:48:01.685] [bmv2] [D] [thread 11432] [1.0] [cxt 0] Looking up key:

[11:48:01.685] [bmv2] [D] [thread 11432] [1.0] [cxt 0] Table 'tbl_act': miss
[11:48:01.686] [bmv2] [D] [thread 11432] [1.0] [cxt 0] Action entry is act - 
[11:48:01.686] [bmv2] [T] [thread 11432] [1.0] [cxt 0] Action act
[11:48:01.687] [bmv2] [T] [thread 11432] [1.0] [cxt 0] streaming.p4(182) Primitive bit<16> mcast_const = 1;
[11:48:01.687] [bmv2] [T] [thread 11432] [1.0] [cxt 0] Applying table 'MyIngress.ipv4_lpm'
[11:48:01.688] [bmv2] [D] [thread 11432] [1.0] [cxt 0] Looking up key:
* hdr.ipv4.dstAddr    : 00000000

[11:48:01.688] [bmv2] [D] [thread 11432] [1.0] [cxt 0] Table 'MyIngress.ipv4_lpm': miss
[11:48:01.688] [bmv2] [D] [thread 11432] [1.0] [cxt 0] Action entry is NoAction - 
[11:48:01.689] [bmv2] [T] [thread 11432] [1.0] [cxt 0] Action NoAction
[11:48:01.689] [bmv2] [T] [thread 11432] [1.0] [cxt 0] streaming.p4(219) Condition "hdr.ipv4.protocol == 17" (node_4) is false
[11:48:01.690] [bmv2] [D] [thread 11432] [1.0] [cxt 0] Pipeline 'ingress': end
[11:48:01.690] [bmv2] [D] [thread 11432] [1.0] [cxt 0] Egress port is 0
[11:48:01.691] [bmv2] [D] [thread 11433] [1.0] [cxt 0] Pipeline 'egress': start
[11:48:01.691] [bmv2] [T] [thread 11433] [1.0] [cxt 0] Applying table 'MyEgress.nat_table'
[11:48:01.691] [bmv2] [D] [thread 11433] [1.0] [cxt 0] Looking up key:
* standard_metadata.egress_rid: 0000

[11:48:01.691] [bmv2] [D] [thread 11433] [1.0] [cxt 0] Table 'MyEgress.nat_table': miss
[11:48:01.692] [bmv2] [D] [thread 11433] [1.0] [cxt 0] Action entry is NoAction - 
[11:48:01.692] [bmv2] [T] [thread 11433] [1.0] [cxt 0] Action NoAction
[11:48:01.692] [bmv2] [D] [thread 11433] [1.0] [cxt 0] Pipeline 'egress': end
[11:48:01.693] [bmv2] [D] [thread 11433] [1.0] [cxt 0] Deparser 'deparser': start
[11:48:01.693] [bmv2] [T] [thread 11433] [1.0] [cxt 0] Skipping checksum 'cksum' update because condition not met
[11:48:01.693] [bmv2] [T] [thread 11433] [1.0] [cxt 0] Skipping checksum 'cksum_0' update because condition not met
[11:48:01.694] [bmv2] [D] [thread 11433] [1.0] [cxt 0] Deparsing header 'ethernet'
[11:48:01.694] [bmv2] [D] [thread 11433] [1.0] [cxt 0] Deparser 'deparser': end
[11:48:01.694] [bmv2] [D] [thread 11437] [1.0] [cxt 0] Transmitting packet of size 90 out of port 0
[11:48:01.691] [bmv2] [D] [thread 11432] [2.0] [cxt 0] Processing packet received on port 4
[11:48:01.695] [bmv2] [D] [thread 11432] [2.0] [cxt 0] Parser 'parser': start
[11:48:01.695] [bmv2] [D] [thread 11432] [2.0] [cxt 0] Parser 'parser' entering state 'start'
[11:48:01.695] [bmv2] [D] [thread 11432] [2.0] [cxt 0] Extracting header 'ethernet'
[11:48:01.695] [bmv2] [D] [thread 11432] [2.0] [cxt 0] Parser state 'start': key is 86dd
[11:48:01.695] [bmv2] [T] [thread 11432] [2.0] [cxt 0] Bytes parsed: 14
[11:48:01.696] [bmv2] [T] [thread 11432] [2.0] [cxt 0] Skipping checksum 'cksum_1' verification because target field invalid
[11:48:01.696] [bmv2] [T] [thread 11432] [2.0] [cxt 0] Skipping checksum 'cksum_2' verification because target field invalid
[11:48:01.696] [bmv2] [D] [thread 11432] [2.0] [cxt 0] Parser 'parser': end
[11:48:01.696] [bmv2] [D] [thread 11432] [2.0] [cxt 0] Pipeline 'ingress': start
[11:48:01.696] [bmv2] [T] [thread 11432] [2.0] [cxt 0] Applying table 'tbl_act'
[11:48:01.697] [bmv2] [D] [thread 11432] [2.0] [cxt 0] Looking up key:

[11:48:01.697] [bmv2] [D] [thread 11432] [2.0] [cxt 0] Table 'tbl_act': miss
[11:48:01.697] [bmv2] [D] [thread 11432] [2.0] [cxt 0] Action entry is act - 
[11:48:01.697] [bmv2] [T] [thread 11432] [2.0] [cxt 0] Action act
[11:48:01.697] [bmv2] [T] [thread 11432] [2.0] [cxt 0] streaming.p4(182) Primitive bit<16> mcast_const = 1;
[11:48:01.698] [bmv2] [T] [thread 11432] [2.0] [cxt 0] Applying table 'MyIngress.ipv4_lpm'
[11:48:01.698] [bmv2] [D] [thread 11432] [2.0] [cxt 0] Looking up key:
* hdr.ipv4.dstAddr    : 00000000

[11:48:01.698] [bmv2] [D] [thread 11432] [2.0] [cxt 0] Table 'MyIngress.ipv4_lpm': miss
[11:48:01.698] [bmv2] [D] [thread 11432] [2.0] [cxt 0] Action entry is NoAction - 
[11:48:01.698] [bmv2] [T] [thread 11432] [2.0] [cxt 0] Action NoAction
[11:48:01.698] [bmv2] [T] [thread 11432] [2.0] [cxt 0] streaming.p4(219) Condition "hdr.ipv4.protocol == 17" (node_4) is false
[11:48:01.698] [bmv2] [D] [thread 11432] [2.0] [cxt 0] Pipeline 'ingress': end
[11:48:01.698] [bmv2] [D] [thread 11432] [2.0] [cxt 0] Egress port is 0
[11:48:01.698] [bmv2] [D] [thread 11433] [2.0] [cxt 0] Pipeline 'egress': start
[11:48:01.698] [bmv2] [T] [thread 11433] [2.0] [cxt 0] Applying table 'MyEgress.nat_table'
[11:48:01.698] [bmv2] [D] [thread 11433] [2.0] [cxt 0] Looking up key:
* standard_metadata.egress_rid: 0000

[11:48:01.698] [bmv2] [D] [thread 11433] [2.0] [cxt 0] Table 'MyEgress.nat_table': miss
[11:48:01.698] [bmv2] [D] [thread 11433] [2.0] [cxt 0] Action entry is NoAction - 
[11:48:01.699] [bmv2] [T] [thread 11433] [2.0] [cxt 0] Action NoAction
[11:48:01.699] [bmv2] [D] [thread 11433] [2.0] [cxt 0] Pipeline 'egress': end
[11:48:01.699] [bmv2] [D] [thread 11433] [2.0] [cxt 0] Deparser 'deparser': start
[11:48:01.699] [bmv2] [T] [thread 11433] [2.0] [cxt 0] Skipping checksum 'cksum' update because condition not met
[11:48:01.699] [bmv2] [T] [thread 11433] [2.0] [cxt 0] Skipping checksum 'cksum_0' update because condition not met
[11:48:01.699] [bmv2] [D] [thread 11433] [2.0] [cxt 0] Deparsing header 'ethernet'
[11:48:01.699] [bmv2] [D] [thread 11433] [2.0] [cxt 0] Deparser 'deparser': end
[11:48:01.699] [bmv2] [D] [thread 11437] [2.0] [cxt 0] Transmitting packet of size 70 out of port 0
[11:48:01.899] [bmv2] [D] [thread 11432] [3.0] [cxt 0] Processing packet received on port 3
[11:48:01.900] [bmv2] [D] [thread 11432] [3.0] [cxt 0] Parser 'parser': start
[11:48:01.900] [bmv2] [D] [thread 11432] [3.0] [cxt 0] Parser 'parser' entering state 'start'
[11:48:01.900] [bmv2] [D] [thread 11432] [3.0] [cxt 0] Extracting header 'ethernet'
[11:48:01.901] [bmv2] [D] [thread 11432] [3.0] [cxt 0] Parser state 'start': key is 86dd
[11:48:01.901] [bmv2] [T] [thread 11432] [3.0] [cxt 0] Bytes parsed: 14
[11:48:01.901] [bmv2] [T] [thread 11432] [3.0] [cxt 0] Skipping checksum 'cksum_1' verification because target field invalid
[11:48:01.902] [bmv2] [T] [thread 11432] [3.0] [cxt 0] Skipping checksum 'cksum_2' verification because target field invalid
[11:48:01.902] [bmv2] [D] [thread 11432] [3.0] [cxt 0] Parser 'parser': end
[11:48:01.902] [bmv2] [D] [thread 11432] [3.0] [cxt 0] Pipeline 'ingress': start
[11:48:01.903] [bmv2] [T] [thread 11432] [3.0] [cxt 0] Applying table 'tbl_act'
[11:48:01.903] [bmv2] [D] [thread 11432] [3.0] [cxt 0] Looking up key:

[11:48:01.904] [bmv2] [D] [thread 11432] [3.0] [cxt 0] Table 'tbl_act': miss
[11:48:01.904] [bmv2] [D] [thread 11432] [3.0] [cxt 0] Action entry is act - 
[11:48:01.904] [bmv2] [T] [thread 11432] [3.0] [cxt 0] Action act
[11:48:01.906] [bmv2] [T] [thread 11432] [3.0] [cxt 0] streaming.p4(182) Primitive bit<16> mcast_const = 1;
[11:48:01.906] [bmv2] [T] [thread 11432] [3.0] [cxt 0] Applying table 'MyIngress.ipv4_lpm'
[11:48:01.906] [bmv2] [D] [thread 11432] [3.0] [cxt 0] Looking up key:
* hdr.ipv4.dstAddr    : 00000000

[11:48:01.907] [bmv2] [D] [thread 11432] [3.0] [cxt 0] Table 'MyIngress.ipv4_lpm': miss
[11:48:01.907] [bmv2] [D] [thread 11432] [3.0] [cxt 0] Action entry is NoAction - 
[11:48:01.908] [bmv2] [T] [thread 11432] [3.0] [cxt 0] Action NoAction
[11:48:01.908] [bmv2] [T] [thread 11432] [3.0] [cxt 0] streaming.p4(219) Condition "hdr.ipv4.protocol == 17" (node_4) is false
[11:48:01.909] [bmv2] [D] [thread 11432] [3.0] [cxt 0] Pipeline 'ingress': end
[11:48:01.909] [bmv2] [D] [thread 11432] [3.0] [cxt 0] Egress port is 0
[11:48:01.910] [bmv2] [D] [thread 11433] [3.0] [cxt 0] Pipeline 'egress': start
[11:48:01.910] [bmv2] [T] [thread 11433] [3.0] [cxt 0] Applying table 'MyEgress.nat_table'
[11:48:01.910] [bmv2] [D] [thread 11433] [3.0] [cxt 0] Looking up key:
* standard_metadata.egress_rid: 0000

[11:48:01.910] [bmv2] [D] [thread 11433] [3.0] [cxt 0] Table 'MyEgress.nat_table': miss
[11:48:01.911] [bmv2] [D] [thread 11433] [3.0] [cxt 0] Action entry is NoAction - 
[11:48:01.911] [bmv2] [T] [thread 11433] [3.0] [cxt 0] Action NoAction
[11:48:01.911] [bmv2] [D] [thread 11433] [3.0] [cxt 0] Pipeline 'egress': end
[11:48:01.911] [bmv2] [D] [thread 11433] [3.0] [cxt 0] Deparser 'deparser': start
[11:48:01.912] [bmv2] [T] [thread 11433] [3.0] [cxt 0] Skipping checksum 'cksum' update because condition not met
[11:48:01.912] [bmv2] [T] [thread 11433] [3.0] [cxt 0] Skipping checksum 'cksum_0' update because condition not met
[11:48:01.912] [bmv2] [D] [thread 11433] [3.0] [cxt 0] Deparsing header 'ethernet'
[11:48:01.912] [bmv2] [D] [thread 11433] [3.0] [cxt 0] Deparser 'deparser': end
[11:48:01.913] [bmv2] [D] [thread 11437] [3.0] [cxt 0] Transmitting packet of size 90 out of port 0
[11:48:01.911] [bmv2] [D] [thread 11432] [4.0] [cxt 0] Processing packet received on port 3
[11:48:01.914] [bmv2] [D] [thread 11432] [4.0] [cxt 0] Parser 'parser': start
[11:48:01.914] [bmv2] [D] [thread 11432] [4.0] [cxt 0] Parser 'parser' entering state 'start'
[11:48:01.914] [bmv2] [D] [thread 11432] [4.0] [cxt 0] Extracting header 'ethernet'
[11:48:01.915] [bmv2] [D] [thread 11432] [4.0] [cxt 0] Parser state 'start': key is 86dd
[11:48:01.915] [bmv2] [T] [thread 11432] [4.0] [cxt 0] Bytes parsed: 14
[11:48:01.915] [bmv2] [T] [thread 11432] [4.0] [cxt 0] Skipping checksum 'cksum_1' verification because target field invalid
[11:48:01.916] [bmv2] [T] [thread 11432] [4.0] [cxt 0] Skipping checksum 'cksum_2' verification because target field invalid
[11:48:01.916] [bmv2] [D] [thread 11432] [4.0] [cxt 0] Parser 'parser': end
[11:48:01.916] [bmv2] [D] [thread 11432] [4.0] [cxt 0] Pipeline 'ingress': start
[11:48:01.917] [bmv2] [T] [thread 11432] [4.0] [cxt 0] Applying table 'tbl_act'
[11:48:01.917] [bmv2] [D] [thread 11432] [4.0] [cxt 0] Looking up key:

[11:48:01.918] [bmv2] [D] [thread 11432] [4.0] [cxt 0] Table 'tbl_act': miss
[11:48:01.918] [bmv2] [D] [thread 11432] [4.0] [cxt 0] Action entry is act - 
[11:48:01.918] [bmv2] [T] [thread 11432] [4.0] [cxt 0] Action act
[11:48:01.919] [bmv2] [T] [thread 11432] [4.0] [cxt 0] streaming.p4(182) Primitive bit<16> mcast_const = 1;
[11:48:01.919] [bmv2] [T] [thread 11432] [4.0] [cxt 0] Applying table 'MyIngress.ipv4_lpm'
[11:48:01.919] [bmv2] [D] [thread 11432] [4.0] [cxt 0] Looking up key:
* hdr.ipv4.dstAddr    : 00000000

[11:48:01.919] [bmv2] [D] [thread 11432] [4.0] [cxt 0] Table 'MyIngress.ipv4_lpm': miss
[11:48:01.920] [bmv2] [D] [thread 11432] [4.0] [cxt 0] Action entry is NoAction - 
[11:48:01.920] [bmv2] [T] [thread 11432] [4.0] [cxt 0] Action NoAction
[11:48:01.921] [bmv2] [T] [thread 11432] [4.0] [cxt 0] streaming.p4(219) Condition "hdr.ipv4.protocol == 17" (node_4) is false
[11:48:01.921] [bmv2] [D] [thread 11432] [4.0] [cxt 0] Pipeline 'ingress': end
[11:48:01.921] [bmv2] [D] [thread 11432] [4.0] [cxt 0] Egress port is 0
[11:48:01.922] [bmv2] [D] [thread 11433] [4.0] [cxt 0] Pipeline 'egress': start
[11:48:01.922] [bmv2] [T] [thread 11433] [4.0] [cxt 0] Applying table 'MyEgress.nat_table'
[11:48:01.922] [bmv2] [D] [thread 11433] [4.0] [cxt 0] Looking up key:
* standard_metadata.egress_rid: 0000

[11:48:01.922] [bmv2] [D] [thread 11433] [4.0] [cxt 0] Table 'MyEgress.nat_table': miss
[11:48:01.922] [bmv2] [D] [thread 11433] [4.0] [cxt 0] Action entry is NoAction - 
[11:48:01.923] [bmv2] [T] [thread 11433] [4.0] [cxt 0] Action NoAction
[11:48:01.923] [bmv2] [D] [thread 11433] [4.0] [cxt 0] Pipeline 'egress': end
[11:48:01.923] [bmv2] [D] [thread 11433] [4.0] [cxt 0] Deparser 'deparser': start
[11:48:01.923] [bmv2] [T] [thread 11433] [4.0] [cxt 0] Skipping checksum 'cksum' update because condition not met
[11:48:01.923] [bmv2] [T] [thread 11433] [4.0] [cxt 0] Skipping checksum 'cksum_0' update because condition not met
[11:48:01.923] [bmv2] [D] [thread 11433] [4.0] [cxt 0] Deparsing header 'ethernet'
[11:48:01.924] [bmv2] [D] [thread 11433] [4.0] [cxt 0] Deparser 'deparser': end
[11:48:01.924] [bmv2] [D] [thread 11437] [4.0] [cxt 0] Transmitting packet of size 70 out of port 0
[11:48:01.946] [bmv2] [D] [thread 11432] [5.0] [cxt 0] Processing packet received on port 2
[11:48:01.946] [bmv2] [D] [thread 11432] [5.0] [cxt 0] Parser 'parser': start
[11:48:01.946] [bmv2] [D] [thread 11432] [5.0] [cxt 0] Parser 'parser' entering state 'start'
[11:48:01.946] [bmv2] [D] [thread 11432] [5.0] [cxt 0] Extracting header 'ethernet'
[11:48:01.946] [bmv2] [D] [thread 11432] [5.0] [cxt 0] Parser state 'start': key is 86dd
[11:48:01.946] [bmv2] [T] [thread 11432] [5.0] [cxt 0] Bytes parsed: 14
[11:48:01.946] [bmv2] [T] [thread 11432] [5.0] [cxt 0] Skipping checksum 'cksum_1' verification because target field invalid
[11:48:01.946] [bmv2] [T] [thread 11432] [5.0] [cxt 0] Skipping checksum 'cksum_2' verification because target field invalid
[11:48:01.946] [bmv2] [D] [thread 11432] [5.0] [cxt 0] Parser 'parser': end
[11:48:01.946] [bmv2] [D] [thread 11432] [5.0] [cxt 0] Pipeline 'ingress': start
[11:48:01.946] [bmv2] [T] [thread 11432] [5.0] [cxt 0] Applying table 'tbl_act'
[11:48:01.946] [bmv2] [D] [thread 11432] [5.0] [cxt 0] Looking up key:

[11:48:01.946] [bmv2] [D] [thread 11432] [5.0] [cxt 0] Table 'tbl_act': miss
[11:48:01.946] [bmv2] [D] [thread 11432] [5.0] [cxt 0] Action entry is act - 
[11:48:01.946] [bmv2] [T] [thread 11432] [5.0] [cxt 0] Action act
[11:48:01.947] [bmv2] [T] [thread 11432] [5.0] [cxt 0] streaming.p4(182) Primitive bit<16> mcast_const = 1;
[11:48:01.947] [bmv2] [T] [thread 11432] [5.0] [cxt 0] Applying table 'MyIngress.ipv4_lpm'
[11:48:01.947] [bmv2] [D] [thread 11432] [5.0] [cxt 0] Looking up key:
* hdr.ipv4.dstAddr    : 00000000

[11:48:01.947] [bmv2] [D] [thread 11432] [5.0] [cxt 0] Table 'MyIngress.ipv4_lpm': miss
[11:48:01.947] [bmv2] [D] [thread 11432] [5.0] [cxt 0] Action entry is NoAction - 
[11:48:01.947] [bmv2] [T] [thread 11432] [5.0] [cxt 0] Action NoAction
[11:48:01.947] [bmv2] [T] [thread 11432] [5.0] [cxt 0] streaming.p4(219) Condition "hdr.ipv4.protocol == 17" (node_4) is false
[11:48:01.947] [bmv2] [D] [thread 11432] [5.0] [cxt 0] Pipeline 'ingress': end
[11:48:01.947] [bmv2] [D] [thread 11432] [5.0] [cxt 0] Egress port is 0
[11:48:01.947] [bmv2] [D] [thread 11433] [5.0] [cxt 0] Pipeline 'egress': start
[11:48:01.947] [bmv2] [T] [thread 11433] [5.0] [cxt 0] Applying table 'MyEgress.nat_table'
[11:48:01.947] [bmv2] [D] [thread 11433] [5.0] [cxt 0] Looking up key:
* standard_metadata.egress_rid: 0000

[11:48:01.947] [bmv2] [D] [thread 11433] [5.0] [cxt 0] Table 'MyEgress.nat_table': miss
[11:48:01.947] [bmv2] [D] [thread 11433] [5.0] [cxt 0] Action entry is NoAction - 
[11:48:01.947] [bmv2] [T] [thread 11433] [5.0] [cxt 0] Action NoAction
[11:48:01.947] [bmv2] [D] [thread 11433] [5.0] [cxt 0] Pipeline 'egress': end
[11:48:01.947] [bmv2] [D] [thread 11433] [5.0] [cxt 0] Deparser 'deparser': start
[11:48:01.947] [bmv2] [T] [thread 11433] [5.0] [cxt 0] Skipping checksum 'cksum' update because condition not met
[11:48:01.948] [bmv2] [T] [thread 11433] [5.0] [cxt 0] Skipping checksum 'cksum_0' update because condition not met
[11:48:01.948] [bmv2] [D] [thread 11433] [5.0] [cxt 0] Deparsing header 'ethernet'
[11:48:01.948] [bmv2] [D] [thread 11433] [5.0] [cxt 0] Deparser 'deparser': end
[11:48:01.947] [bmv2] [D] [thread 11432] [6.0] [cxt 0] Processing packet received on port 2
[11:48:01.948] [bmv2] [D] [thread 11432] [6.0] [cxt 0] Parser 'parser': start
[11:48:01.948] [bmv2] [D] [thread 11432] [6.0] [cxt 0] Parser 'parser' entering state 'start'
[11:48:01.948] [bmv2] [D] [thread 11432] [6.0] [cxt 0] Extracting header 'ethernet'
[11:48:01.948] [bmv2] [D] [thread 11432] [6.0] [cxt 0] Parser state 'start': key is 86dd
[11:48:01.948] [bmv2] [T] [thread 11432] [6.0] [cxt 0] Bytes parsed: 14
[11:48:01.948] [bmv2] [T] [thread 11432] [6.0] [cxt 0] Skipping checksum 'cksum_1' verification because target field invalid
[11:48:01.948] [bmv2] [T] [thread 11432] [6.0] [cxt 0] Skipping checksum 'cksum_2' verification because target field invalid
[11:48:01.948] [bmv2] [D] [thread 11432] [6.0] [cxt 0] Parser 'parser': end
[11:48:01.948] [bmv2] [D] [thread 11432] [6.0] [cxt 0] Pipeline 'ingress': start
[11:48:01.948] [bmv2] [T] [thread 11432] [6.0] [cxt 0] Applying table 'tbl_act'
[11:48:01.948] [bmv2] [D] [thread 11432] [6.0] [cxt 0] Looking up key:

[11:48:01.948] [bmv2] [D] [thread 11432] [6.0] [cxt 0] Table 'tbl_act': miss
[11:48:01.948] [bmv2] [D] [thread 11432] [6.0] [cxt 0] Action entry is act - 
[11:48:01.948] [bmv2] [T] [thread 11432] [6.0] [cxt 0] Action act
[11:48:01.949] [bmv2] [T] [thread 11432] [6.0] [cxt 0] streaming.p4(182) Primitive bit<16> mcast_const = 1;
[11:48:01.949] [bmv2] [T] [thread 11432] [6.0] [cxt 0] Applying table 'MyIngress.ipv4_lpm'
[11:48:01.949] [bmv2] [D] [thread 11432] [6.0] [cxt 0] Looking up key:
* hdr.ipv4.dstAddr    : 00000000

[11:48:01.949] [bmv2] [D] [thread 11432] [6.0] [cxt 0] Table 'MyIngress.ipv4_lpm': miss
[11:48:01.949] [bmv2] [D] [thread 11432] [6.0] [cxt 0] Action entry is NoAction - 
[11:48:01.949] [bmv2] [T] [thread 11432] [6.0] [cxt 0] Action NoAction
[11:48:01.949] [bmv2] [T] [thread 11432] [6.0] [cxt 0] streaming.p4(219) Condition "hdr.ipv4.protocol == 17" (node_4) is false
[11:48:01.949] [bmv2] [D] [thread 11432] [6.0] [cxt 0] Pipeline 'ingress': end
[11:48:01.949] [bmv2] [D] [thread 11432] [6.0] [cxt 0] Egress port is 0
[11:48:01.948] [bmv2] [D] [thread 11437] [5.0] [cxt 0] Transmitting packet of size 90 out of port 0
[11:48:01.949] [bmv2] [D] [thread 11433] [6.0] [cxt 0] Pipeline 'egress': start
[11:48:01.949] [bmv2] [T] [thread 11433] [6.0] [cxt 0] Applying table 'MyEgress.nat_table'
[11:48:01.949] [bmv2] [D] [thread 11433] [6.0] [cxt 0] Looking up key:
* standard_metadata.egress_rid: 0000

[11:48:01.949] [bmv2] [D] [thread 11433] [6.0] [cxt 0] Table 'MyEgress.nat_table': miss
[11:48:01.949] [bmv2] [D] [thread 11433] [6.0] [cxt 0] Action entry is NoAction - 
[11:48:01.949] [bmv2] [T] [thread 11433] [6.0] [cxt 0] Action NoAction
[11:48:01.949] [bmv2] [D] [thread 11433] [6.0] [cxt 0] Pipeline 'egress': end
[11:48:01.950] [bmv2] [D] [thread 11433] [6.0] [cxt 0] Deparser 'deparser': start
[11:48:01.950] [bmv2] [T] [thread 11433] [6.0] [cxt 0] Skipping checksum 'cksum' update because condition not met
[11:48:01.950] [bmv2] [T] [thread 11433] [6.0] [cxt 0] Skipping checksum 'cksum_0' update because condition not met
[11:48:01.950] [bmv2] [D] [thread 11433] [6.0] [cxt 0] Deparsing header 'ethernet'
[11:48:01.950] [bmv2] [D] [thread 11433] [6.0] [cxt 0] Deparser 'deparser': end
[11:48:01.950] [bmv2] [D] [thread 11437] [6.0] [cxt 0] Transmitting packet of size 70 out of port 0
[11:48:01.961] [bmv2] [D] [thread 11432] [7.0] [cxt 0] Processing packet received on port 1
[11:48:01.961] [bmv2] [D] [thread 11432] [7.0] [cxt 0] Parser 'parser': start
[11:48:01.961] [bmv2] [D] [thread 11432] [7.0] [cxt 0] Parser 'parser' entering state 'start'
[11:48:01.961] [bmv2] [D] [thread 11432] [7.0] [cxt 0] Extracting header 'ethernet'
[11:48:01.962] [bmv2] [D] [thread 11432] [7.0] [cxt 0] Parser state 'start': key is 86dd
[11:48:01.962] [bmv2] [T] [thread 11432] [7.0] [cxt 0] Bytes parsed: 14
[11:48:01.962] [bmv2] [T] [thread 11432] [7.0] [cxt 0] Skipping checksum 'cksum_1' verification because target field invalid
[11:48:01.962] [bmv2] [T] [thread 11432] [7.0] [cxt 0] Skipping checksum 'cksum_2' verification because target field invalid
[11:48:01.962] [bmv2] [D] [thread 11432] [7.0] [cxt 0] Parser 'parser': end
[11:48:01.962] [bmv2] [D] [thread 11432] [7.0] [cxt 0] Pipeline 'ingress': start
[11:48:01.962] [bmv2] [T] [thread 11432] [7.0] [cxt 0] Applying table 'tbl_act'
[11:48:01.962] [bmv2] [D] [thread 11432] [7.0] [cxt 0] Looking up key:

[11:48:01.962] [bmv2] [D] [thread 11432] [7.0] [cxt 0] Table 'tbl_act': miss
[11:48:01.962] [bmv2] [D] [thread 11432] [7.0] [cxt 0] Action entry is act - 
[11:48:01.962] [bmv2] [T] [thread 11432] [7.0] [cxt 0] Action act
[11:48:01.962] [bmv2] [T] [thread 11432] [7.0] [cxt 0] streaming.p4(182) Primitive bit<16> mcast_const = 1;
[11:48:01.962] [bmv2] [T] [thread 11432] [7.0] [cxt 0] Applying table 'MyIngress.ipv4_lpm'
[11:48:01.962] [bmv2] [D] [thread 11432] [7.0] [cxt 0] Looking up key:
* hdr.ipv4.dstAddr    : 00000000

[11:48:01.962] [bmv2] [D] [thread 11432] [7.0] [cxt 0] Table 'MyIngress.ipv4_lpm': miss
[11:48:01.962] [bmv2] [D] [thread 11432] [7.0] [cxt 0] Action entry is NoAction - 
[11:48:01.963] [bmv2] [T] [thread 11432] [7.0] [cxt 0] Action NoAction
[11:48:01.963] [bmv2] [T] [thread 11432] [7.0] [cxt 0] streaming.p4(219) Condition "hdr.ipv4.protocol == 17" (node_4) is false
[11:48:01.963] [bmv2] [D] [thread 11432] [7.0] [cxt 0] Pipeline 'ingress': end
[11:48:01.963] [bmv2] [D] [thread 11432] [7.0] [cxt 0] Egress port is 0
[11:48:01.963] [bmv2] [D] [thread 11433] [7.0] [cxt 0] Pipeline 'egress': start
[11:48:01.963] [bmv2] [T] [thread 11433] [7.0] [cxt 0] Applying table 'MyEgress.nat_table'
[11:48:01.963] [bmv2] [D] [thread 11433] [7.0] [cxt 0] Looking up key:
* standard_metadata.egress_rid: 0000

[11:48:01.963] [bmv2] [D] [thread 11433] [7.0] [cxt 0] Table 'MyEgress.nat_table': miss
[11:48:01.963] [bmv2] [D] [thread 11433] [7.0] [cxt 0] Action entry is NoAction - 
[11:48:01.963] [bmv2] [T] [thread 11433] [7.0] [cxt 0] Action NoAction
[11:48:01.963] [bmv2] [D] [thread 11433] [7.0] [cxt 0] Pipeline 'egress': end
[11:48:01.963] [bmv2] [D] [thread 11433] [7.0] [cxt 0] Deparser 'deparser': start
[11:48:01.963] [bmv2] [T] [thread 11433] [7.0] [cxt 0] Skipping checksum 'cksum' update because condition not met
[11:48:01.963] [bmv2] [T] [thread 11433] [7.0] [cxt 0] Skipping checksum 'cksum_0' update because condition not met
[11:48:01.964] [bmv2] [D] [thread 11433] [7.0] [cxt 0] Deparsing header 'ethernet'
[11:48:01.964] [bmv2] [D] [thread 11433] [7.0] [cxt 0] Deparser 'deparser': end
[11:48:01.963] [bmv2] [D] [thread 11432] [8.0] [cxt 0] Processing packet received on port 1
[11:48:01.964] [bmv2] [D] [thread 11432] [8.0] [cxt 0] Parser 'parser': start
[11:48:01.964] [bmv2] [D] [thread 11432] [8.0] [cxt 0] Parser 'parser' entering state 'start'
[11:48:01.964] [bmv2] [D] [thread 11432] [8.0] [cxt 0] Extracting header 'ethernet'
[11:48:01.964] [bmv2] [D] [thread 11432] [8.0] [cxt 0] Parser state 'start': key is 86dd
[11:48:01.964] [bmv2] [T] [thread 11432] [8.0] [cxt 0] Bytes parsed: 14
[11:48:01.964] [bmv2] [T] [thread 11432] [8.0] [cxt 0] Skipping checksum 'cksum_1' verification because target field invalid
[11:48:01.964] [bmv2] [T] [thread 11432] [8.0] [cxt 0] Skipping checksum 'cksum_2' verification because target field invalid
[11:48:01.964] [bmv2] [D] [thread 11432] [8.0] [cxt 0] Parser 'parser': end
[11:48:01.964] [bmv2] [D] [thread 11432] [8.0] [cxt 0] Pipeline 'ingress': start
[11:48:01.964] [bmv2] [T] [thread 11432] [8.0] [cxt 0] Applying table 'tbl_act'
[11:48:01.964] [bmv2] [D] [thread 11432] [8.0] [cxt 0] Looking up key:

[11:48:01.964] [bmv2] [D] [thread 11432] [8.0] [cxt 0] Table 'tbl_act': miss
[11:48:01.965] [bmv2] [D] [thread 11432] [8.0] [cxt 0] Action entry is act - 
[11:48:01.965] [bmv2] [T] [thread 11432] [8.0] [cxt 0] Action act
[11:48:01.965] [bmv2] [T] [thread 11432] [8.0] [cxt 0] streaming.p4(182) Primitive bit<16> mcast_const = 1;
[11:48:01.965] [bmv2] [T] [thread 11432] [8.0] [cxt 0] Applying table 'MyIngress.ipv4_lpm'
[11:48:01.965] [bmv2] [D] [thread 11432] [8.0] [cxt 0] Looking up key:
* hdr.ipv4.dstAddr    : 00000000

[11:48:01.965] [bmv2] [D] [thread 11432] [8.0] [cxt 0] Table 'MyIngress.ipv4_lpm': miss
[11:48:01.965] [bmv2] [D] [thread 11432] [8.0] [cxt 0] Action entry is NoAction - 
[11:48:01.965] [bmv2] [T] [thread 11432] [8.0] [cxt 0] Action NoAction
[11:48:01.965] [bmv2] [T] [thread 11432] [8.0] [cxt 0] streaming.p4(219) Condition "hdr.ipv4.protocol == 17" (node_4) is false
[11:48:01.965] [bmv2] [D] [thread 11432] [8.0] [cxt 0] Pipeline 'ingress': end
[11:48:01.965] [bmv2] [D] [thread 11432] [8.0] [cxt 0] Egress port is 0
[11:48:01.964] [bmv2] [D] [thread 11437] [7.0] [cxt 0] Transmitting packet of size 90 out of port 0
[11:48:01.965] [bmv2] [D] [thread 11433] [8.0] [cxt 0] Pipeline 'egress': start
[11:48:01.965] [bmv2] [T] [thread 11433] [8.0] [cxt 0] Applying table 'MyEgress.nat_table'
[11:48:01.966] [bmv2] [D] [thread 11433] [8.0] [cxt 0] Looking up key:
* standard_metadata.egress_rid: 0000

[11:48:01.966] [bmv2] [D] [thread 11433] [8.0] [cxt 0] Table 'MyEgress.nat_table': miss
[11:48:01.966] [bmv2] [D] [thread 11433] [8.0] [cxt 0] Action entry is NoAction - 
[11:48:01.966] [bmv2] [T] [thread 11433] [8.0] [cxt 0] Action NoAction
[11:48:01.966] [bmv2] [D] [thread 11433] [8.0] [cxt 0] Pipeline 'egress': end
[11:48:01.966] [bmv2] [D] [thread 11433] [8.0] [cxt 0] Deparser 'deparser': start
[11:48:01.966] [bmv2] [T] [thread 11433] [8.0] [cxt 0] Skipping checksum 'cksum' update because condition not met
[11:48:01.966] [bmv2] [T] [thread 11433] [8.0] [cxt 0] Skipping checksum 'cksum_0' update because condition not met
[11:48:01.966] [bmv2] [D] [thread 11433] [8.0] [cxt 0] Deparsing header 'ethernet'
[11:48:01.966] [bmv2] [D] [thread 11433] [8.0] [cxt 0] Deparser 'deparser': end
[11:48:01.966] [bmv2] [D] [thread 11437] [8.0] [cxt 0] Transmitting packet of size 70 out of port 0
[11:48:02.085] [bmv2] [D] [thread 11432] [9.0] [cxt 0] Processing packet received on port 1
[11:48:02.085] [bmv2] [D] [thread 11432] [9.0] [cxt 0] Parser 'parser': start
[11:48:02.085] [bmv2] [D] [thread 11432] [9.0] [cxt 0] Parser 'parser' entering state 'start'
[11:48:02.086] [bmv2] [D] [thread 11432] [9.0] [cxt 0] Extracting header 'ethernet'
[11:48:02.086] [bmv2] [D] [thread 11432] [9.0] [cxt 0] Parser state 'start': key is 86dd
[11:48:02.086] [bmv2] [T] [thread 11432] [9.0] [cxt 0] Bytes parsed: 14
[11:48:02.086] [bmv2] [T] [thread 11432] [9.0] [cxt 0] Skipping checksum 'cksum_1' verification because target field invalid
[11:48:02.087] [bmv2] [T] [thread 11432] [9.0] [cxt 0] Skipping checksum 'cksum_2' verification because target field invalid
[11:48:02.087] [bmv2] [D] [thread 11432] [9.0] [cxt 0] Parser 'parser': end
[11:48:02.087] [bmv2] [D] [thread 11432] [9.0] [cxt 0] Pipeline 'ingress': start
[11:48:02.087] [bmv2] [T] [thread 11432] [9.0] [cxt 0] Applying table 'tbl_act'
[11:48:02.088] [bmv2] [D] [thread 11432] [9.0] [cxt 0] Looking up key:

[11:48:02.088] [bmv2] [D] [thread 11432] [9.0] [cxt 0] Table 'tbl_act': miss
[11:48:02.088] [bmv2] [D] [thread 11432] [9.0] [cxt 0] Action entry is act - 
[11:48:02.088] [bmv2] [T] [thread 11432] [9.0] [cxt 0] Action act
[11:48:02.089] [bmv2] [T] [thread 11432] [9.0] [cxt 0] streaming.p4(182) Primitive bit<16> mcast_const = 1;
[11:48:02.089] [bmv2] [T] [thread 11432] [9.0] [cxt 0] Applying table 'MyIngress.ipv4_lpm'
[11:48:02.089] [bmv2] [D] [thread 11432] [9.0] [cxt 0] Looking up key:
* hdr.ipv4.dstAddr    : 00000000

[11:48:02.089] [bmv2] [D] [thread 11432] [9.0] [cxt 0] Table 'MyIngress.ipv4_lpm': miss
[11:48:02.089] [bmv2] [D] [thread 11432] [9.0] [cxt 0] Action entry is NoAction - 
[11:48:02.090] [bmv2] [T] [thread 11432] [9.0] [cxt 0] Action NoAction
[11:48:02.090] [bmv2] [T] [thread 11432] [9.0] [cxt 0] streaming.p4(219) Condition "hdr.ipv4.protocol == 17" (node_4) is false
[11:48:02.090] [bmv2] [D] [thread 11432] [9.0] [cxt 0] Pipeline 'ingress': end
[11:48:02.090] [bmv2] [D] [thread 11432] [9.0] [cxt 0] Egress port is 0
[11:48:02.090] [bmv2] [D] [thread 11433] [9.0] [cxt 0] Pipeline 'egress': start
[11:48:02.091] [bmv2] [T] [thread 11433] [9.0] [cxt 0] Applying table 'MyEgress.nat_table'
[11:48:02.091] [bmv2] [D] [thread 11433] [9.0] [cxt 0] Looking up key:
* standard_metadata.egress_rid: 0000

[11:48:02.091] [bmv2] [D] [thread 11433] [9.0] [cxt 0] Table 'MyEgress.nat_table': miss
[11:48:02.091] [bmv2] [D] [thread 11433] [9.0] [cxt 0] Action entry is NoAction - 
[11:48:02.092] [bmv2] [T] [thread 11433] [9.0] [cxt 0] Action NoAction
[11:48:02.092] [bmv2] [D] [thread 11433] [9.0] [cxt 0] Pipeline 'egress': end
[11:48:02.092] [bmv2] [D] [thread 11433] [9.0] [cxt 0] Deparser 'deparser': start
[11:48:02.092] [bmv2] [T] [thread 11433] [9.0] [cxt 0] Skipping checksum 'cksum' update because condition not met
[11:48:02.092] [bmv2] [T] [thread 11433] [9.0] [cxt 0] Skipping checksum 'cksum_0' update because condition not met
[11:48:02.093] [bmv2] [D] [thread 11433] [9.0] [cxt 0] Deparsing header 'ethernet'
[11:48:02.093] [bmv2] [D] [thread 11433] [9.0] [cxt 0] Deparser 'deparser': end
[11:48:02.093] [bmv2] [D] [thread 11437] [9.0] [cxt 0] Transmitting packet of size 90 out of port 0
[11:48:02.116] [bmv2] [D] [thread 11432] [10.0] [cxt 0] Processing packet received on port 3
[11:48:02.116] [bmv2] [D] [thread 11432] [10.0] [cxt 0] Parser 'parser': start
[11:48:02.116] [bmv2] [D] [thread 11432] [10.0] [cxt 0] Parser 'parser' entering state 'start'
[11:48:02.116] [bmv2] [D] [thread 11432] [10.0] [cxt 0] Extracting header 'ethernet'
[11:48:02.117] [bmv2] [D] [thread 11432] [10.0] [cxt 0] Parser state 'start': key is 86dd
[11:48:02.117] [bmv2] [T] [thread 11432] [10.0] [cxt 0] Bytes parsed: 14
[11:48:02.118] [bmv2] [T] [thread 11432] [10.0] [cxt 0] Skipping checksum 'cksum_1' verification because target field invalid
[11:48:02.118] [bmv2] [T] [thread 11432] [10.0] [cxt 0] Skipping checksum 'cksum_2' verification because target field invalid
[11:48:02.118] [bmv2] [D] [thread 11432] [10.0] [cxt 0] Parser 'parser': end
[11:48:02.119] [bmv2] [D] [thread 11432] [10.0] [cxt 0] Pipeline 'ingress': start
[11:48:02.119] [bmv2] [T] [thread 11432] [10.0] [cxt 0] Applying table 'tbl_act'
[11:48:02.120] [bmv2] [D] [thread 11432] [10.0] [cxt 0] Looking up key:

[11:48:02.120] [bmv2] [D] [thread 11432] [10.0] [cxt 0] Table 'tbl_act': miss
[11:48:02.120] [bmv2] [D] [thread 11432] [10.0] [cxt 0] Action entry is act - 
[11:48:02.121] [bmv2] [T] [thread 11432] [10.0] [cxt 0] Action act
[11:48:02.121] [bmv2] [T] [thread 11432] [10.0] [cxt 0] streaming.p4(182) Primitive bit<16> mcast_const = 1;
[11:48:02.121] [bmv2] [T] [thread 11432] [10.0] [cxt 0] Applying table 'MyIngress.ipv4_lpm'
[11:48:02.122] [bmv2] [D] [thread 11432] [10.0] [cxt 0] Looking up key:
* hdr.ipv4.dstAddr    : 00000000

[11:48:02.122] [bmv2] [D] [thread 11432] [10.0] [cxt 0] Table 'MyIngress.ipv4_lpm': miss
[11:48:02.122] [bmv2] [D] [thread 11432] [10.0] [cxt 0] Action entry is NoAction - 
[11:48:02.123] [bmv2] [T] [thread 11432] [10.0] [cxt 0] Action NoAction
[11:48:02.123] [bmv2] [T] [thread 11432] [10.0] [cxt 0] streaming.p4(219) Condition "hdr.ipv4.protocol == 17" (node_4) is false
[11:48:02.123] [bmv2] [D] [thread 11432] [10.0] [cxt 0] Pipeline 'ingress': end
[11:48:02.124] [bmv2] [D] [thread 11432] [10.0] [cxt 0] Egress port is 0
[11:48:02.124] [bmv2] [D] [thread 11433] [10.0] [cxt 0] Pipeline 'egress': start
[11:48:02.124] [bmv2] [T] [thread 11433] [10.0] [cxt 0] Applying table 'MyEgress.nat_table'
[11:48:02.125] [bmv2] [D] [thread 11433] [10.0] [cxt 0] Looking up key:
* standard_metadata.egress_rid: 0000

[11:48:02.125] [bmv2] [D] [thread 11433] [10.0] [cxt 0] Table 'MyEgress.nat_table': miss
[11:48:02.125] [bmv2] [D] [thread 11433] [10.0] [cxt 0] Action entry is NoAction - 
[11:48:02.125] [bmv2] [T] [thread 11433] [10.0] [cxt 0] Action NoAction
[11:48:02.126] [bmv2] [D] [thread 11433] [10.0] [cxt 0] Pipeline 'egress': end
[11:48:02.126] [bmv2] [D] [thread 11433] [10.0] [cxt 0] Deparser 'deparser': start
[11:48:02.126] [bmv2] [T] [thread 11433] [10.0] [cxt 0] Skipping checksum 'cksum' update because condition not met
[11:48:02.125] [bmv2] [D] [thread 11432] [11.0] [cxt 0] Processing packet received on port 3
[11:48:02.127] [bmv2] [D] [thread 11432] [11.0] [cxt 0] Parser 'parser': start
[11:48:02.127] [bmv2] [D] [thread 11432] [11.0] [cxt 0] Parser 'parser' entering state 'start'
[11:48:02.128] [bmv2] [D] [thread 11432] [11.0] [cxt 0] Extracting header 'ethernet'
[11:48:02.126] [bmv2] [T] [thread 11433] [10.0] [cxt 0] Skipping checksum 'cksum_0' update because condition not met
[11:48:02.128] [bmv2] [D] [thread 11433] [10.0] [cxt 0] Deparsing header 'ethernet'
[11:48:02.128] [bmv2] [D] [thread 11433] [10.0] [cxt 0] Deparser 'deparser': end
[11:48:02.129] [bmv2] [D] [thread 11437] [10.0] [cxt 0] Transmitting packet of size 90 out of port 0
[11:48:02.128] [bmv2] [D] [thread 11432] [11.0] [cxt 0] Parser state 'start': key is 86dd
[11:48:02.129] [bmv2] [T] [thread 11432] [11.0] [cxt 0] Bytes parsed: 14
[11:48:02.129] [bmv2] [T] [thread 11432] [11.0] [cxt 0] Skipping checksum 'cksum_1' verification because target field invalid
[11:48:02.129] [bmv2] [T] [thread 11432] [11.0] [cxt 0] Skipping checksum 'cksum_2' verification because target field invalid
[11:48:02.129] [bmv2] [D] [thread 11432] [11.0] [cxt 0] Parser 'parser': end
[11:48:02.130] [bmv2] [D] [thread 11432] [11.0] [cxt 0] Pipeline 'ingress': start
[11:48:02.130] [bmv2] [T] [thread 11432] [11.0] [cxt 0] Applying table 'tbl_act'
[11:48:02.130] [bmv2] [D] [thread 11432] [11.0] [cxt 0] Looking up key:

[11:48:02.130] [bmv2] [D] [thread 11432] [11.0] [cxt 0] Table 'tbl_act': miss
[11:48:02.130] [bmv2] [D] [thread 11432] [11.0] [cxt 0] Action entry is act - 
[11:48:02.130] [bmv2] [T] [thread 11432] [11.0] [cxt 0] Action act
[11:48:02.130] [bmv2] [T] [thread 11432] [11.0] [cxt 0] streaming.p4(182) Primitive bit<16> mcast_const = 1;
[11:48:02.130] [bmv2] [T] [thread 11432] [11.0] [cxt 0] Applying table 'MyIngress.ipv4_lpm'
[11:48:02.131] [bmv2] [D] [thread 11432] [11.0] [cxt 0] Looking up key:
* hdr.ipv4.dstAddr    : 00000000

[11:48:02.131] [bmv2] [D] [thread 11432] [11.0] [cxt 0] Table 'MyIngress.ipv4_lpm': miss
[11:48:02.131] [bmv2] [D] [thread 11432] [11.0] [cxt 0] Action entry is NoAction - 
[11:48:02.131] [bmv2] [T] [thread 11432] [11.0] [cxt 0] Action NoAction
[11:48:02.131] [bmv2] [T] [thread 11432] [11.0] [cxt 0] streaming.p4(219) Condition "hdr.ipv4.protocol == 17" (node_4) is false
[11:48:02.132] [bmv2] [D] [thread 11432] [11.0] [cxt 0] Pipeline 'ingress': end
[11:48:02.132] [bmv2] [D] [thread 11432] [11.0] [cxt 0] Egress port is 0
[11:48:02.132] [bmv2] [D] [thread 11433] [11.0] [cxt 0] Pipeline 'egress': start
[11:48:02.132] [bmv2] [T] [thread 11433] [11.0] [cxt 0] Applying table 'MyEgress.nat_table'
[11:48:02.132] [bmv2] [D] [thread 11433] [11.0] [cxt 0] Looking up key:
* standard_metadata.egress_rid: 0000

[11:48:02.133] [bmv2] [D] [thread 11433] [11.0] [cxt 0] Table 'MyEgress.nat_table': miss
[11:48:02.133] [bmv2] [D] [thread 11433] [11.0] [cxt 0] Action entry is NoAction - 
[11:48:02.133] [bmv2] [T] [thread 11433] [11.0] [cxt 0] Action NoAction
[11:48:02.133] [bmv2] [D] [thread 11433] [11.0] [cxt 0] Pipeline 'egress': end
[11:48:02.133] [bmv2] [D] [thread 11433] [11.0] [cxt 0] Deparser 'deparser': start
[11:48:02.133] [bmv2] [T] [thread 11433] [11.0] [cxt 0] Skipping checksum 'cksum' update because condition not met
[11:48:02.134] [bmv2] [T] [thread 11433] [11.0] [cxt 0] Skipping checksum 'cksum_0' update because condition not met
[11:48:02.134] [bmv2] [D] [thread 11433] [11.0] [cxt 0] Deparsing header 'ethernet'
[11:48:02.134] [bmv2] [D] [thread 11433] [11.0] [cxt 0] Deparser 'deparser': end
[11:48:02.134] [bmv2] [D] [thread 11437] [11.0] [cxt 0] Transmitting packet of size 70 out of port 0
[11:48:02.304] [bmv2] [D] [thread 11432] [12.0] [cxt 0] Processing packet received on port 2
[11:48:02.304] [bmv2] [D] [thread 11432] [12.0] [cxt 0] Parser 'parser': start
[11:48:02.305] [bmv2] [D] [thread 11432] [12.0] [cxt 0] Parser 'parser' entering state 'start'
[11:48:02.305] [bmv2] [D] [thread 11432] [12.0] [cxt 0] Extracting header 'ethernet'
[11:48:02.306] [bmv2] [D] [thread 11432] [12.0] [cxt 0] Parser state 'start': key is 86dd
[11:48:02.306] [bmv2] [T] [thread 11432] [12.0] [cxt 0] Bytes parsed: 14
[11:48:02.307] [bmv2] [T] [thread 11432] [12.0] [cxt 0] Skipping checksum 'cksum_1' verification because target field invalid
[11:48:02.307] [bmv2] [T] [thread 11432] [12.0] [cxt 0] Skipping checksum 'cksum_2' verification because target field invalid
[11:48:02.308] [bmv2] [D] [thread 11432] [12.0] [cxt 0] Parser 'parser': end
[11:48:02.308] [bmv2] [D] [thread 11432] [12.0] [cxt 0] Pipeline 'ingress': start
[11:48:02.308] [bmv2] [T] [thread 11432] [12.0] [cxt 0] Applying table 'tbl_act'
[11:48:02.309] [bmv2] [D] [thread 11432] [12.0] [cxt 0] Looking up key:

[11:48:02.309] [bmv2] [D] [thread 11432] [12.0] [cxt 0] Table 'tbl_act': miss
[11:48:02.310] [bmv2] [D] [thread 11432] [12.0] [cxt 0] Action entry is act - 
[11:48:02.310] [bmv2] [T] [thread 11432] [12.0] [cxt 0] Action act
[11:48:02.310] [bmv2] [T] [thread 11432] [12.0] [cxt 0] streaming.p4(182) Primitive bit<16> mcast_const = 1;
[11:48:02.311] [bmv2] [T] [thread 11432] [12.0] [cxt 0] Applying table 'MyIngress.ipv4_lpm'
[11:48:02.311] [bmv2] [D] [thread 11432] [12.0] [cxt 0] Looking up key:
* hdr.ipv4.dstAddr    : 00000000

[11:48:02.311] [bmv2] [D] [thread 11432] [12.0] [cxt 0] Table 'MyIngress.ipv4_lpm': miss
[11:48:02.312] [bmv2] [D] [thread 11432] [12.0] [cxt 0] Action entry is NoAction - 
[11:48:02.312] [bmv2] [T] [thread 11432] [12.0] [cxt 0] Action NoAction
[11:48:02.312] [bmv2] [T] [thread 11432] [12.0] [cxt 0] streaming.p4(219) Condition "hdr.ipv4.protocol == 17" (node_4) is false
[11:48:02.312] [bmv2] [D] [thread 11432] [12.0] [cxt 0] Pipeline 'ingress': end
[11:48:02.313] [bmv2] [D] [thread 11432] [12.0] [cxt 0] Egress port is 0
[11:48:02.313] [bmv2] [D] [thread 11433] [12.0] [cxt 0] Pipeline 'egress': start
[11:48:02.313] [bmv2] [T] [thread 11433] [12.0] [cxt 0] Applying table 'MyEgress.nat_table'
[11:48:02.314] [bmv2] [D] [thread 11433] [12.0] [cxt 0] Looking up key:
* standard_metadata.egress_rid: 0000

[11:48:02.314] [bmv2] [D] [thread 11433] [12.0] [cxt 0] Table 'MyEgress.nat_table': miss
[11:48:02.314] [bmv2] [D] [thread 11433] [12.0] [cxt 0] Action entry is NoAction - 
[11:48:02.315] [bmv2] [T] [thread 11433] [12.0] [cxt 0] Action NoAction
[11:48:02.315] [bmv2] [D] [thread 11433] [12.0] [cxt 0] Pipeline 'egress': end
[11:48:02.315] [bmv2] [D] [thread 11433] [12.0] [cxt 0] Deparser 'deparser': start
[11:48:02.315] [bmv2] [T] [thread 11433] [12.0] [cxt 0] Skipping checksum 'cksum' update because condition not met
[11:48:02.316] [bmv2] [T] [thread 11433] [12.0] [cxt 0] Skipping checksum 'cksum_0' update because condition not met
[11:48:02.316] [bmv2] [D] [thread 11433] [12.0] [cxt 0] Deparsing header 'ethernet'
[11:48:02.316] [bmv2] [D] [thread 11433] [12.0] [cxt 0] Deparser 'deparser': end
[11:48:02.317] [bmv2] [D] [thread 11437] [12.0] [cxt 0] Transmitting packet of size 90 out of port 0
[11:48:02.505] [bmv2] [D] [thread 11432] [13.0] [cxt 0] Processing packet received on port 3
[11:48:02.506] [bmv2] [D] [thread 11432] [13.0] [cxt 0] Parser 'parser': start
[11:48:02.506] [bmv2] [D] [thread 11432] [13.0] [cxt 0] Parser 'parser' entering state 'start'
[11:48:02.506] [bmv2] [D] [thread 11432] [13.0] [cxt 0] Extracting header 'ethernet'
[11:48:02.507] [bmv2] [D] [thread 11432] [13.0] [cxt 0] Parser state 'start': key is 86dd
[11:48:02.507] [bmv2] [T] [thread 11432] [13.0] [cxt 0] Bytes parsed: 14
[11:48:02.508] [bmv2] [T] [thread 11432] [13.0] [cxt 0] Skipping checksum 'cksum_1' verification because target field invalid
[11:48:02.508] [bmv2] [T] [thread 11432] [13.0] [cxt 0] Skipping checksum 'cksum_2' verification because target field invalid
[11:48:02.508] [bmv2] [D] [thread 11432] [13.0] [cxt 0] Parser 'parser': end
[11:48:02.509] [bmv2] [D] [thread 11432] [13.0] [cxt 0] Pipeline 'ingress': start
[11:48:02.509] [bmv2] [T] [thread 11432] [13.0] [cxt 0] Applying table 'tbl_act'
[11:48:02.509] [bmv2] [D] [thread 11432] [13.0] [cxt 0] Looking up key:

[11:48:02.510] [bmv2] [D] [thread 11432] [13.0] [cxt 0] Table 'tbl_act': miss
[11:48:02.510] [bmv2] [D] [thread 11432] [13.0] [cxt 0] Action entry is act - 
[11:48:02.511] [bmv2] [T] [thread 11432] [13.0] [cxt 0] Action act
[11:48:02.511] [bmv2] [T] [thread 11432] [13.0] [cxt 0] streaming.p4(182) Primitive bit<16> mcast_const = 1;
[11:48:02.511] [bmv2] [T] [thread 11432] [13.0] [cxt 0] Applying table 'MyIngress.ipv4_lpm'
[11:48:02.511] [bmv2] [D] [thread 11432] [13.0] [cxt 0] Looking up key:
* hdr.ipv4.dstAddr    : 00000000

[11:48:02.512] [bmv2] [D] [thread 11432] [13.0] [cxt 0] Table 'MyIngress.ipv4_lpm': miss
[11:48:02.512] [bmv2] [D] [thread 11432] [13.0] [cxt 0] Action entry is NoAction - 
[11:48:02.512] [bmv2] [T] [thread 11432] [13.0] [cxt 0] Action NoAction
[11:48:02.513] [bmv2] [T] [thread 11432] [13.0] [cxt 0] streaming.p4(219) Condition "hdr.ipv4.protocol == 17" (node_4) is false
[11:48:02.513] [bmv2] [D] [thread 11432] [13.0] [cxt 0] Pipeline 'ingress': end
[11:48:02.513] [bmv2] [D] [thread 11432] [13.0] [cxt 0] Egress port is 0
[11:48:02.514] [bmv2] [D] [thread 11433] [13.0] [cxt 0] Pipeline 'egress': start
[11:48:02.514] [bmv2] [T] [thread 11433] [13.0] [cxt 0] Applying table 'MyEgress.nat_table'
[11:48:02.514] [bmv2] [D] [thread 11433] [13.0] [cxt 0] Looking up key:
* standard_metadata.egress_rid: 0000

[11:48:02.515] [bmv2] [D] [thread 11433] [13.0] [cxt 0] Table 'MyEgress.nat_table': miss
[11:48:02.515] [bmv2] [D] [thread 11433] [13.0] [cxt 0] Action entry is NoAction - 
[11:48:02.515] [bmv2] [T] [thread 11433] [13.0] [cxt 0] Action NoAction
[11:48:02.515] [bmv2] [D] [thread 11433] [13.0] [cxt 0] Pipeline 'egress': end
[11:48:02.516] [bmv2] [D] [thread 11433] [13.0] [cxt 0] Deparser 'deparser': start
[11:48:02.516] [bmv2] [T] [thread 11433] [13.0] [cxt 0] Skipping checksum 'cksum' update because condition not met
[11:48:02.516] [bmv2] [T] [thread 11433] [13.0] [cxt 0] Skipping checksum 'cksum_0' update because condition not met
[11:48:02.516] [bmv2] [D] [thread 11433] [13.0] [cxt 0] Deparsing header 'ethernet'
[11:48:02.517] [bmv2] [D] [thread 11433] [13.0] [cxt 0] Deparser 'deparser': end
[11:48:02.518] [bmv2] [D] [thread 11437] [13.0] [cxt 0] Transmitting packet of size 90 out of port 0
[11:48:02.517] [bmv2] [D] [thread 11432] [14.0] [cxt 0] Processing packet received on port 4
[11:48:02.519] [bmv2] [D] [thread 11432] [14.0] [cxt 0] Parser 'parser': start
[11:48:02.519] [bmv2] [D] [thread 11432] [14.0] [cxt 0] Parser 'parser' entering state 'start'
[11:48:02.520] [bmv2] [D] [thread 11432] [14.0] [cxt 0] Extracting header 'ethernet'
[11:48:02.520] [bmv2] [D] [thread 11432] [14.0] [cxt 0] Parser state 'start': key is 86dd
[11:48:02.521] [bmv2] [T] [thread 11432] [14.0] [cxt 0] Bytes parsed: 14
[11:48:02.521] [bmv2] [T] [thread 11432] [14.0] [cxt 0] Skipping checksum 'cksum_1' verification because target field invalid
[11:48:02.521] [bmv2] [T] [thread 11432] [14.0] [cxt 0] Skipping checksum 'cksum_2' verification because target field invalid
[11:48:02.522] [bmv2] [D] [thread 11432] [14.0] [cxt 0] Parser 'parser': end
[11:48:02.522] [bmv2] [D] [thread 11432] [14.0] [cxt 0] Pipeline 'ingress': start
[11:48:02.522] [bmv2] [T] [thread 11432] [14.0] [cxt 0] Applying table 'tbl_act'
[11:48:02.523] [bmv2] [D] [thread 11432] [14.0] [cxt 0] Looking up key:

[11:48:02.523] [bmv2] [D] [thread 11432] [14.0] [cxt 0] Table 'tbl_act': miss
[11:48:02.523] [bmv2] [D] [thread 11432] [14.0] [cxt 0] Action entry is act - 
[11:48:02.524] [bmv2] [T] [thread 11432] [14.0] [cxt 0] Action act
[11:48:02.524] [bmv2] [T] [thread 11432] [14.0] [cxt 0] streaming.p4(182) Primitive bit<16> mcast_const = 1;
[11:48:02.525] [bmv2] [T] [thread 11432] [14.0] [cxt 0] Applying table 'MyIngress.ipv4_lpm'
[11:48:02.525] [bmv2] [D] [thread 11432] [14.0] [cxt 0] Looking up key:
* hdr.ipv4.dstAddr    : 00000000

[11:48:02.525] [bmv2] [D] [thread 11432] [14.0] [cxt 0] Table 'MyIngress.ipv4_lpm': miss
[11:48:02.526] [bmv2] [D] [thread 11432] [14.0] [cxt 0] Action entry is NoAction - 
[11:48:02.526] [bmv2] [T] [thread 11432] [14.0] [cxt 0] Action NoAction
[11:48:02.527] [bmv2] [T] [thread 11432] [14.0] [cxt 0] streaming.p4(219) Condition "hdr.ipv4.protocol == 17" (node_4) is false
[11:48:02.527] [bmv2] [D] [thread 11432] [14.0] [cxt 0] Pipeline 'ingress': end
[11:48:02.527] [bmv2] [D] [thread 11432] [14.0] [cxt 0] Egress port is 0
[11:48:02.528] [bmv2] [D] [thread 11433] [14.0] [cxt 0] Pipeline 'egress': start
[11:48:02.528] [bmv2] [T] [thread 11433] [14.0] [cxt 0] Applying table 'MyEgress.nat_table'
[11:48:02.529] [bmv2] [D] [thread 11433] [14.0] [cxt 0] Looking up key:
* standard_metadata.egress_rid: 0000

[11:48:02.529] [bmv2] [D] [thread 11433] [14.0] [cxt 0] Table 'MyEgress.nat_table': miss
[11:48:02.529] [bmv2] [D] [thread 11433] [14.0] [cxt 0] Action entry is NoAction - 
[11:48:02.530] [bmv2] [T] [thread 11433] [14.0] [cxt 0] Action NoAction
[11:48:02.530] [bmv2] [D] [thread 11433] [14.0] [cxt 0] Pipeline 'egress': end
[11:48:02.530] [bmv2] [D] [thread 11433] [14.0] [cxt 0] Deparser 'deparser': start
[11:48:02.531] [bmv2] [T] [thread 11433] [14.0] [cxt 0] Skipping checksum 'cksum' update because condition not met
[11:48:02.531] [bmv2] [T] [thread 11433] [14.0] [cxt 0] Skipping checksum 'cksum_0' update because condition not met
[11:48:02.532] [bmv2] [D] [thread 11433] [14.0] [cxt 0] Deparsing header 'ethernet'
[11:48:02.533] [bmv2] [D] [thread 11433] [14.0] [cxt 0] Deparser 'deparser': end
[11:48:02.539] [bmv2] [D] [thread 11437] [14.0] [cxt 0] Transmitting packet of size 90 out of port 0
[11:48:02.617] [bmv2] [D] [thread 11432] [15.0] [cxt 0] Processing packet received on port 3
[11:48:02.618] [bmv2] [D] [thread 11432] [15.0] [cxt 0] Parser 'parser': start
[11:48:02.618] [bmv2] [D] [thread 11432] [15.0] [cxt 0] Parser 'parser' entering state 'start'
[11:48:02.618] [bmv2] [D] [thread 11432] [15.0] [cxt 0] Extracting header 'ethernet'
[11:48:02.619] [bmv2] [D] [thread 11432] [15.0] [cxt 0] Parser state 'start': key is 86dd
[11:48:02.619] [bmv2] [T] [thread 11432] [15.0] [cxt 0] Bytes parsed: 14
[11:48:02.620] [bmv2] [T] [thread 11432] [15.0] [cxt 0] Skipping checksum 'cksum_1' verification because target field invalid
[11:48:02.620] [bmv2] [T] [thread 11432] [15.0] [cxt 0] Skipping checksum 'cksum_2' verification because target field invalid
[11:48:02.621] [bmv2] [D] [thread 11432] [15.0] [cxt 0] Parser 'parser': end
[11:48:02.621] [bmv2] [D] [thread 11432] [15.0] [cxt 0] Pipeline 'ingress': start
[11:48:02.621] [bmv2] [T] [thread 11432] [15.0] [cxt 0] Applying table 'tbl_act'
[11:48:02.622] [bmv2] [D] [thread 11432] [15.0] [cxt 0] Looking up key:

[11:48:02.622] [bmv2] [D] [thread 11432] [15.0] [cxt 0] Table 'tbl_act': miss
[11:48:02.622] [bmv2] [D] [thread 11432] [15.0] [cxt 0] Action entry is act - 
[11:48:02.623] [bmv2] [T] [thread 11432] [15.0] [cxt 0] Action act
[11:48:02.623] [bmv2] [T] [thread 11432] [15.0] [cxt 0] streaming.p4(182) Primitive bit<16> mcast_const = 1;
[11:48:02.623] [bmv2] [T] [thread 11432] [15.0] [cxt 0] Applying table 'MyIngress.ipv4_lpm'
[11:48:02.624] [bmv2] [D] [thread 11432] [15.0] [cxt 0] Looking up key:
* hdr.ipv4.dstAddr    : 00000000

[11:48:02.624] [bmv2] [D] [thread 11432] [15.0] [cxt 0] Table 'MyIngress.ipv4_lpm': miss
[11:48:02.625] [bmv2] [D] [thread 11432] [15.0] [cxt 0] Action entry is NoAction - 
[11:48:02.625] [bmv2] [T] [thread 11432] [15.0] [cxt 0] Action NoAction
[11:48:02.625] [bmv2] [T] [thread 11432] [15.0] [cxt 0] streaming.p4(219) Condition "hdr.ipv4.protocol == 17" (node_4) is false
[11:48:02.626] [bmv2] [D] [thread 11432] [15.0] [cxt 0] Pipeline 'ingress': end
[11:48:02.626] [bmv2] [D] [thread 11432] [15.0] [cxt 0] Egress port is 0
[11:48:02.627] [bmv2] [D] [thread 11433] [15.0] [cxt 0] Pipeline 'egress': start
[11:48:02.627] [bmv2] [T] [thread 11433] [15.0] [cxt 0] Applying table 'MyEgress.nat_table'
[11:48:02.627] [bmv2] [D] [thread 11433] [15.0] [cxt 0] Looking up key:
* standard_metadata.egress_rid: 0000

[11:48:02.628] [bmv2] [D] [thread 11433] [15.0] [cxt 0] Table 'MyEgress.nat_table': miss
[11:48:02.628] [bmv2] [D] [thread 11433] [15.0] [cxt 0] Action entry is NoAction - 
[11:48:02.628] [bmv2] [T] [thread 11433] [15.0] [cxt 0] Action NoAction
[11:48:02.628] [bmv2] [D] [thread 11433] [15.0] [cxt 0] Pipeline 'egress': end
[11:48:02.629] [bmv2] [D] [thread 11433] [15.0] [cxt 0] Deparser 'deparser': start
[11:48:02.629] [bmv2] [T] [thread 11433] [15.0] [cxt 0] Skipping checksum 'cksum' update because condition not met
[11:48:02.629] [bmv2] [T] [thread 11433] [15.0] [cxt 0] Skipping checksum 'cksum_0' update because condition not met
[11:48:02.629] [bmv2] [D] [thread 11433] [15.0] [cxt 0] Deparsing header 'ethernet'
[11:48:02.630] [bmv2] [D] [thread 11433] [15.0] [cxt 0] Deparser 'deparser': end
[11:48:02.630] [bmv2] [D] [thread 11437] [15.0] [cxt 0] Transmitting packet of size 90 out of port 0
New connection
P4Runtime SetForwardingPipelineConfig
[11:48:05.196] [bmv2] [W] [thread 11506] [P4Runtime] p4::tmp::P4DeviceConfig is deprecated
[11:48:05.197] [bmv2] [D] [thread 11506] Set default default entry for table 'tbl_act': act - 
[11:48:05.197] [bmv2] [D] [thread 11506] Set default default entry for table 'MyIngress.ipv4_lpm': NoAction - 
[11:48:05.197] [bmv2] [D] [thread 11506] Set default default entry for table 'tbl_broad': MyIngress.broad - 
[11:48:05.197] [bmv2] [D] [thread 11506] Set default default entry for table 'MyEgress.nat_table': NoAction - 
P4Runtime Write
device_id: 2
election_id {
  low: 1
}
updates {
  type: MODIFY
  entity {
    table_entry {
      table_id: 33574068
      action {
        action {
          action_id: 16805608
        }
      }
      is_default_action: true
    }
  }
}
[11:48:05.203] [bmv2] [D] [thread 11506] Set default entry for table 'MyIngress.ipv4_lpm': MyIngress.drop - 
P4Runtime Write
device_id: 2
election_id {
  low: 1
}
updates {
  type: INSERT
  entity {
    table_entry {
      table_id: 33574068
      match {
        field_id: 1
        lpm {
          value: "\n\000\003\003"
          prefix_len: 32
        }
      }
      action {
        action {
          action_id: 16799317
          params {
            param_id: 1
            value: "\010\000\000\000\0033"
          }
          params {
            param_id: 2
            value: "\000\001"
          }
        }
      }
    }
  }
}
[11:48:05.207] [bmv2] [D] [thread 11506] Entry 0 added to table 'MyIngress.ipv4_lpm'
[11:48:05.208] [bmv2] [D] [thread 11506] Dumping entry 0
Match key:
* hdr.ipv4.dstAddr    : LPM       0a000303/32
Action entry: MyIngress.ipv4_forward - 80000000333,1,

P4Runtime Write
device_id: 2
election_id {
  low: 1
}
updates {
  type: INSERT
  entity {
    table_entry {
      table_id: 33574068
      match {
        field_id: 1
        lpm {
          value: "\n\000\001\000"
          prefix_len: 24
        }
      }
      action {
        action {
          action_id: 16799317
          params {
            param_id: 1
            value: "\010\000\000\000\005U"
          }
          params {
            param_id: 2
            value: "\000\003"
          }
        }
      }
    }
  }
}
[11:48:05.210] [bmv2] [D] [thread 11506] Entry 1 added to table 'MyIngress.ipv4_lpm'
[11:48:05.210] [bmv2] [D] [thread 11506] Dumping entry 1
Match key:
* hdr.ipv4.dstAddr    : LPM       0a000100/24
Action entry: MyIngress.ipv4_forward - 80000000555,3,

Connection removed
[11:48:05.306] [bmv2] [D] [thread 11432] [16.0] [cxt 0] Processing packet received on port 2
[11:48:05.306] [bmv2] [D] [thread 11432] [16.0] [cxt 0] Parser 'parser': start
[11:48:05.306] [bmv2] [D] [thread 11432] [16.0] [cxt 0] Parser 'parser' entering state 'start'
[11:48:05.306] [bmv2] [D] [thread 11432] [16.0] [cxt 0] Extracting header 'ethernet'
[11:48:05.306] [bmv2] [D] [thread 11432] [16.0] [cxt 0] Parser state 'start': key is 86dd
[11:48:05.306] [bmv2] [T] [thread 11432] [16.0] [cxt 0] Bytes parsed: 14
[11:48:05.307] [bmv2] [T] [thread 11432] [16.0] [cxt 0] Skipping checksum 'cksum_1' verification because target field invalid
[11:48:05.307] [bmv2] [T] [thread 11432] [16.0] [cxt 0] Skipping checksum 'cksum_2' verification because target field invalid
[11:48:05.307] [bmv2] [D] [thread 11432] [16.0] [cxt 0] Parser 'parser': end
[11:48:05.307] [bmv2] [D] [thread 11432] [16.0] [cxt 0] Pipeline 'ingress': start
[11:48:05.307] [bmv2] [T] [thread 11432] [16.0] [cxt 0] Applying table 'tbl_act'
[11:48:05.307] [bmv2] [D] [thread 11432] [16.0] [cxt 0] Looking up key:

[11:48:05.307] [bmv2] [D] [thread 11432] [16.0] [cxt 0] Table 'tbl_act': miss
[11:48:05.307] [bmv2] [D] [thread 11432] [16.0] [cxt 0] Action entry is act - 
[11:48:05.307] [bmv2] [T] [thread 11432] [16.0] [cxt 0] Action act
[11:48:05.307] [bmv2] [T] [thread 11432] [16.0] [cxt 0] streaming.p4(182) Primitive bit<16> mcast_const = 1;
[11:48:05.307] [bmv2] [T] [thread 11432] [16.0] [cxt 0] Applying table 'MyIngress.ipv4_lpm'
[11:48:05.307] [bmv2] [D] [thread 11432] [16.0] [cxt 0] Looking up key:
* hdr.ipv4.dstAddr    : 00000000

[11:48:05.308] [bmv2] [D] [thread 11432] [16.0] [cxt 0] Table 'MyIngress.ipv4_lpm': miss
[11:48:05.308] [bmv2] [D] [thread 11432] [16.0] [cxt 0] Action entry is MyIngress.drop - 
[11:48:05.308] [bmv2] [T] [thread 11432] [16.0] [cxt 0] Action MyIngress.drop
[11:48:05.308] [bmv2] [T] [thread 11432] [16.0] [cxt 0] streaming.p4(195) Primitive mark_to_drop(standard_metadata)
[11:48:05.308] [bmv2] [T] [thread 11432] [16.0] [cxt 0] streaming.p4(219) Condition "hdr.ipv4.protocol == 17" (node_4) is false
[11:48:05.308] [bmv2] [D] [thread 11432] [16.0] [cxt 0] Pipeline 'ingress': end
[11:48:05.308] [bmv2] [D] [thread 11432] [16.0] [cxt 0] Egress port is 511
[11:48:05.308] [bmv2] [D] [thread 11432] [16.0] [cxt 0] Dropping packet at the end of ingress
[11:48:05.566] [bmv2] [D] [thread 11432] [17.0] [cxt 0] Processing packet received on port 4
[11:48:05.567] [bmv2] [D] [thread 11432] [17.0] [cxt 0] Parser 'parser': start
[11:48:05.567] [bmv2] [D] [thread 11432] [17.0] [cxt 0] Parser 'parser' entering state 'start'
[11:48:05.568] [bmv2] [D] [thread 11432] [17.0] [cxt 0] Extracting header 'ethernet'
[11:48:05.568] [bmv2] [D] [thread 11432] [17.0] [cxt 0] Parser state 'start': key is 86dd
[11:48:05.568] [bmv2] [T] [thread 11432] [17.0] [cxt 0] Bytes parsed: 14
[11:48:05.569] [bmv2] [T] [thread 11432] [17.0] [cxt 0] Skipping checksum 'cksum_1' verification because target field invalid
[11:48:05.569] [bmv2] [T] [thread 11432] [17.0] [cxt 0] Skipping checksum 'cksum_2' verification because target field invalid
[11:48:05.569] [bmv2] [D] [thread 11432] [17.0] [cxt 0] Parser 'parser': end
[11:48:05.570] [bmv2] [D] [thread 11432] [17.0] [cxt 0] Pipeline 'ingress': start
[11:48:05.570] [bmv2] [T] [thread 11432] [17.0] [cxt 0] Applying table 'tbl_act'
[11:48:05.571] [bmv2] [D] [thread 11432] [17.0] [cxt 0] Looking up key:

[11:48:05.571] [bmv2] [D] [thread 11432] [17.0] [cxt 0] Table 'tbl_act': miss
[11:48:05.572] [bmv2] [D] [thread 11432] [17.0] [cxt 0] Action entry is act - 
[11:48:05.572] [bmv2] [T] [thread 11432] [17.0] [cxt 0] Action act
[11:48:05.573] [bmv2] [T] [thread 11432] [17.0] [cxt 0] streaming.p4(182) Primitive bit<16> mcast_const = 1;
[11:48:05.573] [bmv2] [T] [thread 11432] [17.0] [cxt 0] Applying table 'MyIngress.ipv4_lpm'
[11:48:05.574] [bmv2] [D] [thread 11432] [17.0] [cxt 0] Looking up key:
* hdr.ipv4.dstAddr    : 00000000

[11:48:05.574] [bmv2] [D] [thread 11432] [17.0] [cxt 0] Table 'MyIngress.ipv4_lpm': miss
[11:48:05.574] [bmv2] [D] [thread 11432] [17.0] [cxt 0] Action entry is MyIngress.drop - 
[11:48:05.574] [bmv2] [T] [thread 11432] [17.0] [cxt 0] Action MyIngress.drop
[11:48:05.575] [bmv2] [T] [thread 11432] [17.0] [cxt 0] streaming.p4(195) Primitive mark_to_drop(standard_metadata)
[11:48:05.575] [bmv2] [T] [thread 11432] [17.0] [cxt 0] streaming.p4(219) Condition "hdr.ipv4.protocol == 17" (node_4) is false
[11:48:05.576] [bmv2] [D] [thread 11432] [17.0] [cxt 0] Pipeline 'ingress': end
[11:48:05.576] [bmv2] [D] [thread 11432] [17.0] [cxt 0] Egress port is 511
[11:48:05.577] [bmv2] [D] [thread 11432] [17.0] [cxt 0] Dropping packet at the end of ingress
[11:48:05.685] [bmv2] [D] [thread 11432] [18.0] [cxt 0] Processing packet received on port 4
[11:48:05.686] [bmv2] [D] [thread 11432] [18.0] [cxt 0] Parser 'parser': start
[11:48:05.686] [bmv2] [D] [thread 11432] [18.0] [cxt 0] Parser 'parser' entering state 'start'
[11:48:05.686] [bmv2] [D] [thread 11432] [18.0] [cxt 0] Extracting header 'ethernet'
[11:48:05.687] [bmv2] [D] [thread 11432] [18.0] [cxt 0] Parser state 'start': key is 86dd
[11:48:05.687] [bmv2] [T] [thread 11432] [18.0] [cxt 0] Bytes parsed: 14
[11:48:05.687] [bmv2] [T] [thread 11432] [18.0] [cxt 0] Skipping checksum 'cksum_1' verification because target field invalid
[11:48:05.687] [bmv2] [T] [thread 11432] [18.0] [cxt 0] Skipping checksum 'cksum_2' verification because target field invalid
[11:48:05.688] [bmv2] [D] [thread 11432] [18.0] [cxt 0] Parser 'parser': end
[11:48:05.688] [bmv2] [D] [thread 11432] [18.0] [cxt 0] Pipeline 'ingress': start
[11:48:05.689] [bmv2] [T] [thread 11432] [18.0] [cxt 0] Applying table 'tbl_act'
[11:48:05.689] [bmv2] [D] [thread 11432] [18.0] [cxt 0] Looking up key:

[11:48:05.689] [bmv2] [D] [thread 11432] [18.0] [cxt 0] Table 'tbl_act': miss
[11:48:05.689] [bmv2] [D] [thread 11432] [18.0] [cxt 0] Action entry is act - 
[11:48:05.689] [bmv2] [T] [thread 11432] [18.0] [cxt 0] Action act
[11:48:05.690] [bmv2] [T] [thread 11432] [18.0] [cxt 0] streaming.p4(182) Primitive bit<16> mcast_const = 1;
[11:48:05.690] [bmv2] [T] [thread 11432] [18.0] [cxt 0] Applying table 'MyIngress.ipv4_lpm'
[11:48:05.690] [bmv2] [D] [thread 11432] [18.0] [cxt 0] Looking up key:
* hdr.ipv4.dstAddr    : 00000000

[11:48:05.691] [bmv2] [D] [thread 11432] [18.0] [cxt 0] Table 'MyIngress.ipv4_lpm': miss
[11:48:05.691] [bmv2] [D] [thread 11432] [18.0] [cxt 0] Action entry is MyIngress.drop - 
[11:48:05.691] [bmv2] [T] [thread 11432] [18.0] [cxt 0] Action MyIngress.drop
[11:48:05.691] [bmv2] [T] [thread 11432] [18.0] [cxt 0] streaming.p4(195) Primitive mark_to_drop(standard_metadata)
[11:48:05.692] [bmv2] [T] [thread 11432] [18.0] [cxt 0] streaming.p4(219) Condition "hdr.ipv4.protocol == 17" (node_4) is false
[11:48:05.692] [bmv2] [D] [thread 11432] [18.0] [cxt 0] Pipeline 'ingress': end
[11:48:05.692] [bmv2] [D] [thread 11432] [18.0] [cxt 0] Egress port is 511
[11:48:05.692] [bmv2] [D] [thread 11432] [18.0] [cxt 0] Dropping packet at the end of ingress
[11:48:05.905] [bmv2] [D] [thread 11432] [19.0] [cxt 0] Processing packet received on port 3
[11:48:05.905] [bmv2] [D] [thread 11432] [19.0] [cxt 0] Parser 'parser': start
[11:48:05.906] [bmv2] [D] [thread 11432] [19.0] [cxt 0] Parser 'parser' entering state 'start'
[11:48:05.906] [bmv2] [D] [thread 11432] [19.0] [cxt 0] Extracting header 'ethernet'
[11:48:05.907] [bmv2] [D] [thread 11432] [19.0] [cxt 0] Parser state 'start': key is 86dd
[11:48:05.907] [bmv2] [T] [thread 11432] [19.0] [cxt 0] Bytes parsed: 14
[11:48:05.907] [bmv2] [T] [thread 11432] [19.0] [cxt 0] Skipping checksum 'cksum_1' verification because target field invalid
[11:48:05.908] [bmv2] [T] [thread 11432] [19.0] [cxt 0] Skipping checksum 'cksum_2' verification because target field invalid
[11:48:05.908] [bmv2] [D] [thread 11432] [19.0] [cxt 0] Parser 'parser': end
[11:48:05.908] [bmv2] [D] [thread 11432] [19.0] [cxt 0] Pipeline 'ingress': start
[11:48:05.909] [bmv2] [T] [thread 11432] [19.0] [cxt 0] Applying table 'tbl_act'
[11:48:05.909] [bmv2] [D] [thread 11432] [19.0] [cxt 0] Looking up key:

[11:48:05.909] [bmv2] [D] [thread 11432] [19.0] [cxt 0] Table 'tbl_act': miss
[11:48:05.910] [bmv2] [D] [thread 11432] [19.0] [cxt 0] Action entry is act - 
[11:48:05.910] [bmv2] [T] [thread 11432] [19.0] [cxt 0] Action act
[11:48:05.910] [bmv2] [T] [thread 11432] [19.0] [cxt 0] streaming.p4(182) Primitive bit<16> mcast_const = 1;
[11:48:05.911] [bmv2] [T] [thread 11432] [19.0] [cxt 0] Applying table 'MyIngress.ipv4_lpm'
[11:48:05.911] [bmv2] [D] [thread 11432] [19.0] [cxt 0] Looking up key:
* hdr.ipv4.dstAddr    : 00000000

[11:48:05.911] [bmv2] [D] [thread 11432] [19.0] [cxt 0] Table 'MyIngress.ipv4_lpm': miss
[11:48:05.912] [bmv2] [D] [thread 11432] [19.0] [cxt 0] Action entry is MyIngress.drop - 
[11:48:05.912] [bmv2] [T] [thread 11432] [19.0] [cxt 0] Action MyIngress.drop
[11:48:05.913] [bmv2] [T] [thread 11432] [19.0] [cxt 0] streaming.p4(195) Primitive mark_to_drop(standard_metadata)
[11:48:05.913] [bmv2] [T] [thread 11432] [19.0] [cxt 0] streaming.p4(219) Condition "hdr.ipv4.protocol == 17" (node_4) is false
[11:48:05.913] [bmv2] [D] [thread 11432] [19.0] [cxt 0] Pipeline 'ingress': end
[11:48:05.913] [bmv2] [D] [thread 11432] [19.0] [cxt 0] Egress port is 511
[11:48:05.914] [bmv2] [D] [thread 11432] [19.0] [cxt 0] Dropping packet at the end of ingress
[11:48:05.967] [bmv2] [D] [thread 11432] [20.0] [cxt 0] Processing packet received on port 2
[11:48:05.967] [bmv2] [D] [thread 11432] [20.0] [cxt 0] Parser 'parser': start
[11:48:05.967] [bmv2] [D] [thread 11432] [20.0] [cxt 0] Parser 'parser' entering state 'start'
[11:48:05.968] [bmv2] [D] [thread 11432] [20.0] [cxt 0] Extracting header 'ethernet'
[11:48:05.969] [bmv2] [D] [thread 11432] [20.0] [cxt 0] Parser state 'start': key is 86dd
[11:48:05.969] [bmv2] [T] [thread 11432] [20.0] [cxt 0] Bytes parsed: 14
[11:48:05.970] [bmv2] [T] [thread 11432] [20.0] [cxt 0] Skipping checksum 'cksum_1' verification because target field invalid
[11:48:05.971] [bmv2] [T] [thread 11432] [20.0] [cxt 0] Skipping checksum 'cksum_2' verification because target field invalid
[11:48:05.971] [bmv2] [D] [thread 11432] [20.0] [cxt 0] Parser 'parser': end
[11:48:05.972] [bmv2] [D] [thread 11432] [20.0] [cxt 0] Pipeline 'ingress': start
[11:48:05.973] [bmv2] [T] [thread 11432] [20.0] [cxt 0] Applying table 'tbl_act'
[11:48:05.974] [bmv2] [D] [thread 11432] [20.0] [cxt 0] Looking up key:

[11:48:05.975] [bmv2] [D] [thread 11432] [20.0] [cxt 0] Table 'tbl_act': miss
[11:48:05.975] [bmv2] [D] [thread 11432] [20.0] [cxt 0] Action entry is act - 
[11:48:05.976] [bmv2] [T] [thread 11432] [20.0] [cxt 0] Action act
[11:48:05.976] [bmv2] [T] [thread 11432] [20.0] [cxt 0] streaming.p4(182) Primitive bit<16> mcast_const = 1;
[11:48:05.976] [bmv2] [T] [thread 11432] [20.0] [cxt 0] Applying table 'MyIngress.ipv4_lpm'
[11:48:05.977] [bmv2] [D] [thread 11432] [20.0] [cxt 0] Looking up key:
* hdr.ipv4.dstAddr    : 00000000

[11:48:05.977] [bmv2] [D] [thread 11432] [20.0] [cxt 0] Table 'MyIngress.ipv4_lpm': miss
[11:48:05.978] [bmv2] [D] [thread 11432] [20.0] [cxt 0] Action entry is MyIngress.drop - 
[11:48:05.979] [bmv2] [T] [thread 11432] [20.0] [cxt 0] Action MyIngress.drop
[11:48:05.979] [bmv2] [T] [thread 11432] [20.0] [cxt 0] streaming.p4(195) Primitive mark_to_drop(standard_metadata)
[11:48:05.980] [bmv2] [T] [thread 11432] [20.0] [cxt 0] streaming.p4(219) Condition "hdr.ipv4.protocol == 17" (node_4) is false
[11:48:05.980] [bmv2] [D] [thread 11432] [20.0] [cxt 0] Pipeline 'ingress': end
[11:48:05.980] [bmv2] [D] [thread 11432] [20.0] [cxt 0] Egress port is 511
[11:48:05.980] [bmv2] [D] [thread 11432] [20.0] [cxt 0] Dropping packet at the end of ingress
[11:48:05.980] [bmv2] [D] [thread 11432] [21.0] [cxt 0] Processing packet received on port 1
[11:48:05.981] [bmv2] [D] [thread 11432] [21.0] [cxt 0] Parser 'parser': start
[11:48:05.981] [bmv2] [D] [thread 11432] [21.0] [cxt 0] Parser 'parser' entering state 'start'
[11:48:05.981] [bmv2] [D] [thread 11432] [21.0] [cxt 0] Extracting header 'ethernet'
[11:48:05.981] [bmv2] [D] [thread 11432] [21.0] [cxt 0] Parser state 'start': key is 86dd
[11:48:05.982] [bmv2] [T] [thread 11432] [21.0] [cxt 0] Bytes parsed: 14
[11:48:05.982] [bmv2] [T] [thread 11432] [21.0] [cxt 0] Skipping checksum 'cksum_1' verification because target field invalid
[11:48:05.982] [bmv2] [T] [thread 11432] [21.0] [cxt 0] Skipping checksum 'cksum_2' verification because target field invalid
[11:48:05.982] [bmv2] [D] [thread 11432] [21.0] [cxt 0] Parser 'parser': end
[11:48:05.982] [bmv2] [D] [thread 11432] [21.0] [cxt 0] Pipeline 'ingress': start
[11:48:05.983] [bmv2] [T] [thread 11432] [21.0] [cxt 0] Applying table 'tbl_act'
[11:48:05.983] [bmv2] [D] [thread 11432] [21.0] [cxt 0] Looking up key:

[11:48:05.983] [bmv2] [D] [thread 11432] [21.0] [cxt 0] Table 'tbl_act': miss
[11:48:05.983] [bmv2] [D] [thread 11432] [21.0] [cxt 0] Action entry is act - 
[11:48:05.983] [bmv2] [T] [thread 11432] [21.0] [cxt 0] Action act
[11:48:05.984] [bmv2] [T] [thread 11432] [21.0] [cxt 0] streaming.p4(182) Primitive bit<16> mcast_const = 1;
[11:48:05.984] [bmv2] [T] [thread 11432] [21.0] [cxt 0] Applying table 'MyIngress.ipv4_lpm'
[11:48:05.984] [bmv2] [D] [thread 11432] [21.0] [cxt 0] Looking up key:
* hdr.ipv4.dstAddr    : 00000000

[11:48:05.984] [bmv2] [D] [thread 11432] [21.0] [cxt 0] Table 'MyIngress.ipv4_lpm': miss
[11:48:05.984] [bmv2] [D] [thread 11432] [21.0] [cxt 0] Action entry is MyIngress.drop - 
[11:48:05.984] [bmv2] [T] [thread 11432] [21.0] [cxt 0] Action MyIngress.drop
[11:48:05.985] [bmv2] [T] [thread 11432] [21.0] [cxt 0] streaming.p4(195) Primitive mark_to_drop(standard_metadata)
[11:48:05.985] [bmv2] [T] [thread 11432] [21.0] [cxt 0] streaming.p4(219) Condition "hdr.ipv4.protocol == 17" (node_4) is false
[11:48:05.986] [bmv2] [D] [thread 11432] [21.0] [cxt 0] Pipeline 'ingress': end
[11:48:05.986] [bmv2] [D] [thread 11432] [21.0] [cxt 0] Egress port is 511
[11:48:05.986] [bmv2] [D] [thread 11432] [21.0] [cxt 0] Dropping packet at the end of ingress
[11:48:06.121] [bmv2] [D] [thread 11432] [22.0] [cxt 0] Processing packet received on port 3
[11:48:06.122] [bmv2] [D] [thread 11432] [22.0] [cxt 0] Parser 'parser': start
[11:48:06.122] [bmv2] [D] [thread 11432] [22.0] [cxt 0] Parser 'parser' entering state 'start'
[11:48:06.122] [bmv2] [D] [thread 11432] [22.0] [cxt 0] Extracting header 'ethernet'
[11:48:06.123] [bmv2] [D] [thread 11432] [22.0] [cxt 0] Parser state 'start': key is 86dd
[11:48:06.123] [bmv2] [T] [thread 11432] [22.0] [cxt 0] Bytes parsed: 14
[11:48:06.123] [bmv2] [T] [thread 11432] [22.0] [cxt 0] Skipping checksum 'cksum_1' verification because target field invalid
[11:48:06.123] [bmv2] [T] [thread 11432] [22.0] [cxt 0] Skipping checksum 'cksum_2' verification because target field invalid
[11:48:06.124] [bmv2] [D] [thread 11432] [22.0] [cxt 0] Parser 'parser': end
[11:48:06.124] [bmv2] [D] [thread 11432] [22.0] [cxt 0] Pipeline 'ingress': start
[11:48:06.124] [bmv2] [T] [thread 11432] [22.0] [cxt 0] Applying table 'tbl_act'
[11:48:06.125] [bmv2] [D] [thread 11432] [22.0] [cxt 0] Looking up key:

[11:48:06.125] [bmv2] [D] [thread 11432] [22.0] [cxt 0] Table 'tbl_act': miss
[11:48:06.125] [bmv2] [D] [thread 11432] [22.0] [cxt 0] Action entry is act - 
[11:48:06.125] [bmv2] [T] [thread 11432] [22.0] [cxt 0] Action act
[11:48:06.126] [bmv2] [T] [thread 11432] [22.0] [cxt 0] streaming.p4(182) Primitive bit<16> mcast_const = 1;
[11:48:06.126] [bmv2] [T] [thread 11432] [22.0] [cxt 0] Applying table 'MyIngress.ipv4_lpm'
[11:48:06.126] [bmv2] [D] [thread 11432] [22.0] [cxt 0] Looking up key:
* hdr.ipv4.dstAddr    : 00000000

[11:48:06.126] [bmv2] [D] [thread 11432] [22.0] [cxt 0] Table 'MyIngress.ipv4_lpm': miss
[11:48:06.127] [bmv2] [D] [thread 11432] [22.0] [cxt 0] Action entry is MyIngress.drop - 
[11:48:06.127] [bmv2] [T] [thread 11432] [22.0] [cxt 0] Action MyIngress.drop
[11:48:06.127] [bmv2] [T] [thread 11432] [22.0] [cxt 0] streaming.p4(195) Primitive mark_to_drop(standard_metadata)
[11:48:06.127] [bmv2] [T] [thread 11432] [22.0] [cxt 0] streaming.p4(219) Condition "hdr.ipv4.protocol == 17" (node_4) is false
[11:48:06.128] [bmv2] [D] [thread 11432] [22.0] [cxt 0] Pipeline 'ingress': end
[11:48:06.128] [bmv2] [D] [thread 11432] [22.0] [cxt 0] Egress port is 511
[11:48:06.128] [bmv2] [D] [thread 11432] [22.0] [cxt 0] Dropping packet at the end of ingress
[11:48:09.314] [bmv2] [D] [thread 11432] [23.0] [cxt 0] Processing packet received on port 2
[11:48:09.315] [bmv2] [D] [thread 11432] [23.0] [cxt 0] Parser 'parser': start
[11:48:09.315] [bmv2] [D] [thread 11432] [23.0] [cxt 0] Parser 'parser' entering state 'start'
[11:48:09.316] [bmv2] [D] [thread 11432] [23.0] [cxt 0] Extracting header 'ethernet'
[11:48:09.316] [bmv2] [D] [thread 11432] [23.0] [cxt 0] Parser state 'start': key is 86dd
[11:48:09.316] [bmv2] [T] [thread 11432] [23.0] [cxt 0] Bytes parsed: 14
[11:48:09.317] [bmv2] [T] [thread 11432] [23.0] [cxt 0] Skipping checksum 'cksum_1' verification because target field invalid
[11:48:09.317] [bmv2] [T] [thread 11432] [23.0] [cxt 0] Skipping checksum 'cksum_2' verification because target field invalid
[11:48:09.317] [bmv2] [D] [thread 11432] [23.0] [cxt 0] Parser 'parser': end
[11:48:09.318] [bmv2] [D] [thread 11432] [23.0] [cxt 0] Pipeline 'ingress': start
[11:48:09.318] [bmv2] [T] [thread 11432] [23.0] [cxt 0] Applying table 'tbl_act'
[11:48:09.319] [bmv2] [D] [thread 11432] [23.0] [cxt 0] Looking up key:

[11:48:09.319] [bmv2] [D] [thread 11432] [23.0] [cxt 0] Table 'tbl_act': miss
[11:48:09.320] [bmv2] [D] [thread 11432] [23.0] [cxt 0] Action entry is act - 
[11:48:09.320] [bmv2] [T] [thread 11432] [23.0] [cxt 0] Action act
[11:48:09.320] [bmv2] [T] [thread 11432] [23.0] [cxt 0] streaming.p4(182) Primitive bit<16> mcast_const = 1;
[11:48:09.321] [bmv2] [T] [thread 11432] [23.0] [cxt 0] Applying table 'MyIngress.ipv4_lpm'
[11:48:09.321] [bmv2] [D] [thread 11432] [23.0] [cxt 0] Looking up key:
* hdr.ipv4.dstAddr    : 00000000

[11:48:09.322] [bmv2] [D] [thread 11432] [23.0] [cxt 0] Table 'MyIngress.ipv4_lpm': miss
[11:48:09.322] [bmv2] [D] [thread 11432] [23.0] [cxt 0] Action entry is MyIngress.drop - 
[11:48:09.322] [bmv2] [T] [thread 11432] [23.0] [cxt 0] Action MyIngress.drop
[11:48:09.322] [bmv2] [T] [thread 11432] [23.0] [cxt 0] streaming.p4(195) Primitive mark_to_drop(standard_metadata)
[11:48:09.323] [bmv2] [T] [thread 11432] [23.0] [cxt 0] streaming.p4(219) Condition "hdr.ipv4.protocol == 17" (node_4) is false
[11:48:09.323] [bmv2] [D] [thread 11432] [23.0] [cxt 0] Pipeline 'ingress': end
[11:48:09.324] [bmv2] [D] [thread 11432] [23.0] [cxt 0] Egress port is 511
[11:48:09.324] [bmv2] [D] [thread 11432] [23.0] [cxt 0] Dropping packet at the end of ingress
[11:48:09.581] [bmv2] [D] [thread 11432] [24.0] [cxt 0] Processing packet received on port 4
[11:48:09.581] [bmv2] [D] [thread 11432] [24.0] [cxt 0] Parser 'parser': start
[11:48:09.582] [bmv2] [D] [thread 11432] [24.0] [cxt 0] Parser 'parser' entering state 'start'
[11:48:09.582] [bmv2] [D] [thread 11432] [24.0] [cxt 0] Extracting header 'ethernet'
[11:48:09.583] [bmv2] [D] [thread 11432] [24.0] [cxt 0] Parser state 'start': key is 86dd
[11:48:09.583] [bmv2] [T] [thread 11432] [24.0] [cxt 0] Bytes parsed: 14
[11:48:09.583] [bmv2] [T] [thread 11432] [24.0] [cxt 0] Skipping checksum 'cksum_1' verification because target field invalid
[11:48:09.584] [bmv2] [T] [thread 11432] [24.0] [cxt 0] Skipping checksum 'cksum_2' verification because target field invalid
[11:48:09.585] [bmv2] [D] [thread 11432] [24.0] [cxt 0] Parser 'parser': end
[11:48:09.586] [bmv2] [D] [thread 11432] [24.0] [cxt 0] Pipeline 'ingress': start
[11:48:09.586] [bmv2] [T] [thread 11432] [24.0] [cxt 0] Applying table 'tbl_act'
[11:48:09.587] [bmv2] [D] [thread 11432] [24.0] [cxt 0] Looking up key:

[11:48:09.588] [bmv2] [D] [thread 11432] [24.0] [cxt 0] Table 'tbl_act': miss
[11:48:09.589] [bmv2] [D] [thread 11432] [24.0] [cxt 0] Action entry is act - 
[11:48:09.590] [bmv2] [T] [thread 11432] [24.0] [cxt 0] Action act
[11:48:09.591] [bmv2] [T] [thread 11432] [24.0] [cxt 0] streaming.p4(182) Primitive bit<16> mcast_const = 1;
[11:48:09.592] [bmv2] [T] [thread 11432] [24.0] [cxt 0] Applying table 'MyIngress.ipv4_lpm'
[11:48:09.593] [bmv2] [D] [thread 11432] [24.0] [cxt 0] Looking up key:
* hdr.ipv4.dstAddr    : 00000000

[11:48:09.594] [bmv2] [D] [thread 11432] [24.0] [cxt 0] Table 'MyIngress.ipv4_lpm': miss
[11:48:09.595] [bmv2] [D] [thread 11432] [24.0] [cxt 0] Action entry is MyIngress.drop - 
[11:48:09.596] [bmv2] [T] [thread 11432] [24.0] [cxt 0] Action MyIngress.drop
[11:48:09.596] [bmv2] [T] [thread 11432] [24.0] [cxt 0] streaming.p4(195) Primitive mark_to_drop(standard_metadata)
[11:48:09.597] [bmv2] [T] [thread 11432] [24.0] [cxt 0] streaming.p4(219) Condition "hdr.ipv4.protocol == 17" (node_4) is false
[11:48:09.597] [bmv2] [D] [thread 11432] [24.0] [cxt 0] Pipeline 'ingress': end
[11:48:09.597] [bmv2] [D] [thread 11432] [24.0] [cxt 0] Egress port is 511
[11:48:09.597] [bmv2] [D] [thread 11432] [24.0] [cxt 0] Dropping packet at the end of ingress
[11:48:09.693] [bmv2] [D] [thread 11432] [25.0] [cxt 0] Processing packet received on port 4
[11:48:09.693] [bmv2] [D] [thread 11432] [25.0] [cxt 0] Parser 'parser': start
[11:48:09.694] [bmv2] [D] [thread 11432] [25.0] [cxt 0] Parser 'parser' entering state 'start'
[11:48:09.694] [bmv2] [D] [thread 11432] [25.0] [cxt 0] Extracting header 'ethernet'
[11:48:09.694] [bmv2] [D] [thread 11432] [25.0] [cxt 0] Parser state 'start': key is 86dd
[11:48:09.695] [bmv2] [T] [thread 11432] [25.0] [cxt 0] Bytes parsed: 14
[11:48:09.695] [bmv2] [T] [thread 11432] [25.0] [cxt 0] Skipping checksum 'cksum_1' verification because target field invalid
[11:48:09.695] [bmv2] [T] [thread 11432] [25.0] [cxt 0] Skipping checksum 'cksum_2' verification because target field invalid
[11:48:09.696] [bmv2] [D] [thread 11432] [25.0] [cxt 0] Parser 'parser': end
[11:48:09.696] [bmv2] [D] [thread 11432] [25.0] [cxt 0] Pipeline 'ingress': start
[11:48:09.696] [bmv2] [T] [thread 11432] [25.0] [cxt 0] Applying table 'tbl_act'
[11:48:09.696] [bmv2] [D] [thread 11432] [25.0] [cxt 0] Looking up key:

[11:48:09.697] [bmv2] [D] [thread 11432] [25.0] [cxt 0] Table 'tbl_act': miss
[11:48:09.697] [bmv2] [D] [thread 11432] [25.0] [cxt 0] Action entry is act - 
[11:48:09.697] [bmv2] [T] [thread 11432] [25.0] [cxt 0] Action act
[11:48:09.697] [bmv2] [T] [thread 11432] [25.0] [cxt 0] streaming.p4(182) Primitive bit<16> mcast_const = 1;
[11:48:09.698] [bmv2] [T] [thread 11432] [25.0] [cxt 0] Applying table 'MyIngress.ipv4_lpm'
[11:48:09.698] [bmv2] [D] [thread 11432] [25.0] [cxt 0] Looking up key:
* hdr.ipv4.dstAddr    : 00000000

[11:48:09.699] [bmv2] [D] [thread 11432] [25.0] [cxt 0] Table 'MyIngress.ipv4_lpm': miss
[11:48:09.699] [bmv2] [D] [thread 11432] [25.0] [cxt 0] Action entry is MyIngress.drop - 
[11:48:09.699] [bmv2] [T] [thread 11432] [25.0] [cxt 0] Action MyIngress.drop
[11:48:09.700] [bmv2] [T] [thread 11432] [25.0] [cxt 0] streaming.p4(195) Primitive mark_to_drop(standard_metadata)
[11:48:09.700] [bmv2] [T] [thread 11432] [25.0] [cxt 0] streaming.p4(219) Condition "hdr.ipv4.protocol == 17" (node_4) is false
[11:48:09.700] [bmv2] [D] [thread 11432] [25.0] [cxt 0] Pipeline 'ingress': end
[11:48:09.700] [bmv2] [D] [thread 11432] [25.0] [cxt 0] Egress port is 511
[11:48:09.701] [bmv2] [D] [thread 11432] [25.0] [cxt 0] Dropping packet at the end of ingress
[11:48:09.914] [bmv2] [D] [thread 11432] [26.0] [cxt 0] Processing packet received on port 3
[11:48:09.915] [bmv2] [D] [thread 11432] [26.0] [cxt 0] Parser 'parser': start
[11:48:09.917] [bmv2] [D] [thread 11432] [26.0] [cxt 0] Parser 'parser' entering state 'start'
[11:48:09.917] [bmv2] [D] [thread 11432] [26.0] [cxt 0] Extracting header 'ethernet'
[11:48:09.917] [bmv2] [D] [thread 11432] [26.0] [cxt 0] Parser state 'start': key is 86dd
[11:48:09.918] [bmv2] [T] [thread 11432] [26.0] [cxt 0] Bytes parsed: 14
[11:48:09.919] [bmv2] [T] [thread 11432] [26.0] [cxt 0] Skipping checksum 'cksum_1' verification because target field invalid
[11:48:09.920] [bmv2] [T] [thread 11432] [26.0] [cxt 0] Skipping checksum 'cksum_2' verification because target field invalid
[11:48:09.921] [bmv2] [D] [thread 11432] [26.0] [cxt 0] Parser 'parser': end
[11:48:09.921] [bmv2] [D] [thread 11432] [26.0] [cxt 0] Pipeline 'ingress': start
[11:48:09.922] [bmv2] [T] [thread 11432] [26.0] [cxt 0] Applying table 'tbl_act'
[11:48:09.922] [bmv2] [D] [thread 11432] [26.0] [cxt 0] Looking up key:

[11:48:09.923] [bmv2] [D] [thread 11432] [26.0] [cxt 0] Table 'tbl_act': miss
[11:48:09.923] [bmv2] [D] [thread 11432] [26.0] [cxt 0] Action entry is act - 
[11:48:09.923] [bmv2] [T] [thread 11432] [26.0] [cxt 0] Action act
[11:48:09.924] [bmv2] [T] [thread 11432] [26.0] [cxt 0] streaming.p4(182) Primitive bit<16> mcast_const = 1;
[11:48:09.924] [bmv2] [T] [thread 11432] [26.0] [cxt 0] Applying table 'MyIngress.ipv4_lpm'
[11:48:09.924] [bmv2] [D] [thread 11432] [26.0] [cxt 0] Looking up key:
* hdr.ipv4.dstAddr    : 00000000

[11:48:09.925] [bmv2] [D] [thread 11432] [26.0] [cxt 0] Table 'MyIngress.ipv4_lpm': miss
[11:48:09.925] [bmv2] [D] [thread 11432] [26.0] [cxt 0] Action entry is MyIngress.drop - 
[11:48:09.925] [bmv2] [T] [thread 11432] [26.0] [cxt 0] Action MyIngress.drop
[11:48:09.926] [bmv2] [T] [thread 11432] [26.0] [cxt 0] streaming.p4(195) Primitive mark_to_drop(standard_metadata)
[11:48:09.926] [bmv2] [T] [thread 11432] [26.0] [cxt 0] streaming.p4(219) Condition "hdr.ipv4.protocol == 17" (node_4) is false
[11:48:09.926] [bmv2] [D] [thread 11432] [26.0] [cxt 0] Pipeline 'ingress': end
[11:48:09.927] [bmv2] [D] [thread 11432] [26.0] [cxt 0] Egress port is 511
[11:48:09.927] [bmv2] [D] [thread 11432] [26.0] [cxt 0] Dropping packet at the end of ingress
[11:48:09.971] [bmv2] [D] [thread 11432] [27.0] [cxt 0] Processing packet received on port 2
[11:48:09.972] [bmv2] [D] [thread 11432] [27.0] [cxt 0] Parser 'parser': start
[11:48:09.972] [bmv2] [D] [thread 11432] [27.0] [cxt 0] Parser 'parser' entering state 'start'
[11:48:09.972] [bmv2] [D] [thread 11432] [27.0] [cxt 0] Extracting header 'ethernet'
[11:48:09.973] [bmv2] [D] [thread 11432] [27.0] [cxt 0] Parser state 'start': key is 86dd
[11:48:09.973] [bmv2] [T] [thread 11432] [27.0] [cxt 0] Bytes parsed: 14
[11:48:09.974] [bmv2] [T] [thread 11432] [27.0] [cxt 0] Skipping checksum 'cksum_1' verification because target field invalid
[11:48:09.974] [bmv2] [T] [thread 11432] [27.0] [cxt 0] Skipping checksum 'cksum_2' verification because target field invalid
[11:48:09.977] [bmv2] [D] [thread 11432] [27.0] [cxt 0] Parser 'parser': end
[11:48:09.978] [bmv2] [D] [thread 11432] [27.0] [cxt 0] Pipeline 'ingress': start
[11:48:09.978] [bmv2] [T] [thread 11432] [27.0] [cxt 0] Applying table 'tbl_act'
[11:48:09.979] [bmv2] [D] [thread 11432] [27.0] [cxt 0] Looking up key:

[11:48:09.979] [bmv2] [D] [thread 11432] [27.0] [cxt 0] Table 'tbl_act': miss
[11:48:09.980] [bmv2] [D] [thread 11432] [27.0] [cxt 0] Action entry is act - 
[11:48:09.980] [bmv2] [T] [thread 11432] [27.0] [cxt 0] Action act
[11:48:09.980] [bmv2] [T] [thread 11432] [27.0] [cxt 0] streaming.p4(182) Primitive bit<16> mcast_const = 1;
[11:48:09.981] [bmv2] [T] [thread 11432] [27.0] [cxt 0] Applying table 'MyIngress.ipv4_lpm'
[11:48:09.981] [bmv2] [D] [thread 11432] [27.0] [cxt 0] Looking up key:
* hdr.ipv4.dstAddr    : 00000000

[11:48:09.981] [bmv2] [D] [thread 11432] [27.0] [cxt 0] Table 'MyIngress.ipv4_lpm': miss
[11:48:09.982] [bmv2] [D] [thread 11432] [27.0] [cxt 0] Action entry is MyIngress.drop - 
[11:48:09.982] [bmv2] [T] [thread 11432] [27.0] [cxt 0] Action MyIngress.drop
[11:48:09.982] [bmv2] [T] [thread 11432] [27.0] [cxt 0] streaming.p4(195) Primitive mark_to_drop(standard_metadata)
[11:48:09.982] [bmv2] [T] [thread 11432] [27.0] [cxt 0] streaming.p4(219) Condition "hdr.ipv4.protocol == 17" (node_4) is false
[11:48:09.983] [bmv2] [D] [thread 11432] [27.0] [cxt 0] Pipeline 'ingress': end
[11:48:09.983] [bmv2] [D] [thread 11432] [27.0] [cxt 0] Egress port is 511
[11:48:09.984] [bmv2] [D] [thread 11432] [27.0] [cxt 0] Dropping packet at the end of ingress
[11:48:09.984] [bmv2] [D] [thread 11432] [28.0] [cxt 0] Processing packet received on port 1
[11:48:09.984] [bmv2] [D] [thread 11432] [28.0] [cxt 0] Parser 'parser': start
[11:48:09.984] [bmv2] [D] [thread 11432] [28.0] [cxt 0] Parser 'parser' entering state 'start'
[11:48:09.985] [bmv2] [D] [thread 11432] [28.0] [cxt 0] Extracting header 'ethernet'
[11:48:09.985] [bmv2] [D] [thread 11432] [28.0] [cxt 0] Parser state 'start': key is 86dd
[11:48:09.985] [bmv2] [T] [thread 11432] [28.0] [cxt 0] Bytes parsed: 14
[11:48:09.985] [bmv2] [T] [thread 11432] [28.0] [cxt 0] Skipping checksum 'cksum_1' verification because target field invalid
[11:48:09.986] [bmv2] [T] [thread 11432] [28.0] [cxt 0] Skipping checksum 'cksum_2' verification because target field invalid
[11:48:09.986] [bmv2] [D] [thread 11432] [28.0] [cxt 0] Parser 'parser': end
[11:48:09.986] [bmv2] [D] [thread 11432] [28.0] [cxt 0] Pipeline 'ingress': start
[11:48:09.986] [bmv2] [T] [thread 11432] [28.0] [cxt 0] Applying table 'tbl_act'
[11:48:09.987] [bmv2] [D] [thread 11432] [28.0] [cxt 0] Looking up key:

[11:48:09.987] [bmv2] [D] [thread 11432] [28.0] [cxt 0] Table 'tbl_act': miss
[11:48:09.987] [bmv2] [D] [thread 11432] [28.0] [cxt 0] Action entry is act - 
[11:48:09.987] [bmv2] [T] [thread 11432] [28.0] [cxt 0] Action act
[11:48:09.988] [bmv2] [T] [thread 11432] [28.0] [cxt 0] streaming.p4(182) Primitive bit<16> mcast_const = 1;
[11:48:09.988] [bmv2] [T] [thread 11432] [28.0] [cxt 0] Applying table 'MyIngress.ipv4_lpm'
[11:48:09.988] [bmv2] [D] [thread 11432] [28.0] [cxt 0] Looking up key:
* hdr.ipv4.dstAddr    : 00000000

[11:48:09.988] [bmv2] [D] [thread 11432] [28.0] [cxt 0] Table 'MyIngress.ipv4_lpm': miss
[11:48:09.989] [bmv2] [D] [thread 11432] [28.0] [cxt 0] Action entry is MyIngress.drop - 
[11:48:09.989] [bmv2] [T] [thread 11432] [28.0] [cxt 0] Action MyIngress.drop
[11:48:09.989] [bmv2] [T] [thread 11432] [28.0] [cxt 0] streaming.p4(195) Primitive mark_to_drop(standard_metadata)
[11:48:09.990] [bmv2] [T] [thread 11432] [28.0] [cxt 0] streaming.p4(219) Condition "hdr.ipv4.protocol == 17" (node_4) is false
[11:48:09.990] [bmv2] [D] [thread 11432] [28.0] [cxt 0] Pipeline 'ingress': end
[11:48:09.990] [bmv2] [D] [thread 11432] [28.0] [cxt 0] Egress port is 511
[11:48:09.990] [bmv2] [D] [thread 11432] [28.0] [cxt 0] Dropping packet at the end of ingress
[11:48:10.129] [bmv2] [D] [thread 11432] [29.0] [cxt 0] Processing packet received on port 3
[11:48:10.130] [bmv2] [D] [thread 11432] [29.0] [cxt 0] Parser 'parser': start
[11:48:10.130] [bmv2] [D] [thread 11432] [29.0] [cxt 0] Parser 'parser' entering state 'start'
[11:48:10.130] [bmv2] [D] [thread 11432] [29.0] [cxt 0] Extracting header 'ethernet'
[11:48:10.131] [bmv2] [D] [thread 11432] [29.0] [cxt 0] Parser state 'start': key is 86dd
[11:48:10.131] [bmv2] [T] [thread 11432] [29.0] [cxt 0] Bytes parsed: 14
[11:48:10.132] [bmv2] [T] [thread 11432] [29.0] [cxt 0] Skipping checksum 'cksum_1' verification because target field invalid
[11:48:10.133] [bmv2] [T] [thread 11432] [29.0] [cxt 0] Skipping checksum 'cksum_2' verification because target field invalid
[11:48:10.133] [bmv2] [D] [thread 11432] [29.0] [cxt 0] Parser 'parser': end
[11:48:10.133] [bmv2] [D] [thread 11432] [29.0] [cxt 0] Pipeline 'ingress': start
[11:48:10.134] [bmv2] [T] [thread 11432] [29.0] [cxt 0] Applying table 'tbl_act'
[11:48:10.134] [bmv2] [D] [thread 11432] [29.0] [cxt 0] Looking up key:

[11:48:10.134] [bmv2] [D] [thread 11432] [29.0] [cxt 0] Table 'tbl_act': miss
[11:48:10.135] [bmv2] [D] [thread 11432] [29.0] [cxt 0] Action entry is act - 
[11:48:10.135] [bmv2] [T] [thread 11432] [29.0] [cxt 0] Action act
[11:48:10.135] [bmv2] [T] [thread 11432] [29.0] [cxt 0] streaming.p4(182) Primitive bit<16> mcast_const = 1;
[11:48:10.135] [bmv2] [T] [thread 11432] [29.0] [cxt 0] Applying table 'MyIngress.ipv4_lpm'
[11:48:10.135] [bmv2] [D] [thread 11432] [29.0] [cxt 0] Looking up key:
* hdr.ipv4.dstAddr    : 00000000

[11:48:10.136] [bmv2] [D] [thread 11432] [29.0] [cxt 0] Table 'MyIngress.ipv4_lpm': miss
[11:48:10.136] [bmv2] [D] [thread 11432] [29.0] [cxt 0] Action entry is MyIngress.drop - 
[11:48:10.136] [bmv2] [T] [thread 11432] [29.0] [cxt 0] Action MyIngress.drop
[11:48:10.136] [bmv2] [T] [thread 11432] [29.0] [cxt 0] streaming.p4(195) Primitive mark_to_drop(standard_metadata)
[11:48:10.136] [bmv2] [T] [thread 11432] [29.0] [cxt 0] streaming.p4(219) Condition "hdr.ipv4.protocol == 17" (node_4) is false
[11:48:10.137] [bmv2] [D] [thread 11432] [29.0] [cxt 0] Pipeline 'ingress': end
[11:48:10.137] [bmv2] [D] [thread 11432] [29.0] [cxt 0] Egress port is 511
[11:48:10.137] [bmv2] [D] [thread 11432] [29.0] [cxt 0] Dropping packet at the end of ingress
open: No such file or directory
open: No such file or directory
open: No such file or directory
open: No such file or directory
