Calling target program-options parser
[11:41:21.880] [bmv2] [D] [thread 5148] Set default default entry for table 'MyIngress.ipv4_lpm': NoAction - 
[11:41:21.880] [bmv2] [D] [thread 5148] Set default default entry for table 'tbl_act': act - 
Adding interface s4-eth1 as port 1
[11:41:21.882] [bmv2] [D] [thread 5148] Adding interface s4-eth1 as port 1
Adding interface s4-eth2 as port 2
[11:41:21.909] [bmv2] [D] [thread 5148] Adding interface s4-eth2 as port 2
Adding interface s4-eth3 as port 3
[11:41:21.949] [bmv2] [D] [thread 5148] Adding interface s4-eth3 as port 3
I1209 11:41:21.992803618    5148 server_builder.cc:247]      Synchronous server. Num CQs: 1, Min pollers: 1, Max Pollers: 2147483647, CQ timeout (msec): 1000
Server listening on 0.0.0.0:50054
[11:41:21.995] [bmv2] [I] [thread 5148] Starting Thrift server on port 9093
[11:41:21.995] [bmv2] [I] [thread 5148] Thrift server was started
[11:41:22.099] [bmv2] [D] [thread 5155] [0.0] [cxt 0] Processing packet received on port 3
[11:41:22.099] [bmv2] [D] [thread 5155] [0.0] [cxt 0] Parser 'parser': start
[11:41:22.100] [bmv2] [D] [thread 5155] [0.0] [cxt 0] Parser 'parser' entering state 'start'
[11:41:22.100] [bmv2] [D] [thread 5155] [0.0] [cxt 0] Extracting header 'ethernet'
[11:41:22.101] [bmv2] [D] [thread 5155] [0.0] [cxt 0] Parser state 'start': key is 86dd
[11:41:22.101] [bmv2] [T] [thread 5155] [0.0] [cxt 0] Bytes parsed: 14
[11:41:22.101] [bmv2] [D] [thread 5155] [0.0] [cxt 0] Parser 'parser': end
[11:41:22.101] [bmv2] [D] [thread 5155] [0.0] [cxt 0] Pipeline 'ingress': start
[11:41:22.102] [bmv2] [T] [thread 5155] [0.0] [cxt 0] Applying table 'MyIngress.ipv4_lpm'
[11:41:22.102] [bmv2] [D] [thread 5155] [0.0] [cxt 0] Looking up key:
* hdr.ipv4.dstAddr    : 00000000

[11:41:22.103] [bmv2] [D] [thread 5155] [0.0] [cxt 0] Table 'MyIngress.ipv4_lpm': miss
[11:41:22.103] [bmv2] [D] [thread 5155] [0.0] [cxt 0] Action entry is NoAction - 
[11:41:22.103] [bmv2] [T] [thread 5155] [0.0] [cxt 0] Action NoAction
[11:41:22.103] [bmv2] [D] [thread 5155] [0.0] [cxt 0] Pipeline 'ingress': end
[11:41:22.104] [bmv2] [D] [thread 5155] [0.0] [cxt 0] Egress port is 0
[11:41:22.104] [bmv2] [D] [thread 5156] [0.0] [cxt 0] Pipeline 'egress': start
[11:41:22.104] [bmv2] [T] [thread 5156] [0.0] [cxt 0] Applying table 'tbl_act'
[11:41:22.105] [bmv2] [D] [thread 5156] [0.0] [cxt 0] Looking up key:

[11:41:22.105] [bmv2] [D] [thread 5156] [0.0] [cxt 0] Table 'tbl_act': miss
[11:41:22.106] [bmv2] [D] [thread 5156] [0.0] [cxt 0] Action entry is act - 
[11:41:22.106] [bmv2] [T] [thread 5156] [0.0] [cxt 0] Action act
[11:41:22.106] [bmv2] [T] [thread 5156] [0.0] [cxt 0] streaming.p4(188) Primitive standard_metadata.egress_rid = 1
[11:41:22.107] [bmv2] [D] [thread 5156] [0.0] [cxt 0] Pipeline 'egress': end
[11:41:22.107] [bmv2] [D] [thread 5156] [0.0] [cxt 0] Deparser 'deparser': start
[11:41:22.107] [bmv2] [T] [thread 5156] [0.0] [cxt 0] Skipping checksum 'cksum' update because condition not met
[11:41:22.108] [bmv2] [D] [thread 5156] [0.0] [cxt 0] Deparsing header 'ethernet'
[11:41:22.108] [bmv2] [D] [thread 5156] [0.0] [cxt 0] Deparser 'deparser': end
[11:41:22.108] [bmv2] [D] [thread 5160] [0.0] [cxt 0] Transmitting packet of size 90 out of port 0
[11:41:22.163] [bmv2] [D] [thread 5155] [1.0] [cxt 0] Processing packet received on port 2
[11:41:22.163] [bmv2] [D] [thread 5155] [1.0] [cxt 0] Parser 'parser': start
[11:41:22.163] [bmv2] [D] [thread 5155] [1.0] [cxt 0] Parser 'parser' entering state 'start'
[11:41:22.164] [bmv2] [D] [thread 5155] [1.0] [cxt 0] Extracting header 'ethernet'
[11:41:22.164] [bmv2] [D] [thread 5155] [1.0] [cxt 0] Parser state 'start': key is 86dd
[11:41:22.164] [bmv2] [T] [thread 5155] [1.0] [cxt 0] Bytes parsed: 14
[11:41:22.165] [bmv2] [D] [thread 5155] [1.0] [cxt 0] Parser 'parser': end
[11:41:22.165] [bmv2] [D] [thread 5155] [1.0] [cxt 0] Pipeline 'ingress': start
[11:41:22.165] [bmv2] [T] [thread 5155] [1.0] [cxt 0] Applying table 'MyIngress.ipv4_lpm'
[11:41:22.166] [bmv2] [D] [thread 5155] [1.0] [cxt 0] Looking up key:
* hdr.ipv4.dstAddr    : 00000000

[11:41:22.166] [bmv2] [D] [thread 5155] [1.0] [cxt 0] Table 'MyIngress.ipv4_lpm': miss
[11:41:22.166] [bmv2] [D] [thread 5155] [1.0] [cxt 0] Action entry is NoAction - 
[11:41:22.167] [bmv2] [T] [thread 5155] [1.0] [cxt 0] Action NoAction
[11:41:22.167] [bmv2] [D] [thread 5155] [1.0] [cxt 0] Pipeline 'ingress': end
[11:41:22.167] [bmv2] [D] [thread 5155] [1.0] [cxt 0] Egress port is 0
[11:41:22.168] [bmv2] [D] [thread 5156] [1.0] [cxt 0] Pipeline 'egress': start
[11:41:22.168] [bmv2] [T] [thread 5156] [1.0] [cxt 0] Applying table 'tbl_act'
[11:41:22.168] [bmv2] [D] [thread 5156] [1.0] [cxt 0] Looking up key:

[11:41:22.169] [bmv2] [D] [thread 5156] [1.0] [cxt 0] Table 'tbl_act': miss
[11:41:22.169] [bmv2] [D] [thread 5156] [1.0] [cxt 0] Action entry is act - 
[11:41:22.169] [bmv2] [T] [thread 5156] [1.0] [cxt 0] Action act
[11:41:22.170] [bmv2] [T] [thread 5156] [1.0] [cxt 0] streaming.p4(188) Primitive standard_metadata.egress_rid = 1
[11:41:22.170] [bmv2] [D] [thread 5156] [1.0] [cxt 0] Pipeline 'egress': end
[11:41:22.170] [bmv2] [D] [thread 5156] [1.0] [cxt 0] Deparser 'deparser': start
[11:41:22.171] [bmv2] [T] [thread 5156] [1.0] [cxt 0] Skipping checksum 'cksum' update because condition not met
[11:41:22.171] [bmv2] [D] [thread 5156] [1.0] [cxt 0] Deparsing header 'ethernet'
[11:41:22.171] [bmv2] [D] [thread 5156] [1.0] [cxt 0] Deparser 'deparser': end
[11:41:22.172] [bmv2] [D] [thread 5160] [1.0] [cxt 0] Transmitting packet of size 90 out of port 0
[11:41:22.237] [bmv2] [D] [thread 5155] [2.0] [cxt 0] Processing packet received on port 2
[11:41:22.237] [bmv2] [D] [thread 5155] [2.0] [cxt 0] Parser 'parser': start
[11:41:22.237] [bmv2] [D] [thread 5155] [2.0] [cxt 0] Parser 'parser' entering state 'start'
[11:41:22.237] [bmv2] [D] [thread 5155] [2.0] [cxt 0] Extracting header 'ethernet'
[11:41:22.238] [bmv2] [D] [thread 5155] [2.0] [cxt 0] Parser state 'start': key is 86dd
[11:41:22.238] [bmv2] [T] [thread 5155] [2.0] [cxt 0] Bytes parsed: 14
[11:41:22.238] [bmv2] [D] [thread 5155] [2.0] [cxt 0] Parser 'parser': end
[11:41:22.238] [bmv2] [D] [thread 5155] [2.0] [cxt 0] Pipeline 'ingress': start
[11:41:22.239] [bmv2] [T] [thread 5155] [2.0] [cxt 0] Applying table 'MyIngress.ipv4_lpm'
[11:41:22.239] [bmv2] [D] [thread 5155] [2.0] [cxt 0] Looking up key:
* hdr.ipv4.dstAddr    : 00000000

[11:41:22.239] [bmv2] [D] [thread 5155] [2.0] [cxt 0] Table 'MyIngress.ipv4_lpm': miss
[11:41:22.239] [bmv2] [D] [thread 5155] [2.0] [cxt 0] Action entry is NoAction - 
[11:41:22.240] [bmv2] [T] [thread 5155] [2.0] [cxt 0] Action NoAction
[11:41:22.240] [bmv2] [D] [thread 5155] [2.0] [cxt 0] Pipeline 'ingress': end
[11:41:22.240] [bmv2] [D] [thread 5155] [2.0] [cxt 0] Egress port is 0
[11:41:22.240] [bmv2] [D] [thread 5156] [2.0] [cxt 0] Pipeline 'egress': start
[11:41:22.240] [bmv2] [T] [thread 5156] [2.0] [cxt 0] Applying table 'tbl_act'
[11:41:22.240] [bmv2] [D] [thread 5156] [2.0] [cxt 0] Looking up key:

[11:41:22.241] [bmv2] [D] [thread 5156] [2.0] [cxt 0] Table 'tbl_act': miss
[11:41:22.241] [bmv2] [D] [thread 5156] [2.0] [cxt 0] Action entry is act - 
[11:41:22.241] [bmv2] [T] [thread 5156] [2.0] [cxt 0] Action act
[11:41:22.241] [bmv2] [T] [thread 5156] [2.0] [cxt 0] streaming.p4(188) Primitive standard_metadata.egress_rid = 1
[11:41:22.241] [bmv2] [D] [thread 5156] [2.0] [cxt 0] Pipeline 'egress': end
[11:41:22.242] [bmv2] [D] [thread 5156] [2.0] [cxt 0] Deparser 'deparser': start
[11:41:22.242] [bmv2] [T] [thread 5156] [2.0] [cxt 0] Skipping checksum 'cksum' update because condition not met
[11:41:22.242] [bmv2] [D] [thread 5156] [2.0] [cxt 0] Deparsing header 'ethernet'
[11:41:22.242] [bmv2] [D] [thread 5156] [2.0] [cxt 0] Deparser 'deparser': end
[11:41:22.242] [bmv2] [D] [thread 5160] [2.0] [cxt 0] Transmitting packet of size 90 out of port 0
New connection
P4Runtime SetForwardingPipelineConfig
[11:41:25.233] [bmv2] [W] [thread 5266] [P4Runtime] p4::tmp::P4DeviceConfig is deprecated
[11:41:25.235] [bmv2] [D] [thread 5266] Set default default entry for table 'MyIngress.ipv4_lpm': NoAction - 
[11:41:25.235] [bmv2] [D] [thread 5266] Set default default entry for table 'tbl_act': act - 
Connection removed
[11:41:25.276] [bmv2] [D] [thread 5155] [3.0] [cxt 0] Processing packet received on port 2
[11:41:25.276] [bmv2] [D] [thread 5155] [3.0] [cxt 0] Parser 'parser': start
[11:41:25.276] [bmv2] [D] [thread 5155] [3.0] [cxt 0] Parser 'parser' entering state 'start'
[11:41:25.277] [bmv2] [D] [thread 5155] [3.0] [cxt 0] Extracting header 'ethernet'
[11:41:25.277] [bmv2] [D] [thread 5155] [3.0] [cxt 0] Parser state 'start': key is 86dd
[11:41:25.277] [bmv2] [T] [thread 5155] [3.0] [cxt 0] Bytes parsed: 14
[11:41:25.277] [bmv2] [D] [thread 5155] [3.0] [cxt 0] Parser 'parser': end
[11:41:25.277] [bmv2] [D] [thread 5155] [3.0] [cxt 0] Pipeline 'ingress': start
[11:41:25.277] [bmv2] [T] [thread 5155] [3.0] [cxt 0] Applying table 'MyIngress.ipv4_lpm'
[11:41:25.278] [bmv2] [D] [thread 5155] [3.0] [cxt 0] Looking up key:
* hdr.ipv4.dstAddr    : 00000000

[11:41:25.278] [bmv2] [D] [thread 5155] [3.0] [cxt 0] Table 'MyIngress.ipv4_lpm': miss
[11:41:25.278] [bmv2] [D] [thread 5155] [3.0] [cxt 0] Action entry is NoAction - 
[11:41:25.278] [bmv2] [T] [thread 5155] [3.0] [cxt 0] Action NoAction
[11:41:25.279] [bmv2] [D] [thread 5155] [3.0] [cxt 0] Pipeline 'ingress': end
[11:41:25.279] [bmv2] [D] [thread 5155] [3.0] [cxt 0] Egress port is 0
[11:41:25.279] [bmv2] [D] [thread 5156] [3.0] [cxt 0] Pipeline 'egress': start
[11:41:25.279] [bmv2] [T] [thread 5156] [3.0] [cxt 0] Applying table 'tbl_act'
[11:41:25.279] [bmv2] [D] [thread 5156] [3.0] [cxt 0] Looking up key:

[11:41:25.279] [bmv2] [D] [thread 5156] [3.0] [cxt 0] Table 'tbl_act': miss
[11:41:25.280] [bmv2] [D] [thread 5156] [3.0] [cxt 0] Action entry is act - 
[11:41:25.280] [bmv2] [T] [thread 5156] [3.0] [cxt 0] Action act
[11:41:25.280] [bmv2] [T] [thread 5156] [3.0] [cxt 0] streaming.p4(188) Primitive standard_metadata.egress_rid = 1
[11:41:25.280] [bmv2] [D] [thread 5156] [3.0] [cxt 0] Pipeline 'egress': end
[11:41:25.280] [bmv2] [D] [thread 5156] [3.0] [cxt 0] Deparser 'deparser': start
[11:41:25.280] [bmv2] [T] [thread 5156] [3.0] [cxt 0] Skipping checksum 'cksum' update because condition not met
[11:41:25.280] [bmv2] [D] [thread 5156] [3.0] [cxt 0] Deparsing header 'ethernet'
[11:41:25.280] [bmv2] [D] [thread 5156] [3.0] [cxt 0] Deparser 'deparser': end
[11:41:25.281] [bmv2] [D] [thread 5160] [3.0] [cxt 0] Transmitting packet of size 70 out of port 0
[11:41:25.290] [bmv2] [D] [thread 5155] [4.0] [cxt 0] Processing packet received on port 2
[11:41:25.290] [bmv2] [D] [thread 5155] [4.0] [cxt 0] Parser 'parser': start
[11:41:25.290] [bmv2] [D] [thread 5155] [4.0] [cxt 0] Parser 'parser' entering state 'start'
[11:41:25.291] [bmv2] [D] [thread 5155] [4.0] [cxt 0] Extracting header 'ethernet'
[11:41:25.291] [bmv2] [D] [thread 5155] [4.0] [cxt 0] Parser state 'start': key is 86dd
[11:41:25.291] [bmv2] [T] [thread 5155] [4.0] [cxt 0] Bytes parsed: 14
[11:41:25.291] [bmv2] [D] [thread 5155] [4.0] [cxt 0] Parser 'parser': end
[11:41:25.292] [bmv2] [D] [thread 5155] [4.0] [cxt 0] Pipeline 'ingress': start
[11:41:25.292] [bmv2] [T] [thread 5155] [4.0] [cxt 0] Applying table 'MyIngress.ipv4_lpm'
[11:41:25.292] [bmv2] [D] [thread 5155] [4.0] [cxt 0] Looking up key:
* hdr.ipv4.dstAddr    : 00000000

[11:41:25.292] [bmv2] [D] [thread 5155] [4.0] [cxt 0] Table 'MyIngress.ipv4_lpm': miss
[11:41:25.293] [bmv2] [D] [thread 5155] [4.0] [cxt 0] Action entry is NoAction - 
[11:41:25.293] [bmv2] [T] [thread 5155] [4.0] [cxt 0] Action NoAction
[11:41:25.293] [bmv2] [D] [thread 5155] [4.0] [cxt 0] Pipeline 'ingress': end
[11:41:25.293] [bmv2] [D] [thread 5155] [4.0] [cxt 0] Egress port is 0
[11:41:25.293] [bmv2] [D] [thread 5156] [4.0] [cxt 0] Pipeline 'egress': start
[11:41:25.293] [bmv2] [T] [thread 5156] [4.0] [cxt 0] Applying table 'tbl_act'
[11:41:25.293] [bmv2] [D] [thread 5156] [4.0] [cxt 0] Looking up key:

[11:41:25.294] [bmv2] [D] [thread 5156] [4.0] [cxt 0] Table 'tbl_act': miss
[11:41:25.294] [bmv2] [D] [thread 5156] [4.0] [cxt 0] Action entry is act - 
[11:41:25.294] [bmv2] [T] [thread 5156] [4.0] [cxt 0] Action act
[11:41:25.294] [bmv2] [T] [thread 5156] [4.0] [cxt 0] streaming.p4(188) Primitive standard_metadata.egress_rid = 1
[11:41:25.294] [bmv2] [D] [thread 5156] [4.0] [cxt 0] Pipeline 'egress': end
[11:41:25.294] [bmv2] [D] [thread 5156] [4.0] [cxt 0] Deparser 'deparser': start
[11:41:25.294] [bmv2] [T] [thread 5156] [4.0] [cxt 0] Skipping checksum 'cksum' update because condition not met
[11:41:25.295] [bmv2] [D] [thread 5156] [4.0] [cxt 0] Deparsing header 'ethernet'
[11:41:25.295] [bmv2] [D] [thread 5156] [4.0] [cxt 0] Deparser 'deparser': end
[11:41:25.295] [bmv2] [D] [thread 5160] [4.0] [cxt 0] Transmitting packet of size 70 out of port 0
[11:41:25.371] [bmv2] [D] [thread 5155] [5.0] [cxt 0] Processing packet received on port 3
[11:41:25.372] [bmv2] [D] [thread 5155] [5.0] [cxt 0] Parser 'parser': start
[11:41:25.372] [bmv2] [D] [thread 5155] [5.0] [cxt 0] Parser 'parser' entering state 'start'
[11:41:25.372] [bmv2] [D] [thread 5155] [5.0] [cxt 0] Extracting header 'ethernet'
[11:41:25.373] [bmv2] [D] [thread 5155] [5.0] [cxt 0] Parser state 'start': key is 86dd
[11:41:25.373] [bmv2] [T] [thread 5155] [5.0] [cxt 0] Bytes parsed: 14
[11:41:25.374] [bmv2] [D] [thread 5155] [5.0] [cxt 0] Parser 'parser': end
[11:41:25.374] [bmv2] [D] [thread 5155] [5.0] [cxt 0] Pipeline 'ingress': start
[11:41:25.374] [bmv2] [T] [thread 5155] [5.0] [cxt 0] Applying table 'MyIngress.ipv4_lpm'
[11:41:25.375] [bmv2] [D] [thread 5155] [5.0] [cxt 0] Looking up key:
* hdr.ipv4.dstAddr    : 00000000

[11:41:25.375] [bmv2] [D] [thread 5155] [5.0] [cxt 0] Table 'MyIngress.ipv4_lpm': miss
[11:41:25.375] [bmv2] [D] [thread 5155] [5.0] [cxt 0] Action entry is NoAction - 
[11:41:25.376] [bmv2] [T] [thread 5155] [5.0] [cxt 0] Action NoAction
[11:41:25.376] [bmv2] [D] [thread 5155] [5.0] [cxt 0] Pipeline 'ingress': end
[11:41:25.376] [bmv2] [D] [thread 5155] [5.0] [cxt 0] Egress port is 0
[11:41:25.377] [bmv2] [D] [thread 5156] [5.0] [cxt 0] Pipeline 'egress': start
[11:41:25.377] [bmv2] [T] [thread 5156] [5.0] [cxt 0] Applying table 'tbl_act'
[11:41:25.377] [bmv2] [D] [thread 5156] [5.0] [cxt 0] Looking up key:

[11:41:25.377] [bmv2] [D] [thread 5156] [5.0] [cxt 0] Table 'tbl_act': miss
[11:41:25.377] [bmv2] [D] [thread 5156] [5.0] [cxt 0] Action entry is act - 
[11:41:25.378] [bmv2] [T] [thread 5156] [5.0] [cxt 0] Action act
[11:41:25.378] [bmv2] [T] [thread 5156] [5.0] [cxt 0] streaming.p4(188) Primitive standard_metadata.egress_rid = 1
[11:41:25.378] [bmv2] [D] [thread 5156] [5.0] [cxt 0] Pipeline 'egress': end
[11:41:25.379] [bmv2] [D] [thread 5156] [5.0] [cxt 0] Deparser 'deparser': start
[11:41:25.379] [bmv2] [T] [thread 5156] [5.0] [cxt 0] Skipping checksum 'cksum' update because condition not met
[11:41:25.379] [bmv2] [D] [thread 5156] [5.0] [cxt 0] Deparsing header 'ethernet'
[11:41:25.379] [bmv2] [D] [thread 5156] [5.0] [cxt 0] Deparser 'deparser': end
[11:41:25.379] [bmv2] [D] [thread 5160] [5.0] [cxt 0] Transmitting packet of size 70 out of port 0
[11:41:25.377] [bmv2] [D] [thread 5155] [6.0] [cxt 0] Processing packet received on port 3
[11:41:25.380] [bmv2] [D] [thread 5155] [6.0] [cxt 0] Parser 'parser': start
[11:41:25.380] [bmv2] [D] [thread 5155] [6.0] [cxt 0] Parser 'parser' entering state 'start'
[11:41:25.381] [bmv2] [D] [thread 5155] [6.0] [cxt 0] Extracting header 'ethernet'
[11:41:25.381] [bmv2] [D] [thread 5155] [6.0] [cxt 0] Parser state 'start': key is 86dd
[11:41:25.381] [bmv2] [T] [thread 5155] [6.0] [cxt 0] Bytes parsed: 14
[11:41:25.382] [bmv2] [D] [thread 5155] [6.0] [cxt 0] Parser 'parser': end
[11:41:25.382] [bmv2] [D] [thread 5155] [6.0] [cxt 0] Pipeline 'ingress': start
[11:41:25.382] [bmv2] [T] [thread 5155] [6.0] [cxt 0] Applying table 'MyIngress.ipv4_lpm'
[11:41:25.382] [bmv2] [D] [thread 5155] [6.0] [cxt 0] Looking up key:
* hdr.ipv4.dstAddr    : 00000000

[11:41:25.383] [bmv2] [D] [thread 5155] [6.0] [cxt 0] Table 'MyIngress.ipv4_lpm': miss
[11:41:25.383] [bmv2] [D] [thread 5155] [6.0] [cxt 0] Action entry is NoAction - 
[11:41:25.383] [bmv2] [T] [thread 5155] [6.0] [cxt 0] Action NoAction
[11:41:25.383] [bmv2] [D] [thread 5155] [6.0] [cxt 0] Pipeline 'ingress': end
[11:41:25.384] [bmv2] [D] [thread 5155] [6.0] [cxt 0] Egress port is 0
[11:41:25.384] [bmv2] [D] [thread 5156] [6.0] [cxt 0] Pipeline 'egress': start
[11:41:25.384] [bmv2] [T] [thread 5156] [6.0] [cxt 0] Applying table 'tbl_act'
[11:41:25.384] [bmv2] [D] [thread 5156] [6.0] [cxt 0] Looking up key:

[11:41:25.384] [bmv2] [D] [thread 5156] [6.0] [cxt 0] Table 'tbl_act': miss
[11:41:25.385] [bmv2] [D] [thread 5156] [6.0] [cxt 0] Action entry is act - 
[11:41:25.385] [bmv2] [T] [thread 5156] [6.0] [cxt 0] Action act
[11:41:25.385] [bmv2] [T] [thread 5156] [6.0] [cxt 0] streaming.p4(188) Primitive standard_metadata.egress_rid = 1
[11:41:25.385] [bmv2] [D] [thread 5156] [6.0] [cxt 0] Pipeline 'egress': end
[11:41:25.385] [bmv2] [D] [thread 5156] [6.0] [cxt 0] Deparser 'deparser': start
[11:41:25.386] [bmv2] [T] [thread 5156] [6.0] [cxt 0] Skipping checksum 'cksum' update because condition not met
[11:41:25.386] [bmv2] [D] [thread 5156] [6.0] [cxt 0] Deparsing header 'ethernet'
[11:41:25.386] [bmv2] [D] [thread 5156] [6.0] [cxt 0] Deparser 'deparser': end
[11:41:25.386] [bmv2] [D] [thread 5160] [6.0] [cxt 0] Transmitting packet of size 70 out of port 0
[11:41:25.466] [bmv2] [D] [thread 5155] [7.0] [cxt 0] Processing packet received on port 1
[11:41:25.466] [bmv2] [D] [thread 5155] [7.0] [cxt 0] Parser 'parser': start
[11:41:25.466] [bmv2] [D] [thread 5155] [7.0] [cxt 0] Parser 'parser' entering state 'start'
[11:41:25.466] [bmv2] [D] [thread 5155] [7.0] [cxt 0] Extracting header 'ethernet'
[11:41:25.466] [bmv2] [D] [thread 5155] [7.0] [cxt 0] Parser state 'start': key is 86dd
[11:41:25.467] [bmv2] [T] [thread 5155] [7.0] [cxt 0] Bytes parsed: 14
[11:41:25.467] [bmv2] [D] [thread 5155] [7.0] [cxt 0] Parser 'parser': end
[11:41:25.467] [bmv2] [D] [thread 5155] [7.0] [cxt 0] Pipeline 'ingress': start
[11:41:25.467] [bmv2] [T] [thread 5155] [7.0] [cxt 0] Applying table 'MyIngress.ipv4_lpm'
[11:41:25.467] [bmv2] [D] [thread 5155] [7.0] [cxt 0] Looking up key:
* hdr.ipv4.dstAddr    : 00000000

[11:41:25.467] [bmv2] [D] [thread 5155] [7.0] [cxt 0] Table 'MyIngress.ipv4_lpm': miss
[11:41:25.468] [bmv2] [D] [thread 5155] [7.0] [cxt 0] Action entry is NoAction - 
[11:41:25.468] [bmv2] [T] [thread 5155] [7.0] [cxt 0] Action NoAction
[11:41:25.468] [bmv2] [D] [thread 5155] [7.0] [cxt 0] Pipeline 'ingress': end
[11:41:25.468] [bmv2] [D] [thread 5155] [7.0] [cxt 0] Egress port is 0
[11:41:25.468] [bmv2] [D] [thread 5156] [7.0] [cxt 0] Pipeline 'egress': start
[11:41:25.469] [bmv2] [T] [thread 5156] [7.0] [cxt 0] Applying table 'tbl_act'
[11:41:25.469] [bmv2] [D] [thread 5156] [7.0] [cxt 0] Looking up key:

[11:41:25.469] [bmv2] [D] [thread 5156] [7.0] [cxt 0] Table 'tbl_act': miss
[11:41:25.469] [bmv2] [D] [thread 5156] [7.0] [cxt 0] Action entry is act - 
[11:41:25.470] [bmv2] [T] [thread 5156] [7.0] [cxt 0] Action act
[11:41:25.470] [bmv2] [T] [thread 5156] [7.0] [cxt 0] streaming.p4(188) Primitive standard_metadata.egress_rid = 1
[11:41:25.470] [bmv2] [D] [thread 5156] [7.0] [cxt 0] Pipeline 'egress': end
[11:41:25.471] [bmv2] [D] [thread 5156] [7.0] [cxt 0] Deparser 'deparser': start
[11:41:25.471] [bmv2] [T] [thread 5156] [7.0] [cxt 0] Skipping checksum 'cksum' update because condition not met
[11:41:25.471] [bmv2] [D] [thread 5156] [7.0] [cxt 0] Deparsing header 'ethernet'
[11:41:25.471] [bmv2] [D] [thread 5156] [7.0] [cxt 0] Deparser 'deparser': end
[11:41:25.471] [bmv2] [D] [thread 5160] [7.0] [cxt 0] Transmitting packet of size 70 out of port 0
[11:41:25.642] [bmv2] [D] [thread 5155] [8.0] [cxt 0] Processing packet received on port 1
[11:41:25.642] [bmv2] [D] [thread 5155] [8.0] [cxt 0] Parser 'parser': start
[11:41:25.642] [bmv2] [D] [thread 5155] [8.0] [cxt 0] Parser 'parser' entering state 'start'
[11:41:25.643] [bmv2] [D] [thread 5155] [8.0] [cxt 0] Extracting header 'ethernet'
[11:41:25.643] [bmv2] [D] [thread 5155] [8.0] [cxt 0] Parser state 'start': key is 86dd
[11:41:25.643] [bmv2] [T] [thread 5155] [8.0] [cxt 0] Bytes parsed: 14
[11:41:25.643] [bmv2] [D] [thread 5155] [8.0] [cxt 0] Parser 'parser': end
[11:41:25.644] [bmv2] [D] [thread 5155] [8.0] [cxt 0] Pipeline 'ingress': start
[11:41:25.644] [bmv2] [T] [thread 5155] [8.0] [cxt 0] Applying table 'MyIngress.ipv4_lpm'
[11:41:25.644] [bmv2] [D] [thread 5155] [8.0] [cxt 0] Looking up key:
* hdr.ipv4.dstAddr    : 00000000

[11:41:25.644] [bmv2] [D] [thread 5155] [8.0] [cxt 0] Table 'MyIngress.ipv4_lpm': miss
[11:41:25.644] [bmv2] [D] [thread 5155] [8.0] [cxt 0] Action entry is NoAction - 
[11:41:25.644] [bmv2] [T] [thread 5155] [8.0] [cxt 0] Action NoAction
[11:41:25.644] [bmv2] [D] [thread 5155] [8.0] [cxt 0] Pipeline 'ingress': end
[11:41:25.645] [bmv2] [D] [thread 5155] [8.0] [cxt 0] Egress port is 0
[11:41:25.645] [bmv2] [D] [thread 5156] [8.0] [cxt 0] Pipeline 'egress': start
[11:41:25.645] [bmv2] [T] [thread 5156] [8.0] [cxt 0] Applying table 'tbl_act'
[11:41:25.645] [bmv2] [D] [thread 5156] [8.0] [cxt 0] Looking up key:

[11:41:25.645] [bmv2] [D] [thread 5156] [8.0] [cxt 0] Table 'tbl_act': miss
[11:41:25.645] [bmv2] [D] [thread 5156] [8.0] [cxt 0] Action entry is act - 
[11:41:25.645] [bmv2] [T] [thread 5156] [8.0] [cxt 0] Action act
[11:41:25.646] [bmv2] [T] [thread 5156] [8.0] [cxt 0] streaming.p4(188) Primitive standard_metadata.egress_rid = 1
[11:41:25.646] [bmv2] [D] [thread 5156] [8.0] [cxt 0] Pipeline 'egress': end
[11:41:25.646] [bmv2] [D] [thread 5156] [8.0] [cxt 0] Deparser 'deparser': start
[11:41:25.646] [bmv2] [T] [thread 5156] [8.0] [cxt 0] Skipping checksum 'cksum' update because condition not met
[11:41:25.646] [bmv2] [D] [thread 5156] [8.0] [cxt 0] Deparsing header 'ethernet'
[11:41:25.647] [bmv2] [D] [thread 5156] [8.0] [cxt 0] Deparser 'deparser': end
[11:41:25.647] [bmv2] [D] [thread 5160] [8.0] [cxt 0] Transmitting packet of size 70 out of port 0
[11:41:29.282] [bmv2] [D] [thread 5155] [9.0] [cxt 0] Processing packet received on port 2
[11:41:29.282] [bmv2] [D] [thread 5155] [9.0] [cxt 0] Parser 'parser': start
[11:41:29.282] [bmv2] [D] [thread 5155] [9.0] [cxt 0] Parser 'parser' entering state 'start'
[11:41:29.283] [bmv2] [D] [thread 5155] [9.0] [cxt 0] Extracting header 'ethernet'
[11:41:29.283] [bmv2] [D] [thread 5155] [9.0] [cxt 0] Parser state 'start': key is 86dd
[11:41:29.283] [bmv2] [T] [thread 5155] [9.0] [cxt 0] Bytes parsed: 14
[11:41:29.283] [bmv2] [D] [thread 5155] [9.0] [cxt 0] Parser 'parser': end
[11:41:29.283] [bmv2] [D] [thread 5155] [9.0] [cxt 0] Pipeline 'ingress': start
[11:41:29.283] [bmv2] [T] [thread 5155] [9.0] [cxt 0] Applying table 'MyIngress.ipv4_lpm'
[11:41:29.283] [bmv2] [D] [thread 5155] [9.0] [cxt 0] Looking up key:
* hdr.ipv4.dstAddr    : 00000000

[11:41:29.284] [bmv2] [D] [thread 5155] [9.0] [cxt 0] Table 'MyIngress.ipv4_lpm': miss
[11:41:29.284] [bmv2] [D] [thread 5155] [9.0] [cxt 0] Action entry is NoAction - 
[11:41:29.284] [bmv2] [T] [thread 5155] [9.0] [cxt 0] Action NoAction
[11:41:29.284] [bmv2] [D] [thread 5155] [9.0] [cxt 0] Pipeline 'ingress': end
[11:41:29.284] [bmv2] [D] [thread 5155] [9.0] [cxt 0] Egress port is 0
[11:41:29.285] [bmv2] [D] [thread 5156] [9.0] [cxt 0] Pipeline 'egress': start
[11:41:29.285] [bmv2] [T] [thread 5156] [9.0] [cxt 0] Applying table 'tbl_act'
[11:41:29.285] [bmv2] [D] [thread 5156] [9.0] [cxt 0] Looking up key:

[11:41:29.285] [bmv2] [D] [thread 5156] [9.0] [cxt 0] Table 'tbl_act': miss
[11:41:29.285] [bmv2] [D] [thread 5156] [9.0] [cxt 0] Action entry is act - 
[11:41:29.285] [bmv2] [T] [thread 5156] [9.0] [cxt 0] Action act
[11:41:29.285] [bmv2] [T] [thread 5156] [9.0] [cxt 0] streaming.p4(188) Primitive standard_metadata.egress_rid = 1
[11:41:29.285] [bmv2] [D] [thread 5156] [9.0] [cxt 0] Pipeline 'egress': end
[11:41:29.286] [bmv2] [D] [thread 5156] [9.0] [cxt 0] Deparser 'deparser': start
[11:41:29.286] [bmv2] [T] [thread 5156] [9.0] [cxt 0] Skipping checksum 'cksum' update because condition not met
[11:41:29.286] [bmv2] [D] [thread 5156] [9.0] [cxt 0] Deparsing header 'ethernet'
[11:41:29.286] [bmv2] [D] [thread 5156] [9.0] [cxt 0] Deparser 'deparser': end
[11:41:29.286] [bmv2] [D] [thread 5160] [9.0] [cxt 0] Transmitting packet of size 70 out of port 0
[11:41:29.298] [bmv2] [D] [thread 5155] [10.0] [cxt 0] Processing packet received on port 2
[11:41:29.298] [bmv2] [D] [thread 5155] [10.0] [cxt 0] Parser 'parser': start
[11:41:29.298] [bmv2] [D] [thread 5155] [10.0] [cxt 0] Parser 'parser' entering state 'start'
[11:41:29.298] [bmv2] [D] [thread 5155] [10.0] [cxt 0] Extracting header 'ethernet'
[11:41:29.299] [bmv2] [D] [thread 5155] [10.0] [cxt 0] Parser state 'start': key is 86dd
[11:41:29.299] [bmv2] [T] [thread 5155] [10.0] [cxt 0] Bytes parsed: 14
[11:41:29.299] [bmv2] [D] [thread 5155] [10.0] [cxt 0] Parser 'parser': end
[11:41:29.300] [bmv2] [D] [thread 5155] [10.0] [cxt 0] Pipeline 'ingress': start
[11:41:29.300] [bmv2] [T] [thread 5155] [10.0] [cxt 0] Applying table 'MyIngress.ipv4_lpm'
[11:41:29.300] [bmv2] [D] [thread 5155] [10.0] [cxt 0] Looking up key:
* hdr.ipv4.dstAddr    : 00000000

[11:41:29.300] [bmv2] [D] [thread 5155] [10.0] [cxt 0] Table 'MyIngress.ipv4_lpm': miss
[11:41:29.300] [bmv2] [D] [thread 5155] [10.0] [cxt 0] Action entry is NoAction - 
[11:41:29.300] [bmv2] [T] [thread 5155] [10.0] [cxt 0] Action NoAction
[11:41:29.300] [bmv2] [D] [thread 5155] [10.0] [cxt 0] Pipeline 'ingress': end
[11:41:29.300] [bmv2] [D] [thread 5155] [10.0] [cxt 0] Egress port is 0
[11:41:29.301] [bmv2] [D] [thread 5156] [10.0] [cxt 0] Pipeline 'egress': start
[11:41:29.301] [bmv2] [T] [thread 5156] [10.0] [cxt 0] Applying table 'tbl_act'
[11:41:29.301] [bmv2] [D] [thread 5156] [10.0] [cxt 0] Looking up key:

[11:41:29.301] [bmv2] [D] [thread 5156] [10.0] [cxt 0] Table 'tbl_act': miss
[11:41:29.301] [bmv2] [D] [thread 5156] [10.0] [cxt 0] Action entry is act - 
[11:41:29.301] [bmv2] [T] [thread 5156] [10.0] [cxt 0] Action act
[11:41:29.301] [bmv2] [T] [thread 5156] [10.0] [cxt 0] streaming.p4(188) Primitive standard_metadata.egress_rid = 1
[11:41:29.301] [bmv2] [D] [thread 5156] [10.0] [cxt 0] Pipeline 'egress': end
[11:41:29.302] [bmv2] [D] [thread 5156] [10.0] [cxt 0] Deparser 'deparser': start
[11:41:29.302] [bmv2] [T] [thread 5156] [10.0] [cxt 0] Skipping checksum 'cksum' update because condition not met
[11:41:29.302] [bmv2] [D] [thread 5156] [10.0] [cxt 0] Deparsing header 'ethernet'
[11:41:29.302] [bmv2] [D] [thread 5156] [10.0] [cxt 0] Deparser 'deparser': end
[11:41:29.302] [bmv2] [D] [thread 5160] [10.0] [cxt 0] Transmitting packet of size 70 out of port 0
[11:41:29.378] [bmv2] [D] [thread 5155] [11.0] [cxt 0] Processing packet received on port 3
[11:41:29.379] [bmv2] [D] [thread 5155] [11.0] [cxt 0] Parser 'parser': start
[11:41:29.379] [bmv2] [D] [thread 5155] [11.0] [cxt 0] Parser 'parser' entering state 'start'
[11:41:29.379] [bmv2] [D] [thread 5155] [11.0] [cxt 0] Extracting header 'ethernet'
[11:41:29.379] [bmv2] [D] [thread 5155] [11.0] [cxt 0] Parser state 'start': key is 86dd
[11:41:29.379] [bmv2] [T] [thread 5155] [11.0] [cxt 0] Bytes parsed: 14
[11:41:29.380] [bmv2] [D] [thread 5155] [11.0] [cxt 0] Parser 'parser': end
[11:41:29.380] [bmv2] [D] [thread 5155] [11.0] [cxt 0] Pipeline 'ingress': start
[11:41:29.380] [bmv2] [T] [thread 5155] [11.0] [cxt 0] Applying table 'MyIngress.ipv4_lpm'
[11:41:29.380] [bmv2] [D] [thread 5155] [11.0] [cxt 0] Looking up key:
* hdr.ipv4.dstAddr    : 00000000

[11:41:29.380] [bmv2] [D] [thread 5155] [11.0] [cxt 0] Table 'MyIngress.ipv4_lpm': miss
[11:41:29.380] [bmv2] [D] [thread 5155] [11.0] [cxt 0] Action entry is NoAction - 
[11:41:29.380] [bmv2] [T] [thread 5155] [11.0] [cxt 0] Action NoAction
[11:41:29.380] [bmv2] [D] [thread 5155] [11.0] [cxt 0] Pipeline 'ingress': end
[11:41:29.380] [bmv2] [D] [thread 5155] [11.0] [cxt 0] Egress port is 0
[11:41:29.381] [bmv2] [D] [thread 5156] [11.0] [cxt 0] Pipeline 'egress': start
[11:41:29.381] [bmv2] [T] [thread 5156] [11.0] [cxt 0] Applying table 'tbl_act'
[11:41:29.381] [bmv2] [D] [thread 5156] [11.0] [cxt 0] Looking up key:

[11:41:29.381] [bmv2] [D] [thread 5156] [11.0] [cxt 0] Table 'tbl_act': miss
[11:41:29.381] [bmv2] [D] [thread 5156] [11.0] [cxt 0] Action entry is act - 
[11:41:29.381] [bmv2] [T] [thread 5156] [11.0] [cxt 0] Action act
[11:41:29.381] [bmv2] [T] [thread 5156] [11.0] [cxt 0] streaming.p4(188) Primitive standard_metadata.egress_rid = 1
[11:41:29.381] [bmv2] [D] [thread 5156] [11.0] [cxt 0] Pipeline 'egress': end
[11:41:29.382] [bmv2] [D] [thread 5156] [11.0] [cxt 0] Deparser 'deparser': start
[11:41:29.382] [bmv2] [T] [thread 5156] [11.0] [cxt 0] Skipping checksum 'cksum' update because condition not met
[11:41:29.382] [bmv2] [D] [thread 5156] [11.0] [cxt 0] Deparsing header 'ethernet'
[11:41:29.382] [bmv2] [D] [thread 5156] [11.0] [cxt 0] Deparser 'deparser': end
[11:41:29.381] [bmv2] [D] [thread 5155] [12.0] [cxt 0] Processing packet received on port 3
[11:41:29.382] [bmv2] [D] [thread 5160] [11.0] [cxt 0] Transmitting packet of size 70 out of port 0
[11:41:29.383] [bmv2] [D] [thread 5155] [12.0] [cxt 0] Parser 'parser': start
[11:41:29.383] [bmv2] [D] [thread 5155] [12.0] [cxt 0] Parser 'parser' entering state 'start'
[11:41:29.383] [bmv2] [D] [thread 5155] [12.0] [cxt 0] Extracting header 'ethernet'
[11:41:29.383] [bmv2] [D] [thread 5155] [12.0] [cxt 0] Parser state 'start': key is 86dd
[11:41:29.383] [bmv2] [T] [thread 5155] [12.0] [cxt 0] Bytes parsed: 14
[11:41:29.383] [bmv2] [D] [thread 5155] [12.0] [cxt 0] Parser 'parser': end
[11:41:29.383] [bmv2] [D] [thread 5155] [12.0] [cxt 0] Pipeline 'ingress': start
[11:41:29.384] [bmv2] [T] [thread 5155] [12.0] [cxt 0] Applying table 'MyIngress.ipv4_lpm'
[11:41:29.384] [bmv2] [D] [thread 5155] [12.0] [cxt 0] Looking up key:
* hdr.ipv4.dstAddr    : 00000000

[11:41:29.384] [bmv2] [D] [thread 5155] [12.0] [cxt 0] Table 'MyIngress.ipv4_lpm': miss
[11:41:29.384] [bmv2] [D] [thread 5155] [12.0] [cxt 0] Action entry is NoAction - 
[11:41:29.384] [bmv2] [T] [thread 5155] [12.0] [cxt 0] Action NoAction
[11:41:29.384] [bmv2] [D] [thread 5155] [12.0] [cxt 0] Pipeline 'ingress': end
[11:41:29.384] [bmv2] [D] [thread 5155] [12.0] [cxt 0] Egress port is 0
[11:41:29.384] [bmv2] [D] [thread 5156] [12.0] [cxt 0] Pipeline 'egress': start
[11:41:29.384] [bmv2] [T] [thread 5156] [12.0] [cxt 0] Applying table 'tbl_act'
[11:41:29.385] [bmv2] [D] [thread 5156] [12.0] [cxt 0] Looking up key:

[11:41:29.385] [bmv2] [D] [thread 5156] [12.0] [cxt 0] Table 'tbl_act': miss
[11:41:29.385] [bmv2] [D] [thread 5156] [12.0] [cxt 0] Action entry is act - 
[11:41:29.385] [bmv2] [T] [thread 5156] [12.0] [cxt 0] Action act
[11:41:29.385] [bmv2] [T] [thread 5156] [12.0] [cxt 0] streaming.p4(188) Primitive standard_metadata.egress_rid = 1
[11:41:29.385] [bmv2] [D] [thread 5156] [12.0] [cxt 0] Pipeline 'egress': end
[11:41:29.385] [bmv2] [D] [thread 5156] [12.0] [cxt 0] Deparser 'deparser': start
[11:41:29.385] [bmv2] [T] [thread 5156] [12.0] [cxt 0] Skipping checksum 'cksum' update because condition not met
[11:41:29.385] [bmv2] [D] [thread 5156] [12.0] [cxt 0] Deparsing header 'ethernet'
[11:41:29.386] [bmv2] [D] [thread 5156] [12.0] [cxt 0] Deparser 'deparser': end
[11:41:29.386] [bmv2] [D] [thread 5160] [12.0] [cxt 0] Transmitting packet of size 70 out of port 0
[11:41:29.474] [bmv2] [D] [thread 5155] [13.0] [cxt 0] Processing packet received on port 1
[11:41:29.474] [bmv2] [D] [thread 5155] [13.0] [cxt 0] Parser 'parser': start
[11:41:29.474] [bmv2] [D] [thread 5155] [13.0] [cxt 0] Parser 'parser' entering state 'start'
[11:41:29.474] [bmv2] [D] [thread 5155] [13.0] [cxt 0] Extracting header 'ethernet'
[11:41:29.475] [bmv2] [D] [thread 5155] [13.0] [cxt 0] Parser state 'start': key is 86dd
[11:41:29.475] [bmv2] [T] [thread 5155] [13.0] [cxt 0] Bytes parsed: 14
[11:41:29.475] [bmv2] [D] [thread 5155] [13.0] [cxt 0] Parser 'parser': end
[11:41:29.476] [bmv2] [D] [thread 5155] [13.0] [cxt 0] Pipeline 'ingress': start
[11:41:29.476] [bmv2] [T] [thread 5155] [13.0] [cxt 0] Applying table 'MyIngress.ipv4_lpm'
[11:41:29.476] [bmv2] [D] [thread 5155] [13.0] [cxt 0] Looking up key:
* hdr.ipv4.dstAddr    : 00000000

[11:41:29.476] [bmv2] [D] [thread 5155] [13.0] [cxt 0] Table 'MyIngress.ipv4_lpm': miss
[11:41:29.476] [bmv2] [D] [thread 5155] [13.0] [cxt 0] Action entry is NoAction - 
[11:41:29.476] [bmv2] [T] [thread 5155] [13.0] [cxt 0] Action NoAction
[11:41:29.477] [bmv2] [D] [thread 5155] [13.0] [cxt 0] Pipeline 'ingress': end
[11:41:29.477] [bmv2] [D] [thread 5155] [13.0] [cxt 0] Egress port is 0
[11:41:29.477] [bmv2] [D] [thread 5156] [13.0] [cxt 0] Pipeline 'egress': start
[11:41:29.477] [bmv2] [T] [thread 5156] [13.0] [cxt 0] Applying table 'tbl_act'
[11:41:29.477] [bmv2] [D] [thread 5156] [13.0] [cxt 0] Looking up key:

[11:41:29.477] [bmv2] [D] [thread 5156] [13.0] [cxt 0] Table 'tbl_act': miss
[11:41:29.477] [bmv2] [D] [thread 5156] [13.0] [cxt 0] Action entry is act - 
[11:41:29.477] [bmv2] [T] [thread 5156] [13.0] [cxt 0] Action act
[11:41:29.477] [bmv2] [T] [thread 5156] [13.0] [cxt 0] streaming.p4(188) Primitive standard_metadata.egress_rid = 1
[11:41:29.478] [bmv2] [D] [thread 5156] [13.0] [cxt 0] Pipeline 'egress': end
[11:41:29.478] [bmv2] [D] [thread 5156] [13.0] [cxt 0] Deparser 'deparser': start
[11:41:29.478] [bmv2] [T] [thread 5156] [13.0] [cxt 0] Skipping checksum 'cksum' update because condition not met
[11:41:29.478] [bmv2] [D] [thread 5156] [13.0] [cxt 0] Deparsing header 'ethernet'
[11:41:29.478] [bmv2] [D] [thread 5156] [13.0] [cxt 0] Deparser 'deparser': end
[11:41:29.478] [bmv2] [D] [thread 5160] [13.0] [cxt 0] Transmitting packet of size 70 out of port 0
[11:41:29.654] [bmv2] [D] [thread 5155] [14.0] [cxt 0] Processing packet received on port 1
[11:41:29.655] [bmv2] [D] [thread 5155] [14.0] [cxt 0] Parser 'parser': start
[11:41:29.655] [bmv2] [D] [thread 5155] [14.0] [cxt 0] Parser 'parser' entering state 'start'
[11:41:29.655] [bmv2] [D] [thread 5155] [14.0] [cxt 0] Extracting header 'ethernet'
[11:41:29.656] [bmv2] [D] [thread 5155] [14.0] [cxt 0] Parser state 'start': key is 86dd
[11:41:29.656] [bmv2] [T] [thread 5155] [14.0] [cxt 0] Bytes parsed: 14
[11:41:29.656] [bmv2] [D] [thread 5155] [14.0] [cxt 0] Parser 'parser': end
[11:41:29.656] [bmv2] [D] [thread 5155] [14.0] [cxt 0] Pipeline 'ingress': start
[11:41:29.656] [bmv2] [T] [thread 5155] [14.0] [cxt 0] Applying table 'MyIngress.ipv4_lpm'
[11:41:29.657] [bmv2] [D] [thread 5155] [14.0] [cxt 0] Looking up key:
* hdr.ipv4.dstAddr    : 00000000

[11:41:29.657] [bmv2] [D] [thread 5155] [14.0] [cxt 0] Table 'MyIngress.ipv4_lpm': miss
[11:41:29.657] [bmv2] [D] [thread 5155] [14.0] [cxt 0] Action entry is NoAction - 
[11:41:29.658] [bmv2] [T] [thread 5155] [14.0] [cxt 0] Action NoAction
[11:41:29.658] [bmv2] [D] [thread 5155] [14.0] [cxt 0] Pipeline 'ingress': end
[11:41:29.658] [bmv2] [D] [thread 5155] [14.0] [cxt 0] Egress port is 0
[11:41:29.659] [bmv2] [D] [thread 5156] [14.0] [cxt 0] Pipeline 'egress': start
[11:41:29.659] [bmv2] [T] [thread 5156] [14.0] [cxt 0] Applying table 'tbl_act'
[11:41:29.659] [bmv2] [D] [thread 5156] [14.0] [cxt 0] Looking up key:

[11:41:29.659] [bmv2] [D] [thread 5156] [14.0] [cxt 0] Table 'tbl_act': miss
[11:41:29.659] [bmv2] [D] [thread 5156] [14.0] [cxt 0] Action entry is act - 
[11:41:29.660] [bmv2] [T] [thread 5156] [14.0] [cxt 0] Action act
[11:41:29.660] [bmv2] [T] [thread 5156] [14.0] [cxt 0] streaming.p4(188) Primitive standard_metadata.egress_rid = 1
[11:41:29.660] [bmv2] [D] [thread 5156] [14.0] [cxt 0] Pipeline 'egress': end
[11:41:29.660] [bmv2] [D] [thread 5156] [14.0] [cxt 0] Deparser 'deparser': start
[11:41:29.661] [bmv2] [T] [thread 5156] [14.0] [cxt 0] Skipping checksum 'cksum' update because condition not met
[11:41:29.661] [bmv2] [D] [thread 5156] [14.0] [cxt 0] Deparsing header 'ethernet'
[11:41:29.661] [bmv2] [D] [thread 5156] [14.0] [cxt 0] Deparser 'deparser': end
[11:41:29.661] [bmv2] [D] [thread 5160] [14.0] [cxt 0] Transmitting packet of size 70 out of port 0
open: No such file or directory
open: No such file or directory
open: No such file or directory
open: No such file or directory
open: No such file or directory
open: No such file or directory
open: No such file or directory
