Calling target program-options parser
[11:41:22.408] [bmv2] [D] [thread 5162] Set default default entry for table 'MyIngress.ipv4_lpm': NoAction - 
[11:41:22.409] [bmv2] [D] [thread 5162] Set default default entry for table 'tbl_act': act - 
Adding interface s5-eth1 as port 1
[11:41:22.411] [bmv2] [D] [thread 5162] Adding interface s5-eth1 as port 1
Adding interface s5-eth2 as port 2
[11:41:22.450] [bmv2] [D] [thread 5162] Adding interface s5-eth2 as port 2
Adding interface s5-eth3 as port 3
[11:41:22.478] [bmv2] [D] [thread 5162] Adding interface s5-eth3 as port 3
I1209 11:41:22.514132816    5162 server_builder.cc:247]      Synchronous server. Num CQs: 1, Min pollers: 1, Max Pollers: 2147483647, CQ timeout (msec): 1000
Server listening on 0.0.0.0:50055
[11:41:22.523] [bmv2] [I] [thread 5162] Starting Thrift server on port 9094
[11:41:22.524] [bmv2] [I] [thread 5162] Thrift server was started
[11:41:25.157] [bmv2] [D] [thread 5169] [0.0] [cxt 0] Processing packet received on port 1
[11:41:25.157] [bmv2] [D] [thread 5169] [0.0] [cxt 0] Parser 'parser': start
[11:41:25.157] [bmv2] [D] [thread 5169] [0.0] [cxt 0] Parser 'parser' entering state 'start'
[11:41:25.157] [bmv2] [D] [thread 5169] [0.0] [cxt 0] Extracting header 'ethernet'
[11:41:25.158] [bmv2] [D] [thread 5169] [0.0] [cxt 0] Parser state 'start': key is 86dd
[11:41:25.158] [bmv2] [T] [thread 5169] [0.0] [cxt 0] Bytes parsed: 14
[11:41:25.158] [bmv2] [D] [thread 5169] [0.0] [cxt 0] Parser 'parser': end
[11:41:25.158] [bmv2] [D] [thread 5169] [0.0] [cxt 0] Pipeline 'ingress': start
[11:41:25.158] [bmv2] [T] [thread 5169] [0.0] [cxt 0] Applying table 'MyIngress.ipv4_lpm'
[11:41:25.159] [bmv2] [D] [thread 5169] [0.0] [cxt 0] Looking up key:
* hdr.ipv4.dstAddr    : 00000000

[11:41:25.159] [bmv2] [D] [thread 5169] [0.0] [cxt 0] Table 'MyIngress.ipv4_lpm': miss
[11:41:25.159] [bmv2] [D] [thread 5169] [0.0] [cxt 0] Action entry is NoAction - 
[11:41:25.159] [bmv2] [T] [thread 5169] [0.0] [cxt 0] Action NoAction
[11:41:25.159] [bmv2] [D] [thread 5169] [0.0] [cxt 0] Pipeline 'ingress': end
[11:41:25.159] [bmv2] [D] [thread 5169] [0.0] [cxt 0] Egress port is 0
[11:41:25.160] [bmv2] [D] [thread 5170] [0.0] [cxt 0] Pipeline 'egress': start
[11:41:25.160] [bmv2] [T] [thread 5170] [0.0] [cxt 0] Applying table 'tbl_act'
[11:41:25.160] [bmv2] [D] [thread 5170] [0.0] [cxt 0] Looking up key:

[11:41:25.160] [bmv2] [D] [thread 5170] [0.0] [cxt 0] Table 'tbl_act': miss
[11:41:25.160] [bmv2] [D] [thread 5170] [0.0] [cxt 0] Action entry is act - 
[11:41:25.160] [bmv2] [T] [thread 5170] [0.0] [cxt 0] Action act
[11:41:25.160] [bmv2] [T] [thread 5170] [0.0] [cxt 0] streaming.p4(188) Primitive standard_metadata.egress_rid = 1
[11:41:25.160] [bmv2] [D] [thread 5170] [0.0] [cxt 0] Pipeline 'egress': end
[11:41:25.160] [bmv2] [D] [thread 5170] [0.0] [cxt 0] Deparser 'deparser': start
[11:41:25.161] [bmv2] [T] [thread 5170] [0.0] [cxt 0] Skipping checksum 'cksum' update because condition not met
[11:41:25.161] [bmv2] [D] [thread 5170] [0.0] [cxt 0] Deparsing header 'ethernet'
[11:41:25.161] [bmv2] [D] [thread 5170] [0.0] [cxt 0] Deparser 'deparser': end
[11:41:25.161] [bmv2] [D] [thread 5174] [0.0] [cxt 0] Transmitting packet of size 70 out of port 0
[11:41:25.185] [bmv2] [D] [thread 5169] [1.0] [cxt 0] Processing packet received on port 3
[11:41:25.185] [bmv2] [D] [thread 5169] [1.0] [cxt 0] Parser 'parser': start
[11:41:25.185] [bmv2] [D] [thread 5169] [1.0] [cxt 0] Parser 'parser' entering state 'start'
[11:41:25.186] [bmv2] [D] [thread 5169] [1.0] [cxt 0] Extracting header 'ethernet'
[11:41:25.186] [bmv2] [D] [thread 5169] [1.0] [cxt 0] Parser state 'start': key is 86dd
[11:41:25.186] [bmv2] [T] [thread 5169] [1.0] [cxt 0] Bytes parsed: 14
[11:41:25.186] [bmv2] [D] [thread 5169] [1.0] [cxt 0] Parser 'parser': end
[11:41:25.186] [bmv2] [D] [thread 5169] [1.0] [cxt 0] Pipeline 'ingress': start
[11:41:25.186] [bmv2] [T] [thread 5169] [1.0] [cxt 0] Applying table 'MyIngress.ipv4_lpm'
[11:41:25.186] [bmv2] [D] [thread 5169] [1.0] [cxt 0] Looking up key:
* hdr.ipv4.dstAddr    : 00000000

[11:41:25.187] [bmv2] [D] [thread 5169] [1.0] [cxt 0] Table 'MyIngress.ipv4_lpm': miss
[11:41:25.187] [bmv2] [D] [thread 5169] [1.0] [cxt 0] Action entry is NoAction - 
[11:41:25.187] [bmv2] [T] [thread 5169] [1.0] [cxt 0] Action NoAction
[11:41:25.187] [bmv2] [D] [thread 5169] [1.0] [cxt 0] Pipeline 'ingress': end
[11:41:25.187] [bmv2] [D] [thread 5169] [1.0] [cxt 0] Egress port is 0
[11:41:25.187] [bmv2] [D] [thread 5170] [1.0] [cxt 0] Pipeline 'egress': start
[11:41:25.187] [bmv2] [T] [thread 5170] [1.0] [cxt 0] Applying table 'tbl_act'
[11:41:25.187] [bmv2] [D] [thread 5170] [1.0] [cxt 0] Looking up key:

[11:41:25.188] [bmv2] [D] [thread 5170] [1.0] [cxt 0] Table 'tbl_act': miss
[11:41:25.188] [bmv2] [D] [thread 5170] [1.0] [cxt 0] Action entry is act - 
[11:41:25.189] [bmv2] [T] [thread 5170] [1.0] [cxt 0] Action act
[11:41:25.189] [bmv2] [T] [thread 5170] [1.0] [cxt 0] streaming.p4(188) Primitive standard_metadata.egress_rid = 1
[11:41:25.189] [bmv2] [D] [thread 5170] [1.0] [cxt 0] Pipeline 'egress': end
[11:41:25.190] [bmv2] [D] [thread 5170] [1.0] [cxt 0] Deparser 'deparser': start
[11:41:25.190] [bmv2] [T] [thread 5170] [1.0] [cxt 0] Skipping checksum 'cksum' update because condition not met
[11:41:25.190] [bmv2] [D] [thread 5170] [1.0] [cxt 0] Deparsing header 'ethernet'
[11:41:25.190] [bmv2] [D] [thread 5170] [1.0] [cxt 0] Deparser 'deparser': end
[11:41:25.190] [bmv2] [D] [thread 5169] [2.0] [cxt 0] Processing packet received on port 2
[11:41:25.190] [bmv2] [D] [thread 5169] [2.0] [cxt 0] Parser 'parser': start
[11:41:25.190] [bmv2] [D] [thread 5169] [2.0] [cxt 0] Parser 'parser' entering state 'start'
[11:41:25.190] [bmv2] [D] [thread 5169] [2.0] [cxt 0] Extracting header 'ethernet'
[11:41:25.191] [bmv2] [D] [thread 5169] [2.0] [cxt 0] Parser state 'start': key is 86dd
[11:41:25.191] [bmv2] [T] [thread 5169] [2.0] [cxt 0] Bytes parsed: 14
[11:41:25.191] [bmv2] [D] [thread 5169] [2.0] [cxt 0] Parser 'parser': end
[11:41:25.191] [bmv2] [D] [thread 5169] [2.0] [cxt 0] Pipeline 'ingress': start
[11:41:25.191] [bmv2] [T] [thread 5169] [2.0] [cxt 0] Applying table 'MyIngress.ipv4_lpm'
[11:41:25.191] [bmv2] [D] [thread 5169] [2.0] [cxt 0] Looking up key:
* hdr.ipv4.dstAddr    : 00000000

[11:41:25.192] [bmv2] [D] [thread 5169] [2.0] [cxt 0] Table 'MyIngress.ipv4_lpm': miss
[11:41:25.192] [bmv2] [D] [thread 5169] [2.0] [cxt 0] Action entry is NoAction - 
[11:41:25.192] [bmv2] [T] [thread 5169] [2.0] [cxt 0] Action NoAction
[11:41:25.192] [bmv2] [D] [thread 5169] [2.0] [cxt 0] Pipeline 'ingress': end
[11:41:25.192] [bmv2] [D] [thread 5169] [2.0] [cxt 0] Egress port is 0
[11:41:25.192] [bmv2] [D] [thread 5169] [3.0] [cxt 0] Processing packet received on port 2
[11:41:25.192] [bmv2] [D] [thread 5169] [3.0] [cxt 0] Parser 'parser': start
[11:41:25.192] [bmv2] [D] [thread 5169] [3.0] [cxt 0] Parser 'parser' entering state 'start'
[11:41:25.192] [bmv2] [D] [thread 5169] [3.0] [cxt 0] Extracting header 'ethernet'
[11:41:25.192] [bmv2] [D] [thread 5169] [3.0] [cxt 0] Parser state 'start': key is 86dd
[11:41:25.193] [bmv2] [T] [thread 5169] [3.0] [cxt 0] Bytes parsed: 14
[11:41:25.193] [bmv2] [D] [thread 5169] [3.0] [cxt 0] Parser 'parser': end
[11:41:25.193] [bmv2] [D] [thread 5169] [3.0] [cxt 0] Pipeline 'ingress': start
[11:41:25.193] [bmv2] [T] [thread 5169] [3.0] [cxt 0] Applying table 'MyIngress.ipv4_lpm'
[11:41:25.193] [bmv2] [D] [thread 5169] [3.0] [cxt 0] Looking up key:
* hdr.ipv4.dstAddr    : 00000000

[11:41:25.193] [bmv2] [D] [thread 5169] [3.0] [cxt 0] Table 'MyIngress.ipv4_lpm': miss
[11:41:25.193] [bmv2] [D] [thread 5169] [3.0] [cxt 0] Action entry is NoAction - 
[11:41:25.193] [bmv2] [T] [thread 5169] [3.0] [cxt 0] Action NoAction
[11:41:25.193] [bmv2] [D] [thread 5169] [3.0] [cxt 0] Pipeline 'ingress': end
[11:41:25.193] [bmv2] [D] [thread 5169] [3.0] [cxt 0] Egress port is 0
[11:41:25.192] [bmv2] [D] [thread 5170] [2.0] [cxt 0] Pipeline 'egress': start
[11:41:25.193] [bmv2] [T] [thread 5170] [2.0] [cxt 0] Applying table 'tbl_act'
[11:41:25.193] [bmv2] [D] [thread 5170] [2.0] [cxt 0] Looking up key:

[11:41:25.193] [bmv2] [D] [thread 5170] [2.0] [cxt 0] Table 'tbl_act': miss
[11:41:25.193] [bmv2] [D] [thread 5170] [2.0] [cxt 0] Action entry is act - 
[11:41:25.194] [bmv2] [T] [thread 5170] [2.0] [cxt 0] Action act
[11:41:25.194] [bmv2] [T] [thread 5170] [2.0] [cxt 0] streaming.p4(188) Primitive standard_metadata.egress_rid = 1
[11:41:25.194] [bmv2] [D] [thread 5170] [2.0] [cxt 0] Pipeline 'egress': end
[11:41:25.194] [bmv2] [D] [thread 5170] [2.0] [cxt 0] Deparser 'deparser': start
[11:41:25.194] [bmv2] [T] [thread 5170] [2.0] [cxt 0] Skipping checksum 'cksum' update because condition not met
[11:41:25.194] [bmv2] [D] [thread 5170] [2.0] [cxt 0] Deparsing header 'ethernet'
[11:41:25.194] [bmv2] [D] [thread 5170] [2.0] [cxt 0] Deparser 'deparser': end
[11:41:25.194] [bmv2] [D] [thread 5170] [3.0] [cxt 0] Pipeline 'egress': start
[11:41:25.194] [bmv2] [T] [thread 5170] [3.0] [cxt 0] Applying table 'tbl_act'
[11:41:25.194] [bmv2] [D] [thread 5170] [3.0] [cxt 0] Looking up key:

[11:41:25.194] [bmv2] [D] [thread 5170] [3.0] [cxt 0] Table 'tbl_act': miss
[11:41:25.194] [bmv2] [D] [thread 5170] [3.0] [cxt 0] Action entry is act - 
[11:41:25.194] [bmv2] [T] [thread 5170] [3.0] [cxt 0] Action act
[11:41:25.194] [bmv2] [T] [thread 5170] [3.0] [cxt 0] streaming.p4(188) Primitive standard_metadata.egress_rid = 1
[11:41:25.194] [bmv2] [D] [thread 5170] [3.0] [cxt 0] Pipeline 'egress': end
[11:41:25.194] [bmv2] [D] [thread 5170] [3.0] [cxt 0] Deparser 'deparser': start
[11:41:25.195] [bmv2] [T] [thread 5170] [3.0] [cxt 0] Skipping checksum 'cksum' update because condition not met
[11:41:25.195] [bmv2] [D] [thread 5170] [3.0] [cxt 0] Deparsing header 'ethernet'
[11:41:25.195] [bmv2] [D] [thread 5170] [3.0] [cxt 0] Deparser 'deparser': end
[11:41:25.190] [bmv2] [D] [thread 5174] [1.0] [cxt 0] Transmitting packet of size 70 out of port 0
[11:41:25.195] [bmv2] [D] [thread 5174] [2.0] [cxt 0] Transmitting packet of size 70 out of port 0
[11:41:25.195] [bmv2] [D] [thread 5174] [3.0] [cxt 0] Transmitting packet of size 70 out of port 0
New connection
P4Runtime SetForwardingPipelineConfig
[11:41:25.211] [bmv2] [W] [thread 5258] [P4Runtime] p4::tmp::P4DeviceConfig is deprecated
[11:41:25.212] [bmv2] [D] [thread 5258] Set default default entry for table 'MyIngress.ipv4_lpm': NoAction - 
[11:41:25.213] [bmv2] [D] [thread 5258] Set default default entry for table 'tbl_act': act - 
P4Runtime Write
device_id: 4
election_id {
  low: 1
}
updates {
  type: MODIFY
  entity {
    table_entry {
      table_id: 33574068
      action {
        action {
          action_id: 16805608
        }
      }
      is_default_action: true
    }
  }
}
[11:41:25.217] [bmv2] [D] [thread 5258] Set default entry for table 'MyIngress.ipv4_lpm': MyIngress.drop - 
P4Runtime Write
device_id: 4
election_id {
  low: 1
}
updates {
  type: INSERT
  entity {
    table_entry {
      table_id: 33574068
      match {
        field_id: 1
        lpm {
          value: "\n\000\007\007"
          prefix_len: 32
        }
      }
      action {
        action {
          action_id: 16799317
          params {
            param_id: 1
            value: "\010\000\000\000\021\021"
          }
          params {
            param_id: 2
            value: "\000\003"
          }
        }
      }
    }
  }
}
[11:41:25.219] [bmv2] [D] [thread 5258] Entry 0 added to table 'MyIngress.ipv4_lpm'
[11:41:25.219] [bmv2] [D] [thread 5258] Dumping entry 0
Match key:
* hdr.ipv4.dstAddr    : LPM       0a000707/32
Action entry: MyIngress.ipv4_forward - 80000001111,3,

Connection removed
[11:41:25.545] [bmv2] [D] [thread 5169] [4.0] [cxt 0] Processing packet received on port 3
[11:41:25.545] [bmv2] [D] [thread 5169] [4.0] [cxt 0] Parser 'parser': start
[11:41:25.545] [bmv2] [D] [thread 5169] [4.0] [cxt 0] Parser 'parser' entering state 'start'
[11:41:25.545] [bmv2] [D] [thread 5169] [4.0] [cxt 0] Extracting header 'ethernet'
[11:41:25.545] [bmv2] [D] [thread 5169] [4.0] [cxt 0] Parser state 'start': key is 86dd
[11:41:25.545] [bmv2] [T] [thread 5169] [4.0] [cxt 0] Bytes parsed: 14
[11:41:25.546] [bmv2] [D] [thread 5169] [4.0] [cxt 0] Parser 'parser': end
[11:41:25.546] [bmv2] [D] [thread 5169] [4.0] [cxt 0] Pipeline 'ingress': start
[11:41:25.546] [bmv2] [T] [thread 5169] [4.0] [cxt 0] Applying table 'MyIngress.ipv4_lpm'
[11:41:25.546] [bmv2] [D] [thread 5169] [4.0] [cxt 0] Looking up key:
* hdr.ipv4.dstAddr    : 00000000

[11:41:25.546] [bmv2] [D] [thread 5169] [4.0] [cxt 0] Table 'MyIngress.ipv4_lpm': miss
[11:41:25.546] [bmv2] [D] [thread 5169] [4.0] [cxt 0] Action entry is MyIngress.drop - 
[11:41:25.546] [bmv2] [T] [thread 5169] [4.0] [cxt 0] Action MyIngress.drop
[11:41:25.547] [bmv2] [T] [thread 5169] [4.0] [cxt 0] streaming.p4(157) Primitive mark_to_drop(standard_metadata)
[11:41:25.547] [bmv2] [D] [thread 5169] [4.0] [cxt 0] Pipeline 'ingress': end
[11:41:25.547] [bmv2] [D] [thread 5169] [4.0] [cxt 0] Egress port is 511
[11:41:25.547] [bmv2] [D] [thread 5169] [4.0] [cxt 0] Dropping packet at the end of ingress
[11:41:25.561] [bmv2] [D] [thread 5169] [5.0] [cxt 0] Processing packet received on port 1
[11:41:25.561] [bmv2] [D] [thread 5169] [5.0] [cxt 0] Parser 'parser': start
[11:41:25.561] [bmv2] [D] [thread 5169] [5.0] [cxt 0] Parser 'parser' entering state 'start'
[11:41:25.561] [bmv2] [D] [thread 5169] [5.0] [cxt 0] Extracting header 'ethernet'
[11:41:25.562] [bmv2] [D] [thread 5169] [5.0] [cxt 0] Parser state 'start': key is 86dd
[11:41:25.562] [bmv2] [T] [thread 5169] [5.0] [cxt 0] Bytes parsed: 14
[11:41:25.562] [bmv2] [D] [thread 5169] [5.0] [cxt 0] Parser 'parser': end
[11:41:25.562] [bmv2] [D] [thread 5169] [5.0] [cxt 0] Pipeline 'ingress': start
[11:41:25.562] [bmv2] [T] [thread 5169] [5.0] [cxt 0] Applying table 'MyIngress.ipv4_lpm'
[11:41:25.563] [bmv2] [D] [thread 5169] [5.0] [cxt 0] Looking up key:
* hdr.ipv4.dstAddr    : 00000000

[11:41:25.563] [bmv2] [D] [thread 5169] [5.0] [cxt 0] Table 'MyIngress.ipv4_lpm': miss
[11:41:25.563] [bmv2] [D] [thread 5169] [5.0] [cxt 0] Action entry is MyIngress.drop - 
[11:41:25.563] [bmv2] [T] [thread 5169] [5.0] [cxt 0] Action MyIngress.drop
[11:41:25.563] [bmv2] [T] [thread 5169] [5.0] [cxt 0] streaming.p4(157) Primitive mark_to_drop(standard_metadata)
[11:41:25.563] [bmv2] [D] [thread 5169] [5.0] [cxt 0] Pipeline 'ingress': end
[11:41:25.563] [bmv2] [D] [thread 5169] [5.0] [cxt 0] Egress port is 511
[11:41:25.564] [bmv2] [D] [thread 5169] [5.0] [cxt 0] Dropping packet at the end of ingress
[11:41:29.161] [bmv2] [D] [thread 5169] [6.0] [cxt 0] Processing packet received on port 1
[11:41:29.161] [bmv2] [D] [thread 5169] [6.0] [cxt 0] Parser 'parser': start
[11:41:29.161] [bmv2] [D] [thread 5169] [6.0] [cxt 0] Parser 'parser' entering state 'start'
[11:41:29.161] [bmv2] [D] [thread 5169] [6.0] [cxt 0] Extracting header 'ethernet'
[11:41:29.162] [bmv2] [D] [thread 5169] [6.0] [cxt 0] Parser state 'start': key is 86dd
[11:41:29.162] [bmv2] [T] [thread 5169] [6.0] [cxt 0] Bytes parsed: 14
[11:41:29.162] [bmv2] [D] [thread 5169] [6.0] [cxt 0] Parser 'parser': end
[11:41:29.162] [bmv2] [D] [thread 5169] [6.0] [cxt 0] Pipeline 'ingress': start
[11:41:29.162] [bmv2] [T] [thread 5169] [6.0] [cxt 0] Applying table 'MyIngress.ipv4_lpm'
[11:41:29.163] [bmv2] [D] [thread 5169] [6.0] [cxt 0] Looking up key:
* hdr.ipv4.dstAddr    : 00000000

[11:41:29.163] [bmv2] [D] [thread 5169] [6.0] [cxt 0] Table 'MyIngress.ipv4_lpm': miss
[11:41:29.163] [bmv2] [D] [thread 5169] [6.0] [cxt 0] Action entry is MyIngress.drop - 
[11:41:29.163] [bmv2] [T] [thread 5169] [6.0] [cxt 0] Action MyIngress.drop
[11:41:29.163] [bmv2] [T] [thread 5169] [6.0] [cxt 0] streaming.p4(157) Primitive mark_to_drop(standard_metadata)
[11:41:29.163] [bmv2] [D] [thread 5169] [6.0] [cxt 0] Pipeline 'ingress': end
[11:41:29.163] [bmv2] [D] [thread 5169] [6.0] [cxt 0] Egress port is 511
[11:41:29.164] [bmv2] [D] [thread 5169] [6.0] [cxt 0] Dropping packet at the end of ingress
[11:41:29.193] [bmv2] [D] [thread 5169] [7.0] [cxt 0] Processing packet received on port 3
[11:41:29.193] [bmv2] [D] [thread 5169] [7.0] [cxt 0] Parser 'parser': start
[11:41:29.193] [bmv2] [D] [thread 5169] [7.0] [cxt 0] Parser 'parser' entering state 'start'
[11:41:29.194] [bmv2] [D] [thread 5169] [7.0] [cxt 0] Extracting header 'ethernet'
[11:41:29.194] [bmv2] [D] [thread 5169] [7.0] [cxt 0] Parser state 'start': key is 86dd
[11:41:29.194] [bmv2] [T] [thread 5169] [7.0] [cxt 0] Bytes parsed: 14
[11:41:29.194] [bmv2] [D] [thread 5169] [7.0] [cxt 0] Parser 'parser': end
[11:41:29.195] [bmv2] [D] [thread 5169] [7.0] [cxt 0] Pipeline 'ingress': start
[11:41:29.195] [bmv2] [T] [thread 5169] [7.0] [cxt 0] Applying table 'MyIngress.ipv4_lpm'
[11:41:29.195] [bmv2] [D] [thread 5169] [7.0] [cxt 0] Looking up key:
* hdr.ipv4.dstAddr    : 00000000

[11:41:29.195] [bmv2] [D] [thread 5169] [7.0] [cxt 0] Table 'MyIngress.ipv4_lpm': miss
[11:41:29.195] [bmv2] [D] [thread 5169] [7.0] [cxt 0] Action entry is MyIngress.drop - 
[11:41:29.195] [bmv2] [T] [thread 5169] [7.0] [cxt 0] Action MyIngress.drop
[11:41:29.195] [bmv2] [T] [thread 5169] [7.0] [cxt 0] streaming.p4(157) Primitive mark_to_drop(standard_metadata)
[11:41:29.195] [bmv2] [D] [thread 5169] [7.0] [cxt 0] Pipeline 'ingress': end
[11:41:29.196] [bmv2] [D] [thread 5169] [7.0] [cxt 0] Egress port is 511
[11:41:29.196] [bmv2] [D] [thread 5169] [7.0] [cxt 0] Dropping packet at the end of ingress
[11:41:29.197] [bmv2] [D] [thread 5169] [8.0] [cxt 0] Processing packet received on port 2
[11:41:29.197] [bmv2] [D] [thread 5169] [8.0] [cxt 0] Parser 'parser': start
[11:41:29.197] [bmv2] [D] [thread 5169] [8.0] [cxt 0] Parser 'parser' entering state 'start'
[11:41:29.197] [bmv2] [D] [thread 5169] [8.0] [cxt 0] Extracting header 'ethernet'
[11:41:29.197] [bmv2] [D] [thread 5169] [8.0] [cxt 0] Parser state 'start': key is 86dd
[11:41:29.198] [bmv2] [T] [thread 5169] [8.0] [cxt 0] Bytes parsed: 14
[11:41:29.198] [bmv2] [D] [thread 5169] [8.0] [cxt 0] Parser 'parser': end
[11:41:29.198] [bmv2] [D] [thread 5169] [8.0] [cxt 0] Pipeline 'ingress': start
[11:41:29.198] [bmv2] [T] [thread 5169] [8.0] [cxt 0] Applying table 'MyIngress.ipv4_lpm'
[11:41:29.198] [bmv2] [D] [thread 5169] [8.0] [cxt 0] Looking up key:
* hdr.ipv4.dstAddr    : 00000000

[11:41:29.198] [bmv2] [D] [thread 5169] [8.0] [cxt 0] Table 'MyIngress.ipv4_lpm': miss
[11:41:29.198] [bmv2] [D] [thread 5169] [8.0] [cxt 0] Action entry is MyIngress.drop - 
[11:41:29.198] [bmv2] [T] [thread 5169] [8.0] [cxt 0] Action MyIngress.drop
[11:41:29.199] [bmv2] [T] [thread 5169] [8.0] [cxt 0] streaming.p4(157) Primitive mark_to_drop(standard_metadata)
[11:41:29.199] [bmv2] [D] [thread 5169] [8.0] [cxt 0] Pipeline 'ingress': end
[11:41:29.199] [bmv2] [D] [thread 5169] [8.0] [cxt 0] Egress port is 511
[11:41:29.199] [bmv2] [D] [thread 5169] [8.0] [cxt 0] Dropping packet at the end of ingress
[11:41:29.199] [bmv2] [D] [thread 5169] [9.0] [cxt 0] Processing packet received on port 2
[11:41:29.199] [bmv2] [D] [thread 5169] [9.0] [cxt 0] Parser 'parser': start
[11:41:29.199] [bmv2] [D] [thread 5169] [9.0] [cxt 0] Parser 'parser' entering state 'start'
[11:41:29.199] [bmv2] [D] [thread 5169] [9.0] [cxt 0] Extracting header 'ethernet'
[11:41:29.199] [bmv2] [D] [thread 5169] [9.0] [cxt 0] Parser state 'start': key is 86dd
[11:41:29.200] [bmv2] [T] [thread 5169] [9.0] [cxt 0] Bytes parsed: 14
[11:41:29.200] [bmv2] [D] [thread 5169] [9.0] [cxt 0] Parser 'parser': end
[11:41:29.200] [bmv2] [D] [thread 5169] [9.0] [cxt 0] Pipeline 'ingress': start
[11:41:29.200] [bmv2] [T] [thread 5169] [9.0] [cxt 0] Applying table 'MyIngress.ipv4_lpm'
[11:41:29.200] [bmv2] [D] [thread 5169] [9.0] [cxt 0] Looking up key:
* hdr.ipv4.dstAddr    : 00000000

[11:41:29.200] [bmv2] [D] [thread 5169] [9.0] [cxt 0] Table 'MyIngress.ipv4_lpm': miss
[11:41:29.200] [bmv2] [D] [thread 5169] [9.0] [cxt 0] Action entry is MyIngress.drop - 
[11:41:29.200] [bmv2] [T] [thread 5169] [9.0] [cxt 0] Action MyIngress.drop
[11:41:29.201] [bmv2] [T] [thread 5169] [9.0] [cxt 0] streaming.p4(157) Primitive mark_to_drop(standard_metadata)
[11:41:29.201] [bmv2] [D] [thread 5169] [9.0] [cxt 0] Pipeline 'ingress': end
[11:41:29.201] [bmv2] [D] [thread 5169] [9.0] [cxt 0] Egress port is 511
[11:41:29.201] [bmv2] [D] [thread 5169] [9.0] [cxt 0] Dropping packet at the end of ingress
[11:41:29.553] [bmv2] [D] [thread 5169] [10.0] [cxt 0] Processing packet received on port 3
[11:41:29.553] [bmv2] [D] [thread 5169] [10.0] [cxt 0] Parser 'parser': start
[11:41:29.553] [bmv2] [D] [thread 5169] [10.0] [cxt 0] Parser 'parser' entering state 'start'
[11:41:29.554] [bmv2] [D] [thread 5169] [10.0] [cxt 0] Extracting header 'ethernet'
[11:41:29.554] [bmv2] [D] [thread 5169] [10.0] [cxt 0] Parser state 'start': key is 86dd
[11:41:29.554] [bmv2] [T] [thread 5169] [10.0] [cxt 0] Bytes parsed: 14
[11:41:29.554] [bmv2] [D] [thread 5169] [10.0] [cxt 0] Parser 'parser': end
[11:41:29.555] [bmv2] [D] [thread 5169] [10.0] [cxt 0] Pipeline 'ingress': start
[11:41:29.555] [bmv2] [T] [thread 5169] [10.0] [cxt 0] Applying table 'MyIngress.ipv4_lpm'
[11:41:29.555] [bmv2] [D] [thread 5169] [10.0] [cxt 0] Looking up key:
* hdr.ipv4.dstAddr    : 00000000

[11:41:29.555] [bmv2] [D] [thread 5169] [10.0] [cxt 0] Table 'MyIngress.ipv4_lpm': miss
[11:41:29.555] [bmv2] [D] [thread 5169] [10.0] [cxt 0] Action entry is MyIngress.drop - 
[11:41:29.555] [bmv2] [T] [thread 5169] [10.0] [cxt 0] Action MyIngress.drop
[11:41:29.555] [bmv2] [T] [thread 5169] [10.0] [cxt 0] streaming.p4(157) Primitive mark_to_drop(standard_metadata)
[11:41:29.555] [bmv2] [D] [thread 5169] [10.0] [cxt 0] Pipeline 'ingress': end
[11:41:29.556] [bmv2] [D] [thread 5169] [10.0] [cxt 0] Egress port is 511
[11:41:29.556] [bmv2] [D] [thread 5169] [10.0] [cxt 0] Dropping packet at the end of ingress
[11:41:29.569] [bmv2] [D] [thread 5169] [11.0] [cxt 0] Processing packet received on port 1
[11:41:29.569] [bmv2] [D] [thread 5169] [11.0] [cxt 0] Parser 'parser': start
[11:41:29.569] [bmv2] [D] [thread 5169] [11.0] [cxt 0] Parser 'parser' entering state 'start'
[11:41:29.569] [bmv2] [D] [thread 5169] [11.0] [cxt 0] Extracting header 'ethernet'
[11:41:29.570] [bmv2] [D] [thread 5169] [11.0] [cxt 0] Parser state 'start': key is 86dd
[11:41:29.570] [bmv2] [T] [thread 5169] [11.0] [cxt 0] Bytes parsed: 14
[11:41:29.570] [bmv2] [D] [thread 5169] [11.0] [cxt 0] Parser 'parser': end
[11:41:29.570] [bmv2] [D] [thread 5169] [11.0] [cxt 0] Pipeline 'ingress': start
[11:41:29.570] [bmv2] [T] [thread 5169] [11.0] [cxt 0] Applying table 'MyIngress.ipv4_lpm'
[11:41:29.570] [bmv2] [D] [thread 5169] [11.0] [cxt 0] Looking up key:
* hdr.ipv4.dstAddr    : 00000000

[11:41:29.570] [bmv2] [D] [thread 5169] [11.0] [cxt 0] Table 'MyIngress.ipv4_lpm': miss
[11:41:29.571] [bmv2] [D] [thread 5169] [11.0] [cxt 0] Action entry is MyIngress.drop - 
[11:41:29.571] [bmv2] [T] [thread 5169] [11.0] [cxt 0] Action MyIngress.drop
[11:41:29.571] [bmv2] [T] [thread 5169] [11.0] [cxt 0] streaming.p4(157) Primitive mark_to_drop(standard_metadata)
[11:41:29.571] [bmv2] [D] [thread 5169] [11.0] [cxt 0] Pipeline 'ingress': end
[11:41:29.571] [bmv2] [D] [thread 5169] [11.0] [cxt 0] Egress port is 511
[11:41:29.572] [bmv2] [D] [thread 5169] [11.0] [cxt 0] Dropping packet at the end of ingress
open: No such file or directory
open: No such file or directory
open: No such file or directory
open: No such file or directory
open: No such file or directory
open: No such file or directory
