Calling target program-options parser
[16:58:53.775] [bmv2] [D] [thread 6423] Set default default entry for table 'tbl_act': act - 
[16:58:53.775] [bmv2] [D] [thread 6423] Set default default entry for table 'MyIngress.ipv4_lpm': NoAction - 
[16:58:53.775] [bmv2] [D] [thread 6423] Set default default entry for table 'tbl_broad': MyIngress.broad - 
[16:58:53.775] [bmv2] [D] [thread 6423] Set default default entry for table 'MyEgress.nat_table': NoAction - 
Adding interface s6-eth1 as port 1
[16:58:53.776] [bmv2] [D] [thread 6423] Adding interface s6-eth1 as port 1
Adding interface s6-eth2 as port 2
[16:58:53.801] [bmv2] [D] [thread 6423] Adding interface s6-eth2 as port 2
I1209 16:58:53.845100250    6423 server_builder.cc:247]      Synchronous server. Num CQs: 1, Min pollers: 1, Max Pollers: 2147483647, CQ timeout (msec): 1000
Server listening on 0.0.0.0:50056
[16:58:53.849] [bmv2] [I] [thread 6423] Starting Thrift server on port 9095
[16:58:53.850] [bmv2] [I] [thread 6423] Thrift server was started
New connection
P4Runtime SetForwardingPipelineConfig
[16:58:55.949] [bmv2] [W] [thread 6501] [P4Runtime] p4::tmp::P4DeviceConfig is deprecated
[16:58:55.951] [bmv2] [D] [thread 6501] Set default default entry for table 'tbl_act': act - 
[16:58:55.951] [bmv2] [D] [thread 6501] Set default default entry for table 'MyIngress.ipv4_lpm': NoAction - 
[16:58:55.951] [bmv2] [D] [thread 6501] Set default default entry for table 'tbl_broad': MyIngress.broad - 
[16:58:55.951] [bmv2] [D] [thread 6501] Set default default entry for table 'MyEgress.nat_table': NoAction - 
Connection removed
[16:58:56.050] [bmv2] [D] [thread 6430] [0.0] [cxt 0] Processing packet received on port 1
[16:58:56.051] [bmv2] [D] [thread 6430] [0.0] [cxt 0] Parser 'parser': start
[16:58:56.051] [bmv2] [D] [thread 6430] [0.0] [cxt 0] Parser 'parser' entering state 'start'
[16:58:56.051] [bmv2] [D] [thread 6430] [0.0] [cxt 0] Extracting header 'ethernet'
[16:58:56.051] [bmv2] [D] [thread 6430] [0.0] [cxt 0] Parser state 'start': key is 86dd
[16:58:56.051] [bmv2] [T] [thread 6430] [0.0] [cxt 0] Bytes parsed: 14
[16:58:56.052] [bmv2] [D] [thread 6430] [0.0] [cxt 0] Parser 'parser': end
[16:58:56.052] [bmv2] [D] [thread 6430] [0.0] [cxt 0] Pipeline 'ingress': start
[16:58:56.052] [bmv2] [T] [thread 6430] [0.0] [cxt 0] Applying table 'tbl_act'
[16:58:56.052] [bmv2] [D] [thread 6430] [0.0] [cxt 0] Looking up key:

[16:58:56.052] [bmv2] [D] [thread 6430] [0.0] [cxt 0] Table 'tbl_act': miss
[16:58:56.052] [bmv2] [D] [thread 6430] [0.0] [cxt 0] Action entry is act - 
[16:58:56.052] [bmv2] [T] [thread 6430] [0.0] [cxt 0] Action act
[16:58:56.052] [bmv2] [T] [thread 6430] [0.0] [cxt 0] streaming.p4(145) Primitive bit<16> mcast_const = 1;
[16:58:56.053] [bmv2] [T] [thread 6430] [0.0] [cxt 0] Applying table 'MyIngress.ipv4_lpm'
[16:58:56.053] [bmv2] [D] [thread 6430] [0.0] [cxt 0] Looking up key:
* hdr.ipv4.dstAddr    : 00000000

[16:58:56.053] [bmv2] [D] [thread 6430] [0.0] [cxt 0] Table 'MyIngress.ipv4_lpm': miss
[16:58:56.053] [bmv2] [D] [thread 6430] [0.0] [cxt 0] Action entry is NoAction - 
[16:58:56.053] [bmv2] [T] [thread 6430] [0.0] [cxt 0] Action NoAction
[16:58:56.053] [bmv2] [T] [thread 6430] [0.0] [cxt 0] streaming.p4(182) Condition "hdr.ipv4.protocol == 17" (node_4) is false
[16:58:56.053] [bmv2] [D] [thread 6430] [0.0] [cxt 0] Pipeline 'ingress': end
[16:58:56.054] [bmv2] [D] [thread 6430] [0.0] [cxt 0] Egress port is 0
[16:58:56.054] [bmv2] [D] [thread 6431] [0.0] [cxt 0] Pipeline 'egress': start
[16:58:56.054] [bmv2] [T] [thread 6431] [0.0] [cxt 0] streaming.p4(217) Condition "standard_metadata.egress_rid == 1" (node_8) is false
[16:58:56.055] [bmv2] [D] [thread 6431] [0.0] [cxt 0] Pipeline 'egress': end
[16:58:56.055] [bmv2] [D] [thread 6431] [0.0] [cxt 0] Deparser 'deparser': start
[16:58:56.055] [bmv2] [T] [thread 6431] [0.0] [cxt 0] Skipping checksum 'cksum' update because condition not met
[16:58:56.055] [bmv2] [T] [thread 6431] [0.0] [cxt 0] Skipping checksum 'cksum_0' update because condition not met
[16:58:56.055] [bmv2] [D] [thread 6431] [0.0] [cxt 0] Deparsing header 'ethernet'
[16:58:56.056] [bmv2] [D] [thread 6431] [0.0] [cxt 0] Deparser 'deparser': end
[16:58:56.056] [bmv2] [D] [thread 6435] [0.0] [cxt 0] Transmitting packet of size 70 out of port 0
[16:58:56.177] [bmv2] [D] [thread 6430] [1.0] [cxt 0] Processing packet received on port 1
[16:58:56.177] [bmv2] [D] [thread 6430] [1.0] [cxt 0] Parser 'parser': start
[16:58:56.178] [bmv2] [D] [thread 6430] [1.0] [cxt 0] Parser 'parser' entering state 'start'
[16:58:56.178] [bmv2] [D] [thread 6430] [1.0] [cxt 0] Extracting header 'ethernet'
[16:58:56.178] [bmv2] [D] [thread 6430] [1.0] [cxt 0] Parser state 'start': key is 86dd
[16:58:56.178] [bmv2] [T] [thread 6430] [1.0] [cxt 0] Bytes parsed: 14
[16:58:56.178] [bmv2] [D] [thread 6430] [1.0] [cxt 0] Parser 'parser': end
[16:58:56.179] [bmv2] [D] [thread 6430] [1.0] [cxt 0] Pipeline 'ingress': start
[16:58:56.179] [bmv2] [T] [thread 6430] [1.0] [cxt 0] Applying table 'tbl_act'
[16:58:56.179] [bmv2] [D] [thread 6430] [1.0] [cxt 0] Looking up key:

[16:58:56.179] [bmv2] [D] [thread 6430] [1.0] [cxt 0] Table 'tbl_act': miss
[16:58:56.179] [bmv2] [D] [thread 6430] [1.0] [cxt 0] Action entry is act - 
[16:58:56.179] [bmv2] [T] [thread 6430] [1.0] [cxt 0] Action act
[16:58:56.180] [bmv2] [T] [thread 6430] [1.0] [cxt 0] streaming.p4(145) Primitive bit<16> mcast_const = 1;
[16:58:56.180] [bmv2] [T] [thread 6430] [1.0] [cxt 0] Applying table 'MyIngress.ipv4_lpm'
[16:58:56.180] [bmv2] [D] [thread 6430] [1.0] [cxt 0] Looking up key:
* hdr.ipv4.dstAddr    : 00000000

[16:58:56.180] [bmv2] [D] [thread 6430] [1.0] [cxt 0] Table 'MyIngress.ipv4_lpm': miss
[16:58:56.180] [bmv2] [D] [thread 6430] [1.0] [cxt 0] Action entry is NoAction - 
[16:58:56.180] [bmv2] [T] [thread 6430] [1.0] [cxt 0] Action NoAction
[16:58:56.181] [bmv2] [T] [thread 6430] [1.0] [cxt 0] streaming.p4(182) Condition "hdr.ipv4.protocol == 17" (node_4) is false
[16:58:56.181] [bmv2] [D] [thread 6430] [1.0] [cxt 0] Pipeline 'ingress': end
[16:58:56.181] [bmv2] [D] [thread 6430] [1.0] [cxt 0] Egress port is 0
[16:58:56.182] [bmv2] [D] [thread 6431] [1.0] [cxt 0] Pipeline 'egress': start
[16:58:56.182] [bmv2] [T] [thread 6431] [1.0] [cxt 0] streaming.p4(217) Condition "standard_metadata.egress_rid == 1" (node_8) is false
[16:58:56.182] [bmv2] [D] [thread 6431] [1.0] [cxt 0] Pipeline 'egress': end
[16:58:56.182] [bmv2] [D] [thread 6431] [1.0] [cxt 0] Deparser 'deparser': start
[16:58:56.183] [bmv2] [T] [thread 6431] [1.0] [cxt 0] Skipping checksum 'cksum' update because condition not met
[16:58:56.183] [bmv2] [T] [thread 6431] [1.0] [cxt 0] Skipping checksum 'cksum_0' update because condition not met
[16:58:56.183] [bmv2] [D] [thread 6431] [1.0] [cxt 0] Deparsing header 'ethernet'
[16:58:56.183] [bmv2] [D] [thread 6431] [1.0] [cxt 0] Deparser 'deparser': end
[16:58:56.183] [bmv2] [D] [thread 6435] [1.0] [cxt 0] Transmitting packet of size 70 out of port 0
[16:58:56.289] [bmv2] [D] [thread 6430] [2.0] [cxt 0] Processing packet received on port 2
[16:58:56.289] [bmv2] [D] [thread 6430] [2.0] [cxt 0] Parser 'parser': start
[16:58:56.290] [bmv2] [D] [thread 6430] [2.0] [cxt 0] Parser 'parser' entering state 'start'
[16:58:56.290] [bmv2] [D] [thread 6430] [2.0] [cxt 0] Extracting header 'ethernet'
[16:58:56.290] [bmv2] [D] [thread 6430] [2.0] [cxt 0] Parser state 'start': key is 86dd
[16:58:56.290] [bmv2] [T] [thread 6430] [2.0] [cxt 0] Bytes parsed: 14
[16:58:56.290] [bmv2] [D] [thread 6430] [2.0] [cxt 0] Parser 'parser': end
[16:58:56.291] [bmv2] [D] [thread 6430] [2.0] [cxt 0] Pipeline 'ingress': start
[16:58:56.291] [bmv2] [T] [thread 6430] [2.0] [cxt 0] Applying table 'tbl_act'
[16:58:56.291] [bmv2] [D] [thread 6430] [2.0] [cxt 0] Looking up key:

[16:58:56.291] [bmv2] [D] [thread 6430] [2.0] [cxt 0] Table 'tbl_act': miss
[16:58:56.292] [bmv2] [D] [thread 6430] [2.0] [cxt 0] Action entry is act - 
[16:58:56.292] [bmv2] [T] [thread 6430] [2.0] [cxt 0] Action act
[16:58:56.292] [bmv2] [T] [thread 6430] [2.0] [cxt 0] streaming.p4(145) Primitive bit<16> mcast_const = 1;
[16:58:56.292] [bmv2] [T] [thread 6430] [2.0] [cxt 0] Applying table 'MyIngress.ipv4_lpm'
[16:58:56.292] [bmv2] [D] [thread 6430] [2.0] [cxt 0] Looking up key:
* hdr.ipv4.dstAddr    : 00000000

[16:58:56.293] [bmv2] [D] [thread 6430] [2.0] [cxt 0] Table 'MyIngress.ipv4_lpm': miss
[16:58:56.293] [bmv2] [D] [thread 6430] [2.0] [cxt 0] Action entry is NoAction - 
[16:58:56.293] [bmv2] [T] [thread 6430] [2.0] [cxt 0] Action NoAction
[16:58:56.293] [bmv2] [T] [thread 6430] [2.0] [cxt 0] streaming.p4(182) Condition "hdr.ipv4.protocol == 17" (node_4) is false
[16:58:56.293] [bmv2] [D] [thread 6430] [2.0] [cxt 0] Pipeline 'ingress': end
[16:58:56.294] [bmv2] [D] [thread 6430] [2.0] [cxt 0] Egress port is 0
[16:58:56.294] [bmv2] [D] [thread 6431] [2.0] [cxt 0] Pipeline 'egress': start
[16:58:56.294] [bmv2] [T] [thread 6431] [2.0] [cxt 0] streaming.p4(217) Condition "standard_metadata.egress_rid == 1" (node_8) is false
[16:58:56.294] [bmv2] [D] [thread 6431] [2.0] [cxt 0] Pipeline 'egress': end
[16:58:56.294] [bmv2] [D] [thread 6431] [2.0] [cxt 0] Deparser 'deparser': start
[16:58:56.294] [bmv2] [T] [thread 6431] [2.0] [cxt 0] Skipping checksum 'cksum' update because condition not met
[16:58:56.295] [bmv2] [T] [thread 6431] [2.0] [cxt 0] Skipping checksum 'cksum_0' update because condition not met
[16:58:56.295] [bmv2] [D] [thread 6431] [2.0] [cxt 0] Deparsing header 'ethernet'
[16:58:56.295] [bmv2] [D] [thread 6431] [2.0] [cxt 0] Deparser 'deparser': end
[16:58:56.295] [bmv2] [D] [thread 6435] [2.0] [cxt 0] Transmitting packet of size 70 out of port 0
[16:58:56.297] [bmv2] [D] [thread 6430] [3.0] [cxt 0] Processing packet received on port 2
[16:58:56.297] [bmv2] [D] [thread 6430] [3.0] [cxt 0] Parser 'parser': start
[16:58:56.297] [bmv2] [D] [thread 6430] [3.0] [cxt 0] Parser 'parser' entering state 'start'
[16:58:56.298] [bmv2] [D] [thread 6430] [3.0] [cxt 0] Extracting header 'ethernet'
[16:58:56.298] [bmv2] [D] [thread 6430] [3.0] [cxt 0] Parser state 'start': key is 86dd
[16:58:56.298] [bmv2] [T] [thread 6430] [3.0] [cxt 0] Bytes parsed: 14
[16:58:56.298] [bmv2] [D] [thread 6430] [3.0] [cxt 0] Parser 'parser': end
[16:58:56.298] [bmv2] [D] [thread 6430] [3.0] [cxt 0] Pipeline 'ingress': start
[16:58:56.298] [bmv2] [T] [thread 6430] [3.0] [cxt 0] Applying table 'tbl_act'
[16:58:56.299] [bmv2] [D] [thread 6430] [3.0] [cxt 0] Looking up key:

[16:58:56.299] [bmv2] [D] [thread 6430] [3.0] [cxt 0] Table 'tbl_act': miss
[16:58:56.299] [bmv2] [D] [thread 6430] [3.0] [cxt 0] Action entry is act - 
[16:58:56.299] [bmv2] [T] [thread 6430] [3.0] [cxt 0] Action act
[16:58:56.300] [bmv2] [T] [thread 6430] [3.0] [cxt 0] streaming.p4(145) Primitive bit<16> mcast_const = 1;
[16:58:56.300] [bmv2] [T] [thread 6430] [3.0] [cxt 0] Applying table 'MyIngress.ipv4_lpm'
[16:58:56.300] [bmv2] [D] [thread 6430] [3.0] [cxt 0] Looking up key:
* hdr.ipv4.dstAddr    : 00000000

[16:58:56.300] [bmv2] [D] [thread 6430] [3.0] [cxt 0] Table 'MyIngress.ipv4_lpm': miss
[16:58:56.300] [bmv2] [D] [thread 6430] [3.0] [cxt 0] Action entry is NoAction - 
[16:58:56.301] [bmv2] [T] [thread 6430] [3.0] [cxt 0] Action NoAction
[16:58:56.301] [bmv2] [T] [thread 6430] [3.0] [cxt 0] streaming.p4(182) Condition "hdr.ipv4.protocol == 17" (node_4) is false
[16:58:56.301] [bmv2] [D] [thread 6430] [3.0] [cxt 0] Pipeline 'ingress': end
[16:58:56.301] [bmv2] [D] [thread 6430] [3.0] [cxt 0] Egress port is 0
[16:58:56.301] [bmv2] [D] [thread 6431] [3.0] [cxt 0] Pipeline 'egress': start
[16:58:56.301] [bmv2] [T] [thread 6431] [3.0] [cxt 0] streaming.p4(217) Condition "standard_metadata.egress_rid == 1" (node_8) is false
[16:58:56.302] [bmv2] [D] [thread 6431] [3.0] [cxt 0] Pipeline 'egress': end
[16:58:56.302] [bmv2] [D] [thread 6431] [3.0] [cxt 0] Deparser 'deparser': start
[16:58:56.302] [bmv2] [T] [thread 6431] [3.0] [cxt 0] Skipping checksum 'cksum' update because condition not met
[16:58:56.302] [bmv2] [T] [thread 6431] [3.0] [cxt 0] Skipping checksum 'cksum_0' update because condition not met
[16:58:56.302] [bmv2] [D] [thread 6431] [3.0] [cxt 0] Deparsing header 'ethernet'
[16:58:56.302] [bmv2] [D] [thread 6431] [3.0] [cxt 0] Deparser 'deparser': end
[16:58:56.302] [bmv2] [D] [thread 6435] [3.0] [cxt 0] Transmitting packet of size 70 out of port 0
[16:59:00.061] [bmv2] [D] [thread 6430] [4.0] [cxt 0] Processing packet received on port 1
[16:59:00.061] [bmv2] [D] [thread 6430] [4.0] [cxt 0] Parser 'parser': start
[16:59:00.061] [bmv2] [D] [thread 6430] [4.0] [cxt 0] Parser 'parser' entering state 'start'
[16:59:00.061] [bmv2] [D] [thread 6430] [4.0] [cxt 0] Extracting header 'ethernet'
[16:59:00.061] [bmv2] [D] [thread 6430] [4.0] [cxt 0] Parser state 'start': key is 86dd
[16:59:00.061] [bmv2] [T] [thread 6430] [4.0] [cxt 0] Bytes parsed: 14
[16:59:00.062] [bmv2] [D] [thread 6430] [4.0] [cxt 0] Parser 'parser': end
[16:59:00.062] [bmv2] [D] [thread 6430] [4.0] [cxt 0] Pipeline 'ingress': start
[16:59:00.062] [bmv2] [T] [thread 6430] [4.0] [cxt 0] Applying table 'tbl_act'
[16:59:00.062] [bmv2] [D] [thread 6430] [4.0] [cxt 0] Looking up key:

[16:59:00.062] [bmv2] [D] [thread 6430] [4.0] [cxt 0] Table 'tbl_act': miss
[16:59:00.062] [bmv2] [D] [thread 6430] [4.0] [cxt 0] Action entry is act - 
[16:59:00.062] [bmv2] [T] [thread 6430] [4.0] [cxt 0] Action act
[16:59:00.062] [bmv2] [T] [thread 6430] [4.0] [cxt 0] streaming.p4(145) Primitive bit<16> mcast_const = 1;
[16:59:00.062] [bmv2] [T] [thread 6430] [4.0] [cxt 0] Applying table 'MyIngress.ipv4_lpm'
[16:59:00.063] [bmv2] [D] [thread 6430] [4.0] [cxt 0] Looking up key:
* hdr.ipv4.dstAddr    : 00000000

[16:59:00.063] [bmv2] [D] [thread 6430] [4.0] [cxt 0] Table 'MyIngress.ipv4_lpm': miss
[16:59:00.063] [bmv2] [D] [thread 6430] [4.0] [cxt 0] Action entry is NoAction - 
[16:59:00.063] [bmv2] [T] [thread 6430] [4.0] [cxt 0] Action NoAction
[16:59:00.063] [bmv2] [T] [thread 6430] [4.0] [cxt 0] streaming.p4(182) Condition "hdr.ipv4.protocol == 17" (node_4) is false
[16:59:00.063] [bmv2] [D] [thread 6430] [4.0] [cxt 0] Pipeline 'ingress': end
[16:59:00.063] [bmv2] [D] [thread 6430] [4.0] [cxt 0] Egress port is 0
[16:59:00.063] [bmv2] [D] [thread 6431] [4.0] [cxt 0] Pipeline 'egress': start
[16:59:00.063] [bmv2] [T] [thread 6431] [4.0] [cxt 0] streaming.p4(217) Condition "standard_metadata.egress_rid == 1" (node_8) is false
[16:59:00.063] [bmv2] [D] [thread 6431] [4.0] [cxt 0] Pipeline 'egress': end
[16:59:00.063] [bmv2] [D] [thread 6431] [4.0] [cxt 0] Deparser 'deparser': start
[16:59:00.063] [bmv2] [T] [thread 6431] [4.0] [cxt 0] Skipping checksum 'cksum' update because condition not met
[16:59:00.063] [bmv2] [T] [thread 6431] [4.0] [cxt 0] Skipping checksum 'cksum_0' update because condition not met
[16:59:00.064] [bmv2] [D] [thread 6431] [4.0] [cxt 0] Deparsing header 'ethernet'
[16:59:00.064] [bmv2] [D] [thread 6431] [4.0] [cxt 0] Deparser 'deparser': end
[16:59:00.064] [bmv2] [D] [thread 6435] [4.0] [cxt 0] Transmitting packet of size 70 out of port 0
[16:59:00.185] [bmv2] [D] [thread 6430] [5.0] [cxt 0] Processing packet received on port 1
[16:59:00.186] [bmv2] [D] [thread 6430] [5.0] [cxt 0] Parser 'parser': start
[16:59:00.186] [bmv2] [D] [thread 6430] [5.0] [cxt 0] Parser 'parser' entering state 'start'
[16:59:00.186] [bmv2] [D] [thread 6430] [5.0] [cxt 0] Extracting header 'ethernet'
[16:59:00.186] [bmv2] [D] [thread 6430] [5.0] [cxt 0] Parser state 'start': key is 86dd
[16:59:00.186] [bmv2] [T] [thread 6430] [5.0] [cxt 0] Bytes parsed: 14
[16:59:00.187] [bmv2] [D] [thread 6430] [5.0] [cxt 0] Parser 'parser': end
[16:59:00.187] [bmv2] [D] [thread 6430] [5.0] [cxt 0] Pipeline 'ingress': start
[16:59:00.187] [bmv2] [T] [thread 6430] [5.0] [cxt 0] Applying table 'tbl_act'
[16:59:00.187] [bmv2] [D] [thread 6430] [5.0] [cxt 0] Looking up key:

[16:59:00.187] [bmv2] [D] [thread 6430] [5.0] [cxt 0] Table 'tbl_act': miss
[16:59:00.188] [bmv2] [D] [thread 6430] [5.0] [cxt 0] Action entry is act - 
[16:59:00.188] [bmv2] [T] [thread 6430] [5.0] [cxt 0] Action act
[16:59:00.188] [bmv2] [T] [thread 6430] [5.0] [cxt 0] streaming.p4(145) Primitive bit<16> mcast_const = 1;
[16:59:00.188] [bmv2] [T] [thread 6430] [5.0] [cxt 0] Applying table 'MyIngress.ipv4_lpm'
[16:59:00.188] [bmv2] [D] [thread 6430] [5.0] [cxt 0] Looking up key:
* hdr.ipv4.dstAddr    : 00000000

[16:59:00.188] [bmv2] [D] [thread 6430] [5.0] [cxt 0] Table 'MyIngress.ipv4_lpm': miss
[16:59:00.189] [bmv2] [D] [thread 6430] [5.0] [cxt 0] Action entry is NoAction - 
[16:59:00.189] [bmv2] [T] [thread 6430] [5.0] [cxt 0] Action NoAction
[16:59:00.189] [bmv2] [T] [thread 6430] [5.0] [cxt 0] streaming.p4(182) Condition "hdr.ipv4.protocol == 17" (node_4) is false
[16:59:00.189] [bmv2] [D] [thread 6430] [5.0] [cxt 0] Pipeline 'ingress': end
[16:59:00.189] [bmv2] [D] [thread 6430] [5.0] [cxt 0] Egress port is 0
[16:59:00.189] [bmv2] [D] [thread 6431] [5.0] [cxt 0] Pipeline 'egress': start
[16:59:00.190] [bmv2] [T] [thread 6431] [5.0] [cxt 0] streaming.p4(217) Condition "standard_metadata.egress_rid == 1" (node_8) is false
[16:59:00.190] [bmv2] [D] [thread 6431] [5.0] [cxt 0] Pipeline 'egress': end
[16:59:00.190] [bmv2] [D] [thread 6431] [5.0] [cxt 0] Deparser 'deparser': start
[16:59:00.190] [bmv2] [T] [thread 6431] [5.0] [cxt 0] Skipping checksum 'cksum' update because condition not met
[16:59:00.190] [bmv2] [T] [thread 6431] [5.0] [cxt 0] Skipping checksum 'cksum_0' update because condition not met
[16:59:00.191] [bmv2] [D] [thread 6431] [5.0] [cxt 0] Deparsing header 'ethernet'
[16:59:00.191] [bmv2] [D] [thread 6431] [5.0] [cxt 0] Deparser 'deparser': end
[16:59:00.191] [bmv2] [D] [thread 6435] [5.0] [cxt 0] Transmitting packet of size 70 out of port 0
[16:59:00.297] [bmv2] [D] [thread 6430] [6.0] [cxt 0] Processing packet received on port 2
[16:59:00.297] [bmv2] [D] [thread 6430] [6.0] [cxt 0] Parser 'parser': start
[16:59:00.297] [bmv2] [D] [thread 6430] [6.0] [cxt 0] Parser 'parser' entering state 'start'
[16:59:00.297] [bmv2] [D] [thread 6430] [6.0] [cxt 0] Extracting header 'ethernet'
[16:59:00.298] [bmv2] [D] [thread 6430] [6.0] [cxt 0] Parser state 'start': key is 86dd
[16:59:00.298] [bmv2] [T] [thread 6430] [6.0] [cxt 0] Bytes parsed: 14
[16:59:00.298] [bmv2] [D] [thread 6430] [6.0] [cxt 0] Parser 'parser': end
[16:59:00.298] [bmv2] [D] [thread 6430] [6.0] [cxt 0] Pipeline 'ingress': start
[16:59:00.298] [bmv2] [T] [thread 6430] [6.0] [cxt 0] Applying table 'tbl_act'
[16:59:00.298] [bmv2] [D] [thread 6430] [6.0] [cxt 0] Looking up key:

[16:59:00.298] [bmv2] [D] [thread 6430] [6.0] [cxt 0] Table 'tbl_act': miss
[16:59:00.299] [bmv2] [D] [thread 6430] [6.0] [cxt 0] Action entry is act - 
[16:59:00.299] [bmv2] [T] [thread 6430] [6.0] [cxt 0] Action act
[16:59:00.299] [bmv2] [T] [thread 6430] [6.0] [cxt 0] streaming.p4(145) Primitive bit<16> mcast_const = 1;
[16:59:00.299] [bmv2] [T] [thread 6430] [6.0] [cxt 0] Applying table 'MyIngress.ipv4_lpm'
[16:59:00.299] [bmv2] [D] [thread 6430] [6.0] [cxt 0] Looking up key:
* hdr.ipv4.dstAddr    : 00000000

[16:59:00.299] [bmv2] [D] [thread 6430] [6.0] [cxt 0] Table 'MyIngress.ipv4_lpm': miss
[16:59:00.299] [bmv2] [D] [thread 6430] [6.0] [cxt 0] Action entry is NoAction - 
[16:59:00.300] [bmv2] [T] [thread 6430] [6.0] [cxt 0] Action NoAction
[16:59:00.300] [bmv2] [T] [thread 6430] [6.0] [cxt 0] streaming.p4(182) Condition "hdr.ipv4.protocol == 17" (node_4) is false
[16:59:00.300] [bmv2] [D] [thread 6430] [6.0] [cxt 0] Pipeline 'ingress': end
[16:59:00.300] [bmv2] [D] [thread 6430] [6.0] [cxt 0] Egress port is 0
[16:59:00.300] [bmv2] [D] [thread 6431] [6.0] [cxt 0] Pipeline 'egress': start
[16:59:00.300] [bmv2] [T] [thread 6431] [6.0] [cxt 0] streaming.p4(217) Condition "standard_metadata.egress_rid == 1" (node_8) is false
[16:59:00.300] [bmv2] [D] [thread 6431] [6.0] [cxt 0] Pipeline 'egress': end
[16:59:00.301] [bmv2] [D] [thread 6431] [6.0] [cxt 0] Deparser 'deparser': start
[16:59:00.301] [bmv2] [T] [thread 6431] [6.0] [cxt 0] Skipping checksum 'cksum' update because condition not met
[16:59:00.301] [bmv2] [T] [thread 6431] [6.0] [cxt 0] Skipping checksum 'cksum_0' update because condition not met
[16:59:00.301] [bmv2] [D] [thread 6431] [6.0] [cxt 0] Deparsing header 'ethernet'
[16:59:00.301] [bmv2] [D] [thread 6431] [6.0] [cxt 0] Deparser 'deparser': end
[16:59:00.301] [bmv2] [D] [thread 6435] [6.0] [cxt 0] Transmitting packet of size 70 out of port 0
[16:59:00.305] [bmv2] [D] [thread 6430] [7.0] [cxt 0] Processing packet received on port 2
[16:59:00.305] [bmv2] [D] [thread 6430] [7.0] [cxt 0] Parser 'parser': start
[16:59:00.305] [bmv2] [D] [thread 6430] [7.0] [cxt 0] Parser 'parser' entering state 'start'
[16:59:00.305] [bmv2] [D] [thread 6430] [7.0] [cxt 0] Extracting header 'ethernet'
[16:59:00.306] [bmv2] [D] [thread 6430] [7.0] [cxt 0] Parser state 'start': key is 86dd
[16:59:00.306] [bmv2] [T] [thread 6430] [7.0] [cxt 0] Bytes parsed: 14
[16:59:00.306] [bmv2] [D] [thread 6430] [7.0] [cxt 0] Parser 'parser': end
[16:59:00.306] [bmv2] [D] [thread 6430] [7.0] [cxt 0] Pipeline 'ingress': start
[16:59:00.306] [bmv2] [T] [thread 6430] [7.0] [cxt 0] Applying table 'tbl_act'
[16:59:00.306] [bmv2] [D] [thread 6430] [7.0] [cxt 0] Looking up key:

[16:59:00.307] [bmv2] [D] [thread 6430] [7.0] [cxt 0] Table 'tbl_act': miss
[16:59:00.307] [bmv2] [D] [thread 6430] [7.0] [cxt 0] Action entry is act - 
[16:59:00.307] [bmv2] [T] [thread 6430] [7.0] [cxt 0] Action act
[16:59:00.307] [bmv2] [T] [thread 6430] [7.0] [cxt 0] streaming.p4(145) Primitive bit<16> mcast_const = 1;
[16:59:00.307] [bmv2] [T] [thread 6430] [7.0] [cxt 0] Applying table 'MyIngress.ipv4_lpm'
[16:59:00.307] [bmv2] [D] [thread 6430] [7.0] [cxt 0] Looking up key:
* hdr.ipv4.dstAddr    : 00000000

[16:59:00.307] [bmv2] [D] [thread 6430] [7.0] [cxt 0] Table 'MyIngress.ipv4_lpm': miss
[16:59:00.308] [bmv2] [D] [thread 6430] [7.0] [cxt 0] Action entry is NoAction - 
[16:59:00.308] [bmv2] [T] [thread 6430] [7.0] [cxt 0] Action NoAction
[16:59:00.308] [bmv2] [T] [thread 6430] [7.0] [cxt 0] streaming.p4(182) Condition "hdr.ipv4.protocol == 17" (node_4) is false
[16:59:00.308] [bmv2] [D] [thread 6430] [7.0] [cxt 0] Pipeline 'ingress': end
[16:59:00.308] [bmv2] [D] [thread 6430] [7.0] [cxt 0] Egress port is 0
[16:59:00.308] [bmv2] [D] [thread 6431] [7.0] [cxt 0] Pipeline 'egress': start
[16:59:00.308] [bmv2] [T] [thread 6431] [7.0] [cxt 0] streaming.p4(217) Condition "standard_metadata.egress_rid == 1" (node_8) is false
[16:59:00.309] [bmv2] [D] [thread 6431] [7.0] [cxt 0] Pipeline 'egress': end
[16:59:00.309] [bmv2] [D] [thread 6431] [7.0] [cxt 0] Deparser 'deparser': start
[16:59:00.309] [bmv2] [T] [thread 6431] [7.0] [cxt 0] Skipping checksum 'cksum' update because condition not met
[16:59:00.309] [bmv2] [T] [thread 6431] [7.0] [cxt 0] Skipping checksum 'cksum_0' update because condition not met
[16:59:00.309] [bmv2] [D] [thread 6431] [7.0] [cxt 0] Deparsing header 'ethernet'
[16:59:00.309] [bmv2] [D] [thread 6431] [7.0] [cxt 0] Deparser 'deparser': end
[16:59:00.309] [bmv2] [D] [thread 6435] [7.0] [cxt 0] Transmitting packet of size 70 out of port 0
open: No such file or directory
open: No such file or directory
open: No such file or directory
open: No such file or directory
open: No such file or directory
open: No such file or directory
open: No such file or directory
open: No such file or directory
