Calling target program-options parser
[15:15:48.691] [bmv2] [D] [thread 18342] Set default default entry for table 'MyIngress.ipv4_lpm': NoAction - 
Adding interface s7-eth1 as port 1
[15:15:48.692] [bmv2] [D] [thread 18342] Adding interface s7-eth1 as port 1
Adding interface s7-eth2 as port 2
[15:15:48.746] [bmv2] [D] [thread 18342] Adding interface s7-eth2 as port 2
Adding interface s7-eth3 as port 3
[15:15:48.779] [bmv2] [D] [thread 18342] Adding interface s7-eth3 as port 3
I1209 15:15:48.803186099   18342 server_builder.cc:247]      Synchronous server. Num CQs: 1, Min pollers: 1, Max Pollers: 2147483647, CQ timeout (msec): 1000
Server listening on 0.0.0.0:50057
[15:15:48.808] [bmv2] [I] [thread 18342] Starting Thrift server on port 9096
[15:15:48.809] [bmv2] [I] [thread 18342] Thrift server was started
New connection
P4Runtime SetForwardingPipelineConfig
[15:15:50.283] [bmv2] [W] [thread 18391] [P4Runtime] p4::tmp::P4DeviceConfig is deprecated
[15:15:50.284] [bmv2] [D] [thread 18391] Set default default entry for table 'MyIngress.ipv4_lpm': NoAction - 
P4Runtime Write
device_id: 6
election_id {
  low: 1
}
updates {
  type: MODIFY
  entity {
    table_entry {
      table_id: 33574068
      action {
        action {
          action_id: 16805608
        }
      }
      is_default_action: true
    }
  }
}
[15:15:50.288] [bmv2] [D] [thread 18391] Set default entry for table 'MyIngress.ipv4_lpm': MyIngress.drop - 
P4Runtime Write
device_id: 6
election_id {
  low: 1
}
updates {
  type: INSERT
  entity {
    table_entry {
      table_id: 33574068
      match {
        field_id: 1
        lpm {
          value: "\n\000\007\007"
          prefix_len: 32
        }
      }
      action {
        action {
          action_id: 16799317
          params {
            param_id: 1
            value: "\010\000\000\000\007w"
          }
          params {
            param_id: 2
            value: "\000\001"
          }
        }
      }
    }
  }
}
[15:15:50.290] [bmv2] [D] [thread 18391] Entry 0 added to table 'MyIngress.ipv4_lpm'
[15:15:50.290] [bmv2] [D] [thread 18391] Dumping entry 0
Match key:
* hdr.ipv4.dstAddr    : LPM       0a000707/32
Action entry: MyIngress.ipv4_forward - 80000000777,1,

P4Runtime Write
device_id: 6
election_id {
  low: 1
}
updates {
  type: INSERT
  entity {
    table_entry {
      table_id: 33574068
      match {
        field_id: 1
        lpm {
          value: "\n\000\001\000"
          prefix_len: 24
        }
      }
      action {
        action {
          action_id: 16799317
          params {
            param_id: 1
            value: "\010\000\000\000\t\231"
          }
          params {
            param_id: 2
            value: "\000\002"
          }
        }
      }
    }
  }
}
[15:15:50.291] [bmv2] [D] [thread 18391] Entry 1 added to table 'MyIngress.ipv4_lpm'
[15:15:50.292] [bmv2] [D] [thread 18391] Dumping entry 1
Match key:
* hdr.ipv4.dstAddr    : LPM       0a000100/24
Action entry: MyIngress.ipv4_forward - 80000000999,2,

Connection removed
[15:15:50.627] [bmv2] [D] [thread 18349] [0.0] [cxt 0] Processing packet received on port 3
[15:15:50.627] [bmv2] [D] [thread 18349] [0.0] [cxt 0] Parser 'parser': start
[15:15:50.627] [bmv2] [D] [thread 18349] [0.0] [cxt 0] Parser 'parser' entering state 'start'
[15:15:50.627] [bmv2] [D] [thread 18349] [0.0] [cxt 0] Extracting header 'ethernet'
[15:15:50.628] [bmv2] [D] [thread 18349] [0.0] [cxt 0] Parser state 'start': key is 86dd
[15:15:50.628] [bmv2] [T] [thread 18349] [0.0] [cxt 0] Bytes parsed: 14
[15:15:50.628] [bmv2] [D] [thread 18349] [0.0] [cxt 0] Parser 'parser': end
[15:15:50.628] [bmv2] [D] [thread 18349] [0.0] [cxt 0] Pipeline 'ingress': start
[15:15:50.628] [bmv2] [T] [thread 18349] [0.0] [cxt 0] Applying table 'MyIngress.ipv4_lpm'
[15:15:50.629] [bmv2] [D] [thread 18349] [0.0] [cxt 0] Looking up key:
* hdr.ipv4.dstAddr    : 00000000

[15:15:50.629] [bmv2] [D] [thread 18349] [0.0] [cxt 0] Table 'MyIngress.ipv4_lpm': miss
[15:15:50.629] [bmv2] [D] [thread 18349] [0.0] [cxt 0] Action entry is MyIngress.drop - 
[15:15:50.629] [bmv2] [T] [thread 18349] [0.0] [cxt 0] Action MyIngress.drop
[15:15:50.629] [bmv2] [T] [thread 18349] [0.0] [cxt 0] streaming.p4(159) Primitive mark_to_drop(standard_metadata)
[15:15:50.629] [bmv2] [D] [thread 18349] [0.0] [cxt 0] Pipeline 'ingress': end
[15:15:50.629] [bmv2] [D] [thread 18349] [0.0] [cxt 0] Egress port is 511
[15:15:50.630] [bmv2] [D] [thread 18349] [0.0] [cxt 0] Dropping packet at the end of ingress
[15:15:50.649] [bmv2] [D] [thread 18349] [1.0] [cxt 0] Processing packet received on port 1
[15:15:50.649] [bmv2] [D] [thread 18349] [1.0] [cxt 0] Parser 'parser': start
[15:15:50.649] [bmv2] [D] [thread 18349] [1.0] [cxt 0] Parser 'parser' entering state 'start'
[15:15:50.649] [bmv2] [D] [thread 18349] [1.0] [cxt 0] Extracting header 'ethernet'
[15:15:50.650] [bmv2] [D] [thread 18349] [1.0] [cxt 0] Parser state 'start': key is 86dd
[15:15:50.650] [bmv2] [T] [thread 18349] [1.0] [cxt 0] Bytes parsed: 14
[15:15:50.650] [bmv2] [D] [thread 18349] [1.0] [cxt 0] Parser 'parser': end
[15:15:50.650] [bmv2] [D] [thread 18349] [1.0] [cxt 0] Pipeline 'ingress': start
[15:15:50.650] [bmv2] [T] [thread 18349] [1.0] [cxt 0] Applying table 'MyIngress.ipv4_lpm'
[15:15:50.650] [bmv2] [D] [thread 18349] [1.0] [cxt 0] Looking up key:
* hdr.ipv4.dstAddr    : 00000000

[15:15:50.650] [bmv2] [D] [thread 18349] [1.0] [cxt 0] Table 'MyIngress.ipv4_lpm': miss
[15:15:50.650] [bmv2] [D] [thread 18349] [1.0] [cxt 0] Action entry is MyIngress.drop - 
[15:15:50.650] [bmv2] [T] [thread 18349] [1.0] [cxt 0] Action MyIngress.drop
[15:15:50.650] [bmv2] [T] [thread 18349] [1.0] [cxt 0] streaming.p4(159) Primitive mark_to_drop(standard_metadata)
[15:15:50.650] [bmv2] [D] [thread 18349] [1.0] [cxt 0] Pipeline 'ingress': end
[15:15:50.651] [bmv2] [D] [thread 18349] [1.0] [cxt 0] Egress port is 511
[15:15:50.651] [bmv2] [D] [thread 18349] [1.0] [cxt 0] Dropping packet at the end of ingress
[15:15:50.722] [bmv2] [D] [thread 18349] [2.0] [cxt 0] Processing packet received on port 3
[15:15:50.723] [bmv2] [D] [thread 18349] [2.0] [cxt 0] Parser 'parser': start
[15:15:50.723] [bmv2] [D] [thread 18349] [2.0] [cxt 0] Parser 'parser' entering state 'start'
[15:15:50.723] [bmv2] [D] [thread 18349] [2.0] [cxt 0] Extracting header 'ethernet'
[15:15:50.723] [bmv2] [D] [thread 18349] [2.0] [cxt 0] Parser state 'start': key is 86dd
[15:15:50.724] [bmv2] [T] [thread 18349] [2.0] [cxt 0] Bytes parsed: 14
[15:15:50.724] [bmv2] [D] [thread 18349] [2.0] [cxt 0] Parser 'parser': end
[15:15:50.724] [bmv2] [D] [thread 18349] [2.0] [cxt 0] Pipeline 'ingress': start
[15:15:50.724] [bmv2] [T] [thread 18349] [2.0] [cxt 0] Applying table 'MyIngress.ipv4_lpm'
[15:15:50.724] [bmv2] [D] [thread 18349] [2.0] [cxt 0] Looking up key:
* hdr.ipv4.dstAddr    : 00000000

[15:15:50.725] [bmv2] [D] [thread 18349] [2.0] [cxt 0] Table 'MyIngress.ipv4_lpm': miss
[15:15:50.725] [bmv2] [D] [thread 18349] [2.0] [cxt 0] Action entry is MyIngress.drop - 
[15:15:50.725] [bmv2] [T] [thread 18349] [2.0] [cxt 0] Action MyIngress.drop
[15:15:50.725] [bmv2] [T] [thread 18349] [2.0] [cxt 0] streaming.p4(159) Primitive mark_to_drop(standard_metadata)
[15:15:50.725] [bmv2] [D] [thread 18349] [2.0] [cxt 0] Pipeline 'ingress': end
[15:15:50.726] [bmv2] [D] [thread 18349] [2.0] [cxt 0] Egress port is 511
[15:15:50.726] [bmv2] [D] [thread 18349] [2.0] [cxt 0] Dropping packet at the end of ingress
[15:15:50.985] [bmv2] [D] [thread 18349] [3.0] [cxt 0] Processing packet received on port 2
[15:15:50.985] [bmv2] [D] [thread 18349] [3.0] [cxt 0] Parser 'parser': start
[15:15:50.986] [bmv2] [D] [thread 18349] [3.0] [cxt 0] Parser 'parser' entering state 'start'
[15:15:50.986] [bmv2] [D] [thread 18349] [3.0] [cxt 0] Extracting header 'ethernet'
[15:15:50.986] [bmv2] [D] [thread 18349] [3.0] [cxt 0] Parser state 'start': key is 86dd
[15:15:50.986] [bmv2] [T] [thread 18349] [3.0] [cxt 0] Bytes parsed: 14
[15:15:50.986] [bmv2] [D] [thread 18349] [3.0] [cxt 0] Parser 'parser': end
[15:15:50.986] [bmv2] [D] [thread 18349] [3.0] [cxt 0] Pipeline 'ingress': start
[15:15:50.987] [bmv2] [T] [thread 18349] [3.0] [cxt 0] Applying table 'MyIngress.ipv4_lpm'
[15:15:50.987] [bmv2] [D] [thread 18349] [3.0] [cxt 0] Looking up key:
* hdr.ipv4.dstAddr    : 00000000

[15:15:50.987] [bmv2] [D] [thread 18349] [3.0] [cxt 0] Table 'MyIngress.ipv4_lpm': miss
[15:15:50.987] [bmv2] [D] [thread 18349] [3.0] [cxt 0] Action entry is MyIngress.drop - 
[15:15:50.987] [bmv2] [T] [thread 18349] [3.0] [cxt 0] Action MyIngress.drop
[15:15:50.987] [bmv2] [T] [thread 18349] [3.0] [cxt 0] streaming.p4(159) Primitive mark_to_drop(standard_metadata)
[15:15:50.987] [bmv2] [D] [thread 18349] [3.0] [cxt 0] Pipeline 'ingress': end
[15:15:50.988] [bmv2] [D] [thread 18349] [3.0] [cxt 0] Egress port is 511
[15:15:50.988] [bmv2] [D] [thread 18349] [3.0] [cxt 0] Dropping packet at the end of ingress
[15:15:51.106] [bmv2] [D] [thread 18349] [4.0] [cxt 0] Processing packet received on port 2
[15:15:51.106] [bmv2] [D] [thread 18349] [4.0] [cxt 0] Parser 'parser': start
[15:15:51.106] [bmv2] [D] [thread 18349] [4.0] [cxt 0] Parser 'parser' entering state 'start'
[15:15:51.106] [bmv2] [D] [thread 18349] [4.0] [cxt 0] Extracting header 'ethernet'
[15:15:51.106] [bmv2] [D] [thread 18349] [4.0] [cxt 0] Parser state 'start': key is 86dd
[15:15:51.107] [bmv2] [T] [thread 18349] [4.0] [cxt 0] Bytes parsed: 14
[15:15:51.107] [bmv2] [D] [thread 18349] [4.0] [cxt 0] Parser 'parser': end
[15:15:51.107] [bmv2] [D] [thread 18349] [4.0] [cxt 0] Pipeline 'ingress': start
[15:15:51.107] [bmv2] [T] [thread 18349] [4.0] [cxt 0] Applying table 'MyIngress.ipv4_lpm'
[15:15:51.107] [bmv2] [D] [thread 18349] [4.0] [cxt 0] Looking up key:
* hdr.ipv4.dstAddr    : 00000000

[15:15:51.108] [bmv2] [D] [thread 18349] [4.0] [cxt 0] Table 'MyIngress.ipv4_lpm': miss
[15:15:51.108] [bmv2] [D] [thread 18349] [4.0] [cxt 0] Action entry is MyIngress.drop - 
[15:15:51.108] [bmv2] [T] [thread 18349] [4.0] [cxt 0] Action MyIngress.drop
[15:15:51.108] [bmv2] [T] [thread 18349] [4.0] [cxt 0] streaming.p4(159) Primitive mark_to_drop(standard_metadata)
[15:15:51.108] [bmv2] [D] [thread 18349] [4.0] [cxt 0] Pipeline 'ingress': end
[15:15:51.108] [bmv2] [D] [thread 18349] [4.0] [cxt 0] Egress port is 511
[15:15:51.109] [bmv2] [D] [thread 18349] [4.0] [cxt 0] Dropping packet at the end of ingress
[15:15:52.321] [bmv2] [D] [thread 18349] [5.0] [cxt 0] Processing packet received on port 2
[15:15:52.321] [bmv2] [D] [thread 18349] [5.0] [cxt 0] Parser 'parser': start
[15:15:52.321] [bmv2] [D] [thread 18349] [5.0] [cxt 0] Parser 'parser' entering state 'start'
[15:15:52.321] [bmv2] [D] [thread 18349] [5.0] [cxt 0] Extracting header 'ethernet'
[15:15:52.321] [bmv2] [D] [thread 18349] [5.0] [cxt 0] Parser state 'start': key is 0800
[15:15:52.321] [bmv2] [T] [thread 18349] [5.0] [cxt 0] Bytes parsed: 14
[15:15:52.321] [bmv2] [D] [thread 18349] [5.0] [cxt 0] Parser 'parser' entering state 'parse_ipv4'
[15:15:52.322] [bmv2] [D] [thread 18349] [5.0] [cxt 0] Extracting header 'ipv4'
[15:15:52.322] [bmv2] [D] [thread 18349] [5.0] [cxt 0] Parser state 'parse_ipv4' has no switch, going to default next state
[15:15:52.322] [bmv2] [T] [thread 18349] [5.0] [cxt 0] Bytes parsed: 34
[15:15:52.322] [bmv2] [D] [thread 18349] [5.0] [cxt 0] Parser 'parser': end
[15:15:52.322] [bmv2] [D] [thread 18349] [5.0] [cxt 0] Pipeline 'ingress': start
[15:15:52.322] [bmv2] [T] [thread 18349] [5.0] [cxt 0] Applying table 'MyIngress.ipv4_lpm'
[15:15:52.322] [bmv2] [D] [thread 18349] [5.0] [cxt 0] Looking up key:
* hdr.ipv4.dstAddr    : 0a000707

[15:15:52.322] [bmv2] [D] [thread 18349] [5.0] [cxt 0] Table 'MyIngress.ipv4_lpm': hit with handle 0
[15:15:52.322] [bmv2] [D] [thread 18349] [5.0] [cxt 0] Dumping entry 0
Match key:
* hdr.ipv4.dstAddr    : LPM       0a000707/32
Action entry: MyIngress.ipv4_forward - 80000000777,1,

[15:15:52.322] [bmv2] [D] [thread 18349] [5.0] [cxt 0] Action entry is MyIngress.ipv4_forward - 80000000777,1,
[15:15:52.323] [bmv2] [T] [thread 18349] [5.0] [cxt 0] Action MyIngress.ipv4_forward
[15:15:52.323] [bmv2] [T] [thread 18349] [5.0] [cxt 0] streaming.p4(149) Primitive hdr.ethernet.dst = dstAddr
[15:15:52.323] [bmv2] [T] [thread 18349] [5.0] [cxt 0] streaming.p4(149) Primitive dstAddr; ...
[15:15:52.323] [bmv2] [T] [thread 18349] [5.0] [cxt 0] streaming.p4(151) Primitive standard_metadata.egress_spec = port
[15:15:52.323] [bmv2] [T] [thread 18349] [5.0] [cxt 0] streaming.p4(152) Primitive hdr.ipv4.ttl = hdr.ipv4.ttl - 1
[15:15:52.323] [bmv2] [D] [thread 18349] [5.0] [cxt 0] Pipeline 'ingress': end
[15:15:52.323] [bmv2] [D] [thread 18349] [5.0] [cxt 0] Egress port is 1
[15:15:52.323] [bmv2] [D] [thread 18351] [5.0] [cxt 0] Pipeline 'egress': start
[15:15:52.323] [bmv2] [D] [thread 18351] [5.0] [cxt 0] Pipeline 'egress': end
[15:15:52.323] [bmv2] [D] [thread 18351] [5.0] [cxt 0] Deparser 'deparser': start
[15:15:52.323] [bmv2] [D] [thread 18351] [5.0] [cxt 0] Updating checksum 'cksum'
[15:15:52.324] [bmv2] [D] [thread 18351] [5.0] [cxt 0] Deparsing header 'ethernet'
[15:15:52.324] [bmv2] [D] [thread 18351] [5.0] [cxt 0] Deparsing header 'ipv4'
[15:15:52.324] [bmv2] [D] [thread 18351] [5.0] [cxt 0] Deparser 'deparser': end
[15:15:52.324] [bmv2] [D] [thread 18354] [5.0] [cxt 0] Transmitting packet of size 98 out of port 1
[15:15:52.327] [bmv2] [D] [thread 18349] [6.0] [cxt 0] Processing packet received on port 1
[15:15:52.327] [bmv2] [D] [thread 18349] [6.0] [cxt 0] Parser 'parser': start
[15:15:52.327] [bmv2] [D] [thread 18349] [6.0] [cxt 0] Parser 'parser' entering state 'start'
[15:15:52.327] [bmv2] [D] [thread 18349] [6.0] [cxt 0] Extracting header 'ethernet'
[15:15:52.327] [bmv2] [D] [thread 18349] [6.0] [cxt 0] Parser state 'start': key is 0800
[15:15:52.327] [bmv2] [T] [thread 18349] [6.0] [cxt 0] Bytes parsed: 14
[15:15:52.328] [bmv2] [D] [thread 18349] [6.0] [cxt 0] Parser 'parser' entering state 'parse_ipv4'
[15:15:52.328] [bmv2] [D] [thread 18349] [6.0] [cxt 0] Extracting header 'ipv4'
[15:15:52.328] [bmv2] [D] [thread 18349] [6.0] [cxt 0] Parser state 'parse_ipv4' has no switch, going to default next state
[15:15:52.328] [bmv2] [T] [thread 18349] [6.0] [cxt 0] Bytes parsed: 34
[15:15:52.328] [bmv2] [D] [thread 18349] [6.0] [cxt 0] Parser 'parser': end
[15:15:52.328] [bmv2] [D] [thread 18349] [6.0] [cxt 0] Pipeline 'ingress': start
[15:15:52.328] [bmv2] [T] [thread 18349] [6.0] [cxt 0] Applying table 'MyIngress.ipv4_lpm'
[15:15:52.328] [bmv2] [D] [thread 18349] [6.0] [cxt 0] Looking up key:
* hdr.ipv4.dstAddr    : 0a000101

[15:15:52.328] [bmv2] [D] [thread 18349] [6.0] [cxt 0] Table 'MyIngress.ipv4_lpm': hit with handle 1
[15:15:52.328] [bmv2] [D] [thread 18349] [6.0] [cxt 0] Dumping entry 1
Match key:
* hdr.ipv4.dstAddr    : LPM       0a000100/24
Action entry: MyIngress.ipv4_forward - 80000000999,2,

[15:15:52.328] [bmv2] [D] [thread 18349] [6.0] [cxt 0] Action entry is MyIngress.ipv4_forward - 80000000999,2,
[15:15:52.329] [bmv2] [T] [thread 18349] [6.0] [cxt 0] Action MyIngress.ipv4_forward
[15:15:52.329] [bmv2] [T] [thread 18349] [6.0] [cxt 0] streaming.p4(149) Primitive hdr.ethernet.dst = dstAddr
[15:15:52.329] [bmv2] [T] [thread 18349] [6.0] [cxt 0] streaming.p4(149) Primitive dstAddr; ...
[15:15:52.329] [bmv2] [T] [thread 18349] [6.0] [cxt 0] streaming.p4(151) Primitive standard_metadata.egress_spec = port
[15:15:52.329] [bmv2] [T] [thread 18349] [6.0] [cxt 0] streaming.p4(152) Primitive hdr.ipv4.ttl = hdr.ipv4.ttl - 1
[15:15:52.329] [bmv2] [D] [thread 18349] [6.0] [cxt 0] Pipeline 'ingress': end
[15:15:52.329] [bmv2] [D] [thread 18349] [6.0] [cxt 0] Egress port is 2
[15:15:52.329] [bmv2] [D] [thread 18352] [6.0] [cxt 0] Pipeline 'egress': start
[15:15:52.330] [bmv2] [D] [thread 18352] [6.0] [cxt 0] Pipeline 'egress': end
[15:15:52.330] [bmv2] [D] [thread 18352] [6.0] [cxt 0] Deparser 'deparser': start
[15:15:52.330] [bmv2] [D] [thread 18352] [6.0] [cxt 0] Updating checksum 'cksum'
[15:15:52.330] [bmv2] [D] [thread 18352] [6.0] [cxt 0] Deparsing header 'ethernet'
[15:15:52.330] [bmv2] [D] [thread 18352] [6.0] [cxt 0] Deparsing header 'ipv4'
[15:15:52.330] [bmv2] [D] [thread 18352] [6.0] [cxt 0] Deparser 'deparser': end
[15:15:52.330] [bmv2] [D] [thread 18354] [6.0] [cxt 0] Transmitting packet of size 98 out of port 2
[15:15:53.313] [bmv2] [D] [thread 18349] [7.0] [cxt 0] Processing packet received on port 2
[15:15:53.313] [bmv2] [D] [thread 18349] [7.0] [cxt 0] Parser 'parser': start
[15:15:53.313] [bmv2] [D] [thread 18349] [7.0] [cxt 0] Parser 'parser' entering state 'start'
[15:15:53.313] [bmv2] [D] [thread 18349] [7.0] [cxt 0] Extracting header 'ethernet'
[15:15:53.313] [bmv2] [D] [thread 18349] [7.0] [cxt 0] Parser state 'start': key is 0800
[15:15:53.313] [bmv2] [T] [thread 18349] [7.0] [cxt 0] Bytes parsed: 14
[15:15:53.313] [bmv2] [D] [thread 18349] [7.0] [cxt 0] Parser 'parser' entering state 'parse_ipv4'
[15:15:53.314] [bmv2] [D] [thread 18349] [7.0] [cxt 0] Extracting header 'ipv4'
[15:15:53.314] [bmv2] [D] [thread 18349] [7.0] [cxt 0] Parser state 'parse_ipv4' has no switch, going to default next state
[15:15:53.314] [bmv2] [T] [thread 18349] [7.0] [cxt 0] Bytes parsed: 34
[15:15:53.314] [bmv2] [D] [thread 18349] [7.0] [cxt 0] Parser 'parser': end
[15:15:53.314] [bmv2] [D] [thread 18349] [7.0] [cxt 0] Pipeline 'ingress': start
[15:15:53.314] [bmv2] [T] [thread 18349] [7.0] [cxt 0] Applying table 'MyIngress.ipv4_lpm'
[15:15:53.314] [bmv2] [D] [thread 18349] [7.0] [cxt 0] Looking up key:
* hdr.ipv4.dstAddr    : 0a000707

[15:15:53.314] [bmv2] [D] [thread 18349] [7.0] [cxt 0] Table 'MyIngress.ipv4_lpm': hit with handle 0
[15:15:53.314] [bmv2] [D] [thread 18349] [7.0] [cxt 0] Dumping entry 0
Match key:
* hdr.ipv4.dstAddr    : LPM       0a000707/32
Action entry: MyIngress.ipv4_forward - 80000000777,1,

[15:15:53.314] [bmv2] [D] [thread 18349] [7.0] [cxt 0] Action entry is MyIngress.ipv4_forward - 80000000777,1,
[15:15:53.314] [bmv2] [T] [thread 18349] [7.0] [cxt 0] Action MyIngress.ipv4_forward
[15:15:53.314] [bmv2] [T] [thread 18349] [7.0] [cxt 0] streaming.p4(149) Primitive hdr.ethernet.dst = dstAddr
[15:15:53.315] [bmv2] [T] [thread 18349] [7.0] [cxt 0] streaming.p4(149) Primitive dstAddr; ...
[15:15:53.315] [bmv2] [T] [thread 18349] [7.0] [cxt 0] streaming.p4(151) Primitive standard_metadata.egress_spec = port
[15:15:53.315] [bmv2] [T] [thread 18349] [7.0] [cxt 0] streaming.p4(152) Primitive hdr.ipv4.ttl = hdr.ipv4.ttl - 1
[15:15:53.315] [bmv2] [D] [thread 18349] [7.0] [cxt 0] Pipeline 'ingress': end
[15:15:53.315] [bmv2] [D] [thread 18349] [7.0] [cxt 0] Egress port is 1
[15:15:53.315] [bmv2] [D] [thread 18351] [7.0] [cxt 0] Pipeline 'egress': start
[15:15:53.315] [bmv2] [D] [thread 18351] [7.0] [cxt 0] Pipeline 'egress': end
[15:15:53.315] [bmv2] [D] [thread 18351] [7.0] [cxt 0] Deparser 'deparser': start
[15:15:53.315] [bmv2] [D] [thread 18351] [7.0] [cxt 0] Updating checksum 'cksum'
[15:15:53.315] [bmv2] [D] [thread 18351] [7.0] [cxt 0] Deparsing header 'ethernet'
[15:15:53.315] [bmv2] [D] [thread 18351] [7.0] [cxt 0] Deparsing header 'ipv4'
[15:15:53.315] [bmv2] [D] [thread 18351] [7.0] [cxt 0] Deparser 'deparser': end
[15:15:53.316] [bmv2] [D] [thread 18354] [7.0] [cxt 0] Transmitting packet of size 98 out of port 1
[15:15:53.318] [bmv2] [D] [thread 18349] [8.0] [cxt 0] Processing packet received on port 1
[15:15:53.318] [bmv2] [D] [thread 18349] [8.0] [cxt 0] Parser 'parser': start
[15:15:53.318] [bmv2] [D] [thread 18349] [8.0] [cxt 0] Parser 'parser' entering state 'start'
[15:15:53.318] [bmv2] [D] [thread 18349] [8.0] [cxt 0] Extracting header 'ethernet'
[15:15:53.318] [bmv2] [D] [thread 18349] [8.0] [cxt 0] Parser state 'start': key is 0800
[15:15:53.318] [bmv2] [T] [thread 18349] [8.0] [cxt 0] Bytes parsed: 14
[15:15:53.318] [bmv2] [D] [thread 18349] [8.0] [cxt 0] Parser 'parser' entering state 'parse_ipv4'
[15:15:53.319] [bmv2] [D] [thread 18349] [8.0] [cxt 0] Extracting header 'ipv4'
[15:15:53.319] [bmv2] [D] [thread 18349] [8.0] [cxt 0] Parser state 'parse_ipv4' has no switch, going to default next state
[15:15:53.319] [bmv2] [T] [thread 18349] [8.0] [cxt 0] Bytes parsed: 34
[15:15:53.319] [bmv2] [D] [thread 18349] [8.0] [cxt 0] Parser 'parser': end
[15:15:53.319] [bmv2] [D] [thread 18349] [8.0] [cxt 0] Pipeline 'ingress': start
[15:15:53.319] [bmv2] [T] [thread 18349] [8.0] [cxt 0] Applying table 'MyIngress.ipv4_lpm'
[15:15:53.319] [bmv2] [D] [thread 18349] [8.0] [cxt 0] Looking up key:
* hdr.ipv4.dstAddr    : 0a000101

[15:15:53.319] [bmv2] [D] [thread 18349] [8.0] [cxt 0] Table 'MyIngress.ipv4_lpm': hit with handle 1
[15:15:53.319] [bmv2] [D] [thread 18349] [8.0] [cxt 0] Dumping entry 1
Match key:
* hdr.ipv4.dstAddr    : LPM       0a000100/24
Action entry: MyIngress.ipv4_forward - 80000000999,2,

[15:15:53.319] [bmv2] [D] [thread 18349] [8.0] [cxt 0] Action entry is MyIngress.ipv4_forward - 80000000999,2,
[15:15:53.319] [bmv2] [T] [thread 18349] [8.0] [cxt 0] Action MyIngress.ipv4_forward
[15:15:53.319] [bmv2] [T] [thread 18349] [8.0] [cxt 0] streaming.p4(149) Primitive hdr.ethernet.dst = dstAddr
[15:15:53.319] [bmv2] [T] [thread 18349] [8.0] [cxt 0] streaming.p4(149) Primitive dstAddr; ...
[15:15:53.320] [bmv2] [T] [thread 18349] [8.0] [cxt 0] streaming.p4(151) Primitive standard_metadata.egress_spec = port
[15:15:53.320] [bmv2] [T] [thread 18349] [8.0] [cxt 0] streaming.p4(152) Primitive hdr.ipv4.ttl = hdr.ipv4.ttl - 1
[15:15:53.320] [bmv2] [D] [thread 18349] [8.0] [cxt 0] Pipeline 'ingress': end
[15:15:53.320] [bmv2] [D] [thread 18349] [8.0] [cxt 0] Egress port is 2
[15:15:53.320] [bmv2] [D] [thread 18352] [8.0] [cxt 0] Pipeline 'egress': start
[15:15:53.320] [bmv2] [D] [thread 18352] [8.0] [cxt 0] Pipeline 'egress': end
[15:15:53.320] [bmv2] [D] [thread 18352] [8.0] [cxt 0] Deparser 'deparser': start
[15:15:53.320] [bmv2] [D] [thread 18352] [8.0] [cxt 0] Updating checksum 'cksum'
[15:15:53.320] [bmv2] [D] [thread 18352] [8.0] [cxt 0] Deparsing header 'ethernet'
[15:15:53.320] [bmv2] [D] [thread 18352] [8.0] [cxt 0] Deparsing header 'ipv4'
[15:15:53.320] [bmv2] [D] [thread 18352] [8.0] [cxt 0] Deparser 'deparser': end
[15:15:53.320] [bmv2] [D] [thread 18354] [8.0] [cxt 0] Transmitting packet of size 98 out of port 2
[15:15:54.643] [bmv2] [D] [thread 18349] [9.0] [cxt 0] Processing packet received on port 3
[15:15:54.643] [bmv2] [D] [thread 18349] [9.0] [cxt 0] Parser 'parser': start
[15:15:54.643] [bmv2] [D] [thread 18349] [9.0] [cxt 0] Parser 'parser' entering state 'start'
[15:15:54.643] [bmv2] [D] [thread 18349] [9.0] [cxt 0] Extracting header 'ethernet'
[15:15:54.644] [bmv2] [D] [thread 18349] [9.0] [cxt 0] Parser state 'start': key is 86dd
[15:15:54.644] [bmv2] [T] [thread 18349] [9.0] [cxt 0] Bytes parsed: 14
[15:15:54.644] [bmv2] [D] [thread 18349] [9.0] [cxt 0] Parser 'parser': end
[15:15:54.644] [bmv2] [D] [thread 18349] [9.0] [cxt 0] Pipeline 'ingress': start
[15:15:54.644] [bmv2] [T] [thread 18349] [9.0] [cxt 0] Applying table 'MyIngress.ipv4_lpm'
[15:15:54.645] [bmv2] [D] [thread 18349] [9.0] [cxt 0] Looking up key:
* hdr.ipv4.dstAddr    : 00000000

[15:15:54.645] [bmv2] [D] [thread 18349] [9.0] [cxt 0] Table 'MyIngress.ipv4_lpm': miss
[15:15:54.645] [bmv2] [D] [thread 18349] [9.0] [cxt 0] Action entry is MyIngress.drop - 
[15:15:54.645] [bmv2] [T] [thread 18349] [9.0] [cxt 0] Action MyIngress.drop
[15:15:54.646] [bmv2] [T] [thread 18349] [9.0] [cxt 0] streaming.p4(159) Primitive mark_to_drop(standard_metadata)
[15:15:54.646] [bmv2] [D] [thread 18349] [9.0] [cxt 0] Pipeline 'ingress': end
[15:15:54.646] [bmv2] [D] [thread 18349] [9.0] [cxt 0] Egress port is 511
[15:15:54.646] [bmv2] [D] [thread 18349] [9.0] [cxt 0] Dropping packet at the end of ingress
[15:15:54.657] [bmv2] [D] [thread 18349] [10.0] [cxt 0] Processing packet received on port 1
[15:15:54.658] [bmv2] [D] [thread 18349] [10.0] [cxt 0] Parser 'parser': start
[15:15:54.658] [bmv2] [D] [thread 18349] [10.0] [cxt 0] Parser 'parser' entering state 'start'
[15:15:54.658] [bmv2] [D] [thread 18349] [10.0] [cxt 0] Extracting header 'ethernet'
[15:15:54.658] [bmv2] [D] [thread 18349] [10.0] [cxt 0] Parser state 'start': key is 86dd
[15:15:54.658] [bmv2] [T] [thread 18349] [10.0] [cxt 0] Bytes parsed: 14
[15:15:54.659] [bmv2] [D] [thread 18349] [10.0] [cxt 0] Parser 'parser': end
[15:15:54.659] [bmv2] [D] [thread 18349] [10.0] [cxt 0] Pipeline 'ingress': start
[15:15:54.659] [bmv2] [T] [thread 18349] [10.0] [cxt 0] Applying table 'MyIngress.ipv4_lpm'
[15:15:54.659] [bmv2] [D] [thread 18349] [10.0] [cxt 0] Looking up key:
* hdr.ipv4.dstAddr    : 00000000

[15:15:54.659] [bmv2] [D] [thread 18349] [10.0] [cxt 0] Table 'MyIngress.ipv4_lpm': miss
[15:15:54.659] [bmv2] [D] [thread 18349] [10.0] [cxt 0] Action entry is MyIngress.drop - 
[15:15:54.659] [bmv2] [T] [thread 18349] [10.0] [cxt 0] Action MyIngress.drop
[15:15:54.659] [bmv2] [T] [thread 18349] [10.0] [cxt 0] streaming.p4(159) Primitive mark_to_drop(standard_metadata)
[15:15:54.660] [bmv2] [D] [thread 18349] [10.0] [cxt 0] Pipeline 'ingress': end
[15:15:54.660] [bmv2] [D] [thread 18349] [10.0] [cxt 0] Egress port is 511
[15:15:54.660] [bmv2] [D] [thread 18349] [10.0] [cxt 0] Dropping packet at the end of ingress
[15:15:54.737] [bmv2] [D] [thread 18349] [11.0] [cxt 0] Processing packet received on port 3
[15:15:54.738] [bmv2] [D] [thread 18349] [11.0] [cxt 0] Parser 'parser': start
[15:15:54.738] [bmv2] [D] [thread 18349] [11.0] [cxt 0] Parser 'parser' entering state 'start'
[15:15:54.738] [bmv2] [D] [thread 18349] [11.0] [cxt 0] Extracting header 'ethernet'
[15:15:54.738] [bmv2] [D] [thread 18349] [11.0] [cxt 0] Parser state 'start': key is 86dd
[15:15:54.738] [bmv2] [T] [thread 18349] [11.0] [cxt 0] Bytes parsed: 14
[15:15:54.739] [bmv2] [D] [thread 18349] [11.0] [cxt 0] Parser 'parser': end
[15:15:54.739] [bmv2] [D] [thread 18349] [11.0] [cxt 0] Pipeline 'ingress': start
[15:15:54.739] [bmv2] [T] [thread 18349] [11.0] [cxt 0] Applying table 'MyIngress.ipv4_lpm'
[15:15:54.739] [bmv2] [D] [thread 18349] [11.0] [cxt 0] Looking up key:
* hdr.ipv4.dstAddr    : 00000000

[15:15:54.740] [bmv2] [D] [thread 18349] [11.0] [cxt 0] Table 'MyIngress.ipv4_lpm': miss
[15:15:54.740] [bmv2] [D] [thread 18349] [11.0] [cxt 0] Action entry is MyIngress.drop - 
[15:15:54.740] [bmv2] [T] [thread 18349] [11.0] [cxt 0] Action MyIngress.drop
[15:15:54.740] [bmv2] [T] [thread 18349] [11.0] [cxt 0] streaming.p4(159) Primitive mark_to_drop(standard_metadata)
[15:15:54.741] [bmv2] [D] [thread 18349] [11.0] [cxt 0] Pipeline 'ingress': end
[15:15:54.741] [bmv2] [D] [thread 18349] [11.0] [cxt 0] Egress port is 511
[15:15:54.741] [bmv2] [D] [thread 18349] [11.0] [cxt 0] Dropping packet at the end of ingress
[15:15:54.993] [bmv2] [D] [thread 18349] [12.0] [cxt 0] Processing packet received on port 2
[15:15:54.993] [bmv2] [D] [thread 18349] [12.0] [cxt 0] Parser 'parser': start
[15:15:54.994] [bmv2] [D] [thread 18349] [12.0] [cxt 0] Parser 'parser' entering state 'start'
[15:15:54.994] [bmv2] [D] [thread 18349] [12.0] [cxt 0] Extracting header 'ethernet'
[15:15:54.994] [bmv2] [D] [thread 18349] [12.0] [cxt 0] Parser state 'start': key is 86dd
[15:15:54.994] [bmv2] [T] [thread 18349] [12.0] [cxt 0] Bytes parsed: 14
[15:15:54.995] [bmv2] [D] [thread 18349] [12.0] [cxt 0] Parser 'parser': end
[15:15:54.995] [bmv2] [D] [thread 18349] [12.0] [cxt 0] Pipeline 'ingress': start
[15:15:54.995] [bmv2] [T] [thread 18349] [12.0] [cxt 0] Applying table 'MyIngress.ipv4_lpm'
[15:15:54.995] [bmv2] [D] [thread 18349] [12.0] [cxt 0] Looking up key:
* hdr.ipv4.dstAddr    : 00000000

[15:15:54.995] [bmv2] [D] [thread 18349] [12.0] [cxt 0] Table 'MyIngress.ipv4_lpm': miss
[15:15:54.995] [bmv2] [D] [thread 18349] [12.0] [cxt 0] Action entry is MyIngress.drop - 
[15:15:54.996] [bmv2] [T] [thread 18349] [12.0] [cxt 0] Action MyIngress.drop
[15:15:54.996] [bmv2] [T] [thread 18349] [12.0] [cxt 0] streaming.p4(159) Primitive mark_to_drop(standard_metadata)
[15:15:54.996] [bmv2] [D] [thread 18349] [12.0] [cxt 0] Pipeline 'ingress': end
[15:15:54.996] [bmv2] [D] [thread 18349] [12.0] [cxt 0] Egress port is 511
[15:15:54.996] [bmv2] [D] [thread 18349] [12.0] [cxt 0] Dropping packet at the end of ingress
[15:15:55.121] [bmv2] [D] [thread 18349] [13.0] [cxt 0] Processing packet received on port 2
[15:15:55.122] [bmv2] [D] [thread 18349] [13.0] [cxt 0] Parser 'parser': start
[15:15:55.122] [bmv2] [D] [thread 18349] [13.0] [cxt 0] Parser 'parser' entering state 'start'
[15:15:55.122] [bmv2] [D] [thread 18349] [13.0] [cxt 0] Extracting header 'ethernet'
[15:15:55.123] [bmv2] [D] [thread 18349] [13.0] [cxt 0] Parser state 'start': key is 86dd
[15:15:55.123] [bmv2] [T] [thread 18349] [13.0] [cxt 0] Bytes parsed: 14
[15:15:55.123] [bmv2] [D] [thread 18349] [13.0] [cxt 0] Parser 'parser': end
[15:15:55.123] [bmv2] [D] [thread 18349] [13.0] [cxt 0] Pipeline 'ingress': start
[15:15:55.123] [bmv2] [T] [thread 18349] [13.0] [cxt 0] Applying table 'MyIngress.ipv4_lpm'
[15:15:55.123] [bmv2] [D] [thread 18349] [13.0] [cxt 0] Looking up key:
* hdr.ipv4.dstAddr    : 00000000

[15:15:55.124] [bmv2] [D] [thread 18349] [13.0] [cxt 0] Table 'MyIngress.ipv4_lpm': miss
[15:15:55.124] [bmv2] [D] [thread 18349] [13.0] [cxt 0] Action entry is MyIngress.drop - 
[15:15:55.124] [bmv2] [T] [thread 18349] [13.0] [cxt 0] Action MyIngress.drop
[15:15:55.124] [bmv2] [T] [thread 18349] [13.0] [cxt 0] streaming.p4(159) Primitive mark_to_drop(standard_metadata)
[15:15:55.124] [bmv2] [D] [thread 18349] [13.0] [cxt 0] Pipeline 'ingress': end
[15:15:55.124] [bmv2] [D] [thread 18349] [13.0] [cxt 0] Egress port is 511
[15:15:55.124] [bmv2] [D] [thread 18349] [13.0] [cxt 0] Dropping packet at the end of ingress
open: No such file or directory
open: No such file or directory
open: No such file or directory
open: No such file or directory
open: No such file or directory
open: No such file or directory
open: No such file or directory
open: No such file or directory
open: No such file or directory
open: No such file or directory
