Calling target program-options parser
[15:49:39.325] [bmv2] [D] [thread 9323] Set default default entry for table 'MyIngress.ipv4_lpm': NoAction - 
Adding interface s1-eth1 as port 1
[15:49:39.326] [bmv2] [D] [thread 9323] Adding interface s1-eth1 as port 1
Adding interface s1-eth2 as port 2
[15:49:39.358] [bmv2] [D] [thread 9323] Adding interface s1-eth2 as port 2
Adding interface s1-eth3 as port 3
[15:49:39.382] [bmv2] [D] [thread 9323] Adding interface s1-eth3 as port 3
I1207 15:49:39.405994298    9323 server_builder.cc:247]      Synchronous server. Num CQs: 1, Min pollers: 1, Max Pollers: 2147483647, CQ timeout (msec): 1000
Server listening on 0.0.0.0:50051
[15:49:39.410] [bmv2] [I] [thread 9323] Starting Thrift server on port 9090
[15:49:39.411] [bmv2] [I] [thread 9323] Thrift server was started
[15:49:39.533] [bmv2] [D] [thread 9330] [0.0] [cxt 0] Processing packet received on port 2
[15:49:39.533] [bmv2] [D] [thread 9330] [0.0] [cxt 0] Parser 'parser': start
[15:49:39.533] [bmv2] [D] [thread 9330] [0.0] [cxt 0] Parser 'parser' entering state 'start'
[15:49:39.534] [bmv2] [D] [thread 9330] [0.0] [cxt 0] Extracting header 'ethernet'
[15:49:39.534] [bmv2] [D] [thread 9330] [0.0] [cxt 0] Parser state 'start': key is 86dd
[15:49:39.534] [bmv2] [T] [thread 9330] [0.0] [cxt 0] Bytes parsed: 14
[15:49:39.534] [bmv2] [D] [thread 9330] [0.0] [cxt 0] Parser 'parser': end
[15:49:39.535] [bmv2] [D] [thread 9330] [0.0] [cxt 0] Pipeline 'ingress': start
[15:49:39.535] [bmv2] [T] [thread 9330] [0.0] [cxt 0] Applying table 'MyIngress.ipv4_lpm'
[15:49:39.535] [bmv2] [D] [thread 9330] [0.0] [cxt 0] Looking up key:
* hdr.ipv4.dstAddr    : 00000000

[15:49:39.535] [bmv2] [D] [thread 9330] [0.0] [cxt 0] Table 'MyIngress.ipv4_lpm': miss
[15:49:39.535] [bmv2] [D] [thread 9330] [0.0] [cxt 0] Action entry is NoAction - 
[15:49:39.536] [bmv2] [T] [thread 9330] [0.0] [cxt 0] Action NoAction
[15:49:39.536] [bmv2] [D] [thread 9330] [0.0] [cxt 0] Pipeline 'ingress': end
[15:49:39.536] [bmv2] [D] [thread 9330] [0.0] [cxt 0] Egress port is 0
[15:49:39.536] [bmv2] [D] [thread 9331] [0.0] [cxt 0] Pipeline 'egress': start
[15:49:39.536] [bmv2] [D] [thread 9331] [0.0] [cxt 0] Pipeline 'egress': end
[15:49:39.537] [bmv2] [D] [thread 9331] [0.0] [cxt 0] Deparser 'deparser': start
[15:49:39.537] [bmv2] [T] [thread 9331] [0.0] [cxt 0] Skipping checksum 'cksum' update because condition not met
[15:49:39.537] [bmv2] [D] [thread 9331] [0.0] [cxt 0] Deparsing header 'ethernet'
[15:49:39.537] [bmv2] [D] [thread 9331] [0.0] [cxt 0] Deparser 'deparser': end
[15:49:39.537] [bmv2] [D] [thread 9335] [0.0] [cxt 0] Transmitting packet of size 90 out of port 0
[15:49:39.620] [bmv2] [D] [thread 9330] [1.0] [cxt 0] Processing packet received on port 3
[15:49:39.621] [bmv2] [D] [thread 9330] [1.0] [cxt 0] Parser 'parser': start
[15:49:39.621] [bmv2] [D] [thread 9330] [1.0] [cxt 0] Parser 'parser' entering state 'start'
[15:49:39.621] [bmv2] [D] [thread 9330] [1.0] [cxt 0] Extracting header 'ethernet'
[15:49:39.621] [bmv2] [D] [thread 9330] [1.0] [cxt 0] Parser state 'start': key is 86dd
[15:49:39.622] [bmv2] [T] [thread 9330] [1.0] [cxt 0] Bytes parsed: 14
[15:49:39.622] [bmv2] [D] [thread 9330] [1.0] [cxt 0] Parser 'parser': end
[15:49:39.622] [bmv2] [D] [thread 9330] [1.0] [cxt 0] Pipeline 'ingress': start
[15:49:39.622] [bmv2] [T] [thread 9330] [1.0] [cxt 0] Applying table 'MyIngress.ipv4_lpm'
[15:49:39.623] [bmv2] [D] [thread 9330] [1.0] [cxt 0] Looking up key:
* hdr.ipv4.dstAddr    : 00000000

[15:49:39.623] [bmv2] [D] [thread 9330] [1.0] [cxt 0] Table 'MyIngress.ipv4_lpm': miss
[15:49:39.623] [bmv2] [D] [thread 9330] [1.0] [cxt 0] Action entry is NoAction - 
[15:49:39.623] [bmv2] [T] [thread 9330] [1.0] [cxt 0] Action NoAction
[15:49:39.624] [bmv2] [D] [thread 9330] [1.0] [cxt 0] Pipeline 'ingress': end
[15:49:39.624] [bmv2] [D] [thread 9330] [1.0] [cxt 0] Egress port is 0
[15:49:39.624] [bmv2] [D] [thread 9331] [1.0] [cxt 0] Pipeline 'egress': start
[15:49:39.624] [bmv2] [D] [thread 9331] [1.0] [cxt 0] Pipeline 'egress': end
[15:49:39.625] [bmv2] [D] [thread 9331] [1.0] [cxt 0] Deparser 'deparser': start
[15:49:39.625] [bmv2] [T] [thread 9331] [1.0] [cxt 0] Skipping checksum 'cksum' update because condition not met
[15:49:39.625] [bmv2] [D] [thread 9331] [1.0] [cxt 0] Deparsing header 'ethernet'
[15:49:39.625] [bmv2] [D] [thread 9331] [1.0] [cxt 0] Deparser 'deparser': end
[15:49:39.626] [bmv2] [D] [thread 9335] [1.0] [cxt 0] Transmitting packet of size 90 out of port 0
[15:49:39.637] [bmv2] [D] [thread 9330] [2.0] [cxt 0] Processing packet received on port 3
[15:49:39.637] [bmv2] [D] [thread 9330] [2.0] [cxt 0] Parser 'parser': start
[15:49:39.637] [bmv2] [D] [thread 9330] [2.0] [cxt 0] Parser 'parser' entering state 'start'
[15:49:39.638] [bmv2] [D] [thread 9330] [2.0] [cxt 0] Extracting header 'ethernet'
[15:49:39.638] [bmv2] [D] [thread 9330] [2.0] [cxt 0] Parser state 'start': key is 86dd
[15:49:39.638] [bmv2] [T] [thread 9330] [2.0] [cxt 0] Bytes parsed: 14
[15:49:39.638] [bmv2] [D] [thread 9330] [2.0] [cxt 0] Parser 'parser': end
[15:49:39.639] [bmv2] [D] [thread 9330] [2.0] [cxt 0] Pipeline 'ingress': start
[15:49:39.639] [bmv2] [T] [thread 9330] [2.0] [cxt 0] Applying table 'MyIngress.ipv4_lpm'
[15:49:39.639] [bmv2] [D] [thread 9330] [2.0] [cxt 0] Looking up key:
* hdr.ipv4.dstAddr    : 00000000

[15:49:39.639] [bmv2] [D] [thread 9330] [2.0] [cxt 0] Table 'MyIngress.ipv4_lpm': miss
[15:49:39.639] [bmv2] [D] [thread 9330] [2.0] [cxt 0] Action entry is NoAction - 
[15:49:39.640] [bmv2] [T] [thread 9330] [2.0] [cxt 0] Action NoAction
[15:49:39.640] [bmv2] [D] [thread 9330] [2.0] [cxt 0] Pipeline 'ingress': end
[15:49:39.640] [bmv2] [D] [thread 9330] [2.0] [cxt 0] Egress port is 0
[15:49:39.640] [bmv2] [D] [thread 9331] [2.0] [cxt 0] Pipeline 'egress': start
[15:49:39.640] [bmv2] [D] [thread 9331] [2.0] [cxt 0] Pipeline 'egress': end
[15:49:39.641] [bmv2] [D] [thread 9331] [2.0] [cxt 0] Deparser 'deparser': start
[15:49:39.641] [bmv2] [T] [thread 9331] [2.0] [cxt 0] Skipping checksum 'cksum' update because condition not met
[15:49:39.641] [bmv2] [D] [thread 9331] [2.0] [cxt 0] Deparsing header 'ethernet'
[15:49:39.641] [bmv2] [D] [thread 9331] [2.0] [cxt 0] Deparser 'deparser': end
[15:49:39.641] [bmv2] [D] [thread 9335] [2.0] [cxt 0] Transmitting packet of size 90 out of port 0
[15:49:39.660] [bmv2] [D] [thread 9330] [3.0] [cxt 0] Processing packet received on port 3
[15:49:39.661] [bmv2] [D] [thread 9330] [3.0] [cxt 0] Parser 'parser': start
[15:49:39.661] [bmv2] [D] [thread 9330] [3.0] [cxt 0] Parser 'parser' entering state 'start'
[15:49:39.661] [bmv2] [D] [thread 9330] [3.0] [cxt 0] Extracting header 'ethernet'
[15:49:39.661] [bmv2] [D] [thread 9330] [3.0] [cxt 0] Parser state 'start': key is 86dd
[15:49:39.662] [bmv2] [T] [thread 9330] [3.0] [cxt 0] Bytes parsed: 14
[15:49:39.662] [bmv2] [D] [thread 9330] [3.0] [cxt 0] Parser 'parser': end
[15:49:39.662] [bmv2] [D] [thread 9330] [3.0] [cxt 0] Pipeline 'ingress': start
[15:49:39.662] [bmv2] [T] [thread 9330] [3.0] [cxt 0] Applying table 'MyIngress.ipv4_lpm'
[15:49:39.663] [bmv2] [D] [thread 9330] [3.0] [cxt 0] Looking up key:
* hdr.ipv4.dstAddr    : 00000000

[15:49:39.663] [bmv2] [D] [thread 9330] [3.0] [cxt 0] Table 'MyIngress.ipv4_lpm': miss
[15:49:39.663] [bmv2] [D] [thread 9330] [3.0] [cxt 0] Action entry is NoAction - 
[15:49:39.663] [bmv2] [T] [thread 9330] [3.0] [cxt 0] Action NoAction
[15:49:39.664] [bmv2] [D] [thread 9330] [3.0] [cxt 0] Pipeline 'ingress': end
[15:49:39.664] [bmv2] [D] [thread 9330] [3.0] [cxt 0] Egress port is 0
[15:49:39.664] [bmv2] [D] [thread 9331] [3.0] [cxt 0] Pipeline 'egress': start
[15:49:39.664] [bmv2] [D] [thread 9331] [3.0] [cxt 0] Pipeline 'egress': end
[15:49:39.664] [bmv2] [D] [thread 9331] [3.0] [cxt 0] Deparser 'deparser': start
[15:49:39.664] [bmv2] [T] [thread 9331] [3.0] [cxt 0] Skipping checksum 'cksum' update because condition not met
[15:49:39.664] [bmv2] [D] [thread 9331] [3.0] [cxt 0] Deparsing header 'ethernet'
[15:49:39.664] [bmv2] [D] [thread 9331] [3.0] [cxt 0] Deparser 'deparser': end
[15:49:39.665] [bmv2] [D] [thread 9335] [3.0] [cxt 0] Transmitting packet of size 78 out of port 0
[15:49:39.745] [bmv2] [D] [thread 9330] [4.0] [cxt 0] Processing packet received on port 2
[15:49:39.745] [bmv2] [D] [thread 9330] [4.0] [cxt 0] Parser 'parser': start
[15:49:39.745] [bmv2] [D] [thread 9330] [4.0] [cxt 0] Parser 'parser' entering state 'start'
[15:49:39.746] [bmv2] [D] [thread 9330] [4.0] [cxt 0] Extracting header 'ethernet'
[15:49:39.746] [bmv2] [D] [thread 9330] [4.0] [cxt 0] Parser state 'start': key is 86dd
[15:49:39.746] [bmv2] [T] [thread 9330] [4.0] [cxt 0] Bytes parsed: 14
[15:49:39.747] [bmv2] [D] [thread 9330] [4.0] [cxt 0] Parser 'parser': end
[15:49:39.747] [bmv2] [D] [thread 9330] [4.0] [cxt 0] Pipeline 'ingress': start
[15:49:39.747] [bmv2] [T] [thread 9330] [4.0] [cxt 0] Applying table 'MyIngress.ipv4_lpm'
[15:49:39.748] [bmv2] [D] [thread 9330] [4.0] [cxt 0] Looking up key:
* hdr.ipv4.dstAddr    : 00000000

[15:49:39.748] [bmv2] [D] [thread 9330] [4.0] [cxt 0] Table 'MyIngress.ipv4_lpm': miss
[15:49:39.748] [bmv2] [D] [thread 9330] [4.0] [cxt 0] Action entry is NoAction - 
[15:49:39.748] [bmv2] [T] [thread 9330] [4.0] [cxt 0] Action NoAction
[15:49:39.749] [bmv2] [D] [thread 9330] [4.0] [cxt 0] Pipeline 'ingress': end
[15:49:39.749] [bmv2] [D] [thread 9330] [4.0] [cxt 0] Egress port is 0
[15:49:39.749] [bmv2] [D] [thread 9331] [4.0] [cxt 0] Pipeline 'egress': start
[15:49:39.749] [bmv2] [D] [thread 9331] [4.0] [cxt 0] Pipeline 'egress': end
[15:49:39.750] [bmv2] [D] [thread 9331] [4.0] [cxt 0] Deparser 'deparser': start
[15:49:39.750] [bmv2] [T] [thread 9331] [4.0] [cxt 0] Skipping checksum 'cksum' update because condition not met
[15:49:39.750] [bmv2] [D] [thread 9331] [4.0] [cxt 0] Deparsing header 'ethernet'
[15:49:39.750] [bmv2] [D] [thread 9331] [4.0] [cxt 0] Deparser 'deparser': end
[15:49:39.750] [bmv2] [D] [thread 9335] [4.0] [cxt 0] Transmitting packet of size 78 out of port 0
[15:49:39.760] [bmv2] [D] [thread 9330] [5.0] [cxt 0] Processing packet received on port 3
[15:49:39.761] [bmv2] [D] [thread 9330] [5.0] [cxt 0] Parser 'parser': start
[15:49:39.761] [bmv2] [D] [thread 9330] [5.0] [cxt 0] Parser 'parser' entering state 'start'
[15:49:39.761] [bmv2] [D] [thread 9330] [5.0] [cxt 0] Extracting header 'ethernet'
[15:49:39.761] [bmv2] [D] [thread 9330] [5.0] [cxt 0] Parser state 'start': key is 86dd
[15:49:39.762] [bmv2] [T] [thread 9330] [5.0] [cxt 0] Bytes parsed: 14
[15:49:39.762] [bmv2] [D] [thread 9330] [5.0] [cxt 0] Parser 'parser': end
[15:49:39.762] [bmv2] [D] [thread 9330] [5.0] [cxt 0] Pipeline 'ingress': start
[15:49:39.762] [bmv2] [T] [thread 9330] [5.0] [cxt 0] Applying table 'MyIngress.ipv4_lpm'
[15:49:39.762] [bmv2] [D] [thread 9330] [5.0] [cxt 0] Looking up key:
* hdr.ipv4.dstAddr    : 00000000

[15:49:39.763] [bmv2] [D] [thread 9330] [5.0] [cxt 0] Table 'MyIngress.ipv4_lpm': miss
[15:49:39.763] [bmv2] [D] [thread 9330] [5.0] [cxt 0] Action entry is NoAction - 
[15:49:39.763] [bmv2] [T] [thread 9330] [5.0] [cxt 0] Action NoAction
[15:49:39.763] [bmv2] [D] [thread 9330] [5.0] [cxt 0] Pipeline 'ingress': end
[15:49:39.763] [bmv2] [D] [thread 9330] [5.0] [cxt 0] Egress port is 0
[15:49:39.764] [bmv2] [D] [thread 9331] [5.0] [cxt 0] Pipeline 'egress': start
[15:49:39.764] [bmv2] [D] [thread 9331] [5.0] [cxt 0] Pipeline 'egress': end
[15:49:39.764] [bmv2] [D] [thread 9331] [5.0] [cxt 0] Deparser 'deparser': start
[15:49:39.764] [bmv2] [T] [thread 9331] [5.0] [cxt 0] Skipping checksum 'cksum' update because condition not met
[15:49:39.764] [bmv2] [D] [thread 9331] [5.0] [cxt 0] Deparsing header 'ethernet'
[15:49:39.764] [bmv2] [D] [thread 9331] [5.0] [cxt 0] Deparser 'deparser': end
[15:49:39.765] [bmv2] [D] [thread 9335] [5.0] [cxt 0] Transmitting packet of size 78 out of port 0
[15:49:40.029] [bmv2] [D] [thread 9330] [6.0] [cxt 0] Processing packet received on port 2
[15:49:40.030] [bmv2] [D] [thread 9330] [6.0] [cxt 0] Parser 'parser': start
[15:49:40.030] [bmv2] [D] [thread 9330] [6.0] [cxt 0] Parser 'parser' entering state 'start'
[15:49:40.030] [bmv2] [D] [thread 9330] [6.0] [cxt 0] Extracting header 'ethernet'
[15:49:40.031] [bmv2] [D] [thread 9330] [6.0] [cxt 0] Parser state 'start': key is 86dd
[15:49:40.031] [bmv2] [T] [thread 9330] [6.0] [cxt 0] Bytes parsed: 14
[15:49:40.032] [bmv2] [D] [thread 9330] [6.0] [cxt 0] Parser 'parser': end
[15:49:40.032] [bmv2] [D] [thread 9330] [6.0] [cxt 0] Pipeline 'ingress': start
[15:49:40.032] [bmv2] [T] [thread 9330] [6.0] [cxt 0] Applying table 'MyIngress.ipv4_lpm'
[15:49:40.033] [bmv2] [D] [thread 9330] [6.0] [cxt 0] Looking up key:
* hdr.ipv4.dstAddr    : 00000000

[15:49:40.033] [bmv2] [D] [thread 9330] [6.0] [cxt 0] Table 'MyIngress.ipv4_lpm': miss
[15:49:40.033] [bmv2] [D] [thread 9330] [6.0] [cxt 0] Action entry is NoAction - 
[15:49:40.034] [bmv2] [T] [thread 9330] [6.0] [cxt 0] Action NoAction
[15:49:40.034] [bmv2] [D] [thread 9330] [6.0] [cxt 0] Pipeline 'ingress': end
[15:49:40.034] [bmv2] [D] [thread 9330] [6.0] [cxt 0] Egress port is 0
[15:49:40.035] [bmv2] [D] [thread 9331] [6.0] [cxt 0] Pipeline 'egress': start
[15:49:40.035] [bmv2] [D] [thread 9331] [6.0] [cxt 0] Pipeline 'egress': end
[15:49:40.036] [bmv2] [D] [thread 9331] [6.0] [cxt 0] Deparser 'deparser': start
[15:49:40.036] [bmv2] [T] [thread 9331] [6.0] [cxt 0] Skipping checksum 'cksum' update because condition not met
[15:49:40.036] [bmv2] [D] [thread 9331] [6.0] [cxt 0] Deparsing header 'ethernet'
[15:49:40.037] [bmv2] [D] [thread 9331] [6.0] [cxt 0] Deparser 'deparser': end
[15:49:40.037] [bmv2] [D] [thread 9335] [6.0] [cxt 0] Transmitting packet of size 78 out of port 0
[15:49:40.117] [bmv2] [D] [thread 9330] [7.0] [cxt 0] Processing packet received on port 1
[15:49:40.117] [bmv2] [D] [thread 9330] [7.0] [cxt 0] Parser 'parser': start
[15:49:40.117] [bmv2] [D] [thread 9330] [7.0] [cxt 0] Parser 'parser' entering state 'start'
[15:49:40.118] [bmv2] [D] [thread 9330] [7.0] [cxt 0] Extracting header 'ethernet'
[15:49:40.118] [bmv2] [D] [thread 9330] [7.0] [cxt 0] Parser state 'start': key is 86dd
[15:49:40.118] [bmv2] [T] [thread 9330] [7.0] [cxt 0] Bytes parsed: 14
[15:49:40.119] [bmv2] [D] [thread 9330] [7.0] [cxt 0] Parser 'parser': end
[15:49:40.119] [bmv2] [D] [thread 9330] [7.0] [cxt 0] Pipeline 'ingress': start
[15:49:40.119] [bmv2] [T] [thread 9330] [7.0] [cxt 0] Applying table 'MyIngress.ipv4_lpm'
[15:49:40.119] [bmv2] [D] [thread 9330] [7.0] [cxt 0] Looking up key:
* hdr.ipv4.dstAddr    : 00000000

[15:49:40.119] [bmv2] [D] [thread 9330] [7.0] [cxt 0] Table 'MyIngress.ipv4_lpm': miss
[15:49:40.120] [bmv2] [D] [thread 9330] [7.0] [cxt 0] Action entry is NoAction - 
[15:49:40.120] [bmv2] [T] [thread 9330] [7.0] [cxt 0] Action NoAction
[15:49:40.120] [bmv2] [D] [thread 9330] [7.0] [cxt 0] Pipeline 'ingress': end
[15:49:40.121] [bmv2] [D] [thread 9330] [7.0] [cxt 0] Egress port is 0
[15:49:40.121] [bmv2] [D] [thread 9331] [7.0] [cxt 0] Pipeline 'egress': start
[15:49:40.121] [bmv2] [D] [thread 9331] [7.0] [cxt 0] Pipeline 'egress': end
[15:49:40.122] [bmv2] [D] [thread 9331] [7.0] [cxt 0] Deparser 'deparser': start
[15:49:40.122] [bmv2] [T] [thread 9331] [7.0] [cxt 0] Skipping checksum 'cksum' update because condition not met
[15:49:40.122] [bmv2] [D] [thread 9331] [7.0] [cxt 0] Deparsing header 'ethernet'
[15:49:40.122] [bmv2] [D] [thread 9331] [7.0] [cxt 0] Deparser 'deparser': end
[15:49:40.123] [bmv2] [D] [thread 9335] [7.0] [cxt 0] Transmitting packet of size 90 out of port 0
[15:49:40.213] [bmv2] [D] [thread 9330] [8.0] [cxt 0] Processing packet received on port 1
[15:49:40.214] [bmv2] [D] [thread 9330] [8.0] [cxt 0] Parser 'parser': start
[15:49:40.214] [bmv2] [D] [thread 9330] [8.0] [cxt 0] Parser 'parser' entering state 'start'
[15:49:40.215] [bmv2] [D] [thread 9330] [8.0] [cxt 0] Extracting header 'ethernet'
[15:49:40.215] [bmv2] [D] [thread 9330] [8.0] [cxt 0] Parser state 'start': key is 86dd
[15:49:40.215] [bmv2] [T] [thread 9330] [8.0] [cxt 0] Bytes parsed: 14
[15:49:40.215] [bmv2] [D] [thread 9330] [8.0] [cxt 0] Parser 'parser': end
[15:49:40.216] [bmv2] [D] [thread 9330] [8.0] [cxt 0] Pipeline 'ingress': start
[15:49:40.216] [bmv2] [T] [thread 9330] [8.0] [cxt 0] Applying table 'MyIngress.ipv4_lpm'
[15:49:40.216] [bmv2] [D] [thread 9330] [8.0] [cxt 0] Looking up key:
* hdr.ipv4.dstAddr    : 00000000

[15:49:40.216] [bmv2] [D] [thread 9330] [8.0] [cxt 0] Table 'MyIngress.ipv4_lpm': miss
[15:49:40.216] [bmv2] [D] [thread 9330] [8.0] [cxt 0] Action entry is NoAction - 
[15:49:40.217] [bmv2] [T] [thread 9330] [8.0] [cxt 0] Action NoAction
[15:49:40.217] [bmv2] [D] [thread 9330] [8.0] [cxt 0] Pipeline 'ingress': end
[15:49:40.217] [bmv2] [D] [thread 9330] [8.0] [cxt 0] Egress port is 0
[15:49:40.217] [bmv2] [D] [thread 9331] [8.0] [cxt 0] Pipeline 'egress': start
[15:49:40.218] [bmv2] [D] [thread 9331] [8.0] [cxt 0] Pipeline 'egress': end
[15:49:40.218] [bmv2] [D] [thread 9331] [8.0] [cxt 0] Deparser 'deparser': start
[15:49:40.218] [bmv2] [T] [thread 9331] [8.0] [cxt 0] Skipping checksum 'cksum' update because condition not met
[15:49:40.218] [bmv2] [D] [thread 9331] [8.0] [cxt 0] Deparsing header 'ethernet'
[15:49:40.218] [bmv2] [D] [thread 9331] [8.0] [cxt 0] Deparser 'deparser': end
[15:49:40.219] [bmv2] [D] [thread 9335] [8.0] [cxt 0] Transmitting packet of size 90 out of port 0
[15:49:40.217] [bmv2] [D] [thread 9330] [9.0] [cxt 0] Processing packet received on port 1
[15:49:40.219] [bmv2] [D] [thread 9330] [9.0] [cxt 0] Parser 'parser': start
[15:49:40.219] [bmv2] [D] [thread 9330] [9.0] [cxt 0] Parser 'parser' entering state 'start'
[15:49:40.219] [bmv2] [D] [thread 9330] [9.0] [cxt 0] Extracting header 'ethernet'
[15:49:40.219] [bmv2] [D] [thread 9330] [9.0] [cxt 0] Parser state 'start': key is 86dd
[15:49:40.219] [bmv2] [T] [thread 9330] [9.0] [cxt 0] Bytes parsed: 14
[15:49:40.219] [bmv2] [D] [thread 9330] [9.0] [cxt 0] Parser 'parser': end
[15:49:40.220] [bmv2] [D] [thread 9330] [9.0] [cxt 0] Pipeline 'ingress': start
[15:49:40.220] [bmv2] [T] [thread 9330] [9.0] [cxt 0] Applying table 'MyIngress.ipv4_lpm'
[15:49:40.220] [bmv2] [D] [thread 9330] [9.0] [cxt 0] Looking up key:
* hdr.ipv4.dstAddr    : 00000000

[15:49:40.220] [bmv2] [D] [thread 9330] [9.0] [cxt 0] Table 'MyIngress.ipv4_lpm': miss
[15:49:40.220] [bmv2] [D] [thread 9330] [9.0] [cxt 0] Action entry is NoAction - 
[15:49:40.220] [bmv2] [T] [thread 9330] [9.0] [cxt 0] Action NoAction
[15:49:40.220] [bmv2] [D] [thread 9330] [9.0] [cxt 0] Pipeline 'ingress': end
[15:49:40.221] [bmv2] [D] [thread 9330] [9.0] [cxt 0] Egress port is 0
[15:49:40.221] [bmv2] [D] [thread 9331] [9.0] [cxt 0] Pipeline 'egress': start
[15:49:40.221] [bmv2] [D] [thread 9331] [9.0] [cxt 0] Pipeline 'egress': end
[15:49:40.221] [bmv2] [D] [thread 9331] [9.0] [cxt 0] Deparser 'deparser': start
[15:49:40.221] [bmv2] [T] [thread 9331] [9.0] [cxt 0] Skipping checksum 'cksum' update because condition not met
[15:49:40.221] [bmv2] [D] [thread 9331] [9.0] [cxt 0] Deparsing header 'ethernet'
[15:49:40.222] [bmv2] [D] [thread 9331] [9.0] [cxt 0] Deparser 'deparser': end
[15:49:40.222] [bmv2] [D] [thread 9335] [9.0] [cxt 0] Transmitting packet of size 70 out of port 0
[15:49:40.675] [bmv2] [D] [thread 9330] [10.0] [cxt 0] Processing packet received on port 3
[15:49:40.676] [bmv2] [D] [thread 9330] [10.0] [cxt 0] Parser 'parser': start
[15:49:40.676] [bmv2] [D] [thread 9330] [10.0] [cxt 0] Parser 'parser' entering state 'start'
[15:49:40.676] [bmv2] [D] [thread 9330] [10.0] [cxt 0] Extracting header 'ethernet'
[15:49:40.676] [bmv2] [D] [thread 9330] [10.0] [cxt 0] Parser state 'start': key is 86dd
[15:49:40.676] [bmv2] [T] [thread 9330] [10.0] [cxt 0] Bytes parsed: 14
[15:49:40.676] [bmv2] [D] [thread 9330] [10.0] [cxt 0] Parser 'parser': end
[15:49:40.676] [bmv2] [D] [thread 9330] [10.0] [cxt 0] Pipeline 'ingress': start
[15:49:40.677] [bmv2] [T] [thread 9330] [10.0] [cxt 0] Applying table 'MyIngress.ipv4_lpm'
[15:49:40.677] [bmv2] [D] [thread 9330] [10.0] [cxt 0] Looking up key:
* hdr.ipv4.dstAddr    : 00000000

[15:49:40.677] [bmv2] [D] [thread 9330] [10.0] [cxt 0] Table 'MyIngress.ipv4_lpm': miss
[15:49:40.677] [bmv2] [D] [thread 9330] [10.0] [cxt 0] Action entry is NoAction - 
[15:49:40.677] [bmv2] [T] [thread 9330] [10.0] [cxt 0] Action NoAction
[15:49:40.677] [bmv2] [D] [thread 9330] [10.0] [cxt 0] Pipeline 'ingress': end
[15:49:40.678] [bmv2] [D] [thread 9330] [10.0] [cxt 0] Egress port is 0
[15:49:40.678] [bmv2] [D] [thread 9330] [11.0] [cxt 0] Processing packet received on port 3
[15:49:40.678] [bmv2] [D] [thread 9330] [11.0] [cxt 0] Parser 'parser': start
[15:49:40.678] [bmv2] [D] [thread 9330] [11.0] [cxt 0] Parser 'parser' entering state 'start'
[15:49:40.678] [bmv2] [D] [thread 9330] [11.0] [cxt 0] Extracting header 'ethernet'
[15:49:40.678] [bmv2] [D] [thread 9330] [11.0] [cxt 0] Parser state 'start': key is 86dd
[15:49:40.679] [bmv2] [T] [thread 9330] [11.0] [cxt 0] Bytes parsed: 14
[15:49:40.679] [bmv2] [D] [thread 9330] [11.0] [cxt 0] Parser 'parser': end
[15:49:40.679] [bmv2] [D] [thread 9330] [11.0] [cxt 0] Pipeline 'ingress': start
[15:49:40.679] [bmv2] [T] [thread 9330] [11.0] [cxt 0] Applying table 'MyIngress.ipv4_lpm'
[15:49:40.679] [bmv2] [D] [thread 9330] [11.0] [cxt 0] Looking up key:
* hdr.ipv4.dstAddr    : 00000000

[15:49:40.679] [bmv2] [D] [thread 9330] [11.0] [cxt 0] Table 'MyIngress.ipv4_lpm': miss
[15:49:40.679] [bmv2] [D] [thread 9330] [11.0] [cxt 0] Action entry is NoAction - 
[15:49:40.679] [bmv2] [T] [thread 9330] [11.0] [cxt 0] Action NoAction
[15:49:40.679] [bmv2] [D] [thread 9330] [11.0] [cxt 0] Pipeline 'ingress': end
[15:49:40.679] [bmv2] [D] [thread 9330] [11.0] [cxt 0] Egress port is 0
[15:49:40.678] [bmv2] [D] [thread 9331] [10.0] [cxt 0] Pipeline 'egress': start
[15:49:40.679] [bmv2] [D] [thread 9331] [10.0] [cxt 0] Pipeline 'egress': end
[15:49:40.679] [bmv2] [D] [thread 9331] [10.0] [cxt 0] Deparser 'deparser': start
[15:49:40.679] [bmv2] [T] [thread 9331] [10.0] [cxt 0] Skipping checksum 'cksum' update because condition not met
[15:49:40.679] [bmv2] [D] [thread 9331] [10.0] [cxt 0] Deparsing header 'ethernet'
[15:49:40.680] [bmv2] [D] [thread 9331] [10.0] [cxt 0] Deparser 'deparser': end
[15:49:40.680] [bmv2] [D] [thread 9331] [11.0] [cxt 0] Pipeline 'egress': start
[15:49:40.680] [bmv2] [D] [thread 9331] [11.0] [cxt 0] Pipeline 'egress': end
[15:49:40.680] [bmv2] [D] [thread 9331] [11.0] [cxt 0] Deparser 'deparser': start
[15:49:40.680] [bmv2] [T] [thread 9331] [11.0] [cxt 0] Skipping checksum 'cksum' update because condition not met
[15:49:40.680] [bmv2] [D] [thread 9331] [11.0] [cxt 0] Deparsing header 'ethernet'
[15:49:40.680] [bmv2] [D] [thread 9331] [11.0] [cxt 0] Deparser 'deparser': end
[15:49:40.680] [bmv2] [D] [thread 9335] [10.0] [cxt 0] Transmitting packet of size 90 out of port 0
[15:49:40.680] [bmv2] [D] [thread 9335] [11.0] [cxt 0] Transmitting packet of size 70 out of port 0
[15:49:40.746] [bmv2] [D] [thread 9330] [12.0] [cxt 0] Processing packet received on port 2
[15:49:40.747] [bmv2] [D] [thread 9330] [12.0] [cxt 0] Parser 'parser': start
[15:49:40.747] [bmv2] [D] [thread 9330] [12.0] [cxt 0] Parser 'parser' entering state 'start'
[15:49:40.747] [bmv2] [D] [thread 9330] [12.0] [cxt 0] Extracting header 'ethernet'
[15:49:40.748] [bmv2] [D] [thread 9330] [12.0] [cxt 0] Parser state 'start': key is 86dd
[15:49:40.748] [bmv2] [T] [thread 9330] [12.0] [cxt 0] Bytes parsed: 14
[15:49:40.748] [bmv2] [D] [thread 9330] [12.0] [cxt 0] Parser 'parser': end
[15:49:40.748] [bmv2] [D] [thread 9330] [12.0] [cxt 0] Pipeline 'ingress': start
[15:49:40.748] [bmv2] [T] [thread 9330] [12.0] [cxt 0] Applying table 'MyIngress.ipv4_lpm'
[15:49:40.749] [bmv2] [D] [thread 9330] [12.0] [cxt 0] Looking up key:
* hdr.ipv4.dstAddr    : 00000000

[15:49:40.749] [bmv2] [D] [thread 9330] [12.0] [cxt 0] Table 'MyIngress.ipv4_lpm': miss
[15:49:40.750] [bmv2] [D] [thread 9330] [12.0] [cxt 0] Action entry is NoAction - 
[15:49:40.750] [bmv2] [T] [thread 9330] [12.0] [cxt 0] Action NoAction
[15:49:40.750] [bmv2] [D] [thread 9330] [12.0] [cxt 0] Pipeline 'ingress': end
[15:49:40.750] [bmv2] [D] [thread 9330] [12.0] [cxt 0] Egress port is 0
[15:49:40.751] [bmv2] [D] [thread 9331] [12.0] [cxt 0] Pipeline 'egress': start
[15:49:40.751] [bmv2] [D] [thread 9331] [12.0] [cxt 0] Pipeline 'egress': end
[15:49:40.751] [bmv2] [D] [thread 9331] [12.0] [cxt 0] Deparser 'deparser': start
[15:49:40.751] [bmv2] [T] [thread 9331] [12.0] [cxt 0] Skipping checksum 'cksum' update because condition not met
[15:49:40.752] [bmv2] [D] [thread 9331] [12.0] [cxt 0] Deparsing header 'ethernet'
[15:49:40.752] [bmv2] [D] [thread 9331] [12.0] [cxt 0] Deparser 'deparser': end
[15:49:40.752] [bmv2] [D] [thread 9335] [12.0] [cxt 0] Transmitting packet of size 90 out of port 0
[15:49:40.751] [bmv2] [D] [thread 9330] [13.0] [cxt 0] Processing packet received on port 2
[15:49:40.753] [bmv2] [D] [thread 9330] [13.0] [cxt 0] Parser 'parser': start
[15:49:40.753] [bmv2] [D] [thread 9330] [13.0] [cxt 0] Parser 'parser' entering state 'start'
[15:49:40.753] [bmv2] [D] [thread 9330] [13.0] [cxt 0] Extracting header 'ethernet'
[15:49:40.753] [bmv2] [D] [thread 9330] [13.0] [cxt 0] Parser state 'start': key is 86dd
[15:49:40.754] [bmv2] [T] [thread 9330] [13.0] [cxt 0] Bytes parsed: 14
[15:49:40.754] [bmv2] [D] [thread 9330] [13.0] [cxt 0] Parser 'parser': end
[15:49:40.754] [bmv2] [D] [thread 9330] [13.0] [cxt 0] Pipeline 'ingress': start
[15:49:40.754] [bmv2] [T] [thread 9330] [13.0] [cxt 0] Applying table 'MyIngress.ipv4_lpm'
[15:49:40.755] [bmv2] [D] [thread 9330] [13.0] [cxt 0] Looking up key:
* hdr.ipv4.dstAddr    : 00000000

[15:49:40.755] [bmv2] [D] [thread 9330] [13.0] [cxt 0] Table 'MyIngress.ipv4_lpm': miss
[15:49:40.755] [bmv2] [D] [thread 9330] [13.0] [cxt 0] Action entry is NoAction - 
[15:49:40.755] [bmv2] [T] [thread 9330] [13.0] [cxt 0] Action NoAction
[15:49:40.755] [bmv2] [D] [thread 9330] [13.0] [cxt 0] Pipeline 'ingress': end
[15:49:40.755] [bmv2] [D] [thread 9330] [13.0] [cxt 0] Egress port is 0
[15:49:40.755] [bmv2] [D] [thread 9331] [13.0] [cxt 0] Pipeline 'egress': start
[15:49:40.756] [bmv2] [D] [thread 9331] [13.0] [cxt 0] Pipeline 'egress': end
[15:49:40.756] [bmv2] [D] [thread 9331] [13.0] [cxt 0] Deparser 'deparser': start
[15:49:40.756] [bmv2] [T] [thread 9331] [13.0] [cxt 0] Skipping checksum 'cksum' update because condition not met
[15:49:40.756] [bmv2] [D] [thread 9331] [13.0] [cxt 0] Deparsing header 'ethernet'
[15:49:40.756] [bmv2] [D] [thread 9331] [13.0] [cxt 0] Deparser 'deparser': end
[15:49:40.756] [bmv2] [D] [thread 9335] [13.0] [cxt 0] Transmitting packet of size 70 out of port 0
[15:49:40.762] [bmv2] [D] [thread 9330] [14.0] [cxt 0] Processing packet received on port 3
[15:49:40.762] [bmv2] [D] [thread 9330] [14.0] [cxt 0] Parser 'parser': start
[15:49:40.763] [bmv2] [D] [thread 9330] [14.0] [cxt 0] Parser 'parser' entering state 'start'
[15:49:40.763] [bmv2] [D] [thread 9330] [14.0] [cxt 0] Extracting header 'ethernet'
[15:49:40.764] [bmv2] [D] [thread 9330] [14.0] [cxt 0] Parser state 'start': key is 86dd
[15:49:40.764] [bmv2] [T] [thread 9330] [14.0] [cxt 0] Bytes parsed: 14
[15:49:40.764] [bmv2] [D] [thread 9330] [14.0] [cxt 0] Parser 'parser': end
[15:49:40.764] [bmv2] [D] [thread 9330] [14.0] [cxt 0] Pipeline 'ingress': start
[15:49:40.764] [bmv2] [T] [thread 9330] [14.0] [cxt 0] Applying table 'MyIngress.ipv4_lpm'
[15:49:40.764] [bmv2] [D] [thread 9330] [14.0] [cxt 0] Looking up key:
* hdr.ipv4.dstAddr    : 00000000

[15:49:40.765] [bmv2] [D] [thread 9330] [14.0] [cxt 0] Table 'MyIngress.ipv4_lpm': miss
[15:49:40.765] [bmv2] [D] [thread 9330] [14.0] [cxt 0] Action entry is NoAction - 
[15:49:40.765] [bmv2] [T] [thread 9330] [14.0] [cxt 0] Action NoAction
[15:49:40.765] [bmv2] [D] [thread 9330] [14.0] [cxt 0] Pipeline 'ingress': end
[15:49:40.765] [bmv2] [D] [thread 9330] [14.0] [cxt 0] Egress port is 0
[15:49:40.765] [bmv2] [D] [thread 9330] [15.0] [cxt 0] Processing packet received on port 3
[15:49:40.765] [bmv2] [D] [thread 9330] [15.0] [cxt 0] Parser 'parser': start
[15:49:40.766] [bmv2] [D] [thread 9330] [15.0] [cxt 0] Parser 'parser' entering state 'start'
[15:49:40.766] [bmv2] [D] [thread 9330] [15.0] [cxt 0] Extracting header 'ethernet'
[15:49:40.766] [bmv2] [D] [thread 9330] [15.0] [cxt 0] Parser state 'start': key is 86dd
[15:49:40.766] [bmv2] [T] [thread 9330] [15.0] [cxt 0] Bytes parsed: 14
[15:49:40.766] [bmv2] [D] [thread 9330] [15.0] [cxt 0] Parser 'parser': end
[15:49:40.765] [bmv2] [D] [thread 9331] [14.0] [cxt 0] Pipeline 'egress': start
[15:49:40.766] [bmv2] [D] [thread 9330] [15.0] [cxt 0] Pipeline 'ingress': start
[15:49:40.767] [bmv2] [T] [thread 9330] [15.0] [cxt 0] Applying table 'MyIngress.ipv4_lpm'
[15:49:40.767] [bmv2] [D] [thread 9331] [14.0] [cxt 0] Pipeline 'egress': end
[15:49:40.767] [bmv2] [D] [thread 9330] [15.0] [cxt 0] Looking up key:
* hdr.ipv4.dstAddr    : 00000000

[15:49:40.767] [bmv2] [D] [thread 9331] [14.0] [cxt 0] Deparser 'deparser': start
[15:49:40.767] [bmv2] [D] [thread 9330] [15.0] [cxt 0] Table 'MyIngress.ipv4_lpm': miss
[15:49:40.767] [bmv2] [T] [thread 9331] [14.0] [cxt 0] Skipping checksum 'cksum' update because condition not met
[15:49:40.767] [bmv2] [D] [thread 9330] [15.0] [cxt 0] Action entry is NoAction - 
[15:49:40.768] [bmv2] [D] [thread 9331] [14.0] [cxt 0] Deparsing header 'ethernet'
[15:49:40.768] [bmv2] [T] [thread 9330] [15.0] [cxt 0] Action NoAction
[15:49:40.768] [bmv2] [D] [thread 9330] [15.0] [cxt 0] Pipeline 'ingress': end
[15:49:40.768] [bmv2] [D] [thread 9330] [15.0] [cxt 0] Egress port is 0
[15:49:40.768] [bmv2] [D] [thread 9331] [14.0] [cxt 0] Deparser 'deparser': end
[15:49:40.768] [bmv2] [D] [thread 9331] [15.0] [cxt 0] Pipeline 'egress': start
[15:49:40.769] [bmv2] [D] [thread 9331] [15.0] [cxt 0] Pipeline 'egress': end
[15:49:40.769] [bmv2] [D] [thread 9331] [15.0] [cxt 0] Deparser 'deparser': start
[15:49:40.769] [bmv2] [T] [thread 9331] [15.0] [cxt 0] Skipping checksum 'cksum' update because condition not met
[15:49:40.769] [bmv2] [D] [thread 9331] [15.0] [cxt 0] Deparsing header 'ethernet'
[15:49:40.768] [bmv2] [D] [thread 9335] [14.0] [cxt 0] Transmitting packet of size 90 out of port 0
[15:49:40.769] [bmv2] [D] [thread 9331] [15.0] [cxt 0] Deparser 'deparser': end
[15:49:40.769] [bmv2] [D] [thread 9335] [15.0] [cxt 0] Transmitting packet of size 70 out of port 0
[15:49:41.030] [bmv2] [D] [thread 9330] [16.0] [cxt 0] Processing packet received on port 2
[15:49:41.030] [bmv2] [D] [thread 9330] [16.0] [cxt 0] Parser 'parser': start
[15:49:41.031] [bmv2] [D] [thread 9330] [16.0] [cxt 0] Parser 'parser' entering state 'start'
[15:49:41.031] [bmv2] [D] [thread 9330] [16.0] [cxt 0] Extracting header 'ethernet'
[15:49:41.031] [bmv2] [D] [thread 9330] [16.0] [cxt 0] Parser state 'start': key is 86dd
[15:49:41.031] [bmv2] [T] [thread 9330] [16.0] [cxt 0] Bytes parsed: 14
[15:49:41.032] [bmv2] [D] [thread 9330] [16.0] [cxt 0] Parser 'parser': end
[15:49:41.032] [bmv2] [D] [thread 9330] [16.0] [cxt 0] Pipeline 'ingress': start
[15:49:41.032] [bmv2] [T] [thread 9330] [16.0] [cxt 0] Applying table 'MyIngress.ipv4_lpm'
[15:49:41.032] [bmv2] [D] [thread 9330] [16.0] [cxt 0] Looking up key:
* hdr.ipv4.dstAddr    : 00000000

[15:49:41.033] [bmv2] [D] [thread 9330] [16.0] [cxt 0] Table 'MyIngress.ipv4_lpm': miss
[15:49:41.033] [bmv2] [D] [thread 9330] [16.0] [cxt 0] Action entry is NoAction - 
[15:49:41.033] [bmv2] [T] [thread 9330] [16.0] [cxt 0] Action NoAction
[15:49:41.033] [bmv2] [D] [thread 9330] [16.0] [cxt 0] Pipeline 'ingress': end
[15:49:41.033] [bmv2] [D] [thread 9330] [16.0] [cxt 0] Egress port is 0
[15:49:41.034] [bmv2] [D] [thread 9330] [17.0] [cxt 0] Processing packet received on port 2
[15:49:41.034] [bmv2] [D] [thread 9330] [17.0] [cxt 0] Parser 'parser': start
[15:49:41.034] [bmv2] [D] [thread 9330] [17.0] [cxt 0] Parser 'parser' entering state 'start'
[15:49:41.034] [bmv2] [D] [thread 9330] [17.0] [cxt 0] Extracting header 'ethernet'
[15:49:41.034] [bmv2] [D] [thread 9330] [17.0] [cxt 0] Parser state 'start': key is 86dd
[15:49:41.034] [bmv2] [T] [thread 9330] [17.0] [cxt 0] Bytes parsed: 14
[15:49:41.034] [bmv2] [D] [thread 9331] [16.0] [cxt 0] Pipeline 'egress': start
[15:49:41.034] [bmv2] [D] [thread 9330] [17.0] [cxt 0] Parser 'parser': end
[15:49:41.034] [bmv2] [D] [thread 9331] [16.0] [cxt 0] Pipeline 'egress': end
[15:49:41.035] [bmv2] [D] [thread 9331] [16.0] [cxt 0] Deparser 'deparser': start
[15:49:41.035] [bmv2] [T] [thread 9331] [16.0] [cxt 0] Skipping checksum 'cksum' update because condition not met
[15:49:41.035] [bmv2] [D] [thread 9331] [16.0] [cxt 0] Deparsing header 'ethernet'
[15:49:41.035] [bmv2] [D] [thread 9331] [16.0] [cxt 0] Deparser 'deparser': end
[15:49:41.034] [bmv2] [D] [thread 9330] [17.0] [cxt 0] Pipeline 'ingress': start
[15:49:41.035] [bmv2] [T] [thread 9330] [17.0] [cxt 0] Applying table 'MyIngress.ipv4_lpm'
[15:49:41.035] [bmv2] [D] [thread 9330] [17.0] [cxt 0] Looking up key:
* hdr.ipv4.dstAddr    : 00000000

[15:49:41.035] [bmv2] [D] [thread 9335] [16.0] [cxt 0] Transmitting packet of size 90 out of port 0
[15:49:41.036] [bmv2] [D] [thread 9330] [17.0] [cxt 0] Table 'MyIngress.ipv4_lpm': miss
[15:49:41.036] [bmv2] [D] [thread 9330] [17.0] [cxt 0] Action entry is NoAction - 
[15:49:41.036] [bmv2] [T] [thread 9330] [17.0] [cxt 0] Action NoAction
[15:49:41.036] [bmv2] [D] [thread 9330] [17.0] [cxt 0] Pipeline 'ingress': end
[15:49:41.036] [bmv2] [D] [thread 9330] [17.0] [cxt 0] Egress port is 0
[15:49:41.036] [bmv2] [D] [thread 9331] [17.0] [cxt 0] Pipeline 'egress': start
[15:49:41.037] [bmv2] [D] [thread 9331] [17.0] [cxt 0] Pipeline 'egress': end
[15:49:41.037] [bmv2] [D] [thread 9331] [17.0] [cxt 0] Deparser 'deparser': start
[15:49:41.037] [bmv2] [T] [thread 9331] [17.0] [cxt 0] Skipping checksum 'cksum' update because condition not met
[15:49:41.037] [bmv2] [D] [thread 9331] [17.0] [cxt 0] Deparsing header 'ethernet'
[15:49:41.037] [bmv2] [D] [thread 9331] [17.0] [cxt 0] Deparser 'deparser': end
[15:49:41.037] [bmv2] [D] [thread 9335] [17.0] [cxt 0] Transmitting packet of size 70 out of port 0
[15:49:41.053] [bmv2] [D] [thread 9330] [18.0] [cxt 0] Processing packet received on port 3
[15:49:41.053] [bmv2] [D] [thread 9330] [18.0] [cxt 0] Parser 'parser': start
[15:49:41.053] [bmv2] [D] [thread 9330] [18.0] [cxt 0] Parser 'parser' entering state 'start'
[15:49:41.054] [bmv2] [D] [thread 9330] [18.0] [cxt 0] Extracting header 'ethernet'
[15:49:41.054] [bmv2] [D] [thread 9330] [18.0] [cxt 0] Parser state 'start': key is 86dd
[15:49:41.054] [bmv2] [T] [thread 9330] [18.0] [cxt 0] Bytes parsed: 14
[15:49:41.054] [bmv2] [D] [thread 9330] [18.0] [cxt 0] Parser 'parser': end
[15:49:41.054] [bmv2] [D] [thread 9330] [18.0] [cxt 0] Pipeline 'ingress': start
[15:49:41.055] [bmv2] [T] [thread 9330] [18.0] [cxt 0] Applying table 'MyIngress.ipv4_lpm'
[15:49:41.055] [bmv2] [D] [thread 9330] [18.0] [cxt 0] Looking up key:
* hdr.ipv4.dstAddr    : 00000000

[15:49:41.055] [bmv2] [D] [thread 9330] [18.0] [cxt 0] Table 'MyIngress.ipv4_lpm': miss
[15:49:41.055] [bmv2] [D] [thread 9330] [18.0] [cxt 0] Action entry is NoAction - 
[15:49:41.055] [bmv2] [T] [thread 9330] [18.0] [cxt 0] Action NoAction
[15:49:41.056] [bmv2] [D] [thread 9330] [18.0] [cxt 0] Pipeline 'ingress': end
[15:49:41.056] [bmv2] [D] [thread 9330] [18.0] [cxt 0] Egress port is 0
[15:49:41.056] [bmv2] [D] [thread 9331] [18.0] [cxt 0] Pipeline 'egress': start
[15:49:41.057] [bmv2] [D] [thread 9331] [18.0] [cxt 0] Pipeline 'egress': end
[15:49:41.057] [bmv2] [D] [thread 9331] [18.0] [cxt 0] Deparser 'deparser': start
[15:49:41.057] [bmv2] [T] [thread 9331] [18.0] [cxt 0] Skipping checksum 'cksum' update because condition not met
[15:49:41.057] [bmv2] [D] [thread 9331] [18.0] [cxt 0] Deparsing header 'ethernet'
[15:49:41.058] [bmv2] [D] [thread 9331] [18.0] [cxt 0] Deparser 'deparser': end
[15:49:41.058] [bmv2] [D] [thread 9335] [18.0] [cxt 0] Transmitting packet of size 90 out of port 0
[15:49:41.204] [bmv2] [D] [thread 9330] [19.0] [cxt 0] Processing packet received on port 1
[15:49:41.205] [bmv2] [D] [thread 9330] [19.0] [cxt 0] Parser 'parser': start
[15:49:41.205] [bmv2] [D] [thread 9330] [19.0] [cxt 0] Parser 'parser' entering state 'start'
[15:49:41.205] [bmv2] [D] [thread 9330] [19.0] [cxt 0] Extracting header 'ethernet'
[15:49:41.205] [bmv2] [D] [thread 9330] [19.0] [cxt 0] Parser state 'start': key is 86dd
[15:49:41.205] [bmv2] [T] [thread 9330] [19.0] [cxt 0] Bytes parsed: 14
[15:49:41.205] [bmv2] [D] [thread 9330] [19.0] [cxt 0] Parser 'parser': end
[15:49:41.205] [bmv2] [D] [thread 9330] [19.0] [cxt 0] Pipeline 'ingress': start
[15:49:41.205] [bmv2] [T] [thread 9330] [19.0] [cxt 0] Applying table 'MyIngress.ipv4_lpm'
[15:49:41.206] [bmv2] [D] [thread 9330] [19.0] [cxt 0] Looking up key:
* hdr.ipv4.dstAddr    : 00000000

[15:49:41.206] [bmv2] [D] [thread 9330] [19.0] [cxt 0] Table 'MyIngress.ipv4_lpm': miss
[15:49:41.206] [bmv2] [D] [thread 9330] [19.0] [cxt 0] Action entry is NoAction - 
[15:49:41.206] [bmv2] [T] [thread 9330] [19.0] [cxt 0] Action NoAction
[15:49:41.206] [bmv2] [D] [thread 9330] [19.0] [cxt 0] Pipeline 'ingress': end
[15:49:41.206] [bmv2] [D] [thread 9330] [19.0] [cxt 0] Egress port is 0
[15:49:41.206] [bmv2] [D] [thread 9331] [19.0] [cxt 0] Pipeline 'egress': start
[15:49:41.207] [bmv2] [D] [thread 9331] [19.0] [cxt 0] Pipeline 'egress': end
[15:49:41.207] [bmv2] [D] [thread 9331] [19.0] [cxt 0] Deparser 'deparser': start
[15:49:41.207] [bmv2] [T] [thread 9331] [19.0] [cxt 0] Skipping checksum 'cksum' update because condition not met
[15:49:41.207] [bmv2] [D] [thread 9331] [19.0] [cxt 0] Deparsing header 'ethernet'
[15:49:41.207] [bmv2] [D] [thread 9331] [19.0] [cxt 0] Deparser 'deparser': end
[15:49:41.207] [bmv2] [D] [thread 9335] [19.0] [cxt 0] Transmitting packet of size 90 out of port 0
[15:49:41.565] [bmv2] [D] [thread 9330] [20.0] [cxt 0] Processing packet received on port 2
[15:49:41.565] [bmv2] [D] [thread 9330] [20.0] [cxt 0] Parser 'parser': start
[15:49:41.565] [bmv2] [D] [thread 9330] [20.0] [cxt 0] Parser 'parser' entering state 'start'
[15:49:41.565] [bmv2] [D] [thread 9330] [20.0] [cxt 0] Extracting header 'ethernet'
[15:49:41.565] [bmv2] [D] [thread 9330] [20.0] [cxt 0] Parser state 'start': key is 86dd
[15:49:41.565] [bmv2] [T] [thread 9330] [20.0] [cxt 0] Bytes parsed: 14
[15:49:41.565] [bmv2] [D] [thread 9330] [20.0] [cxt 0] Parser 'parser': end
[15:49:41.566] [bmv2] [D] [thread 9330] [20.0] [cxt 0] Pipeline 'ingress': start
[15:49:41.566] [bmv2] [T] [thread 9330] [20.0] [cxt 0] Applying table 'MyIngress.ipv4_lpm'
[15:49:41.566] [bmv2] [D] [thread 9330] [20.0] [cxt 0] Looking up key:
* hdr.ipv4.dstAddr    : 00000000

[15:49:41.566] [bmv2] [D] [thread 9330] [20.0] [cxt 0] Table 'MyIngress.ipv4_lpm': miss
[15:49:41.566] [bmv2] [D] [thread 9330] [20.0] [cxt 0] Action entry is NoAction - 
[15:49:41.566] [bmv2] [T] [thread 9330] [20.0] [cxt 0] Action NoAction
[15:49:41.566] [bmv2] [D] [thread 9330] [20.0] [cxt 0] Pipeline 'ingress': end
[15:49:41.566] [bmv2] [D] [thread 9330] [20.0] [cxt 0] Egress port is 0
[15:49:41.566] [bmv2] [D] [thread 9331] [20.0] [cxt 0] Pipeline 'egress': start
[15:49:41.566] [bmv2] [D] [thread 9331] [20.0] [cxt 0] Pipeline 'egress': end
[15:49:41.566] [bmv2] [D] [thread 9331] [20.0] [cxt 0] Deparser 'deparser': start
[15:49:41.566] [bmv2] [T] [thread 9331] [20.0] [cxt 0] Skipping checksum 'cksum' update because condition not met
[15:49:41.566] [bmv2] [D] [thread 9331] [20.0] [cxt 0] Deparsing header 'ethernet'
[15:49:41.566] [bmv2] [D] [thread 9331] [20.0] [cxt 0] Deparser 'deparser': end
[15:49:41.567] [bmv2] [D] [thread 9335] [20.0] [cxt 0] Transmitting packet of size 90 out of port 0
[15:49:41.610] [bmv2] [D] [thread 9330] [21.0] [cxt 0] Processing packet received on port 3
[15:49:41.610] [bmv2] [D] [thread 9330] [21.0] [cxt 0] Parser 'parser': start
[15:49:41.610] [bmv2] [D] [thread 9330] [21.0] [cxt 0] Parser 'parser' entering state 'start'
[15:49:41.611] [bmv2] [D] [thread 9330] [21.0] [cxt 0] Extracting header 'ethernet'
[15:49:41.611] [bmv2] [D] [thread 9330] [21.0] [cxt 0] Parser state 'start': key is 86dd
[15:49:41.611] [bmv2] [T] [thread 9330] [21.0] [cxt 0] Bytes parsed: 14
[15:49:41.611] [bmv2] [D] [thread 9330] [21.0] [cxt 0] Parser 'parser': end
[15:49:41.611] [bmv2] [D] [thread 9330] [21.0] [cxt 0] Pipeline 'ingress': start
[15:49:41.611] [bmv2] [T] [thread 9330] [21.0] [cxt 0] Applying table 'MyIngress.ipv4_lpm'
[15:49:41.612] [bmv2] [D] [thread 9330] [21.0] [cxt 0] Looking up key:
* hdr.ipv4.dstAddr    : 00000000

[15:49:41.612] [bmv2] [D] [thread 9330] [21.0] [cxt 0] Table 'MyIngress.ipv4_lpm': miss
[15:49:41.612] [bmv2] [D] [thread 9330] [21.0] [cxt 0] Action entry is NoAction - 
[15:49:41.612] [bmv2] [T] [thread 9330] [21.0] [cxt 0] Action NoAction
[15:49:41.612] [bmv2] [D] [thread 9330] [21.0] [cxt 0] Pipeline 'ingress': end
[15:49:41.613] [bmv2] [D] [thread 9330] [21.0] [cxt 0] Egress port is 0
[15:49:41.613] [bmv2] [D] [thread 9331] [21.0] [cxt 0] Pipeline 'egress': start
[15:49:41.613] [bmv2] [D] [thread 9331] [21.0] [cxt 0] Pipeline 'egress': end
[15:49:41.613] [bmv2] [D] [thread 9331] [21.0] [cxt 0] Deparser 'deparser': start
[15:49:41.613] [bmv2] [T] [thread 9331] [21.0] [cxt 0] Skipping checksum 'cksum' update because condition not met
[15:49:41.613] [bmv2] [D] [thread 9331] [21.0] [cxt 0] Deparsing header 'ethernet'
[15:49:41.614] [bmv2] [D] [thread 9331] [21.0] [cxt 0] Deparser 'deparser': end
[15:49:41.614] [bmv2] [D] [thread 9335] [21.0] [cxt 0] Transmitting packet of size 90 out of port 0
[15:49:41.821] [bmv2] [D] [thread 9330] [22.0] [cxt 0] Processing packet received on port 2
[15:49:41.821] [bmv2] [D] [thread 9330] [22.0] [cxt 0] Parser 'parser': start
[15:49:41.821] [bmv2] [D] [thread 9330] [22.0] [cxt 0] Parser 'parser' entering state 'start'
[15:49:41.822] [bmv2] [D] [thread 9330] [22.0] [cxt 0] Extracting header 'ethernet'
[15:49:41.822] [bmv2] [D] [thread 9330] [22.0] [cxt 0] Parser state 'start': key is 86dd
[15:49:41.822] [bmv2] [T] [thread 9330] [22.0] [cxt 0] Bytes parsed: 14
[15:49:41.823] [bmv2] [D] [thread 9330] [22.0] [cxt 0] Parser 'parser': end
[15:49:41.823] [bmv2] [D] [thread 9330] [22.0] [cxt 0] Pipeline 'ingress': start
[15:49:41.823] [bmv2] [T] [thread 9330] [22.0] [cxt 0] Applying table 'MyIngress.ipv4_lpm'
[15:49:41.823] [bmv2] [D] [thread 9330] [22.0] [cxt 0] Looking up key:
* hdr.ipv4.dstAddr    : 00000000

[15:49:41.823] [bmv2] [D] [thread 9330] [22.0] [cxt 0] Table 'MyIngress.ipv4_lpm': miss
[15:49:41.824] [bmv2] [D] [thread 9330] [22.0] [cxt 0] Action entry is NoAction - 
[15:49:41.824] [bmv2] [T] [thread 9330] [22.0] [cxt 0] Action NoAction
[15:49:41.824] [bmv2] [D] [thread 9330] [22.0] [cxt 0] Pipeline 'ingress': end
[15:49:41.824] [bmv2] [D] [thread 9330] [22.0] [cxt 0] Egress port is 0
[15:49:41.824] [bmv2] [D] [thread 9331] [22.0] [cxt 0] Pipeline 'egress': start
[15:49:41.824] [bmv2] [D] [thread 9331] [22.0] [cxt 0] Pipeline 'egress': end
[15:49:41.824] [bmv2] [D] [thread 9331] [22.0] [cxt 0] Deparser 'deparser': start
[15:49:41.825] [bmv2] [T] [thread 9331] [22.0] [cxt 0] Skipping checksum 'cksum' update because condition not met
[15:49:41.825] [bmv2] [D] [thread 9331] [22.0] [cxt 0] Deparsing header 'ethernet'
[15:49:41.825] [bmv2] [D] [thread 9331] [22.0] [cxt 0] Deparser 'deparser': end
[15:49:41.825] [bmv2] [D] [thread 9335] [22.0] [cxt 0] Transmitting packet of size 90 out of port 0
New connection
P4Runtime SetForwardingPipelineConfig
[15:49:42.024] [bmv2] [W] [thread 9394] [P4Runtime] p4::tmp::P4DeviceConfig is deprecated
[15:49:42.025] [bmv2] [D] [thread 9394] Set default default entry for table 'MyIngress.ipv4_lpm': NoAction - 
P4Runtime Write
election_id {
  low: 1
}
updates {
  type: MODIFY
  entity {
    table_entry {
      table_id: 33574068
      action {
        action {
          action_id: 16805608
        }
      }
      is_default_action: true
    }
  }
}
[15:49:42.033] [bmv2] [D] [thread 9394] Set default entry for table 'MyIngress.ipv4_lpm': MyIngress.drop - 
P4Runtime Write
election_id {
  low: 1
}
updates {
  type: INSERT
  entity {
    table_entry {
      table_id: 33574068
      match {
        field_id: 1
        lpm {
          value: "\n\000\001\001"
          prefix_len: 32
        }
      }
      action {
        action {
          action_id: 16799317
          params {
            param_id: 1
            value: "\010\000\000\000\001\021"
          }
          params {
            param_id: 2
            value: "\000\001"
          }
        }
      }
    }
  }
}
[15:49:42.037] [bmv2] [D] [thread 9394] Entry 0 added to table 'MyIngress.ipv4_lpm'
[15:49:42.037] [bmv2] [D] [thread 9394] Dumping entry 0
Match key:
* hdr.ipv4.dstAddr    : LPM       0a000101/32
Action entry: MyIngress.ipv4_forward - 80000000111,1,

P4Runtime Write
election_id {
  low: 1
}
updates {
  type: INSERT
  entity {
    table_entry {
      table_id: 33574068
      match {
        field_id: 1
        lpm {
          value: "\n\000\002\000"
          prefix_len: 24
        }
      }
      action {
        action {
          action_id: 16799317
          params {
            param_id: 1
            value: "\010\000\000\000\005U"
          }
          params {
            param_id: 2
            value: "\000\002"
          }
        }
      }
    }
  }
}
[15:49:42.040] [bmv2] [D] [thread 9395] Entry 1 added to table 'MyIngress.ipv4_lpm'
[15:49:42.041] [bmv2] [D] [thread 9395] Dumping entry 1
Match key:
* hdr.ipv4.dstAddr    : LPM       0a000200/24
Action entry: MyIngress.ipv4_forward - 80000000555,2,

P4Runtime Write
election_id {
  low: 1
}
updates {
  type: INSERT
  entity {
    table_entry {
      table_id: 33574068
      match {
        field_id: 1
        lpm {
          value: "\n\000\003\000"
          prefix_len: 24
        }
      }
      action {
        action {
          action_id: 16799317
          params {
            param_id: 1
            value: "\010\000\000\000\006f"
          }
          params {
            param_id: 2
            value: "\000\003"
          }
        }
      }
    }
  }
}
[15:49:42.044] [bmv2] [D] [thread 9395] Entry 2 added to table 'MyIngress.ipv4_lpm'
[15:49:42.044] [bmv2] [D] [thread 9395] Dumping entry 2
Match key:
* hdr.ipv4.dstAddr    : LPM       0a000300/24
Action entry: MyIngress.ipv4_forward - 80000000666,3,

Connection removed
[15:49:44.229] [bmv2] [D] [thread 9330] [23.0] [cxt 0] Processing packet received on port 1
[15:49:44.229] [bmv2] [D] [thread 9330] [23.0] [cxt 0] Parser 'parser': start
[15:49:44.230] [bmv2] [D] [thread 9330] [23.0] [cxt 0] Parser 'parser' entering state 'start'
[15:49:44.230] [bmv2] [D] [thread 9330] [23.0] [cxt 0] Extracting header 'ethernet'
[15:49:44.230] [bmv2] [D] [thread 9330] [23.0] [cxt 0] Parser state 'start': key is 86dd
[15:49:44.231] [bmv2] [T] [thread 9330] [23.0] [cxt 0] Bytes parsed: 14
[15:49:44.231] [bmv2] [D] [thread 9330] [23.0] [cxt 0] Parser 'parser': end
[15:49:44.231] [bmv2] [D] [thread 9330] [23.0] [cxt 0] Pipeline 'ingress': start
[15:49:44.231] [bmv2] [T] [thread 9330] [23.0] [cxt 0] Applying table 'MyIngress.ipv4_lpm'
[15:49:44.232] [bmv2] [D] [thread 9330] [23.0] [cxt 0] Looking up key:
* hdr.ipv4.dstAddr    : 00000000

[15:49:44.232] [bmv2] [D] [thread 9330] [23.0] [cxt 0] Table 'MyIngress.ipv4_lpm': miss
[15:49:44.232] [bmv2] [D] [thread 9330] [23.0] [cxt 0] Action entry is MyIngress.drop - 
[15:49:44.232] [bmv2] [T] [thread 9330] [23.0] [cxt 0] Action MyIngress.drop
[15:49:44.232] [bmv2] [T] [thread 9330] [23.0] [cxt 0] routing.p4(110) Primitive mark_to_drop(standard_metadata)
[15:49:44.233] [bmv2] [D] [thread 9330] [23.0] [cxt 0] Pipeline 'ingress': end
[15:49:44.233] [bmv2] [D] [thread 9330] [23.0] [cxt 0] Egress port is 511
[15:49:44.233] [bmv2] [D] [thread 9330] [23.0] [cxt 0] Dropping packet at the end of ingress
[15:49:44.672] [bmv2] [D] [thread 9330] [24.0] [cxt 0] Processing packet received on port 1
[15:49:44.672] [bmv2] [D] [thread 9330] [24.0] [cxt 0] Parser 'parser': start
[15:49:44.673] [bmv2] [D] [thread 9330] [24.0] [cxt 0] Parser 'parser' entering state 'start'
[15:49:44.673] [bmv2] [D] [thread 9330] [24.0] [cxt 0] Extracting header 'ethernet'
[15:49:44.673] [bmv2] [D] [thread 9330] [24.0] [cxt 0] Parser state 'start': key is 0800
[15:49:44.674] [bmv2] [T] [thread 9330] [24.0] [cxt 0] Bytes parsed: 14
[15:49:44.674] [bmv2] [D] [thread 9330] [24.0] [cxt 0] Parser 'parser' entering state 'parse_ipv4'
[15:49:44.674] [bmv2] [D] [thread 9330] [24.0] [cxt 0] Extracting header 'ipv4'
[15:49:44.674] [bmv2] [D] [thread 9330] [24.0] [cxt 0] Parser state 'parse_ipv4' has no switch, going to default next state
[15:49:44.675] [bmv2] [T] [thread 9330] [24.0] [cxt 0] Bytes parsed: 34
[15:49:44.675] [bmv2] [D] [thread 9330] [24.0] [cxt 0] Parser 'parser': end
[15:49:44.675] [bmv2] [D] [thread 9330] [24.0] [cxt 0] Pipeline 'ingress': start
[15:49:44.675] [bmv2] [T] [thread 9330] [24.0] [cxt 0] Applying table 'MyIngress.ipv4_lpm'
[15:49:44.675] [bmv2] [D] [thread 9330] [24.0] [cxt 0] Looking up key:
* hdr.ipv4.dstAddr    : 0a000202

[15:49:44.675] [bmv2] [D] [thread 9330] [24.0] [cxt 0] Table 'MyIngress.ipv4_lpm': hit with handle 1
[15:49:44.676] [bmv2] [D] [thread 9330] [24.0] [cxt 0] Dumping entry 1
Match key:
* hdr.ipv4.dstAddr    : LPM       0a000200/24
Action entry: MyIngress.ipv4_forward - 80000000555,2,

[15:49:44.676] [bmv2] [D] [thread 9330] [24.0] [cxt 0] Action entry is MyIngress.ipv4_forward - 80000000555,2,
[15:49:44.676] [bmv2] [T] [thread 9330] [24.0] [cxt 0] Action MyIngress.ipv4_forward
[15:49:44.676] [bmv2] [T] [thread 9330] [24.0] [cxt 0] routing.p4(100) Primitive hdr.ethernet.dst = dstAddr
[15:49:44.676] [bmv2] [T] [thread 9330] [24.0] [cxt 0] routing.p4(100) Primitive dstAddr; ...
[15:49:44.676] [bmv2] [T] [thread 9330] [24.0] [cxt 0] routing.p4(102) Primitive standard_metadata.egress_spec = port
[15:49:44.676] [bmv2] [T] [thread 9330] [24.0] [cxt 0] routing.p4(103) Primitive hdr.ipv4.ttl = hdr.ipv4.ttl - 1
[15:49:44.676] [bmv2] [D] [thread 9330] [24.0] [cxt 0] Pipeline 'ingress': end
[15:49:44.677] [bmv2] [D] [thread 9330] [24.0] [cxt 0] Egress port is 2
[15:49:44.677] [bmv2] [D] [thread 9333] [24.0] [cxt 0] Pipeline 'egress': start
[15:49:44.677] [bmv2] [D] [thread 9333] [24.0] [cxt 0] Pipeline 'egress': end
[15:49:44.677] [bmv2] [D] [thread 9333] [24.0] [cxt 0] Deparser 'deparser': start
[15:49:44.677] [bmv2] [D] [thread 9333] [24.0] [cxt 0] Updating checksum 'cksum'
[15:49:44.678] [bmv2] [D] [thread 9333] [24.0] [cxt 0] Deparsing header 'ethernet'
[15:49:44.678] [bmv2] [D] [thread 9333] [24.0] [cxt 0] Deparsing header 'ipv4'
[15:49:44.678] [bmv2] [D] [thread 9333] [24.0] [cxt 0] Deparser 'deparser': end
[15:49:44.679] [bmv2] [D] [thread 9335] [24.0] [cxt 0] Transmitting packet of size 98 out of port 2
[15:49:44.681] [bmv2] [D] [thread 9330] [25.0] [cxt 0] Processing packet received on port 3
[15:49:44.681] [bmv2] [D] [thread 9330] [25.0] [cxt 0] Parser 'parser': start
[15:49:44.681] [bmv2] [D] [thread 9330] [25.0] [cxt 0] Parser 'parser' entering state 'start'
[15:49:44.681] [bmv2] [D] [thread 9330] [25.0] [cxt 0] Extracting header 'ethernet'
[15:49:44.682] [bmv2] [D] [thread 9330] [25.0] [cxt 0] Parser state 'start': key is 86dd
[15:49:44.683] [bmv2] [T] [thread 9330] [25.0] [cxt 0] Bytes parsed: 14
[15:49:44.683] [bmv2] [D] [thread 9330] [25.0] [cxt 0] Parser 'parser': end
[15:49:44.683] [bmv2] [D] [thread 9330] [25.0] [cxt 0] Pipeline 'ingress': start
[15:49:44.683] [bmv2] [T] [thread 9330] [25.0] [cxt 0] Applying table 'MyIngress.ipv4_lpm'
[15:49:44.684] [bmv2] [D] [thread 9330] [25.0] [cxt 0] Looking up key:
* hdr.ipv4.dstAddr    : 00000000

[15:49:44.684] [bmv2] [D] [thread 9330] [25.0] [cxt 0] Table 'MyIngress.ipv4_lpm': miss
[15:49:44.684] [bmv2] [D] [thread 9330] [25.0] [cxt 0] Action entry is MyIngress.drop - 
[15:49:44.684] [bmv2] [T] [thread 9330] [25.0] [cxt 0] Action MyIngress.drop
[15:49:44.684] [bmv2] [T] [thread 9330] [25.0] [cxt 0] routing.p4(110) Primitive mark_to_drop(standard_metadata)
[15:49:44.685] [bmv2] [D] [thread 9330] [25.0] [cxt 0] Pipeline 'ingress': end
[15:49:44.685] [bmv2] [D] [thread 9330] [25.0] [cxt 0] Egress port is 511
[15:49:44.685] [bmv2] [D] [thread 9330] [25.0] [cxt 0] Dropping packet at the end of ingress
[15:49:44.694] [bmv2] [D] [thread 9330] [26.0] [cxt 0] Processing packet received on port 2
[15:49:44.694] [bmv2] [D] [thread 9330] [26.0] [cxt 0] Parser 'parser': start
[15:49:44.694] [bmv2] [D] [thread 9330] [26.0] [cxt 0] Parser 'parser' entering state 'start'
[15:49:44.694] [bmv2] [D] [thread 9330] [26.0] [cxt 0] Extracting header 'ethernet'
[15:49:44.695] [bmv2] [D] [thread 9330] [26.0] [cxt 0] Parser state 'start': key is 0800
[15:49:44.695] [bmv2] [T] [thread 9330] [26.0] [cxt 0] Bytes parsed: 14
[15:49:44.695] [bmv2] [D] [thread 9330] [26.0] [cxt 0] Parser 'parser' entering state 'parse_ipv4'
[15:49:44.695] [bmv2] [D] [thread 9330] [26.0] [cxt 0] Extracting header 'ipv4'
[15:49:44.695] [bmv2] [D] [thread 9330] [26.0] [cxt 0] Parser state 'parse_ipv4' has no switch, going to default next state
[15:49:44.695] [bmv2] [T] [thread 9330] [26.0] [cxt 0] Bytes parsed: 34
[15:49:44.695] [bmv2] [D] [thread 9330] [26.0] [cxt 0] Parser 'parser': end
[15:49:44.696] [bmv2] [D] [thread 9330] [26.0] [cxt 0] Pipeline 'ingress': start
[15:49:44.696] [bmv2] [T] [thread 9330] [26.0] [cxt 0] Applying table 'MyIngress.ipv4_lpm'
[15:49:44.696] [bmv2] [D] [thread 9330] [26.0] [cxt 0] Looking up key:
* hdr.ipv4.dstAddr    : 0a000101

[15:49:44.696] [bmv2] [D] [thread 9330] [26.0] [cxt 0] Table 'MyIngress.ipv4_lpm': hit with handle 0
[15:49:44.696] [bmv2] [D] [thread 9330] [26.0] [cxt 0] Dumping entry 0
Match key:
* hdr.ipv4.dstAddr    : LPM       0a000101/32
Action entry: MyIngress.ipv4_forward - 80000000111,1,

[15:49:44.696] [bmv2] [D] [thread 9330] [26.0] [cxt 0] Action entry is MyIngress.ipv4_forward - 80000000111,1,
[15:49:44.696] [bmv2] [T] [thread 9330] [26.0] [cxt 0] Action MyIngress.ipv4_forward
[15:49:44.697] [bmv2] [T] [thread 9330] [26.0] [cxt 0] routing.p4(100) Primitive hdr.ethernet.dst = dstAddr
[15:49:44.697] [bmv2] [T] [thread 9330] [26.0] [cxt 0] routing.p4(100) Primitive dstAddr; ...
[15:49:44.697] [bmv2] [T] [thread 9330] [26.0] [cxt 0] routing.p4(102) Primitive standard_metadata.egress_spec = port
[15:49:44.697] [bmv2] [T] [thread 9330] [26.0] [cxt 0] routing.p4(103) Primitive hdr.ipv4.ttl = hdr.ipv4.ttl - 1
[15:49:44.698] [bmv2] [D] [thread 9330] [26.0] [cxt 0] Pipeline 'ingress': end
[15:49:44.698] [bmv2] [D] [thread 9330] [26.0] [cxt 0] Egress port is 1
[15:49:44.698] [bmv2] [D] [thread 9332] [26.0] [cxt 0] Pipeline 'egress': start
[15:49:44.699] [bmv2] [D] [thread 9332] [26.0] [cxt 0] Pipeline 'egress': end
[15:49:44.699] [bmv2] [D] [thread 9332] [26.0] [cxt 0] Deparser 'deparser': start
[15:49:44.699] [bmv2] [D] [thread 9332] [26.0] [cxt 0] Updating checksum 'cksum'
[15:49:44.699] [bmv2] [D] [thread 9332] [26.0] [cxt 0] Deparsing header 'ethernet'
[15:49:44.699] [bmv2] [D] [thread 9332] [26.0] [cxt 0] Deparsing header 'ipv4'
[15:49:44.700] [bmv2] [D] [thread 9332] [26.0] [cxt 0] Deparser 'deparser': end
[15:49:44.700] [bmv2] [D] [thread 9335] [26.0] [cxt 0] Transmitting packet of size 98 out of port 1
[15:49:44.706] [bmv2] [D] [thread 9330] [27.0] [cxt 0] Processing packet received on port 1
[15:49:44.707] [bmv2] [D] [thread 9330] [27.0] [cxt 0] Parser 'parser': start
[15:49:44.707] [bmv2] [D] [thread 9330] [27.0] [cxt 0] Parser 'parser' entering state 'start'
[15:49:44.707] [bmv2] [D] [thread 9330] [27.0] [cxt 0] Extracting header 'ethernet'
[15:49:44.707] [bmv2] [D] [thread 9330] [27.0] [cxt 0] Parser state 'start': key is 0800
[15:49:44.707] [bmv2] [T] [thread 9330] [27.0] [cxt 0] Bytes parsed: 14
[15:49:44.708] [bmv2] [D] [thread 9330] [27.0] [cxt 0] Parser 'parser' entering state 'parse_ipv4'
[15:49:44.708] [bmv2] [D] [thread 9330] [27.0] [cxt 0] Extracting header 'ipv4'
[15:49:44.708] [bmv2] [D] [thread 9330] [27.0] [cxt 0] Parser state 'parse_ipv4' has no switch, going to default next state
[15:49:44.708] [bmv2] [T] [thread 9330] [27.0] [cxt 0] Bytes parsed: 34
[15:49:44.708] [bmv2] [D] [thread 9330] [27.0] [cxt 0] Parser 'parser': end
[15:49:44.708] [bmv2] [D] [thread 9330] [27.0] [cxt 0] Pipeline 'ingress': start
[15:49:44.708] [bmv2] [T] [thread 9330] [27.0] [cxt 0] Applying table 'MyIngress.ipv4_lpm'
[15:49:44.708] [bmv2] [D] [thread 9330] [27.0] [cxt 0] Looking up key:
* hdr.ipv4.dstAddr    : 0a000303

[15:49:44.708] [bmv2] [D] [thread 9330] [27.0] [cxt 0] Table 'MyIngress.ipv4_lpm': hit with handle 2
[15:49:44.709] [bmv2] [D] [thread 9330] [27.0] [cxt 0] Dumping entry 2
Match key:
* hdr.ipv4.dstAddr    : LPM       0a000300/24
Action entry: MyIngress.ipv4_forward - 80000000666,3,

[15:49:44.709] [bmv2] [D] [thread 9330] [27.0] [cxt 0] Action entry is MyIngress.ipv4_forward - 80000000666,3,
[15:49:44.709] [bmv2] [T] [thread 9330] [27.0] [cxt 0] Action MyIngress.ipv4_forward
[15:49:44.709] [bmv2] [T] [thread 9330] [27.0] [cxt 0] routing.p4(100) Primitive hdr.ethernet.dst = dstAddr
[15:49:44.709] [bmv2] [T] [thread 9330] [27.0] [cxt 0] routing.p4(100) Primitive dstAddr; ...
[15:49:44.709] [bmv2] [T] [thread 9330] [27.0] [cxt 0] routing.p4(102) Primitive standard_metadata.egress_spec = port
[15:49:44.709] [bmv2] [T] [thread 9330] [27.0] [cxt 0] routing.p4(103) Primitive hdr.ipv4.ttl = hdr.ipv4.ttl - 1
[15:49:44.709] [bmv2] [D] [thread 9330] [27.0] [cxt 0] Pipeline 'ingress': end
[15:49:44.710] [bmv2] [D] [thread 9330] [27.0] [cxt 0] Egress port is 3
[15:49:44.710] [bmv2] [D] [thread 9334] [27.0] [cxt 0] Pipeline 'egress': start
[15:49:44.710] [bmv2] [D] [thread 9334] [27.0] [cxt 0] Pipeline 'egress': end
[15:49:44.710] [bmv2] [D] [thread 9334] [27.0] [cxt 0] Deparser 'deparser': start
[15:49:44.710] [bmv2] [D] [thread 9334] [27.0] [cxt 0] Updating checksum 'cksum'
[15:49:44.710] [bmv2] [D] [thread 9334] [27.0] [cxt 0] Deparsing header 'ethernet'
[15:49:44.711] [bmv2] [D] [thread 9334] [27.0] [cxt 0] Deparsing header 'ipv4'
[15:49:44.711] [bmv2] [D] [thread 9334] [27.0] [cxt 0] Deparser 'deparser': end
[15:49:44.711] [bmv2] [D] [thread 9335] [27.0] [cxt 0] Transmitting packet of size 98 out of port 3
[15:49:44.721] [bmv2] [D] [thread 9330] [28.0] [cxt 0] Processing packet received on port 3
[15:49:44.721] [bmv2] [D] [thread 9330] [28.0] [cxt 0] Parser 'parser': start
[15:49:44.721] [bmv2] [D] [thread 9330] [28.0] [cxt 0] Parser 'parser' entering state 'start'
[15:49:44.721] [bmv2] [D] [thread 9330] [28.0] [cxt 0] Extracting header 'ethernet'
[15:49:44.721] [bmv2] [D] [thread 9330] [28.0] [cxt 0] Parser state 'start': key is 0800
[15:49:44.721] [bmv2] [T] [thread 9330] [28.0] [cxt 0] Bytes parsed: 14
[15:49:44.722] [bmv2] [D] [thread 9330] [28.0] [cxt 0] Parser 'parser' entering state 'parse_ipv4'
[15:49:44.722] [bmv2] [D] [thread 9330] [28.0] [cxt 0] Extracting header 'ipv4'
[15:49:44.722] [bmv2] [D] [thread 9330] [28.0] [cxt 0] Parser state 'parse_ipv4' has no switch, going to default next state
[15:49:44.722] [bmv2] [T] [thread 9330] [28.0] [cxt 0] Bytes parsed: 34
[15:49:44.722] [bmv2] [D] [thread 9330] [28.0] [cxt 0] Parser 'parser': end
[15:49:44.722] [bmv2] [D] [thread 9330] [28.0] [cxt 0] Pipeline 'ingress': start
[15:49:44.722] [bmv2] [T] [thread 9330] [28.0] [cxt 0] Applying table 'MyIngress.ipv4_lpm'
[15:49:44.722] [bmv2] [D] [thread 9330] [28.0] [cxt 0] Looking up key:
* hdr.ipv4.dstAddr    : 0a000101

[15:49:44.722] [bmv2] [D] [thread 9330] [28.0] [cxt 0] Table 'MyIngress.ipv4_lpm': hit with handle 0
[15:49:44.723] [bmv2] [D] [thread 9330] [28.0] [cxt 0] Dumping entry 0
Match key:
* hdr.ipv4.dstAddr    : LPM       0a000101/32
Action entry: MyIngress.ipv4_forward - 80000000111,1,

[15:49:44.723] [bmv2] [D] [thread 9330] [28.0] [cxt 0] Action entry is MyIngress.ipv4_forward - 80000000111,1,
[15:49:44.723] [bmv2] [T] [thread 9330] [28.0] [cxt 0] Action MyIngress.ipv4_forward
[15:49:44.723] [bmv2] [T] [thread 9330] [28.0] [cxt 0] routing.p4(100) Primitive hdr.ethernet.dst = dstAddr
[15:49:44.723] [bmv2] [T] [thread 9330] [28.0] [cxt 0] routing.p4(100) Primitive dstAddr; ...
[15:49:44.723] [bmv2] [T] [thread 9330] [28.0] [cxt 0] routing.p4(102) Primitive standard_metadata.egress_spec = port
[15:49:44.723] [bmv2] [T] [thread 9330] [28.0] [cxt 0] routing.p4(103) Primitive hdr.ipv4.ttl = hdr.ipv4.ttl - 1
[15:49:44.723] [bmv2] [D] [thread 9330] [28.0] [cxt 0] Pipeline 'ingress': end
[15:49:44.723] [bmv2] [D] [thread 9330] [28.0] [cxt 0] Egress port is 1
[15:49:44.724] [bmv2] [D] [thread 9332] [28.0] [cxt 0] Pipeline 'egress': start
[15:49:44.724] [bmv2] [D] [thread 9332] [28.0] [cxt 0] Pipeline 'egress': end
[15:49:44.724] [bmv2] [D] [thread 9332] [28.0] [cxt 0] Deparser 'deparser': start
[15:49:44.724] [bmv2] [D] [thread 9332] [28.0] [cxt 0] Updating checksum 'cksum'
[15:49:44.724] [bmv2] [D] [thread 9332] [28.0] [cxt 0] Deparsing header 'ethernet'
[15:49:44.724] [bmv2] [D] [thread 9332] [28.0] [cxt 0] Deparsing header 'ipv4'
[15:49:44.724] [bmv2] [D] [thread 9332] [28.0] [cxt 0] Deparser 'deparser': end
[15:49:44.725] [bmv2] [D] [thread 9335] [28.0] [cxt 0] Transmitting packet of size 98 out of port 1
[15:49:44.735] [bmv2] [D] [thread 9330] [29.0] [cxt 0] Processing packet received on port 2
[15:49:44.735] [bmv2] [D] [thread 9330] [29.0] [cxt 0] Parser 'parser': start
[15:49:44.735] [bmv2] [D] [thread 9330] [29.0] [cxt 0] Parser 'parser' entering state 'start'
[15:49:44.735] [bmv2] [D] [thread 9330] [29.0] [cxt 0] Extracting header 'ethernet'
[15:49:44.735] [bmv2] [D] [thread 9330] [29.0] [cxt 0] Parser state 'start': key is 0800
[15:49:44.735] [bmv2] [T] [thread 9330] [29.0] [cxt 0] Bytes parsed: 14
[15:49:44.735] [bmv2] [D] [thread 9330] [29.0] [cxt 0] Parser 'parser' entering state 'parse_ipv4'
[15:49:44.735] [bmv2] [D] [thread 9330] [29.0] [cxt 0] Extracting header 'ipv4'
[15:49:44.735] [bmv2] [D] [thread 9330] [29.0] [cxt 0] Parser state 'parse_ipv4' has no switch, going to default next state
[15:49:44.736] [bmv2] [T] [thread 9330] [29.0] [cxt 0] Bytes parsed: 34
[15:49:44.736] [bmv2] [D] [thread 9330] [29.0] [cxt 0] Parser 'parser': end
[15:49:44.736] [bmv2] [D] [thread 9330] [29.0] [cxt 0] Pipeline 'ingress': start
[15:49:44.736] [bmv2] [T] [thread 9330] [29.0] [cxt 0] Applying table 'MyIngress.ipv4_lpm'
[15:49:44.736] [bmv2] [D] [thread 9330] [29.0] [cxt 0] Looking up key:
* hdr.ipv4.dstAddr    : 0a000101

[15:49:44.736] [bmv2] [D] [thread 9330] [29.0] [cxt 0] Table 'MyIngress.ipv4_lpm': hit with handle 0
[15:49:44.736] [bmv2] [D] [thread 9330] [29.0] [cxt 0] Dumping entry 0
Match key:
* hdr.ipv4.dstAddr    : LPM       0a000101/32
Action entry: MyIngress.ipv4_forward - 80000000111,1,

[15:49:44.736] [bmv2] [D] [thread 9330] [29.0] [cxt 0] Action entry is MyIngress.ipv4_forward - 80000000111,1,
[15:49:44.737] [bmv2] [T] [thread 9330] [29.0] [cxt 0] Action MyIngress.ipv4_forward
[15:49:44.737] [bmv2] [T] [thread 9330] [29.0] [cxt 0] routing.p4(100) Primitive hdr.ethernet.dst = dstAddr
[15:49:44.737] [bmv2] [T] [thread 9330] [29.0] [cxt 0] routing.p4(100) Primitive dstAddr; ...
[15:49:44.737] [bmv2] [T] [thread 9330] [29.0] [cxt 0] routing.p4(102) Primitive standard_metadata.egress_spec = port
[15:49:44.737] [bmv2] [T] [thread 9330] [29.0] [cxt 0] routing.p4(103) Primitive hdr.ipv4.ttl = hdr.ipv4.ttl - 1
[15:49:44.737] [bmv2] [D] [thread 9330] [29.0] [cxt 0] Pipeline 'ingress': end
[15:49:44.737] [bmv2] [D] [thread 9330] [29.0] [cxt 0] Egress port is 1
[15:49:44.738] [bmv2] [D] [thread 9332] [29.0] [cxt 0] Pipeline 'egress': start
[15:49:44.738] [bmv2] [D] [thread 9332] [29.0] [cxt 0] Pipeline 'egress': end
[15:49:44.738] [bmv2] [D] [thread 9332] [29.0] [cxt 0] Deparser 'deparser': start
[15:49:44.738] [bmv2] [D] [thread 9332] [29.0] [cxt 0] Updating checksum 'cksum'
[15:49:44.738] [bmv2] [D] [thread 9332] [29.0] [cxt 0] Deparsing header 'ethernet'
[15:49:44.738] [bmv2] [D] [thread 9332] [29.0] [cxt 0] Deparsing header 'ipv4'
[15:49:44.738] [bmv2] [D] [thread 9332] [29.0] [cxt 0] Deparser 'deparser': end
[15:49:44.738] [bmv2] [D] [thread 9335] [29.0] [cxt 0] Transmitting packet of size 98 out of port 1
[15:49:44.739] [bmv2] [D] [thread 9330] [30.0] [cxt 0] Processing packet received on port 1
[15:49:44.739] [bmv2] [D] [thread 9330] [30.0] [cxt 0] Parser 'parser': start
[15:49:44.739] [bmv2] [D] [thread 9330] [30.0] [cxt 0] Parser 'parser' entering state 'start'
[15:49:44.739] [bmv2] [D] [thread 9330] [30.0] [cxt 0] Extracting header 'ethernet'
[15:49:44.739] [bmv2] [D] [thread 9330] [30.0] [cxt 0] Parser state 'start': key is 0800
[15:49:44.739] [bmv2] [T] [thread 9330] [30.0] [cxt 0] Bytes parsed: 14
[15:49:44.739] [bmv2] [D] [thread 9330] [30.0] [cxt 0] Parser 'parser' entering state 'parse_ipv4'
[15:49:44.739] [bmv2] [D] [thread 9330] [30.0] [cxt 0] Extracting header 'ipv4'
[15:49:44.739] [bmv2] [D] [thread 9330] [30.0] [cxt 0] Parser state 'parse_ipv4' has no switch, going to default next state
[15:49:44.740] [bmv2] [T] [thread 9330] [30.0] [cxt 0] Bytes parsed: 34
[15:49:44.740] [bmv2] [D] [thread 9330] [30.0] [cxt 0] Parser 'parser': end
[15:49:44.740] [bmv2] [D] [thread 9330] [30.0] [cxt 0] Pipeline 'ingress': start
[15:49:44.740] [bmv2] [T] [thread 9330] [30.0] [cxt 0] Applying table 'MyIngress.ipv4_lpm'
[15:49:44.740] [bmv2] [D] [thread 9330] [30.0] [cxt 0] Looking up key:
* hdr.ipv4.dstAddr    : 0a000202

[15:49:44.740] [bmv2] [D] [thread 9330] [30.0] [cxt 0] Table 'MyIngress.ipv4_lpm': hit with handle 1
[15:49:44.740] [bmv2] [D] [thread 9330] [30.0] [cxt 0] Dumping entry 1
Match key:
* hdr.ipv4.dstAddr    : LPM       0a000200/24
Action entry: MyIngress.ipv4_forward - 80000000555,2,

[15:49:44.740] [bmv2] [D] [thread 9330] [30.0] [cxt 0] Action entry is MyIngress.ipv4_forward - 80000000555,2,
[15:49:44.740] [bmv2] [T] [thread 9330] [30.0] [cxt 0] Action MyIngress.ipv4_forward
[15:49:44.740] [bmv2] [T] [thread 9330] [30.0] [cxt 0] routing.p4(100) Primitive hdr.ethernet.dst = dstAddr
[15:49:44.740] [bmv2] [T] [thread 9330] [30.0] [cxt 0] routing.p4(100) Primitive dstAddr; ...
[15:49:44.741] [bmv2] [T] [thread 9330] [30.0] [cxt 0] routing.p4(102) Primitive standard_metadata.egress_spec = port
[15:49:44.741] [bmv2] [T] [thread 9330] [30.0] [cxt 0] routing.p4(103) Primitive hdr.ipv4.ttl = hdr.ipv4.ttl - 1
[15:49:44.741] [bmv2] [D] [thread 9330] [30.0] [cxt 0] Pipeline 'ingress': end
[15:49:44.741] [bmv2] [D] [thread 9330] [30.0] [cxt 0] Egress port is 2
[15:49:44.741] [bmv2] [D] [thread 9333] [30.0] [cxt 0] Pipeline 'egress': start
[15:49:44.741] [bmv2] [D] [thread 9333] [30.0] [cxt 0] Pipeline 'egress': end
[15:49:44.741] [bmv2] [D] [thread 9333] [30.0] [cxt 0] Deparser 'deparser': start
[15:49:44.741] [bmv2] [D] [thread 9333] [30.0] [cxt 0] Updating checksum 'cksum'
[15:49:44.741] [bmv2] [D] [thread 9333] [30.0] [cxt 0] Deparsing header 'ethernet'
[15:49:44.741] [bmv2] [D] [thread 9333] [30.0] [cxt 0] Deparsing header 'ipv4'
[15:49:44.742] [bmv2] [D] [thread 9333] [30.0] [cxt 0] Deparser 'deparser': end
[15:49:44.742] [bmv2] [D] [thread 9335] [30.0] [cxt 0] Transmitting packet of size 98 out of port 2
[15:49:44.752] [bmv2] [D] [thread 9330] [31.0] [cxt 0] Processing packet received on port 2
[15:49:44.752] [bmv2] [D] [thread 9330] [31.0] [cxt 0] Parser 'parser': start
[15:49:44.753] [bmv2] [D] [thread 9330] [31.0] [cxt 0] Parser 'parser' entering state 'start'
[15:49:44.753] [bmv2] [D] [thread 9330] [31.0] [cxt 0] Extracting header 'ethernet'
[15:49:44.753] [bmv2] [D] [thread 9330] [31.0] [cxt 0] Parser state 'start': key is 86dd
[15:49:44.753] [bmv2] [T] [thread 9330] [31.0] [cxt 0] Bytes parsed: 14
[15:49:44.753] [bmv2] [D] [thread 9330] [31.0] [cxt 0] Parser 'parser': end
[15:49:44.753] [bmv2] [D] [thread 9330] [31.0] [cxt 0] Pipeline 'ingress': start
[15:49:44.753] [bmv2] [T] [thread 9330] [31.0] [cxt 0] Applying table 'MyIngress.ipv4_lpm'
[15:49:44.753] [bmv2] [D] [thread 9330] [31.0] [cxt 0] Looking up key:
* hdr.ipv4.dstAddr    : 00000000

[15:49:44.753] [bmv2] [D] [thread 9330] [31.0] [cxt 0] Table 'MyIngress.ipv4_lpm': miss
[15:49:44.753] [bmv2] [D] [thread 9330] [31.0] [cxt 0] Action entry is MyIngress.drop - 
[15:49:44.754] [bmv2] [T] [thread 9330] [31.0] [cxt 0] Action MyIngress.drop
[15:49:44.754] [bmv2] [T] [thread 9330] [31.0] [cxt 0] routing.p4(110) Primitive mark_to_drop(standard_metadata)
[15:49:44.754] [bmv2] [D] [thread 9330] [31.0] [cxt 0] Pipeline 'ingress': end
[15:49:44.754] [bmv2] [D] [thread 9330] [31.0] [cxt 0] Egress port is 511
[15:49:44.754] [bmv2] [D] [thread 9330] [31.0] [cxt 0] Dropping packet at the end of ingress
[15:49:44.769] [bmv2] [D] [thread 9330] [32.0] [cxt 0] Processing packet received on port 3
[15:49:44.769] [bmv2] [D] [thread 9330] [32.0] [cxt 0] Parser 'parser': start
[15:49:44.769] [bmv2] [D] [thread 9330] [32.0] [cxt 0] Parser 'parser' entering state 'start'
[15:49:44.769] [bmv2] [D] [thread 9330] [32.0] [cxt 0] Extracting header 'ethernet'
[15:49:44.769] [bmv2] [D] [thread 9330] [32.0] [cxt 0] Parser state 'start': key is 86dd
[15:49:44.769] [bmv2] [T] [thread 9330] [32.0] [cxt 0] Bytes parsed: 14
[15:49:44.770] [bmv2] [D] [thread 9330] [32.0] [cxt 0] Parser 'parser': end
[15:49:44.770] [bmv2] [D] [thread 9330] [32.0] [cxt 0] Pipeline 'ingress': start
[15:49:44.770] [bmv2] [T] [thread 9330] [32.0] [cxt 0] Applying table 'MyIngress.ipv4_lpm'
[15:49:44.770] [bmv2] [D] [thread 9330] [32.0] [cxt 0] Looking up key:
* hdr.ipv4.dstAddr    : 00000000

[15:49:44.770] [bmv2] [D] [thread 9330] [32.0] [cxt 0] Table 'MyIngress.ipv4_lpm': miss
[15:49:44.770] [bmv2] [D] [thread 9330] [32.0] [cxt 0] Action entry is MyIngress.drop - 
[15:49:44.771] [bmv2] [T] [thread 9330] [32.0] [cxt 0] Action MyIngress.drop
[15:49:44.771] [bmv2] [T] [thread 9330] [32.0] [cxt 0] routing.p4(110) Primitive mark_to_drop(standard_metadata)
[15:49:44.771] [bmv2] [D] [thread 9330] [32.0] [cxt 0] Pipeline 'ingress': end
[15:49:44.771] [bmv2] [D] [thread 9330] [32.0] [cxt 0] Egress port is 511
[15:49:44.771] [bmv2] [D] [thread 9330] [32.0] [cxt 0] Dropping packet at the end of ingress
[15:49:44.775] [bmv2] [D] [thread 9330] [33.0] [cxt 0] Processing packet received on port 3
[15:49:44.775] [bmv2] [D] [thread 9330] [33.0] [cxt 0] Parser 'parser': start
[15:49:44.775] [bmv2] [D] [thread 9330] [33.0] [cxt 0] Parser 'parser' entering state 'start'
[15:49:44.775] [bmv2] [D] [thread 9330] [33.0] [cxt 0] Extracting header 'ethernet'
[15:49:44.775] [bmv2] [D] [thread 9330] [33.0] [cxt 0] Parser state 'start': key is 0800
[15:49:44.775] [bmv2] [T] [thread 9330] [33.0] [cxt 0] Bytes parsed: 14
[15:49:44.775] [bmv2] [D] [thread 9330] [33.0] [cxt 0] Parser 'parser' entering state 'parse_ipv4'
[15:49:44.775] [bmv2] [D] [thread 9330] [33.0] [cxt 0] Extracting header 'ipv4'
[15:49:44.775] [bmv2] [D] [thread 9330] [33.0] [cxt 0] Parser state 'parse_ipv4' has no switch, going to default next state
[15:49:44.775] [bmv2] [T] [thread 9330] [33.0] [cxt 0] Bytes parsed: 34
[15:49:44.775] [bmv2] [D] [thread 9330] [33.0] [cxt 0] Parser 'parser': end
[15:49:44.775] [bmv2] [D] [thread 9330] [33.0] [cxt 0] Pipeline 'ingress': start
[15:49:44.776] [bmv2] [T] [thread 9330] [33.0] [cxt 0] Applying table 'MyIngress.ipv4_lpm'
[15:49:44.776] [bmv2] [D] [thread 9330] [33.0] [cxt 0] Looking up key:
* hdr.ipv4.dstAddr    : 0a000101

[15:49:44.776] [bmv2] [D] [thread 9330] [33.0] [cxt 0] Table 'MyIngress.ipv4_lpm': hit with handle 0
[15:49:44.776] [bmv2] [D] [thread 9330] [33.0] [cxt 0] Dumping entry 0
Match key:
* hdr.ipv4.dstAddr    : LPM       0a000101/32
Action entry: MyIngress.ipv4_forward - 80000000111,1,

[15:49:44.776] [bmv2] [D] [thread 9330] [33.0] [cxt 0] Action entry is MyIngress.ipv4_forward - 80000000111,1,
[15:49:44.776] [bmv2] [T] [thread 9330] [33.0] [cxt 0] Action MyIngress.ipv4_forward
[15:49:44.776] [bmv2] [T] [thread 9330] [33.0] [cxt 0] routing.p4(100) Primitive hdr.ethernet.dst = dstAddr
[15:49:44.776] [bmv2] [T] [thread 9330] [33.0] [cxt 0] routing.p4(100) Primitive dstAddr; ...
[15:49:44.776] [bmv2] [T] [thread 9330] [33.0] [cxt 0] routing.p4(102) Primitive standard_metadata.egress_spec = port
[15:49:44.776] [bmv2] [T] [thread 9330] [33.0] [cxt 0] routing.p4(103) Primitive hdr.ipv4.ttl = hdr.ipv4.ttl - 1
[15:49:44.776] [bmv2] [D] [thread 9330] [33.0] [cxt 0] Pipeline 'ingress': end
[15:49:44.776] [bmv2] [D] [thread 9330] [33.0] [cxt 0] Egress port is 1
[15:49:44.777] [bmv2] [D] [thread 9332] [33.0] [cxt 0] Pipeline 'egress': start
[15:49:44.777] [bmv2] [D] [thread 9332] [33.0] [cxt 0] Pipeline 'egress': end
[15:49:44.777] [bmv2] [D] [thread 9332] [33.0] [cxt 0] Deparser 'deparser': start
[15:49:44.777] [bmv2] [D] [thread 9332] [33.0] [cxt 0] Updating checksum 'cksum'
[15:49:44.777] [bmv2] [D] [thread 9332] [33.0] [cxt 0] Deparsing header 'ethernet'
[15:49:44.777] [bmv2] [D] [thread 9332] [33.0] [cxt 0] Deparsing header 'ipv4'
[15:49:44.777] [bmv2] [D] [thread 9332] [33.0] [cxt 0] Deparser 'deparser': end
[15:49:44.777] [bmv2] [D] [thread 9335] [33.0] [cxt 0] Transmitting packet of size 98 out of port 1
[15:49:44.778] [bmv2] [D] [thread 9330] [34.0] [cxt 0] Processing packet received on port 1
[15:49:44.778] [bmv2] [D] [thread 9330] [34.0] [cxt 0] Parser 'parser': start
[15:49:44.778] [bmv2] [D] [thread 9330] [34.0] [cxt 0] Parser 'parser' entering state 'start'
[15:49:44.778] [bmv2] [D] [thread 9330] [34.0] [cxt 0] Extracting header 'ethernet'
[15:49:44.778] [bmv2] [D] [thread 9330] [34.0] [cxt 0] Parser state 'start': key is 0800
[15:49:44.778] [bmv2] [T] [thread 9330] [34.0] [cxt 0] Bytes parsed: 14
[15:49:44.778] [bmv2] [D] [thread 9330] [34.0] [cxt 0] Parser 'parser' entering state 'parse_ipv4'
[15:49:44.778] [bmv2] [D] [thread 9330] [34.0] [cxt 0] Extracting header 'ipv4'
[15:49:44.778] [bmv2] [D] [thread 9330] [34.0] [cxt 0] Parser state 'parse_ipv4' has no switch, going to default next state
[15:49:44.779] [bmv2] [T] [thread 9330] [34.0] [cxt 0] Bytes parsed: 34
[15:49:44.779] [bmv2] [D] [thread 9330] [34.0] [cxt 0] Parser 'parser': end
[15:49:44.779] [bmv2] [D] [thread 9330] [34.0] [cxt 0] Pipeline 'ingress': start
[15:49:44.779] [bmv2] [T] [thread 9330] [34.0] [cxt 0] Applying table 'MyIngress.ipv4_lpm'
[15:49:44.779] [bmv2] [D] [thread 9330] [34.0] [cxt 0] Looking up key:
* hdr.ipv4.dstAddr    : 0a000303

[15:49:44.779] [bmv2] [D] [thread 9330] [34.0] [cxt 0] Table 'MyIngress.ipv4_lpm': hit with handle 2
[15:49:44.779] [bmv2] [D] [thread 9330] [34.0] [cxt 0] Dumping entry 2
Match key:
* hdr.ipv4.dstAddr    : LPM       0a000300/24
Action entry: MyIngress.ipv4_forward - 80000000666,3,

[15:49:44.779] [bmv2] [D] [thread 9330] [34.0] [cxt 0] Action entry is MyIngress.ipv4_forward - 80000000666,3,
[15:49:44.779] [bmv2] [T] [thread 9330] [34.0] [cxt 0] Action MyIngress.ipv4_forward
[15:49:44.779] [bmv2] [T] [thread 9330] [34.0] [cxt 0] routing.p4(100) Primitive hdr.ethernet.dst = dstAddr
[15:49:44.779] [bmv2] [T] [thread 9330] [34.0] [cxt 0] routing.p4(100) Primitive dstAddr; ...
[15:49:44.779] [bmv2] [T] [thread 9330] [34.0] [cxt 0] routing.p4(102) Primitive standard_metadata.egress_spec = port
[15:49:44.779] [bmv2] [T] [thread 9330] [34.0] [cxt 0] routing.p4(103) Primitive hdr.ipv4.ttl = hdr.ipv4.ttl - 1
[15:49:44.780] [bmv2] [D] [thread 9330] [34.0] [cxt 0] Pipeline 'ingress': end
[15:49:44.780] [bmv2] [D] [thread 9330] [34.0] [cxt 0] Egress port is 3
[15:49:44.780] [bmv2] [D] [thread 9334] [34.0] [cxt 0] Pipeline 'egress': start
[15:49:44.780] [bmv2] [D] [thread 9334] [34.0] [cxt 0] Pipeline 'egress': end
[15:49:44.780] [bmv2] [D] [thread 9334] [34.0] [cxt 0] Deparser 'deparser': start
[15:49:44.780] [bmv2] [D] [thread 9334] [34.0] [cxt 0] Updating checksum 'cksum'
[15:49:44.780] [bmv2] [D] [thread 9334] [34.0] [cxt 0] Deparsing header 'ethernet'
[15:49:44.780] [bmv2] [D] [thread 9334] [34.0] [cxt 0] Deparsing header 'ipv4'
[15:49:44.781] [bmv2] [D] [thread 9334] [34.0] [cxt 0] Deparser 'deparser': end
[15:49:44.781] [bmv2] [D] [thread 9335] [34.0] [cxt 0] Transmitting packet of size 98 out of port 3
[15:49:45.041] [bmv2] [D] [thread 9330] [35.0] [cxt 0] Processing packet received on port 2
[15:49:45.041] [bmv2] [D] [thread 9330] [35.0] [cxt 0] Parser 'parser': start
[15:49:45.041] [bmv2] [D] [thread 9330] [35.0] [cxt 0] Parser 'parser' entering state 'start'
[15:49:45.042] [bmv2] [D] [thread 9330] [35.0] [cxt 0] Extracting header 'ethernet'
[15:49:45.042] [bmv2] [D] [thread 9330] [35.0] [cxt 0] Parser state 'start': key is 86dd
[15:49:45.042] [bmv2] [T] [thread 9330] [35.0] [cxt 0] Bytes parsed: 14
[15:49:45.042] [bmv2] [D] [thread 9330] [35.0] [cxt 0] Parser 'parser': end
[15:49:45.042] [bmv2] [D] [thread 9330] [35.0] [cxt 0] Pipeline 'ingress': start
[15:49:45.043] [bmv2] [T] [thread 9330] [35.0] [cxt 0] Applying table 'MyIngress.ipv4_lpm'
[15:49:45.043] [bmv2] [D] [thread 9330] [35.0] [cxt 0] Looking up key:
* hdr.ipv4.dstAddr    : 00000000

[15:49:45.043] [bmv2] [D] [thread 9330] [35.0] [cxt 0] Table 'MyIngress.ipv4_lpm': miss
[15:49:45.043] [bmv2] [D] [thread 9330] [35.0] [cxt 0] Action entry is MyIngress.drop - 
[15:49:45.043] [bmv2] [T] [thread 9330] [35.0] [cxt 0] Action MyIngress.drop
[15:49:45.044] [bmv2] [T] [thread 9330] [35.0] [cxt 0] routing.p4(110) Primitive mark_to_drop(standard_metadata)
[15:49:45.044] [bmv2] [D] [thread 9330] [35.0] [cxt 0] Pipeline 'ingress': end
[15:49:45.044] [bmv2] [D] [thread 9330] [35.0] [cxt 0] Egress port is 511
[15:49:45.044] [bmv2] [D] [thread 9330] [35.0] [cxt 0] Dropping packet at the end of ingress
open: No such file or directory
