Calling target program-options parser
[15:49:39.859] [bmv2] [D] [thread 9337] Set default default entry for table 'MyIngress.ipv4_lpm': NoAction - 
Adding interface s2-eth1 as port 1
[15:49:39.860] [bmv2] [D] [thread 9337] Adding interface s2-eth1 as port 1
Adding interface s2-eth2 as port 2
[15:49:39.882] [bmv2] [D] [thread 9337] Adding interface s2-eth2 as port 2
Adding interface s2-eth3 as port 3
[15:49:39.906] [bmv2] [D] [thread 9337] Adding interface s2-eth3 as port 3
I1207 15:49:39.930248011    9337 server_builder.cc:247]      Synchronous server. Num CQs: 1, Min pollers: 1, Max Pollers: 2147483647, CQ timeout (msec): 1000
Server listening on 0.0.0.0:50052
[15:49:39.935] [bmv2] [I] [thread 9337] Starting Thrift server on port 9091
[15:49:39.935] [bmv2] [I] [thread 9337] Thrift server was started
[15:49:40.029] [bmv2] [D] [thread 9344] [0.0] [cxt 0] Processing packet received on port 2
[15:49:40.030] [bmv2] [D] [thread 9344] [0.0] [cxt 0] Parser 'parser': start
[15:49:40.030] [bmv2] [D] [thread 9344] [0.0] [cxt 0] Parser 'parser' entering state 'start'
[15:49:40.031] [bmv2] [D] [thread 9344] [0.0] [cxt 0] Extracting header 'ethernet'
[15:49:40.031] [bmv2] [D] [thread 9344] [0.0] [cxt 0] Parser state 'start': key is 86dd
[15:49:40.032] [bmv2] [T] [thread 9344] [0.0] [cxt 0] Bytes parsed: 14
[15:49:40.032] [bmv2] [D] [thread 9344] [0.0] [cxt 0] Parser 'parser': end
[15:49:40.032] [bmv2] [D] [thread 9344] [0.0] [cxt 0] Pipeline 'ingress': start
[15:49:40.033] [bmv2] [T] [thread 9344] [0.0] [cxt 0] Applying table 'MyIngress.ipv4_lpm'
[15:49:40.033] [bmv2] [D] [thread 9344] [0.0] [cxt 0] Looking up key:
* hdr.ipv4.dstAddr    : 00000000

[15:49:40.033] [bmv2] [D] [thread 9344] [0.0] [cxt 0] Table 'MyIngress.ipv4_lpm': miss
[15:49:40.034] [bmv2] [D] [thread 9344] [0.0] [cxt 0] Action entry is NoAction - 
[15:49:40.034] [bmv2] [T] [thread 9344] [0.0] [cxt 0] Action NoAction
[15:49:40.035] [bmv2] [D] [thread 9344] [0.0] [cxt 0] Pipeline 'ingress': end
[15:49:40.035] [bmv2] [D] [thread 9344] [0.0] [cxt 0] Egress port is 0
[15:49:40.035] [bmv2] [D] [thread 9345] [0.0] [cxt 0] Pipeline 'egress': start
[15:49:40.036] [bmv2] [D] [thread 9345] [0.0] [cxt 0] Pipeline 'egress': end
[15:49:40.036] [bmv2] [D] [thread 9345] [0.0] [cxt 0] Deparser 'deparser': start
[15:49:40.036] [bmv2] [T] [thread 9345] [0.0] [cxt 0] Skipping checksum 'cksum' update because condition not met
[15:49:40.036] [bmv2] [D] [thread 9345] [0.0] [cxt 0] Deparsing header 'ethernet'
[15:49:40.037] [bmv2] [D] [thread 9345] [0.0] [cxt 0] Deparser 'deparser': end
[15:49:40.037] [bmv2] [D] [thread 9349] [0.0] [cxt 0] Transmitting packet of size 78 out of port 0
[15:49:40.478] [bmv2] [D] [thread 9344] [1.0] [cxt 0] Processing packet received on port 1
[15:49:40.479] [bmv2] [D] [thread 9344] [1.0] [cxt 0] Parser 'parser': start
[15:49:40.479] [bmv2] [D] [thread 9344] [1.0] [cxt 0] Parser 'parser' entering state 'start'
[15:49:40.480] [bmv2] [D] [thread 9344] [1.0] [cxt 0] Extracting header 'ethernet'
[15:49:40.480] [bmv2] [D] [thread 9344] [1.0] [cxt 0] Parser state 'start': key is 86dd
[15:49:40.480] [bmv2] [T] [thread 9344] [1.0] [cxt 0] Bytes parsed: 14
[15:49:40.480] [bmv2] [D] [thread 9344] [1.0] [cxt 0] Parser 'parser': end
[15:49:40.481] [bmv2] [D] [thread 9344] [1.0] [cxt 0] Pipeline 'ingress': start
[15:49:40.481] [bmv2] [T] [thread 9344] [1.0] [cxt 0] Applying table 'MyIngress.ipv4_lpm'
[15:49:40.481] [bmv2] [D] [thread 9344] [1.0] [cxt 0] Looking up key:
* hdr.ipv4.dstAddr    : 00000000

[15:49:40.481] [bmv2] [D] [thread 9344] [1.0] [cxt 0] Table 'MyIngress.ipv4_lpm': miss
[15:49:40.482] [bmv2] [D] [thread 9344] [1.0] [cxt 0] Action entry is NoAction - 
[15:49:40.482] [bmv2] [T] [thread 9344] [1.0] [cxt 0] Action NoAction
[15:49:40.482] [bmv2] [D] [thread 9344] [1.0] [cxt 0] Pipeline 'ingress': end
[15:49:40.482] [bmv2] [D] [thread 9344] [1.0] [cxt 0] Egress port is 0
[15:49:40.483] [bmv2] [D] [thread 9344] [2.0] [cxt 0] Processing packet received on port 1
[15:49:40.483] [bmv2] [D] [thread 9344] [2.0] [cxt 0] Parser 'parser': start
[15:49:40.483] [bmv2] [D] [thread 9344] [2.0] [cxt 0] Parser 'parser' entering state 'start'
[15:49:40.484] [bmv2] [D] [thread 9344] [2.0] [cxt 0] Extracting header 'ethernet'
[15:49:40.484] [bmv2] [D] [thread 9344] [2.0] [cxt 0] Parser state 'start': key is 86dd
[15:49:40.484] [bmv2] [T] [thread 9344] [2.0] [cxt 0] Bytes parsed: 14
[15:49:40.484] [bmv2] [D] [thread 9344] [2.0] [cxt 0] Parser 'parser': end
[15:49:40.484] [bmv2] [D] [thread 9344] [2.0] [cxt 0] Pipeline 'ingress': start
[15:49:40.485] [bmv2] [T] [thread 9344] [2.0] [cxt 0] Applying table 'MyIngress.ipv4_lpm'
[15:49:40.485] [bmv2] [D] [thread 9344] [2.0] [cxt 0] Looking up key:
* hdr.ipv4.dstAddr    : 00000000

[15:49:40.485] [bmv2] [D] [thread 9344] [2.0] [cxt 0] Table 'MyIngress.ipv4_lpm': miss
[15:49:40.485] [bmv2] [D] [thread 9344] [2.0] [cxt 0] Action entry is NoAction - 
[15:49:40.486] [bmv2] [T] [thread 9344] [2.0] [cxt 0] Action NoAction
[15:49:40.486] [bmv2] [D] [thread 9344] [2.0] [cxt 0] Pipeline 'ingress': end
[15:49:40.486] [bmv2] [D] [thread 9344] [2.0] [cxt 0] Egress port is 0
[15:49:40.483] [bmv2] [D] [thread 9345] [1.0] [cxt 0] Pipeline 'egress': start
[15:49:40.487] [bmv2] [D] [thread 9345] [1.0] [cxt 0] Pipeline 'egress': end
[15:49:40.487] [bmv2] [D] [thread 9345] [1.0] [cxt 0] Deparser 'deparser': start
[15:49:40.487] [bmv2] [T] [thread 9345] [1.0] [cxt 0] Skipping checksum 'cksum' update because condition not met
[15:49:40.487] [bmv2] [D] [thread 9345] [1.0] [cxt 0] Deparsing header 'ethernet'
[15:49:40.487] [bmv2] [D] [thread 9345] [1.0] [cxt 0] Deparser 'deparser': end
[15:49:40.487] [bmv2] [D] [thread 9345] [2.0] [cxt 0] Pipeline 'egress': start
[15:49:40.488] [bmv2] [D] [thread 9345] [2.0] [cxt 0] Pipeline 'egress': end
[15:49:40.488] [bmv2] [D] [thread 9345] [2.0] [cxt 0] Deparser 'deparser': start
[15:49:40.488] [bmv2] [T] [thread 9345] [2.0] [cxt 0] Skipping checksum 'cksum' update because condition not met
[15:49:40.488] [bmv2] [D] [thread 9345] [2.0] [cxt 0] Deparsing header 'ethernet'
[15:49:40.488] [bmv2] [D] [thread 9345] [2.0] [cxt 0] Deparser 'deparser': end
[15:49:40.487] [bmv2] [D] [thread 9349] [1.0] [cxt 0] Transmitting packet of size 90 out of port 0
[15:49:40.488] [bmv2] [D] [thread 9349] [2.0] [cxt 0] Transmitting packet of size 70 out of port 0
[15:49:40.573] [bmv2] [D] [thread 9344] [3.0] [cxt 0] Processing packet received on port 1
[15:49:40.573] [bmv2] [D] [thread 9344] [3.0] [cxt 0] Parser 'parser': start
[15:49:40.574] [bmv2] [D] [thread 9344] [3.0] [cxt 0] Parser 'parser' entering state 'start'
[15:49:40.574] [bmv2] [D] [thread 9344] [3.0] [cxt 0] Extracting header 'ethernet'
[15:49:40.574] [bmv2] [D] [thread 9344] [3.0] [cxt 0] Parser state 'start': key is 86dd
[15:49:40.575] [bmv2] [T] [thread 9344] [3.0] [cxt 0] Bytes parsed: 14
[15:49:40.575] [bmv2] [D] [thread 9344] [3.0] [cxt 0] Parser 'parser': end
[15:49:40.575] [bmv2] [D] [thread 9344] [3.0] [cxt 0] Pipeline 'ingress': start
[15:49:40.576] [bmv2] [T] [thread 9344] [3.0] [cxt 0] Applying table 'MyIngress.ipv4_lpm'
[15:49:40.576] [bmv2] [D] [thread 9344] [3.0] [cxt 0] Looking up key:
* hdr.ipv4.dstAddr    : 00000000

[15:49:40.576] [bmv2] [D] [thread 9344] [3.0] [cxt 0] Table 'MyIngress.ipv4_lpm': miss
[15:49:40.577] [bmv2] [D] [thread 9344] [3.0] [cxt 0] Action entry is NoAction - 
[15:49:40.577] [bmv2] [T] [thread 9344] [3.0] [cxt 0] Action NoAction
[15:49:40.577] [bmv2] [D] [thread 9344] [3.0] [cxt 0] Pipeline 'ingress': end
[15:49:40.577] [bmv2] [D] [thread 9344] [3.0] [cxt 0] Egress port is 0
[15:49:40.577] [bmv2] [D] [thread 9345] [3.0] [cxt 0] Pipeline 'egress': start
[15:49:40.578] [bmv2] [D] [thread 9345] [3.0] [cxt 0] Pipeline 'egress': end
[15:49:40.578] [bmv2] [D] [thread 9345] [3.0] [cxt 0] Deparser 'deparser': start
[15:49:40.578] [bmv2] [T] [thread 9345] [3.0] [cxt 0] Skipping checksum 'cksum' update because condition not met
[15:49:40.578] [bmv2] [D] [thread 9345] [3.0] [cxt 0] Deparsing header 'ethernet'
[15:49:40.579] [bmv2] [D] [thread 9345] [3.0] [cxt 0] Deparser 'deparser': end
[15:49:40.579] [bmv2] [D] [thread 9349] [3.0] [cxt 0] Transmitting packet of size 90 out of port 0
[15:49:40.685] [bmv2] [D] [thread 9344] [4.0] [cxt 0] Processing packet received on port 3
[15:49:40.685] [bmv2] [D] [thread 9344] [4.0] [cxt 0] Parser 'parser': start
[15:49:40.685] [bmv2] [D] [thread 9344] [4.0] [cxt 0] Parser 'parser' entering state 'start'
[15:49:40.685] [bmv2] [D] [thread 9344] [4.0] [cxt 0] Extracting header 'ethernet'
[15:49:40.686] [bmv2] [D] [thread 9344] [4.0] [cxt 0] Parser state 'start': key is 86dd
[15:49:40.686] [bmv2] [T] [thread 9344] [4.0] [cxt 0] Bytes parsed: 14
[15:49:40.686] [bmv2] [D] [thread 9344] [4.0] [cxt 0] Parser 'parser': end
[15:49:40.686] [bmv2] [D] [thread 9344] [4.0] [cxt 0] Pipeline 'ingress': start
[15:49:40.686] [bmv2] [T] [thread 9344] [4.0] [cxt 0] Applying table 'MyIngress.ipv4_lpm'
[15:49:40.686] [bmv2] [D] [thread 9344] [4.0] [cxt 0] Looking up key:
* hdr.ipv4.dstAddr    : 00000000

[15:49:40.686] [bmv2] [D] [thread 9344] [4.0] [cxt 0] Table 'MyIngress.ipv4_lpm': miss
[15:49:40.687] [bmv2] [D] [thread 9344] [4.0] [cxt 0] Action entry is NoAction - 
[15:49:40.687] [bmv2] [T] [thread 9344] [4.0] [cxt 0] Action NoAction
[15:49:40.687] [bmv2] [D] [thread 9344] [4.0] [cxt 0] Pipeline 'ingress': end
[15:49:40.687] [bmv2] [D] [thread 9344] [4.0] [cxt 0] Egress port is 0
[15:49:40.687] [bmv2] [D] [thread 9345] [4.0] [cxt 0] Pipeline 'egress': start
[15:49:40.687] [bmv2] [D] [thread 9345] [4.0] [cxt 0] Pipeline 'egress': end
[15:49:40.687] [bmv2] [D] [thread 9345] [4.0] [cxt 0] Deparser 'deparser': start
[15:49:40.687] [bmv2] [T] [thread 9345] [4.0] [cxt 0] Skipping checksum 'cksum' update because condition not met
[15:49:40.687] [bmv2] [D] [thread 9345] [4.0] [cxt 0] Deparsing header 'ethernet'
[15:49:40.687] [bmv2] [D] [thread 9345] [4.0] [cxt 0] Deparser 'deparser': end
[15:49:40.687] [bmv2] [D] [thread 9349] [4.0] [cxt 0] Transmitting packet of size 90 out of port 0
[15:49:40.687] [bmv2] [D] [thread 9344] [5.0] [cxt 0] Processing packet received on port 3
[15:49:40.687] [bmv2] [D] [thread 9344] [5.0] [cxt 0] Parser 'parser': start
[15:49:40.687] [bmv2] [D] [thread 9344] [5.0] [cxt 0] Parser 'parser' entering state 'start'
[15:49:40.688] [bmv2] [D] [thread 9344] [5.0] [cxt 0] Extracting header 'ethernet'
[15:49:40.688] [bmv2] [D] [thread 9344] [5.0] [cxt 0] Parser state 'start': key is 86dd
[15:49:40.688] [bmv2] [T] [thread 9344] [5.0] [cxt 0] Bytes parsed: 14
[15:49:40.688] [bmv2] [D] [thread 9344] [5.0] [cxt 0] Parser 'parser': end
[15:49:40.688] [bmv2] [D] [thread 9344] [5.0] [cxt 0] Pipeline 'ingress': start
[15:49:40.688] [bmv2] [T] [thread 9344] [5.0] [cxt 0] Applying table 'MyIngress.ipv4_lpm'
[15:49:40.688] [bmv2] [D] [thread 9344] [5.0] [cxt 0] Looking up key:
* hdr.ipv4.dstAddr    : 00000000

[15:49:40.688] [bmv2] [D] [thread 9344] [5.0] [cxt 0] Table 'MyIngress.ipv4_lpm': miss
[15:49:40.688] [bmv2] [D] [thread 9344] [5.0] [cxt 0] Action entry is NoAction - 
[15:49:40.688] [bmv2] [T] [thread 9344] [5.0] [cxt 0] Action NoAction
[15:49:40.688] [bmv2] [D] [thread 9344] [5.0] [cxt 0] Pipeline 'ingress': end
[15:49:40.688] [bmv2] [D] [thread 9344] [5.0] [cxt 0] Egress port is 0
[15:49:40.688] [bmv2] [D] [thread 9345] [5.0] [cxt 0] Pipeline 'egress': start
[15:49:40.688] [bmv2] [D] [thread 9345] [5.0] [cxt 0] Pipeline 'egress': end
[15:49:40.688] [bmv2] [D] [thread 9345] [5.0] [cxt 0] Deparser 'deparser': start
[15:49:40.688] [bmv2] [T] [thread 9345] [5.0] [cxt 0] Skipping checksum 'cksum' update because condition not met
[15:49:40.688] [bmv2] [D] [thread 9345] [5.0] [cxt 0] Deparsing header 'ethernet'
[15:49:40.689] [bmv2] [D] [thread 9345] [5.0] [cxt 0] Deparser 'deparser': end
[15:49:40.689] [bmv2] [D] [thread 9349] [5.0] [cxt 0] Transmitting packet of size 70 out of port 0
[15:49:40.747] [bmv2] [D] [thread 9344] [6.0] [cxt 0] Processing packet received on port 2
[15:49:40.747] [bmv2] [D] [thread 9344] [6.0] [cxt 0] Parser 'parser': start
[15:49:40.747] [bmv2] [D] [thread 9344] [6.0] [cxt 0] Parser 'parser' entering state 'start'
[15:49:40.747] [bmv2] [D] [thread 9344] [6.0] [cxt 0] Extracting header 'ethernet'
[15:49:40.748] [bmv2] [D] [thread 9344] [6.0] [cxt 0] Parser state 'start': key is 86dd
[15:49:40.748] [bmv2] [T] [thread 9344] [6.0] [cxt 0] Bytes parsed: 14
[15:49:40.748] [bmv2] [D] [thread 9344] [6.0] [cxt 0] Parser 'parser': end
[15:49:40.748] [bmv2] [D] [thread 9344] [6.0] [cxt 0] Pipeline 'ingress': start
[15:49:40.749] [bmv2] [T] [thread 9344] [6.0] [cxt 0] Applying table 'MyIngress.ipv4_lpm'
[15:49:40.749] [bmv2] [D] [thread 9344] [6.0] [cxt 0] Looking up key:
* hdr.ipv4.dstAddr    : 00000000

[15:49:40.749] [bmv2] [D] [thread 9344] [6.0] [cxt 0] Table 'MyIngress.ipv4_lpm': miss
[15:49:40.750] [bmv2] [D] [thread 9344] [6.0] [cxt 0] Action entry is NoAction - 
[15:49:40.750] [bmv2] [T] [thread 9344] [6.0] [cxt 0] Action NoAction
[15:49:40.750] [bmv2] [D] [thread 9344] [6.0] [cxt 0] Pipeline 'ingress': end
[15:49:40.750] [bmv2] [D] [thread 9344] [6.0] [cxt 0] Egress port is 0
[15:49:40.751] [bmv2] [D] [thread 9345] [6.0] [cxt 0] Pipeline 'egress': start
[15:49:40.751] [bmv2] [D] [thread 9345] [6.0] [cxt 0] Pipeline 'egress': end
[15:49:40.751] [bmv2] [D] [thread 9345] [6.0] [cxt 0] Deparser 'deparser': start
[15:49:40.751] [bmv2] [T] [thread 9345] [6.0] [cxt 0] Skipping checksum 'cksum' update because condition not met
[15:49:40.752] [bmv2] [D] [thread 9345] [6.0] [cxt 0] Deparsing header 'ethernet'
[15:49:40.752] [bmv2] [D] [thread 9345] [6.0] [cxt 0] Deparser 'deparser': end
[15:49:40.752] [bmv2] [D] [thread 9349] [6.0] [cxt 0] Transmitting packet of size 90 out of port 0
[15:49:40.751] [bmv2] [D] [thread 9344] [7.0] [cxt 0] Processing packet received on port 2
[15:49:40.753] [bmv2] [D] [thread 9344] [7.0] [cxt 0] Parser 'parser': start
[15:49:40.753] [bmv2] [D] [thread 9344] [7.0] [cxt 0] Parser 'parser' entering state 'start'
[15:49:40.753] [bmv2] [D] [thread 9344] [7.0] [cxt 0] Extracting header 'ethernet'
[15:49:40.753] [bmv2] [D] [thread 9344] [7.0] [cxt 0] Parser state 'start': key is 86dd
[15:49:40.754] [bmv2] [T] [thread 9344] [7.0] [cxt 0] Bytes parsed: 14
[15:49:40.754] [bmv2] [D] [thread 9344] [7.0] [cxt 0] Parser 'parser': end
[15:49:40.754] [bmv2] [D] [thread 9344] [7.0] [cxt 0] Pipeline 'ingress': start
[15:49:40.754] [bmv2] [T] [thread 9344] [7.0] [cxt 0] Applying table 'MyIngress.ipv4_lpm'
[15:49:40.754] [bmv2] [D] [thread 9344] [7.0] [cxt 0] Looking up key:
* hdr.ipv4.dstAddr    : 00000000

[15:49:40.754] [bmv2] [D] [thread 9344] [7.0] [cxt 0] Table 'MyIngress.ipv4_lpm': miss
[15:49:40.755] [bmv2] [D] [thread 9344] [7.0] [cxt 0] Action entry is NoAction - 
[15:49:40.755] [bmv2] [T] [thread 9344] [7.0] [cxt 0] Action NoAction
[15:49:40.755] [bmv2] [D] [thread 9344] [7.0] [cxt 0] Pipeline 'ingress': end
[15:49:40.755] [bmv2] [D] [thread 9344] [7.0] [cxt 0] Egress port is 0
[15:49:40.755] [bmv2] [D] [thread 9345] [7.0] [cxt 0] Pipeline 'egress': start
[15:49:40.755] [bmv2] [D] [thread 9345] [7.0] [cxt 0] Pipeline 'egress': end
[15:49:40.755] [bmv2] [D] [thread 9345] [7.0] [cxt 0] Deparser 'deparser': start
[15:49:40.756] [bmv2] [T] [thread 9345] [7.0] [cxt 0] Skipping checksum 'cksum' update because condition not met
[15:49:40.756] [bmv2] [D] [thread 9345] [7.0] [cxt 0] Deparsing header 'ethernet'
[15:49:40.756] [bmv2] [D] [thread 9345] [7.0] [cxt 0] Deparser 'deparser': end
[15:49:40.756] [bmv2] [D] [thread 9349] [7.0] [cxt 0] Transmitting packet of size 70 out of port 0
[15:49:40.806] [bmv2] [D] [thread 9344] [8.0] [cxt 0] Processing packet received on port 3
[15:49:40.806] [bmv2] [D] [thread 9344] [8.0] [cxt 0] Parser 'parser': start
[15:49:40.806] [bmv2] [D] [thread 9344] [8.0] [cxt 0] Parser 'parser' entering state 'start'
[15:49:40.807] [bmv2] [D] [thread 9344] [8.0] [cxt 0] Extracting header 'ethernet'
[15:49:40.807] [bmv2] [D] [thread 9344] [8.0] [cxt 0] Parser state 'start': key is 86dd
[15:49:40.807] [bmv2] [T] [thread 9344] [8.0] [cxt 0] Bytes parsed: 14
[15:49:40.807] [bmv2] [D] [thread 9344] [8.0] [cxt 0] Parser 'parser': end
[15:49:40.807] [bmv2] [D] [thread 9344] [8.0] [cxt 0] Pipeline 'ingress': start
[15:49:40.807] [bmv2] [T] [thread 9344] [8.0] [cxt 0] Applying table 'MyIngress.ipv4_lpm'
[15:49:40.808] [bmv2] [D] [thread 9344] [8.0] [cxt 0] Looking up key:
* hdr.ipv4.dstAddr    : 00000000

[15:49:40.808] [bmv2] [D] [thread 9344] [8.0] [cxt 0] Table 'MyIngress.ipv4_lpm': miss
[15:49:40.808] [bmv2] [D] [thread 9344] [8.0] [cxt 0] Action entry is NoAction - 
[15:49:40.808] [bmv2] [T] [thread 9344] [8.0] [cxt 0] Action NoAction
[15:49:40.809] [bmv2] [D] [thread 9344] [8.0] [cxt 0] Pipeline 'ingress': end
[15:49:40.809] [bmv2] [D] [thread 9344] [8.0] [cxt 0] Egress port is 0
[15:49:40.809] [bmv2] [D] [thread 9345] [8.0] [cxt 0] Pipeline 'egress': start
[15:49:40.809] [bmv2] [D] [thread 9345] [8.0] [cxt 0] Pipeline 'egress': end
[15:49:40.809] [bmv2] [D] [thread 9345] [8.0] [cxt 0] Deparser 'deparser': start
[15:49:40.809] [bmv2] [T] [thread 9345] [8.0] [cxt 0] Skipping checksum 'cksum' update because condition not met
[15:49:40.809] [bmv2] [D] [thread 9345] [8.0] [cxt 0] Deparsing header 'ethernet'
[15:49:40.810] [bmv2] [D] [thread 9345] [8.0] [cxt 0] Deparser 'deparser': end
[15:49:40.810] [bmv2] [D] [thread 9349] [8.0] [cxt 0] Transmitting packet of size 90 out of port 0
[15:49:40.809] [bmv2] [D] [thread 9344] [9.0] [cxt 0] Processing packet received on port 3
[15:49:40.810] [bmv2] [D] [thread 9344] [9.0] [cxt 0] Parser 'parser': start
[15:49:40.810] [bmv2] [D] [thread 9344] [9.0] [cxt 0] Parser 'parser' entering state 'start'
[15:49:40.810] [bmv2] [D] [thread 9344] [9.0] [cxt 0] Extracting header 'ethernet'
[15:49:40.811] [bmv2] [D] [thread 9344] [9.0] [cxt 0] Parser state 'start': key is 86dd
[15:49:40.811] [bmv2] [T] [thread 9344] [9.0] [cxt 0] Bytes parsed: 14
[15:49:40.811] [bmv2] [D] [thread 9344] [9.0] [cxt 0] Parser 'parser': end
[15:49:40.811] [bmv2] [D] [thread 9344] [9.0] [cxt 0] Pipeline 'ingress': start
[15:49:40.811] [bmv2] [T] [thread 9344] [9.0] [cxt 0] Applying table 'MyIngress.ipv4_lpm'
[15:49:40.811] [bmv2] [D] [thread 9344] [9.0] [cxt 0] Looking up key:
* hdr.ipv4.dstAddr    : 00000000

[15:49:40.811] [bmv2] [D] [thread 9344] [9.0] [cxt 0] Table 'MyIngress.ipv4_lpm': miss
[15:49:40.811] [bmv2] [D] [thread 9344] [9.0] [cxt 0] Action entry is NoAction - 
[15:49:40.811] [bmv2] [T] [thread 9344] [9.0] [cxt 0] Action NoAction
[15:49:40.812] [bmv2] [D] [thread 9344] [9.0] [cxt 0] Pipeline 'ingress': end
[15:49:40.812] [bmv2] [D] [thread 9344] [9.0] [cxt 0] Egress port is 0
[15:49:40.812] [bmv2] [D] [thread 9345] [9.0] [cxt 0] Pipeline 'egress': start
[15:49:40.812] [bmv2] [D] [thread 9345] [9.0] [cxt 0] Pipeline 'egress': end
[15:49:40.813] [bmv2] [D] [thread 9345] [9.0] [cxt 0] Deparser 'deparser': start
[15:49:40.813] [bmv2] [T] [thread 9345] [9.0] [cxt 0] Skipping checksum 'cksum' update because condition not met
[15:49:40.813] [bmv2] [D] [thread 9345] [9.0] [cxt 0] Deparsing header 'ethernet'
[15:49:40.813] [bmv2] [D] [thread 9345] [9.0] [cxt 0] Deparser 'deparser': end
[15:49:40.813] [bmv2] [D] [thread 9349] [9.0] [cxt 0] Transmitting packet of size 70 out of port 0
[15:49:41.030] [bmv2] [D] [thread 9344] [10.0] [cxt 0] Processing packet received on port 2
[15:49:41.030] [bmv2] [D] [thread 9344] [10.0] [cxt 0] Parser 'parser': start
[15:49:41.031] [bmv2] [D] [thread 9344] [10.0] [cxt 0] Parser 'parser' entering state 'start'
[15:49:41.031] [bmv2] [D] [thread 9344] [10.0] [cxt 0] Extracting header 'ethernet'
[15:49:41.031] [bmv2] [D] [thread 9344] [10.0] [cxt 0] Parser state 'start': key is 86dd
[15:49:41.031] [bmv2] [T] [thread 9344] [10.0] [cxt 0] Bytes parsed: 14
[15:49:41.032] [bmv2] [D] [thread 9344] [10.0] [cxt 0] Parser 'parser': end
[15:49:41.032] [bmv2] [D] [thread 9344] [10.0] [cxt 0] Pipeline 'ingress': start
[15:49:41.032] [bmv2] [T] [thread 9344] [10.0] [cxt 0] Applying table 'MyIngress.ipv4_lpm'
[15:49:41.032] [bmv2] [D] [thread 9344] [10.0] [cxt 0] Looking up key:
* hdr.ipv4.dstAddr    : 00000000

[15:49:41.032] [bmv2] [D] [thread 9344] [10.0] [cxt 0] Table 'MyIngress.ipv4_lpm': miss
[15:49:41.033] [bmv2] [D] [thread 9344] [10.0] [cxt 0] Action entry is NoAction - 
[15:49:41.033] [bmv2] [T] [thread 9344] [10.0] [cxt 0] Action NoAction
[15:49:41.033] [bmv2] [D] [thread 9344] [10.0] [cxt 0] Pipeline 'ingress': end
[15:49:41.033] [bmv2] [D] [thread 9344] [10.0] [cxt 0] Egress port is 0
[15:49:41.033] [bmv2] [D] [thread 9345] [10.0] [cxt 0] Pipeline 'egress': start
[15:49:41.033] [bmv2] [D] [thread 9345] [10.0] [cxt 0] Pipeline 'egress': end
[15:49:41.034] [bmv2] [D] [thread 9345] [10.0] [cxt 0] Deparser 'deparser': start
[15:49:41.034] [bmv2] [T] [thread 9345] [10.0] [cxt 0] Skipping checksum 'cksum' update because condition not met
[15:49:41.034] [bmv2] [D] [thread 9345] [10.0] [cxt 0] Deparsing header 'ethernet'
[15:49:41.034] [bmv2] [D] [thread 9345] [10.0] [cxt 0] Deparser 'deparser': end
[15:49:41.034] [bmv2] [D] [thread 9349] [10.0] [cxt 0] Transmitting packet of size 90 out of port 0
[15:49:41.033] [bmv2] [D] [thread 9344] [11.0] [cxt 0] Processing packet received on port 2
[15:49:41.034] [bmv2] [D] [thread 9344] [11.0] [cxt 0] Parser 'parser': start
[15:49:41.034] [bmv2] [D] [thread 9344] [11.0] [cxt 0] Parser 'parser' entering state 'start'
[15:49:41.035] [bmv2] [D] [thread 9344] [11.0] [cxt 0] Extracting header 'ethernet'
[15:49:41.035] [bmv2] [D] [thread 9344] [11.0] [cxt 0] Parser state 'start': key is 86dd
[15:49:41.035] [bmv2] [T] [thread 9344] [11.0] [cxt 0] Bytes parsed: 14
[15:49:41.035] [bmv2] [D] [thread 9344] [11.0] [cxt 0] Parser 'parser': end
[15:49:41.035] [bmv2] [D] [thread 9344] [11.0] [cxt 0] Pipeline 'ingress': start
[15:49:41.035] [bmv2] [T] [thread 9344] [11.0] [cxt 0] Applying table 'MyIngress.ipv4_lpm'
[15:49:41.035] [bmv2] [D] [thread 9344] [11.0] [cxt 0] Looking up key:
* hdr.ipv4.dstAddr    : 00000000

[15:49:41.036] [bmv2] [D] [thread 9344] [11.0] [cxt 0] Table 'MyIngress.ipv4_lpm': miss
[15:49:41.036] [bmv2] [D] [thread 9344] [11.0] [cxt 0] Action entry is NoAction - 
[15:49:41.036] [bmv2] [T] [thread 9344] [11.0] [cxt 0] Action NoAction
[15:49:41.036] [bmv2] [D] [thread 9344] [11.0] [cxt 0] Pipeline 'ingress': end
[15:49:41.036] [bmv2] [D] [thread 9344] [11.0] [cxt 0] Egress port is 0
[15:49:41.036] [bmv2] [D] [thread 9345] [11.0] [cxt 0] Pipeline 'egress': start
[15:49:41.036] [bmv2] [D] [thread 9345] [11.0] [cxt 0] Pipeline 'egress': end
[15:49:41.037] [bmv2] [D] [thread 9345] [11.0] [cxt 0] Deparser 'deparser': start
[15:49:41.037] [bmv2] [T] [thread 9345] [11.0] [cxt 0] Skipping checksum 'cksum' update because condition not met
[15:49:41.037] [bmv2] [D] [thread 9345] [11.0] [cxt 0] Deparsing header 'ethernet'
[15:49:41.037] [bmv2] [D] [thread 9345] [11.0] [cxt 0] Deparser 'deparser': end
[15:49:41.037] [bmv2] [D] [thread 9349] [11.0] [cxt 0] Transmitting packet of size 70 out of port 0
[15:49:41.201] [bmv2] [D] [thread 9344] [12.0] [cxt 0] Processing packet received on port 3
[15:49:41.201] [bmv2] [D] [thread 9344] [12.0] [cxt 0] Parser 'parser': start
[15:49:41.201] [bmv2] [D] [thread 9344] [12.0] [cxt 0] Parser 'parser' entering state 'start'
[15:49:41.201] [bmv2] [D] [thread 9344] [12.0] [cxt 0] Extracting header 'ethernet'
[15:49:41.202] [bmv2] [D] [thread 9344] [12.0] [cxt 0] Parser state 'start': key is 86dd
[15:49:41.202] [bmv2] [T] [thread 9344] [12.0] [cxt 0] Bytes parsed: 14
[15:49:41.202] [bmv2] [D] [thread 9344] [12.0] [cxt 0] Parser 'parser': end
[15:49:41.202] [bmv2] [D] [thread 9344] [12.0] [cxt 0] Pipeline 'ingress': start
[15:49:41.203] [bmv2] [T] [thread 9344] [12.0] [cxt 0] Applying table 'MyIngress.ipv4_lpm'
[15:49:41.203] [bmv2] [D] [thread 9344] [12.0] [cxt 0] Looking up key:
* hdr.ipv4.dstAddr    : 00000000

[15:49:41.203] [bmv2] [D] [thread 9344] [12.0] [cxt 0] Table 'MyIngress.ipv4_lpm': miss
[15:49:41.203] [bmv2] [D] [thread 9344] [12.0] [cxt 0] Action entry is NoAction - 
[15:49:41.204] [bmv2] [T] [thread 9344] [12.0] [cxt 0] Action NoAction
[15:49:41.204] [bmv2] [D] [thread 9344] [12.0] [cxt 0] Pipeline 'ingress': end
[15:49:41.204] [bmv2] [D] [thread 9344] [12.0] [cxt 0] Egress port is 0
[15:49:41.204] [bmv2] [D] [thread 9345] [12.0] [cxt 0] Pipeline 'egress': start
[15:49:41.204] [bmv2] [D] [thread 9345] [12.0] [cxt 0] Pipeline 'egress': end
[15:49:41.205] [bmv2] [D] [thread 9345] [12.0] [cxt 0] Deparser 'deparser': start
[15:49:41.205] [bmv2] [T] [thread 9345] [12.0] [cxt 0] Skipping checksum 'cksum' update because condition not met
[15:49:41.205] [bmv2] [D] [thread 9345] [12.0] [cxt 0] Deparsing header 'ethernet'
[15:49:41.205] [bmv2] [D] [thread 9345] [12.0] [cxt 0] Deparser 'deparser': end
[15:49:41.205] [bmv2] [D] [thread 9349] [12.0] [cxt 0] Transmitting packet of size 90 out of port 0
[15:49:41.301] [bmv2] [D] [thread 9344] [13.0] [cxt 0] Processing packet received on port 3
[15:49:41.301] [bmv2] [D] [thread 9344] [13.0] [cxt 0] Parser 'parser': start
[15:49:41.301] [bmv2] [D] [thread 9344] [13.0] [cxt 0] Parser 'parser' entering state 'start'
[15:49:41.302] [bmv2] [D] [thread 9344] [13.0] [cxt 0] Extracting header 'ethernet'
[15:49:41.302] [bmv2] [D] [thread 9344] [13.0] [cxt 0] Parser state 'start': key is 86dd
[15:49:41.302] [bmv2] [T] [thread 9344] [13.0] [cxt 0] Bytes parsed: 14
[15:49:41.302] [bmv2] [D] [thread 9344] [13.0] [cxt 0] Parser 'parser': end
[15:49:41.303] [bmv2] [D] [thread 9344] [13.0] [cxt 0] Pipeline 'ingress': start
[15:49:41.303] [bmv2] [T] [thread 9344] [13.0] [cxt 0] Applying table 'MyIngress.ipv4_lpm'
[15:49:41.303] [bmv2] [D] [thread 9344] [13.0] [cxt 0] Looking up key:
* hdr.ipv4.dstAddr    : 00000000

[15:49:41.303] [bmv2] [D] [thread 9344] [13.0] [cxt 0] Table 'MyIngress.ipv4_lpm': miss
[15:49:41.303] [bmv2] [D] [thread 9344] [13.0] [cxt 0] Action entry is NoAction - 
[15:49:41.304] [bmv2] [T] [thread 9344] [13.0] [cxt 0] Action NoAction
[15:49:41.304] [bmv2] [D] [thread 9344] [13.0] [cxt 0] Pipeline 'ingress': end
[15:49:41.304] [bmv2] [D] [thread 9344] [13.0] [cxt 0] Egress port is 0
[15:49:41.304] [bmv2] [D] [thread 9345] [13.0] [cxt 0] Pipeline 'egress': start
[15:49:41.304] [bmv2] [D] [thread 9345] [13.0] [cxt 0] Pipeline 'egress': end
[15:49:41.304] [bmv2] [D] [thread 9345] [13.0] [cxt 0] Deparser 'deparser': start
[15:49:41.305] [bmv2] [T] [thread 9345] [13.0] [cxt 0] Skipping checksum 'cksum' update because condition not met
[15:49:41.305] [bmv2] [D] [thread 9345] [13.0] [cxt 0] Deparsing header 'ethernet'
[15:49:41.305] [bmv2] [D] [thread 9345] [13.0] [cxt 0] Deparser 'deparser': end
[15:49:41.305] [bmv2] [D] [thread 9349] [13.0] [cxt 0] Transmitting packet of size 90 out of port 0
[15:49:41.565] [bmv2] [D] [thread 9344] [14.0] [cxt 0] Processing packet received on port 2
[15:49:41.565] [bmv2] [D] [thread 9344] [14.0] [cxt 0] Parser 'parser': start
[15:49:41.565] [bmv2] [D] [thread 9344] [14.0] [cxt 0] Parser 'parser' entering state 'start'
[15:49:41.565] [bmv2] [D] [thread 9344] [14.0] [cxt 0] Extracting header 'ethernet'
[15:49:41.565] [bmv2] [D] [thread 9344] [14.0] [cxt 0] Parser state 'start': key is 86dd
[15:49:41.565] [bmv2] [T] [thread 9344] [14.0] [cxt 0] Bytes parsed: 14
[15:49:41.565] [bmv2] [D] [thread 9344] [14.0] [cxt 0] Parser 'parser': end
[15:49:41.566] [bmv2] [D] [thread 9344] [14.0] [cxt 0] Pipeline 'ingress': start
[15:49:41.566] [bmv2] [T] [thread 9344] [14.0] [cxt 0] Applying table 'MyIngress.ipv4_lpm'
[15:49:41.566] [bmv2] [D] [thread 9344] [14.0] [cxt 0] Looking up key:
* hdr.ipv4.dstAddr    : 00000000

[15:49:41.566] [bmv2] [D] [thread 9344] [14.0] [cxt 0] Table 'MyIngress.ipv4_lpm': miss
[15:49:41.566] [bmv2] [D] [thread 9344] [14.0] [cxt 0] Action entry is NoAction - 
[15:49:41.566] [bmv2] [T] [thread 9344] [14.0] [cxt 0] Action NoAction
[15:49:41.566] [bmv2] [D] [thread 9344] [14.0] [cxt 0] Pipeline 'ingress': end
[15:49:41.566] [bmv2] [D] [thread 9344] [14.0] [cxt 0] Egress port is 0
[15:49:41.566] [bmv2] [D] [thread 9345] [14.0] [cxt 0] Pipeline 'egress': start
[15:49:41.566] [bmv2] [D] [thread 9345] [14.0] [cxt 0] Pipeline 'egress': end
[15:49:41.566] [bmv2] [D] [thread 9345] [14.0] [cxt 0] Deparser 'deparser': start
[15:49:41.566] [bmv2] [T] [thread 9345] [14.0] [cxt 0] Skipping checksum 'cksum' update because condition not met
[15:49:41.566] [bmv2] [D] [thread 9345] [14.0] [cxt 0] Deparsing header 'ethernet'
[15:49:41.566] [bmv2] [D] [thread 9345] [14.0] [cxt 0] Deparser 'deparser': end
[15:49:41.566] [bmv2] [D] [thread 9349] [14.0] [cxt 0] Transmitting packet of size 90 out of port 0
[15:49:41.821] [bmv2] [D] [thread 9344] [15.0] [cxt 0] Processing packet received on port 2
[15:49:41.821] [bmv2] [D] [thread 9344] [15.0] [cxt 0] Parser 'parser': start
[15:49:41.822] [bmv2] [D] [thread 9344] [15.0] [cxt 0] Parser 'parser' entering state 'start'
[15:49:41.822] [bmv2] [D] [thread 9344] [15.0] [cxt 0] Extracting header 'ethernet'
[15:49:41.822] [bmv2] [D] [thread 9344] [15.0] [cxt 0] Parser state 'start': key is 86dd
[15:49:41.822] [bmv2] [T] [thread 9344] [15.0] [cxt 0] Bytes parsed: 14
[15:49:41.822] [bmv2] [D] [thread 9344] [15.0] [cxt 0] Parser 'parser': end
[15:49:41.823] [bmv2] [D] [thread 9344] [15.0] [cxt 0] Pipeline 'ingress': start
[15:49:41.823] [bmv2] [T] [thread 9344] [15.0] [cxt 0] Applying table 'MyIngress.ipv4_lpm'
[15:49:41.823] [bmv2] [D] [thread 9344] [15.0] [cxt 0] Looking up key:
* hdr.ipv4.dstAddr    : 00000000

[15:49:41.823] [bmv2] [D] [thread 9344] [15.0] [cxt 0] Table 'MyIngress.ipv4_lpm': miss
[15:49:41.823] [bmv2] [D] [thread 9344] [15.0] [cxt 0] Action entry is NoAction - 
[15:49:41.823] [bmv2] [T] [thread 9344] [15.0] [cxt 0] Action NoAction
[15:49:41.824] [bmv2] [D] [thread 9344] [15.0] [cxt 0] Pipeline 'ingress': end
[15:49:41.824] [bmv2] [D] [thread 9344] [15.0] [cxt 0] Egress port is 0
[15:49:41.824] [bmv2] [D] [thread 9345] [15.0] [cxt 0] Pipeline 'egress': start
[15:49:41.824] [bmv2] [D] [thread 9345] [15.0] [cxt 0] Pipeline 'egress': end
[15:49:41.824] [bmv2] [D] [thread 9345] [15.0] [cxt 0] Deparser 'deparser': start
[15:49:41.824] [bmv2] [T] [thread 9345] [15.0] [cxt 0] Skipping checksum 'cksum' update because condition not met
[15:49:41.825] [bmv2] [D] [thread 9345] [15.0] [cxt 0] Deparsing header 'ethernet'
[15:49:41.825] [bmv2] [D] [thread 9345] [15.0] [cxt 0] Deparser 'deparser': end
[15:49:41.825] [bmv2] [D] [thread 9349] [15.0] [cxt 0] Transmitting packet of size 90 out of port 0
New connection
P4Runtime SetForwardingPipelineConfig
[15:49:41.978] [bmv2] [W] [thread 9385] [P4Runtime] p4::tmp::P4DeviceConfig is deprecated
[15:49:41.979] [bmv2] [D] [thread 9385] Set default default entry for table 'MyIngress.ipv4_lpm': NoAction - 
P4Runtime Write
device_id: 1
election_id {
  low: 1
}
updates {
  type: MODIFY
  entity {
    table_entry {
      table_id: 33574068
      action {
        action {
          action_id: 16805608
        }
      }
      is_default_action: true
    }
  }
}
[15:49:41.990] [bmv2] [D] [thread 9385] Set default entry for table 'MyIngress.ipv4_lpm': MyIngress.drop - 
P4Runtime Write
device_id: 1
election_id {
  low: 1
}
updates {
  type: INSERT
  entity {
    table_entry {
      table_id: 33574068
      match {
        field_id: 1
        lpm {
          value: "\n\000\001\000"
          prefix_len: 24
        }
      }
      action {
        action {
          action_id: 16799317
          params {
            param_id: 1
            value: "\010\000\000\000\004D"
          }
          params {
            param_id: 2
            value: "\000\002"
          }
        }
      }
    }
  }
}
[15:49:41.994] [bmv2] [D] [thread 9385] Entry 0 added to table 'MyIngress.ipv4_lpm'
[15:49:41.995] [bmv2] [D] [thread 9385] Dumping entry 0
Match key:
* hdr.ipv4.dstAddr    : LPM       0a000100/24
Action entry: MyIngress.ipv4_forward - 80000000444,2,

P4Runtime Write
device_id: 1
election_id {
  low: 1
}
updates {
  type: INSERT
  entity {
    table_entry {
      table_id: 33574068
      match {
        field_id: 1
        lpm {
          value: "\n\000\002\002"
          prefix_len: 32
        }
      }
      action {
        action {
          action_id: 16799317
          params {
            param_id: 1
            value: "\010\000\000\000\002\""
          }
          params {
            param_id: 2
            value: "\000\001"
          }
        }
      }
    }
  }
}
[15:49:41.999] [bmv2] [D] [thread 9385] Entry 1 added to table 'MyIngress.ipv4_lpm'
[15:49:41.999] [bmv2] [D] [thread 9385] Dumping entry 1
Match key:
* hdr.ipv4.dstAddr    : LPM       0a000202/32
Action entry: MyIngress.ipv4_forward - 80000000222,1,

P4Runtime Write
device_id: 1
election_id {
  low: 1
}
updates {
  type: INSERT
  entity {
    table_entry {
      table_id: 33574068
      match {
        field_id: 1
        lpm {
          value: "\n\000\003\000"
          prefix_len: 24
        }
      }
      action {
        action {
          action_id: 16799317
          params {
            param_id: 1
            value: "\010\000\000\000\006f"
          }
          params {
            param_id: 2
            value: "\000\003"
          }
        }
      }
    }
  }
}
[15:49:42.004] [bmv2] [D] [thread 9385] Entry 2 added to table 'MyIngress.ipv4_lpm'
[15:49:42.004] [bmv2] [D] [thread 9385] Dumping entry 2
Match key:
* hdr.ipv4.dstAddr    : LPM       0a000300/24
Action entry: MyIngress.ipv4_forward - 80000000666,3,

Connection removed
[15:49:44.482] [bmv2] [D] [thread 9344] [16.0] [cxt 0] Processing packet received on port 1
[15:49:44.482] [bmv2] [D] [thread 9344] [16.0] [cxt 0] Parser 'parser': start
[15:49:44.483] [bmv2] [D] [thread 9344] [16.0] [cxt 0] Parser 'parser' entering state 'start'
[15:49:44.483] [bmv2] [D] [thread 9344] [16.0] [cxt 0] Extracting header 'ethernet'
[15:49:44.483] [bmv2] [D] [thread 9344] [16.0] [cxt 0] Parser state 'start': key is 86dd
[15:49:44.484] [bmv2] [T] [thread 9344] [16.0] [cxt 0] Bytes parsed: 14
[15:49:44.484] [bmv2] [D] [thread 9344] [16.0] [cxt 0] Parser 'parser': end
[15:49:44.484] [bmv2] [D] [thread 9344] [16.0] [cxt 0] Pipeline 'ingress': start
[15:49:44.485] [bmv2] [T] [thread 9344] [16.0] [cxt 0] Applying table 'MyIngress.ipv4_lpm'
[15:49:44.485] [bmv2] [D] [thread 9344] [16.0] [cxt 0] Looking up key:
* hdr.ipv4.dstAddr    : 00000000

[15:49:44.486] [bmv2] [D] [thread 9344] [16.0] [cxt 0] Table 'MyIngress.ipv4_lpm': miss
[15:49:44.486] [bmv2] [D] [thread 9344] [16.0] [cxt 0] Action entry is MyIngress.drop - 
[15:49:44.486] [bmv2] [T] [thread 9344] [16.0] [cxt 0] Action MyIngress.drop
[15:49:44.486] [bmv2] [T] [thread 9344] [16.0] [cxt 0] routing.p4(110) Primitive mark_to_drop(standard_metadata)
[15:49:44.487] [bmv2] [D] [thread 9344] [16.0] [cxt 0] Pipeline 'ingress': end
[15:49:44.487] [bmv2] [D] [thread 9344] [16.0] [cxt 0] Egress port is 511
[15:49:44.487] [bmv2] [D] [thread 9344] [16.0] [cxt 0] Dropping packet at the end of ingress
[15:49:44.680] [bmv2] [D] [thread 9344] [17.0] [cxt 0] Processing packet received on port 2
[15:49:44.680] [bmv2] [D] [thread 9344] [17.0] [cxt 0] Parser 'parser': start
[15:49:44.680] [bmv2] [D] [thread 9344] [17.0] [cxt 0] Parser 'parser' entering state 'start'
[15:49:44.681] [bmv2] [D] [thread 9344] [17.0] [cxt 0] Extracting header 'ethernet'
[15:49:44.681] [bmv2] [D] [thread 9344] [17.0] [cxt 0] Parser state 'start': key is 0800
[15:49:44.681] [bmv2] [T] [thread 9344] [17.0] [cxt 0] Bytes parsed: 14
[15:49:44.681] [bmv2] [D] [thread 9344] [17.0] [cxt 0] Parser 'parser' entering state 'parse_ipv4'
[15:49:44.682] [bmv2] [D] [thread 9344] [17.0] [cxt 0] Extracting header 'ipv4'
[15:49:44.682] [bmv2] [D] [thread 9344] [17.0] [cxt 0] Parser state 'parse_ipv4' has no switch, going to default next state
[15:49:44.682] [bmv2] [T] [thread 9344] [17.0] [cxt 0] Bytes parsed: 34
[15:49:44.682] [bmv2] [D] [thread 9344] [17.0] [cxt 0] Parser 'parser': end
[15:49:44.682] [bmv2] [D] [thread 9344] [17.0] [cxt 0] Pipeline 'ingress': start
[15:49:44.682] [bmv2] [T] [thread 9344] [17.0] [cxt 0] Applying table 'MyIngress.ipv4_lpm'
[15:49:44.682] [bmv2] [D] [thread 9344] [17.0] [cxt 0] Looking up key:
* hdr.ipv4.dstAddr    : 0a000202

[15:49:44.683] [bmv2] [D] [thread 9344] [17.0] [cxt 0] Table 'MyIngress.ipv4_lpm': hit with handle 1
[15:49:44.683] [bmv2] [D] [thread 9344] [17.0] [cxt 0] Dumping entry 1
Match key:
* hdr.ipv4.dstAddr    : LPM       0a000202/32
Action entry: MyIngress.ipv4_forward - 80000000222,1,

[15:49:44.683] [bmv2] [D] [thread 9344] [17.0] [cxt 0] Action entry is MyIngress.ipv4_forward - 80000000222,1,
[15:49:44.683] [bmv2] [T] [thread 9344] [17.0] [cxt 0] Action MyIngress.ipv4_forward
[15:49:44.683] [bmv2] [T] [thread 9344] [17.0] [cxt 0] routing.p4(100) Primitive hdr.ethernet.dst = dstAddr
[15:49:44.683] [bmv2] [T] [thread 9344] [17.0] [cxt 0] routing.p4(100) Primitive dstAddr; ...
[15:49:44.683] [bmv2] [T] [thread 9344] [17.0] [cxt 0] routing.p4(102) Primitive standard_metadata.egress_spec = port
[15:49:44.683] [bmv2] [T] [thread 9344] [17.0] [cxt 0] routing.p4(103) Primitive hdr.ipv4.ttl = hdr.ipv4.ttl - 1
[15:49:44.684] [bmv2] [D] [thread 9344] [17.0] [cxt 0] Pipeline 'ingress': end
[15:49:44.684] [bmv2] [D] [thread 9344] [17.0] [cxt 0] Egress port is 1
[15:49:44.684] [bmv2] [D] [thread 9346] [17.0] [cxt 0] Pipeline 'egress': start
[15:49:44.684] [bmv2] [D] [thread 9346] [17.0] [cxt 0] Pipeline 'egress': end
[15:49:44.684] [bmv2] [D] [thread 9346] [17.0] [cxt 0] Deparser 'deparser': start
[15:49:44.685] [bmv2] [D] [thread 9346] [17.0] [cxt 0] Updating checksum 'cksum'
[15:49:44.685] [bmv2] [D] [thread 9346] [17.0] [cxt 0] Deparsing header 'ethernet'
[15:49:44.685] [bmv2] [D] [thread 9346] [17.0] [cxt 0] Deparsing header 'ipv4'
[15:49:44.685] [bmv2] [D] [thread 9346] [17.0] [cxt 0] Deparser 'deparser': end
[15:49:44.685] [bmv2] [D] [thread 9349] [17.0] [cxt 0] Transmitting packet of size 98 out of port 1
[15:49:44.686] [bmv2] [D] [thread 9344] [18.0] [cxt 0] Processing packet received on port 1
[15:49:44.686] [bmv2] [D] [thread 9344] [18.0] [cxt 0] Parser 'parser': start
[15:49:44.686] [bmv2] [D] [thread 9344] [18.0] [cxt 0] Parser 'parser' entering state 'start'
[15:49:44.687] [bmv2] [D] [thread 9344] [18.0] [cxt 0] Extracting header 'ethernet'
[15:49:44.687] [bmv2] [D] [thread 9344] [18.0] [cxt 0] Parser state 'start': key is 0800
[15:49:44.687] [bmv2] [T] [thread 9344] [18.0] [cxt 0] Bytes parsed: 14
[15:49:44.687] [bmv2] [D] [thread 9344] [18.0] [cxt 0] Parser 'parser' entering state 'parse_ipv4'
[15:49:44.688] [bmv2] [D] [thread 9344] [18.0] [cxt 0] Extracting header 'ipv4'
[15:49:44.688] [bmv2] [D] [thread 9344] [18.0] [cxt 0] Parser state 'parse_ipv4' has no switch, going to default next state
[15:49:44.688] [bmv2] [T] [thread 9344] [18.0] [cxt 0] Bytes parsed: 34
[15:49:44.688] [bmv2] [D] [thread 9344] [18.0] [cxt 0] Parser 'parser': end
[15:49:44.689] [bmv2] [D] [thread 9344] [18.0] [cxt 0] Pipeline 'ingress': start
[15:49:44.689] [bmv2] [T] [thread 9344] [18.0] [cxt 0] Applying table 'MyIngress.ipv4_lpm'
[15:49:44.689] [bmv2] [D] [thread 9344] [18.0] [cxt 0] Looking up key:
* hdr.ipv4.dstAddr    : 0a000101

[15:49:44.690] [bmv2] [D] [thread 9344] [18.0] [cxt 0] Table 'MyIngress.ipv4_lpm': hit with handle 0
[15:49:44.690] [bmv2] [D] [thread 9344] [18.0] [cxt 0] Dumping entry 0
Match key:
* hdr.ipv4.dstAddr    : LPM       0a000100/24
Action entry: MyIngress.ipv4_forward - 80000000444,2,

[15:49:44.690] [bmv2] [D] [thread 9344] [18.0] [cxt 0] Action entry is MyIngress.ipv4_forward - 80000000444,2,
[15:49:44.691] [bmv2] [T] [thread 9344] [18.0] [cxt 0] Action MyIngress.ipv4_forward
[15:49:44.691] [bmv2] [T] [thread 9344] [18.0] [cxt 0] routing.p4(100) Primitive hdr.ethernet.dst = dstAddr
[15:49:44.691] [bmv2] [T] [thread 9344] [18.0] [cxt 0] routing.p4(100) Primitive dstAddr; ...
[15:49:44.691] [bmv2] [T] [thread 9344] [18.0] [cxt 0] routing.p4(102) Primitive standard_metadata.egress_spec = port
[15:49:44.692] [bmv2] [T] [thread 9344] [18.0] [cxt 0] routing.p4(103) Primitive hdr.ipv4.ttl = hdr.ipv4.ttl - 1
[15:49:44.692] [bmv2] [D] [thread 9344] [18.0] [cxt 0] Pipeline 'ingress': end
[15:49:44.692] [bmv2] [D] [thread 9344] [18.0] [cxt 0] Egress port is 2
[15:49:44.692] [bmv2] [D] [thread 9347] [18.0] [cxt 0] Pipeline 'egress': start
[15:49:44.692] [bmv2] [D] [thread 9347] [18.0] [cxt 0] Pipeline 'egress': end
[15:49:44.692] [bmv2] [D] [thread 9347] [18.0] [cxt 0] Deparser 'deparser': start
[15:49:44.693] [bmv2] [D] [thread 9347] [18.0] [cxt 0] Updating checksum 'cksum'
[15:49:44.693] [bmv2] [D] [thread 9347] [18.0] [cxt 0] Deparsing header 'ethernet'
[15:49:44.693] [bmv2] [D] [thread 9347] [18.0] [cxt 0] Deparsing header 'ipv4'
[15:49:44.693] [bmv2] [D] [thread 9347] [18.0] [cxt 0] Deparser 'deparser': end
[15:49:44.693] [bmv2] [D] [thread 9349] [18.0] [cxt 0] Transmitting packet of size 98 out of port 2
[15:49:44.692] [bmv2] [D] [thread 9344] [19.0] [cxt 0] Processing packet received on port 3
[15:49:44.694] [bmv2] [D] [thread 9344] [19.0] [cxt 0] Parser 'parser': start
[15:49:44.694] [bmv2] [D] [thread 9344] [19.0] [cxt 0] Parser 'parser' entering state 'start'
[15:49:44.694] [bmv2] [D] [thread 9344] [19.0] [cxt 0] Extracting header 'ethernet'
[15:49:44.694] [bmv2] [D] [thread 9344] [19.0] [cxt 0] Parser state 'start': key is 86dd
[15:49:44.694] [bmv2] [T] [thread 9344] [19.0] [cxt 0] Bytes parsed: 14
[15:49:44.695] [bmv2] [D] [thread 9344] [19.0] [cxt 0] Parser 'parser': end
[15:49:44.695] [bmv2] [D] [thread 9344] [19.0] [cxt 0] Pipeline 'ingress': start
[15:49:44.695] [bmv2] [T] [thread 9344] [19.0] [cxt 0] Applying table 'MyIngress.ipv4_lpm'
[15:49:44.695] [bmv2] [D] [thread 9344] [19.0] [cxt 0] Looking up key:
* hdr.ipv4.dstAddr    : 00000000

[15:49:44.695] [bmv2] [D] [thread 9344] [19.0] [cxt 0] Table 'MyIngress.ipv4_lpm': miss
[15:49:44.695] [bmv2] [D] [thread 9344] [19.0] [cxt 0] Action entry is MyIngress.drop - 
[15:49:44.695] [bmv2] [T] [thread 9344] [19.0] [cxt 0] Action MyIngress.drop
[15:49:44.695] [bmv2] [T] [thread 9344] [19.0] [cxt 0] routing.p4(110) Primitive mark_to_drop(standard_metadata)
[15:49:44.695] [bmv2] [D] [thread 9344] [19.0] [cxt 0] Pipeline 'ingress': end
[15:49:44.696] [bmv2] [D] [thread 9344] [19.0] [cxt 0] Egress port is 511
[15:49:44.696] [bmv2] [D] [thread 9344] [19.0] [cxt 0] Dropping packet at the end of ingress
[15:49:44.729] [bmv2] [D] [thread 9344] [20.0] [cxt 0] Processing packet received on port 1
[15:49:44.729] [bmv2] [D] [thread 9344] [20.0] [cxt 0] Parser 'parser': start
[15:49:44.729] [bmv2] [D] [thread 9344] [20.0] [cxt 0] Parser 'parser' entering state 'start'
[15:49:44.730] [bmv2] [D] [thread 9344] [20.0] [cxt 0] Extracting header 'ethernet'
[15:49:44.730] [bmv2] [D] [thread 9344] [20.0] [cxt 0] Parser state 'start': key is 0800
[15:49:44.730] [bmv2] [T] [thread 9344] [20.0] [cxt 0] Bytes parsed: 14
[15:49:44.730] [bmv2] [D] [thread 9344] [20.0] [cxt 0] Parser 'parser' entering state 'parse_ipv4'
[15:49:44.731] [bmv2] [D] [thread 9344] [20.0] [cxt 0] Extracting header 'ipv4'
[15:49:44.731] [bmv2] [D] [thread 9344] [20.0] [cxt 0] Parser state 'parse_ipv4' has no switch, going to default next state
[15:49:44.731] [bmv2] [T] [thread 9344] [20.0] [cxt 0] Bytes parsed: 34
[15:49:44.731] [bmv2] [D] [thread 9344] [20.0] [cxt 0] Parser 'parser': end
[15:49:44.731] [bmv2] [D] [thread 9344] [20.0] [cxt 0] Pipeline 'ingress': start
[15:49:44.731] [bmv2] [T] [thread 9344] [20.0] [cxt 0] Applying table 'MyIngress.ipv4_lpm'
[15:49:44.731] [bmv2] [D] [thread 9344] [20.0] [cxt 0] Looking up key:
* hdr.ipv4.dstAddr    : 0a000101

[15:49:44.732] [bmv2] [D] [thread 9344] [20.0] [cxt 0] Table 'MyIngress.ipv4_lpm': hit with handle 0
[15:49:44.732] [bmv2] [D] [thread 9344] [20.0] [cxt 0] Dumping entry 0
Match key:
* hdr.ipv4.dstAddr    : LPM       0a000100/24
Action entry: MyIngress.ipv4_forward - 80000000444,2,

[15:49:44.732] [bmv2] [D] [thread 9344] [20.0] [cxt 0] Action entry is MyIngress.ipv4_forward - 80000000444,2,
[15:49:44.732] [bmv2] [T] [thread 9344] [20.0] [cxt 0] Action MyIngress.ipv4_forward
[15:49:44.732] [bmv2] [T] [thread 9344] [20.0] [cxt 0] routing.p4(100) Primitive hdr.ethernet.dst = dstAddr
[15:49:44.732] [bmv2] [T] [thread 9344] [20.0] [cxt 0] routing.p4(100) Primitive dstAddr; ...
[15:49:44.732] [bmv2] [T] [thread 9344] [20.0] [cxt 0] routing.p4(102) Primitive standard_metadata.egress_spec = port
[15:49:44.733] [bmv2] [T] [thread 9344] [20.0] [cxt 0] routing.p4(103) Primitive hdr.ipv4.ttl = hdr.ipv4.ttl - 1
[15:49:44.733] [bmv2] [D] [thread 9344] [20.0] [cxt 0] Pipeline 'ingress': end
[15:49:44.733] [bmv2] [D] [thread 9344] [20.0] [cxt 0] Egress port is 2
[15:49:44.733] [bmv2] [D] [thread 9347] [20.0] [cxt 0] Pipeline 'egress': start
[15:49:44.734] [bmv2] [D] [thread 9347] [20.0] [cxt 0] Pipeline 'egress': end
[15:49:44.734] [bmv2] [D] [thread 9347] [20.0] [cxt 0] Deparser 'deparser': start
[15:49:44.734] [bmv2] [D] [thread 9347] [20.0] [cxt 0] Updating checksum 'cksum'
[15:49:44.734] [bmv2] [D] [thread 9347] [20.0] [cxt 0] Deparsing header 'ethernet'
[15:49:44.734] [bmv2] [D] [thread 9347] [20.0] [cxt 0] Deparsing header 'ipv4'
[15:49:44.734] [bmv2] [D] [thread 9347] [20.0] [cxt 0] Deparser 'deparser': end
[15:49:44.734] [bmv2] [D] [thread 9349] [20.0] [cxt 0] Transmitting packet of size 98 out of port 2
[15:49:44.742] [bmv2] [D] [thread 9344] [21.0] [cxt 0] Processing packet received on port 2
[15:49:44.742] [bmv2] [D] [thread 9344] [21.0] [cxt 0] Parser 'parser': start
[15:49:44.742] [bmv2] [D] [thread 9344] [21.0] [cxt 0] Parser 'parser' entering state 'start'
[15:49:44.742] [bmv2] [D] [thread 9344] [21.0] [cxt 0] Extracting header 'ethernet'
[15:49:44.742] [bmv2] [D] [thread 9344] [21.0] [cxt 0] Parser state 'start': key is 0800
[15:49:44.743] [bmv2] [T] [thread 9344] [21.0] [cxt 0] Bytes parsed: 14
[15:49:44.743] [bmv2] [D] [thread 9344] [21.0] [cxt 0] Parser 'parser' entering state 'parse_ipv4'
[15:49:44.743] [bmv2] [D] [thread 9344] [21.0] [cxt 0] Extracting header 'ipv4'
[15:49:44.743] [bmv2] [D] [thread 9344] [21.0] [cxt 0] Parser state 'parse_ipv4' has no switch, going to default next state
[15:49:44.743] [bmv2] [T] [thread 9344] [21.0] [cxt 0] Bytes parsed: 34
[15:49:44.743] [bmv2] [D] [thread 9344] [21.0] [cxt 0] Parser 'parser': end
[15:49:44.743] [bmv2] [D] [thread 9344] [21.0] [cxt 0] Pipeline 'ingress': start
[15:49:44.743] [bmv2] [T] [thread 9344] [21.0] [cxt 0] Applying table 'MyIngress.ipv4_lpm'
[15:49:44.743] [bmv2] [D] [thread 9344] [21.0] [cxt 0] Looking up key:
* hdr.ipv4.dstAddr    : 0a000202

[15:49:44.744] [bmv2] [D] [thread 9344] [21.0] [cxt 0] Table 'MyIngress.ipv4_lpm': hit with handle 1
[15:49:44.744] [bmv2] [D] [thread 9344] [21.0] [cxt 0] Dumping entry 1
Match key:
* hdr.ipv4.dstAddr    : LPM       0a000202/32
Action entry: MyIngress.ipv4_forward - 80000000222,1,

[15:49:44.744] [bmv2] [D] [thread 9344] [21.0] [cxt 0] Action entry is MyIngress.ipv4_forward - 80000000222,1,
[15:49:44.744] [bmv2] [T] [thread 9344] [21.0] [cxt 0] Action MyIngress.ipv4_forward
[15:49:44.744] [bmv2] [T] [thread 9344] [21.0] [cxt 0] routing.p4(100) Primitive hdr.ethernet.dst = dstAddr
[15:49:44.744] [bmv2] [T] [thread 9344] [21.0] [cxt 0] routing.p4(100) Primitive dstAddr; ...
[15:49:44.744] [bmv2] [T] [thread 9344] [21.0] [cxt 0] routing.p4(102) Primitive standard_metadata.egress_spec = port
[15:49:44.745] [bmv2] [T] [thread 9344] [21.0] [cxt 0] routing.p4(103) Primitive hdr.ipv4.ttl = hdr.ipv4.ttl - 1
[15:49:44.745] [bmv2] [D] [thread 9344] [21.0] [cxt 0] Pipeline 'ingress': end
[15:49:44.745] [bmv2] [D] [thread 9344] [21.0] [cxt 0] Egress port is 1
[15:49:44.745] [bmv2] [D] [thread 9346] [21.0] [cxt 0] Pipeline 'egress': start
[15:49:44.745] [bmv2] [D] [thread 9346] [21.0] [cxt 0] Pipeline 'egress': end
[15:49:44.745] [bmv2] [D] [thread 9346] [21.0] [cxt 0] Deparser 'deparser': start
[15:49:44.746] [bmv2] [D] [thread 9346] [21.0] [cxt 0] Updating checksum 'cksum'
[15:49:44.746] [bmv2] [D] [thread 9346] [21.0] [cxt 0] Deparsing header 'ethernet'
[15:49:44.746] [bmv2] [D] [thread 9346] [21.0] [cxt 0] Deparsing header 'ipv4'
[15:49:44.746] [bmv2] [D] [thread 9346] [21.0] [cxt 0] Deparser 'deparser': end
[15:49:44.746] [bmv2] [D] [thread 9349] [21.0] [cxt 0] Transmitting packet of size 98 out of port 1
[15:49:44.749] [bmv2] [D] [thread 9344] [22.0] [cxt 0] Processing packet received on port 1
[15:49:44.749] [bmv2] [D] [thread 9344] [22.0] [cxt 0] Parser 'parser': start
[15:49:44.750] [bmv2] [D] [thread 9344] [22.0] [cxt 0] Parser 'parser' entering state 'start'
[15:49:44.750] [bmv2] [D] [thread 9344] [22.0] [cxt 0] Extracting header 'ethernet'
[15:49:44.750] [bmv2] [D] [thread 9344] [22.0] [cxt 0] Parser state 'start': key is 0800
[15:49:44.750] [bmv2] [T] [thread 9344] [22.0] [cxt 0] Bytes parsed: 14
[15:49:44.750] [bmv2] [D] [thread 9344] [22.0] [cxt 0] Parser 'parser' entering state 'parse_ipv4'
[15:49:44.751] [bmv2] [D] [thread 9344] [22.0] [cxt 0] Extracting header 'ipv4'
[15:49:44.751] [bmv2] [D] [thread 9344] [22.0] [cxt 0] Parser state 'parse_ipv4' has no switch, going to default next state
[15:49:44.751] [bmv2] [T] [thread 9344] [22.0] [cxt 0] Bytes parsed: 34
[15:49:44.751] [bmv2] [D] [thread 9344] [22.0] [cxt 0] Parser 'parser': end
[15:49:44.751] [bmv2] [D] [thread 9344] [22.0] [cxt 0] Pipeline 'ingress': start
[15:49:44.751] [bmv2] [T] [thread 9344] [22.0] [cxt 0] Applying table 'MyIngress.ipv4_lpm'
[15:49:44.751] [bmv2] [D] [thread 9344] [22.0] [cxt 0] Looking up key:
* hdr.ipv4.dstAddr    : 0a000303

[15:49:44.752] [bmv2] [D] [thread 9344] [22.0] [cxt 0] Table 'MyIngress.ipv4_lpm': hit with handle 2
[15:49:44.752] [bmv2] [D] [thread 9344] [22.0] [cxt 0] Dumping entry 2
Match key:
* hdr.ipv4.dstAddr    : LPM       0a000300/24
Action entry: MyIngress.ipv4_forward - 80000000666,3,

[15:49:44.752] [bmv2] [D] [thread 9344] [22.0] [cxt 0] Action entry is MyIngress.ipv4_forward - 80000000666,3,
[15:49:44.752] [bmv2] [T] [thread 9344] [22.0] [cxt 0] Action MyIngress.ipv4_forward
[15:49:44.752] [bmv2] [T] [thread 9344] [22.0] [cxt 0] routing.p4(100) Primitive hdr.ethernet.dst = dstAddr
[15:49:44.752] [bmv2] [T] [thread 9344] [22.0] [cxt 0] routing.p4(100) Primitive dstAddr; ...
[15:49:44.752] [bmv2] [T] [thread 9344] [22.0] [cxt 0] routing.p4(102) Primitive standard_metadata.egress_spec = port
[15:49:44.752] [bmv2] [T] [thread 9344] [22.0] [cxt 0] routing.p4(103) Primitive hdr.ipv4.ttl = hdr.ipv4.ttl - 1
[15:49:44.753] [bmv2] [D] [thread 9344] [22.0] [cxt 0] Pipeline 'ingress': end
[15:49:44.753] [bmv2] [D] [thread 9344] [22.0] [cxt 0] Egress port is 3
[15:49:44.753] [bmv2] [D] [thread 9348] [22.0] [cxt 0] Pipeline 'egress': start
[15:49:44.753] [bmv2] [D] [thread 9348] [22.0] [cxt 0] Pipeline 'egress': end
[15:49:44.753] [bmv2] [D] [thread 9348] [22.0] [cxt 0] Deparser 'deparser': start
[15:49:44.753] [bmv2] [D] [thread 9348] [22.0] [cxt 0] Updating checksum 'cksum'
[15:49:44.753] [bmv2] [D] [thread 9348] [22.0] [cxt 0] Deparsing header 'ethernet'
[15:49:44.753] [bmv2] [D] [thread 9348] [22.0] [cxt 0] Deparsing header 'ipv4'
[15:49:44.753] [bmv2] [D] [thread 9348] [22.0] [cxt 0] Deparser 'deparser': end
[15:49:44.753] [bmv2] [D] [thread 9349] [22.0] [cxt 0] Transmitting packet of size 98 out of port 3
[15:49:44.753] [bmv2] [D] [thread 9344] [23.0] [cxt 0] Processing packet received on port 2
[15:49:44.754] [bmv2] [D] [thread 9344] [23.0] [cxt 0] Parser 'parser': start
[15:49:44.754] [bmv2] [D] [thread 9344] [23.0] [cxt 0] Parser 'parser' entering state 'start'
[15:49:44.754] [bmv2] [D] [thread 9344] [23.0] [cxt 0] Extracting header 'ethernet'
[15:49:44.754] [bmv2] [D] [thread 9344] [23.0] [cxt 0] Parser state 'start': key is 86dd
[15:49:44.754] [bmv2] [T] [thread 9344] [23.0] [cxt 0] Bytes parsed: 14
[15:49:44.754] [bmv2] [D] [thread 9344] [23.0] [cxt 0] Parser 'parser': end
[15:49:44.754] [bmv2] [D] [thread 9344] [23.0] [cxt 0] Pipeline 'ingress': start
[15:49:44.754] [bmv2] [T] [thread 9344] [23.0] [cxt 0] Applying table 'MyIngress.ipv4_lpm'
[15:49:44.754] [bmv2] [D] [thread 9344] [23.0] [cxt 0] Looking up key:
* hdr.ipv4.dstAddr    : 00000000

[15:49:44.755] [bmv2] [D] [thread 9344] [23.0] [cxt 0] Table 'MyIngress.ipv4_lpm': miss
[15:49:44.755] [bmv2] [D] [thread 9344] [23.0] [cxt 0] Action entry is MyIngress.drop - 
[15:49:44.755] [bmv2] [T] [thread 9344] [23.0] [cxt 0] Action MyIngress.drop
[15:49:44.755] [bmv2] [T] [thread 9344] [23.0] [cxt 0] routing.p4(110) Primitive mark_to_drop(standard_metadata)
[15:49:44.755] [bmv2] [D] [thread 9344] [23.0] [cxt 0] Pipeline 'ingress': end
[15:49:44.755] [bmv2] [D] [thread 9344] [23.0] [cxt 0] Egress port is 511
[15:49:44.755] [bmv2] [D] [thread 9344] [23.0] [cxt 0] Dropping packet at the end of ingress
[15:49:44.762] [bmv2] [D] [thread 9344] [24.0] [cxt 0] Processing packet received on port 3
[15:49:44.762] [bmv2] [D] [thread 9344] [24.0] [cxt 0] Parser 'parser': start
[15:49:44.763] [bmv2] [D] [thread 9344] [24.0] [cxt 0] Parser 'parser' entering state 'start'
[15:49:44.763] [bmv2] [D] [thread 9344] [24.0] [cxt 0] Extracting header 'ethernet'
[15:49:44.763] [bmv2] [D] [thread 9344] [24.0] [cxt 0] Parser state 'start': key is 0800
[15:49:44.763] [bmv2] [T] [thread 9344] [24.0] [cxt 0] Bytes parsed: 14
[15:49:44.763] [bmv2] [D] [thread 9344] [24.0] [cxt 0] Parser 'parser' entering state 'parse_ipv4'
[15:49:44.764] [bmv2] [D] [thread 9344] [24.0] [cxt 0] Extracting header 'ipv4'
[15:49:44.764] [bmv2] [D] [thread 9344] [24.0] [cxt 0] Parser state 'parse_ipv4' has no switch, going to default next state
[15:49:44.764] [bmv2] [T] [thread 9344] [24.0] [cxt 0] Bytes parsed: 34
[15:49:44.764] [bmv2] [D] [thread 9344] [24.0] [cxt 0] Parser 'parser': end
[15:49:44.764] [bmv2] [D] [thread 9344] [24.0] [cxt 0] Pipeline 'ingress': start
[15:49:44.764] [bmv2] [T] [thread 9344] [24.0] [cxt 0] Applying table 'MyIngress.ipv4_lpm'
[15:49:44.764] [bmv2] [D] [thread 9344] [24.0] [cxt 0] Looking up key:
* hdr.ipv4.dstAddr    : 0a000202

[15:49:44.764] [bmv2] [D] [thread 9344] [24.0] [cxt 0] Table 'MyIngress.ipv4_lpm': hit with handle 1
[15:49:44.764] [bmv2] [D] [thread 9344] [24.0] [cxt 0] Dumping entry 1
Match key:
* hdr.ipv4.dstAddr    : LPM       0a000202/32
Action entry: MyIngress.ipv4_forward - 80000000222,1,

[15:49:44.765] [bmv2] [D] [thread 9344] [24.0] [cxt 0] Action entry is MyIngress.ipv4_forward - 80000000222,1,
[15:49:44.765] [bmv2] [T] [thread 9344] [24.0] [cxt 0] Action MyIngress.ipv4_forward
[15:49:44.765] [bmv2] [T] [thread 9344] [24.0] [cxt 0] routing.p4(100) Primitive hdr.ethernet.dst = dstAddr
[15:49:44.765] [bmv2] [T] [thread 9344] [24.0] [cxt 0] routing.p4(100) Primitive dstAddr; ...
[15:49:44.765] [bmv2] [T] [thread 9344] [24.0] [cxt 0] routing.p4(102) Primitive standard_metadata.egress_spec = port
[15:49:44.765] [bmv2] [T] [thread 9344] [24.0] [cxt 0] routing.p4(103) Primitive hdr.ipv4.ttl = hdr.ipv4.ttl - 1
[15:49:44.765] [bmv2] [D] [thread 9344] [24.0] [cxt 0] Pipeline 'ingress': end
[15:49:44.765] [bmv2] [D] [thread 9344] [24.0] [cxt 0] Egress port is 1
[15:49:44.766] [bmv2] [D] [thread 9346] [24.0] [cxt 0] Pipeline 'egress': start
[15:49:44.766] [bmv2] [D] [thread 9346] [24.0] [cxt 0] Pipeline 'egress': end
[15:49:44.766] [bmv2] [D] [thread 9346] [24.0] [cxt 0] Deparser 'deparser': start
[15:49:44.766] [bmv2] [D] [thread 9346] [24.0] [cxt 0] Updating checksum 'cksum'
[15:49:44.766] [bmv2] [D] [thread 9346] [24.0] [cxt 0] Deparsing header 'ethernet'
[15:49:44.766] [bmv2] [D] [thread 9346] [24.0] [cxt 0] Deparsing header 'ipv4'
[15:49:44.766] [bmv2] [D] [thread 9346] [24.0] [cxt 0] Deparser 'deparser': end
[15:49:44.766] [bmv2] [D] [thread 9349] [24.0] [cxt 0] Transmitting packet of size 98 out of port 1
[15:49:44.792] [bmv2] [D] [thread 9344] [25.0] [cxt 0] Processing packet received on port 3
[15:49:44.792] [bmv2] [D] [thread 9344] [25.0] [cxt 0] Parser 'parser': start
[15:49:44.792] [bmv2] [D] [thread 9344] [25.0] [cxt 0] Parser 'parser' entering state 'start'
[15:49:44.792] [bmv2] [D] [thread 9344] [25.0] [cxt 0] Extracting header 'ethernet'
[15:49:44.792] [bmv2] [D] [thread 9344] [25.0] [cxt 0] Parser state 'start': key is 0800
[15:49:44.792] [bmv2] [T] [thread 9344] [25.0] [cxt 0] Bytes parsed: 14
[15:49:44.792] [bmv2] [D] [thread 9344] [25.0] [cxt 0] Parser 'parser' entering state 'parse_ipv4'
[15:49:44.793] [bmv2] [D] [thread 9344] [25.0] [cxt 0] Extracting header 'ipv4'
[15:49:44.793] [bmv2] [D] [thread 9344] [25.0] [cxt 0] Parser state 'parse_ipv4' has no switch, going to default next state
[15:49:44.793] [bmv2] [T] [thread 9344] [25.0] [cxt 0] Bytes parsed: 34
[15:49:44.793] [bmv2] [D] [thread 9344] [25.0] [cxt 0] Parser 'parser': end
[15:49:44.793] [bmv2] [D] [thread 9344] [25.0] [cxt 0] Pipeline 'ingress': start
[15:49:44.793] [bmv2] [T] [thread 9344] [25.0] [cxt 0] Applying table 'MyIngress.ipv4_lpm'
[15:49:44.793] [bmv2] [D] [thread 9344] [25.0] [cxt 0] Looking up key:
* hdr.ipv4.dstAddr    : 0a000202

[15:49:44.793] [bmv2] [D] [thread 9344] [25.0] [cxt 0] Table 'MyIngress.ipv4_lpm': hit with handle 1
[15:49:44.794] [bmv2] [D] [thread 9344] [25.0] [cxt 0] Dumping entry 1
Match key:
* hdr.ipv4.dstAddr    : LPM       0a000202/32
Action entry: MyIngress.ipv4_forward - 80000000222,1,

[15:49:44.794] [bmv2] [D] [thread 9344] [25.0] [cxt 0] Action entry is MyIngress.ipv4_forward - 80000000222,1,
[15:49:44.794] [bmv2] [T] [thread 9344] [25.0] [cxt 0] Action MyIngress.ipv4_forward
[15:49:44.794] [bmv2] [T] [thread 9344] [25.0] [cxt 0] routing.p4(100) Primitive hdr.ethernet.dst = dstAddr
[15:49:44.794] [bmv2] [T] [thread 9344] [25.0] [cxt 0] routing.p4(100) Primitive dstAddr; ...
[15:49:44.794] [bmv2] [T] [thread 9344] [25.0] [cxt 0] routing.p4(102) Primitive standard_metadata.egress_spec = port
[15:49:44.794] [bmv2] [T] [thread 9344] [25.0] [cxt 0] routing.p4(103) Primitive hdr.ipv4.ttl = hdr.ipv4.ttl - 1
[15:49:44.794] [bmv2] [D] [thread 9344] [25.0] [cxt 0] Pipeline 'ingress': end
[15:49:44.795] [bmv2] [D] [thread 9344] [25.0] [cxt 0] Egress port is 1
[15:49:44.795] [bmv2] [D] [thread 9346] [25.0] [cxt 0] Pipeline 'egress': start
[15:49:44.795] [bmv2] [D] [thread 9346] [25.0] [cxt 0] Pipeline 'egress': end
[15:49:44.795] [bmv2] [D] [thread 9346] [25.0] [cxt 0] Deparser 'deparser': start
[15:49:44.795] [bmv2] [D] [thread 9346] [25.0] [cxt 0] Updating checksum 'cksum'
[15:49:44.795] [bmv2] [D] [thread 9346] [25.0] [cxt 0] Deparsing header 'ethernet'
[15:49:44.796] [bmv2] [D] [thread 9346] [25.0] [cxt 0] Deparsing header 'ipv4'
[15:49:44.796] [bmv2] [D] [thread 9346] [25.0] [cxt 0] Deparser 'deparser': end
[15:49:44.796] [bmv2] [D] [thread 9349] [25.0] [cxt 0] Transmitting packet of size 98 out of port 1
[15:49:44.796] [bmv2] [D] [thread 9344] [26.0] [cxt 0] Processing packet received on port 1
[15:49:44.797] [bmv2] [D] [thread 9344] [26.0] [cxt 0] Parser 'parser': start
[15:49:44.797] [bmv2] [D] [thread 9344] [26.0] [cxt 0] Parser 'parser' entering state 'start'
[15:49:44.797] [bmv2] [D] [thread 9344] [26.0] [cxt 0] Extracting header 'ethernet'
[15:49:44.797] [bmv2] [D] [thread 9344] [26.0] [cxt 0] Parser state 'start': key is 0800
[15:49:44.798] [bmv2] [T] [thread 9344] [26.0] [cxt 0] Bytes parsed: 14
[15:49:44.798] [bmv2] [D] [thread 9344] [26.0] [cxt 0] Parser 'parser' entering state 'parse_ipv4'
[15:49:44.798] [bmv2] [D] [thread 9344] [26.0] [cxt 0] Extracting header 'ipv4'
[15:49:44.798] [bmv2] [D] [thread 9344] [26.0] [cxt 0] Parser state 'parse_ipv4' has no switch, going to default next state
[15:49:44.798] [bmv2] [T] [thread 9344] [26.0] [cxt 0] Bytes parsed: 34
[15:49:44.798] [bmv2] [D] [thread 9344] [26.0] [cxt 0] Parser 'parser': end
[15:49:44.798] [bmv2] [D] [thread 9344] [26.0] [cxt 0] Pipeline 'ingress': start
[15:49:44.798] [bmv2] [T] [thread 9344] [26.0] [cxt 0] Applying table 'MyIngress.ipv4_lpm'
[15:49:44.799] [bmv2] [D] [thread 9344] [26.0] [cxt 0] Looking up key:
* hdr.ipv4.dstAddr    : 0a000303

[15:49:44.799] [bmv2] [D] [thread 9344] [26.0] [cxt 0] Table 'MyIngress.ipv4_lpm': hit with handle 2
[15:49:44.799] [bmv2] [D] [thread 9344] [26.0] [cxt 0] Dumping entry 2
Match key:
* hdr.ipv4.dstAddr    : LPM       0a000300/24
Action entry: MyIngress.ipv4_forward - 80000000666,3,

[15:49:44.799] [bmv2] [D] [thread 9344] [26.0] [cxt 0] Action entry is MyIngress.ipv4_forward - 80000000666,3,
[15:49:44.799] [bmv2] [T] [thread 9344] [26.0] [cxt 0] Action MyIngress.ipv4_forward
[15:49:44.799] [bmv2] [T] [thread 9344] [26.0] [cxt 0] routing.p4(100) Primitive hdr.ethernet.dst = dstAddr
[15:49:44.799] [bmv2] [T] [thread 9344] [26.0] [cxt 0] routing.p4(100) Primitive dstAddr; ...
[15:49:44.799] [bmv2] [T] [thread 9344] [26.0] [cxt 0] routing.p4(102) Primitive standard_metadata.egress_spec = port
[15:49:44.799] [bmv2] [T] [thread 9344] [26.0] [cxt 0] routing.p4(103) Primitive hdr.ipv4.ttl = hdr.ipv4.ttl - 1
[15:49:44.800] [bmv2] [D] [thread 9344] [26.0] [cxt 0] Pipeline 'ingress': end
[15:49:44.800] [bmv2] [D] [thread 9344] [26.0] [cxt 0] Egress port is 3
[15:49:44.800] [bmv2] [D] [thread 9348] [26.0] [cxt 0] Pipeline 'egress': start
[15:49:44.800] [bmv2] [D] [thread 9348] [26.0] [cxt 0] Pipeline 'egress': end
[15:49:44.800] [bmv2] [D] [thread 9348] [26.0] [cxt 0] Deparser 'deparser': start
[15:49:44.800] [bmv2] [D] [thread 9348] [26.0] [cxt 0] Updating checksum 'cksum'
[15:49:44.800] [bmv2] [D] [thread 9348] [26.0] [cxt 0] Deparsing header 'ethernet'
[15:49:44.801] [bmv2] [D] [thread 9348] [26.0] [cxt 0] Deparsing header 'ipv4'
[15:49:44.801] [bmv2] [D] [thread 9348] [26.0] [cxt 0] Deparser 'deparser': end
[15:49:44.801] [bmv2] [D] [thread 9349] [26.0] [cxt 0] Transmitting packet of size 98 out of port 3
[15:49:44.817] [bmv2] [D] [thread 9344] [27.0] [cxt 0] Processing packet received on port 3
[15:49:44.817] [bmv2] [D] [thread 9344] [27.0] [cxt 0] Parser 'parser': start
[15:49:44.817] [bmv2] [D] [thread 9344] [27.0] [cxt 0] Parser 'parser' entering state 'start'
[15:49:44.817] [bmv2] [D] [thread 9344] [27.0] [cxt 0] Extracting header 'ethernet'
[15:49:44.817] [bmv2] [D] [thread 9344] [27.0] [cxt 0] Parser state 'start': key is 86dd
[15:49:44.817] [bmv2] [T] [thread 9344] [27.0] [cxt 0] Bytes parsed: 14
[15:49:44.818] [bmv2] [D] [thread 9344] [27.0] [cxt 0] Parser 'parser': end
[15:49:44.818] [bmv2] [D] [thread 9344] [27.0] [cxt 0] Pipeline 'ingress': start
[15:49:44.818] [bmv2] [T] [thread 9344] [27.0] [cxt 0] Applying table 'MyIngress.ipv4_lpm'
[15:49:44.818] [bmv2] [D] [thread 9344] [27.0] [cxt 0] Looking up key:
* hdr.ipv4.dstAddr    : 00000000

[15:49:44.818] [bmv2] [D] [thread 9344] [27.0] [cxt 0] Table 'MyIngress.ipv4_lpm': miss
[15:49:44.818] [bmv2] [D] [thread 9344] [27.0] [cxt 0] Action entry is MyIngress.drop - 
[15:49:44.818] [bmv2] [T] [thread 9344] [27.0] [cxt 0] Action MyIngress.drop
[15:49:44.819] [bmv2] [T] [thread 9344] [27.0] [cxt 0] routing.p4(110) Primitive mark_to_drop(standard_metadata)
[15:49:44.819] [bmv2] [D] [thread 9344] [27.0] [cxt 0] Pipeline 'ingress': end
[15:49:44.819] [bmv2] [D] [thread 9344] [27.0] [cxt 0] Egress port is 511
[15:49:44.819] [bmv2] [D] [thread 9344] [27.0] [cxt 0] Dropping packet at the end of ingress
[15:49:45.041] [bmv2] [D] [thread 9344] [28.0] [cxt 0] Processing packet received on port 2
[15:49:45.041] [bmv2] [D] [thread 9344] [28.0] [cxt 0] Parser 'parser': start
[15:49:45.041] [bmv2] [D] [thread 9344] [28.0] [cxt 0] Parser 'parser' entering state 'start'
[15:49:45.042] [bmv2] [D] [thread 9344] [28.0] [cxt 0] Extracting header 'ethernet'
[15:49:45.042] [bmv2] [D] [thread 9344] [28.0] [cxt 0] Parser state 'start': key is 86dd
[15:49:45.042] [bmv2] [T] [thread 9344] [28.0] [cxt 0] Bytes parsed: 14
[15:49:45.042] [bmv2] [D] [thread 9344] [28.0] [cxt 0] Parser 'parser': end
[15:49:45.042] [bmv2] [D] [thread 9344] [28.0] [cxt 0] Pipeline 'ingress': start
[15:49:45.043] [bmv2] [T] [thread 9344] [28.0] [cxt 0] Applying table 'MyIngress.ipv4_lpm'
[15:49:45.043] [bmv2] [D] [thread 9344] [28.0] [cxt 0] Looking up key:
* hdr.ipv4.dstAddr    : 00000000

[15:49:45.043] [bmv2] [D] [thread 9344] [28.0] [cxt 0] Table 'MyIngress.ipv4_lpm': miss
[15:49:45.043] [bmv2] [D] [thread 9344] [28.0] [cxt 0] Action entry is MyIngress.drop - 
[15:49:45.043] [bmv2] [T] [thread 9344] [28.0] [cxt 0] Action MyIngress.drop
[15:49:45.044] [bmv2] [T] [thread 9344] [28.0] [cxt 0] routing.p4(110) Primitive mark_to_drop(standard_metadata)
[15:49:45.044] [bmv2] [D] [thread 9344] [28.0] [cxt 0] Pipeline 'ingress': end
[15:49:45.044] [bmv2] [D] [thread 9344] [28.0] [cxt 0] Egress port is 511
[15:49:45.044] [bmv2] [D] [thread 9344] [28.0] [cxt 0] Dropping packet at the end of ingress
open: No such file or directory
open: No such file or directory
open: No such file or directory
