Calling target program-options parser
[16:32:51.235] [bmv2] [D] [thread 10030] Set default default entry for table 'MyIngress.ipv4_lpm': NoAction - 
Adding interface s3-eth1 as port 1
[16:32:51.236] [bmv2] [D] [thread 10030] Adding interface s3-eth1 as port 1
Adding interface s3-eth2 as port 2
[16:32:51.272] [bmv2] [D] [thread 10030] Adding interface s3-eth2 as port 2
Adding interface s3-eth3 as port 3
[16:32:51.299] [bmv2] [D] [thread 10030] Adding interface s3-eth3 as port 3
I1206 16:32:51.331193249   10030 server_builder.cc:247]      Synchronous server. Num CQs: 1, Min pollers: 1, Max Pollers: 2147483647, CQ timeout (msec): 1000
Server listening on 0.0.0.0:50053
[16:32:51.338] [bmv2] [I] [thread 10030] Starting Thrift server on port 9092
[16:32:51.339] [bmv2] [I] [thread 10030] Thrift server was started
[16:32:51.341] [bmv2] [D] [thread 10038] [0.0] [cxt 0] Processing packet received on port 1
[16:32:51.341] [bmv2] [D] [thread 10038] [0.0] [cxt 0] Parser 'parser': start
[16:32:51.341] [bmv2] [D] [thread 10038] [0.0] [cxt 0] Parser 'parser' entering state 'start'
[16:32:51.342] [bmv2] [D] [thread 10038] [0.0] [cxt 0] Extracting header 'ethernet'
[16:32:51.342] [bmv2] [D] [thread 10038] [0.0] [cxt 0] Parser state 'start': key is 86dd
[16:32:51.343] [bmv2] [T] [thread 10038] [0.0] [cxt 0] Bytes parsed: 14
[16:32:51.343] [bmv2] [D] [thread 10038] [0.0] [cxt 0] Parser 'parser': end
[16:32:51.343] [bmv2] [D] [thread 10038] [0.0] [cxt 0] Pipeline 'ingress': start
[16:32:51.344] [bmv2] [T] [thread 10038] [0.0] [cxt 0] Applying table 'MyIngress.ipv4_lpm'
[16:32:51.344] [bmv2] [D] [thread 10038] [0.0] [cxt 0] Looking up key:
* hdr.ipv4.dstAddr    : 00000000

[16:32:51.344] [bmv2] [D] [thread 10038] [0.0] [cxt 0] Table 'MyIngress.ipv4_lpm': miss
[16:32:51.345] [bmv2] [D] [thread 10038] [0.0] [cxt 0] Action entry is NoAction - 
[16:32:51.345] [bmv2] [T] [thread 10038] [0.0] [cxt 0] Action NoAction
[16:32:51.345] [bmv2] [D] [thread 10038] [0.0] [cxt 0] Pipeline 'ingress': end
[16:32:51.345] [bmv2] [D] [thread 10038] [0.0] [cxt 0] Egress port is 0
[16:32:51.346] [bmv2] [D] [thread 10039] [0.0] [cxt 0] Pipeline 'egress': start
[16:32:51.346] [bmv2] [D] [thread 10039] [0.0] [cxt 0] Pipeline 'egress': end
[16:32:51.346] [bmv2] [D] [thread 10039] [0.0] [cxt 0] Deparser 'deparser': start
[16:32:51.347] [bmv2] [D] [thread 10039] [0.0] [cxt 0] Deparser 'deparser': end
[16:32:51.347] [bmv2] [D] [thread 10043] [0.0] [cxt 0] Transmitting packet of size 76 out of port 0
[16:32:51.461] [bmv2] [D] [thread 10038] [1.0] [cxt 0] Processing packet received on port 3
[16:32:51.461] [bmv2] [D] [thread 10038] [1.0] [cxt 0] Parser 'parser': start
[16:32:51.461] [bmv2] [D] [thread 10038] [1.0] [cxt 0] Parser 'parser' entering state 'start'
[16:32:51.461] [bmv2] [D] [thread 10038] [1.0] [cxt 0] Extracting header 'ethernet'
[16:32:51.462] [bmv2] [D] [thread 10038] [1.0] [cxt 0] Parser state 'start': key is 86dd
[16:32:51.462] [bmv2] [T] [thread 10038] [1.0] [cxt 0] Bytes parsed: 14
[16:32:51.462] [bmv2] [D] [thread 10038] [1.0] [cxt 0] Parser 'parser': end
[16:32:51.462] [bmv2] [D] [thread 10038] [1.0] [cxt 0] Pipeline 'ingress': start
[16:32:51.463] [bmv2] [T] [thread 10038] [1.0] [cxt 0] Applying table 'MyIngress.ipv4_lpm'
[16:32:51.463] [bmv2] [D] [thread 10038] [1.0] [cxt 0] Looking up key:
* hdr.ipv4.dstAddr    : 00000000

[16:32:51.463] [bmv2] [D] [thread 10038] [1.0] [cxt 0] Table 'MyIngress.ipv4_lpm': miss
[16:32:51.463] [bmv2] [D] [thread 10038] [1.0] [cxt 0] Action entry is NoAction - 
[16:32:51.464] [bmv2] [T] [thread 10038] [1.0] [cxt 0] Action NoAction
[16:32:51.464] [bmv2] [D] [thread 10038] [1.0] [cxt 0] Pipeline 'ingress': end
[16:32:51.464] [bmv2] [D] [thread 10038] [1.0] [cxt 0] Egress port is 0
[16:32:51.465] [bmv2] [D] [thread 10039] [1.0] [cxt 0] Pipeline 'egress': start
[16:32:51.465] [bmv2] [D] [thread 10039] [1.0] [cxt 0] Pipeline 'egress': end
[16:32:51.465] [bmv2] [D] [thread 10039] [1.0] [cxt 0] Deparser 'deparser': start
[16:32:51.466] [bmv2] [D] [thread 10039] [1.0] [cxt 0] Deparser 'deparser': end
[16:32:51.466] [bmv2] [D] [thread 10043] [1.0] [cxt 0] Transmitting packet of size 76 out of port 0
[16:32:51.736] [bmv2] [D] [thread 10038] [2.0] [cxt 0] Processing packet received on port 3
[16:32:51.736] [bmv2] [D] [thread 10038] [2.0] [cxt 0] Parser 'parser': start
[16:32:51.736] [bmv2] [D] [thread 10038] [2.0] [cxt 0] Parser 'parser' entering state 'start'
[16:32:51.737] [bmv2] [D] [thread 10038] [2.0] [cxt 0] Extracting header 'ethernet'
[16:32:51.737] [bmv2] [D] [thread 10038] [2.0] [cxt 0] Parser state 'start': key is 86dd
[16:32:51.737] [bmv2] [T] [thread 10038] [2.0] [cxt 0] Bytes parsed: 14
[16:32:51.737] [bmv2] [D] [thread 10038] [2.0] [cxt 0] Parser 'parser': end
[16:32:51.738] [bmv2] [D] [thread 10038] [2.0] [cxt 0] Pipeline 'ingress': start
[16:32:51.738] [bmv2] [T] [thread 10038] [2.0] [cxt 0] Applying table 'MyIngress.ipv4_lpm'
[16:32:51.738] [bmv2] [D] [thread 10038] [2.0] [cxt 0] Looking up key:
* hdr.ipv4.dstAddr    : 00000000

[16:32:51.739] [bmv2] [D] [thread 10038] [2.0] [cxt 0] Table 'MyIngress.ipv4_lpm': miss
[16:32:51.739] [bmv2] [D] [thread 10038] [2.0] [cxt 0] Action entry is NoAction - 
[16:32:51.739] [bmv2] [T] [thread 10038] [2.0] [cxt 0] Action NoAction
[16:32:51.739] [bmv2] [D] [thread 10038] [2.0] [cxt 0] Pipeline 'ingress': end
[16:32:51.740] [bmv2] [D] [thread 10038] [2.0] [cxt 0] Egress port is 0
[16:32:51.740] [bmv2] [D] [thread 10038] [3.0] [cxt 0] Processing packet received on port 3
[16:32:51.740] [bmv2] [D] [thread 10038] [3.0] [cxt 0] Parser 'parser': start
[16:32:51.740] [bmv2] [D] [thread 10039] [2.0] [cxt 0] Pipeline 'egress': start
[16:32:51.740] [bmv2] [D] [thread 10039] [2.0] [cxt 0] Pipeline 'egress': end
[16:32:51.741] [bmv2] [D] [thread 10038] [3.0] [cxt 0] Parser 'parser' entering state 'start'
[16:32:51.741] [bmv2] [D] [thread 10038] [3.0] [cxt 0] Extracting header 'ethernet'
[16:32:51.741] [bmv2] [D] [thread 10039] [2.0] [cxt 0] Deparser 'deparser': start
[16:32:51.741] [bmv2] [D] [thread 10038] [3.0] [cxt 0] Parser state 'start': key is 86dd
[16:32:51.742] [bmv2] [T] [thread 10038] [3.0] [cxt 0] Bytes parsed: 14
[16:32:51.742] [bmv2] [D] [thread 10038] [3.0] [cxt 0] Parser 'parser': end
[16:32:51.742] [bmv2] [D] [thread 10038] [3.0] [cxt 0] Pipeline 'ingress': start
[16:32:51.742] [bmv2] [T] [thread 10038] [3.0] [cxt 0] Applying table 'MyIngress.ipv4_lpm'
[16:32:51.742] [bmv2] [D] [thread 10038] [3.0] [cxt 0] Looking up key:
* hdr.ipv4.dstAddr    : 00000000

[16:32:51.743] [bmv2] [D] [thread 10038] [3.0] [cxt 0] Table 'MyIngress.ipv4_lpm': miss
[16:32:51.743] [bmv2] [D] [thread 10038] [3.0] [cxt 0] Action entry is NoAction - 
[16:32:51.743] [bmv2] [T] [thread 10038] [3.0] [cxt 0] Action NoAction
[16:32:51.743] [bmv2] [D] [thread 10038] [3.0] [cxt 0] Pipeline 'ingress': end
[16:32:51.743] [bmv2] [D] [thread 10038] [3.0] [cxt 0] Egress port is 0
[16:32:51.741] [bmv2] [D] [thread 10039] [2.0] [cxt 0] Deparser 'deparser': end
[16:32:51.744] [bmv2] [D] [thread 10039] [3.0] [cxt 0] Pipeline 'egress': start
[16:32:51.744] [bmv2] [D] [thread 10039] [3.0] [cxt 0] Pipeline 'egress': end
[16:32:51.744] [bmv2] [D] [thread 10039] [3.0] [cxt 0] Deparser 'deparser': start
[16:32:51.744] [bmv2] [D] [thread 10039] [3.0] [cxt 0] Deparser 'deparser': end
[16:32:51.744] [bmv2] [D] [thread 10043] [2.0] [cxt 0] Transmitting packet of size 76 out of port 0
[16:32:51.745] [bmv2] [D] [thread 10043] [3.0] [cxt 0] Transmitting packet of size 56 out of port 0
[16:32:51.934] [bmv2] [D] [thread 10038] [4.0] [cxt 0] Processing packet received on port 2
[16:32:51.935] [bmv2] [D] [thread 10038] [4.0] [cxt 0] Parser 'parser': start
[16:32:51.935] [bmv2] [D] [thread 10038] [4.0] [cxt 0] Parser 'parser' entering state 'start'
[16:32:51.935] [bmv2] [D] [thread 10038] [4.0] [cxt 0] Extracting header 'ethernet'
[16:32:51.935] [bmv2] [D] [thread 10038] [4.0] [cxt 0] Parser state 'start': key is 86dd
[16:32:51.935] [bmv2] [T] [thread 10038] [4.0] [cxt 0] Bytes parsed: 14
[16:32:51.936] [bmv2] [D] [thread 10038] [4.0] [cxt 0] Parser 'parser': end
[16:32:51.936] [bmv2] [D] [thread 10038] [4.0] [cxt 0] Pipeline 'ingress': start
[16:32:51.936] [bmv2] [T] [thread 10038] [4.0] [cxt 0] Applying table 'MyIngress.ipv4_lpm'
[16:32:51.936] [bmv2] [D] [thread 10038] [4.0] [cxt 0] Looking up key:
* hdr.ipv4.dstAddr    : 00000000

[16:32:51.937] [bmv2] [D] [thread 10038] [4.0] [cxt 0] Table 'MyIngress.ipv4_lpm': miss
[16:32:51.937] [bmv2] [D] [thread 10038] [4.0] [cxt 0] Action entry is NoAction - 
[16:32:51.937] [bmv2] [T] [thread 10038] [4.0] [cxt 0] Action NoAction
[16:32:51.938] [bmv2] [D] [thread 10038] [4.0] [cxt 0] Pipeline 'ingress': end
[16:32:51.938] [bmv2] [D] [thread 10038] [4.0] [cxt 0] Egress port is 0
[16:32:51.938] [bmv2] [D] [thread 10038] [5.0] [cxt 0] Processing packet received on port 2
[16:32:51.938] [bmv2] [D] [thread 10038] [5.0] [cxt 0] Parser 'parser': start
[16:32:51.938] [bmv2] [D] [thread 10038] [5.0] [cxt 0] Parser 'parser' entering state 'start'
[16:32:51.939] [bmv2] [D] [thread 10038] [5.0] [cxt 0] Extracting header 'ethernet'
[16:32:51.938] [bmv2] [D] [thread 10039] [4.0] [cxt 0] Pipeline 'egress': start
[16:32:51.939] [bmv2] [D] [thread 10039] [4.0] [cxt 0] Pipeline 'egress': end
[16:32:51.940] [bmv2] [D] [thread 10039] [4.0] [cxt 0] Deparser 'deparser': start
[16:32:51.939] [bmv2] [D] [thread 10038] [5.0] [cxt 0] Parser state 'start': key is 86dd
[16:32:51.940] [bmv2] [T] [thread 10038] [5.0] [cxt 0] Bytes parsed: 14
[16:32:51.940] [bmv2] [D] [thread 10039] [4.0] [cxt 0] Deparser 'deparser': end
[16:32:51.941] [bmv2] [D] [thread 10043] [4.0] [cxt 0] Transmitting packet of size 76 out of port 0
[16:32:51.941] [bmv2] [D] [thread 10038] [5.0] [cxt 0] Parser 'parser': end
[16:32:51.941] [bmv2] [D] [thread 10038] [5.0] [cxt 0] Pipeline 'ingress': start
[16:32:51.942] [bmv2] [T] [thread 10038] [5.0] [cxt 0] Applying table 'MyIngress.ipv4_lpm'
[16:32:51.942] [bmv2] [D] [thread 10038] [5.0] [cxt 0] Looking up key:
* hdr.ipv4.dstAddr    : 00000000

[16:32:51.942] [bmv2] [D] [thread 10038] [5.0] [cxt 0] Table 'MyIngress.ipv4_lpm': miss
[16:32:51.943] [bmv2] [D] [thread 10038] [5.0] [cxt 0] Action entry is NoAction - 
[16:32:51.943] [bmv2] [T] [thread 10038] [5.0] [cxt 0] Action NoAction
[16:32:51.943] [bmv2] [D] [thread 10038] [5.0] [cxt 0] Pipeline 'ingress': end
[16:32:51.944] [bmv2] [D] [thread 10038] [5.0] [cxt 0] Egress port is 0
[16:32:51.944] [bmv2] [D] [thread 10038] [6.0] [cxt 0] Processing packet received on port 2
[16:32:51.944] [bmv2] [D] [thread 10039] [5.0] [cxt 0] Pipeline 'egress': start
[16:32:51.944] [bmv2] [D] [thread 10038] [6.0] [cxt 0] Parser 'parser': start
[16:32:51.945] [bmv2] [D] [thread 10038] [6.0] [cxt 0] Parser 'parser' entering state 'start'
[16:32:51.945] [bmv2] [D] [thread 10038] [6.0] [cxt 0] Extracting header 'ethernet'
[16:32:51.944] [bmv2] [D] [thread 10039] [5.0] [cxt 0] Pipeline 'egress': end
[16:32:51.945] [bmv2] [D] [thread 10038] [6.0] [cxt 0] Parser state 'start': key is 86dd
[16:32:51.946] [bmv2] [T] [thread 10038] [6.0] [cxt 0] Bytes parsed: 14
[16:32:51.945] [bmv2] [D] [thread 10039] [5.0] [cxt 0] Deparser 'deparser': start
[16:32:51.946] [bmv2] [D] [thread 10038] [6.0] [cxt 0] Parser 'parser': end
[16:32:51.947] [bmv2] [D] [thread 10038] [6.0] [cxt 0] Pipeline 'ingress': start
[16:32:51.946] [bmv2] [D] [thread 10039] [5.0] [cxt 0] Deparser 'deparser': end
[16:32:51.947] [bmv2] [D] [thread 10043] [5.0] [cxt 0] Transmitting packet of size 56 out of port 0
[16:32:51.947] [bmv2] [T] [thread 10038] [6.0] [cxt 0] Applying table 'MyIngress.ipv4_lpm'
[16:32:51.948] [bmv2] [D] [thread 10038] [6.0] [cxt 0] Looking up key:
* hdr.ipv4.dstAddr    : 00000000

[16:32:51.948] [bmv2] [D] [thread 10038] [6.0] [cxt 0] Table 'MyIngress.ipv4_lpm': miss
[16:32:51.949] [bmv2] [D] [thread 10038] [6.0] [cxt 0] Action entry is NoAction - 
[16:32:51.949] [bmv2] [T] [thread 10038] [6.0] [cxt 0] Action NoAction
[16:32:51.949] [bmv2] [D] [thread 10038] [6.0] [cxt 0] Pipeline 'ingress': end
[16:32:51.949] [bmv2] [D] [thread 10038] [6.0] [cxt 0] Egress port is 0
[16:32:51.949] [bmv2] [D] [thread 10038] [7.0] [cxt 0] Processing packet received on port 2
[16:32:51.950] [bmv2] [D] [thread 10038] [7.0] [cxt 0] Parser 'parser': start
[16:32:51.950] [bmv2] [D] [thread 10038] [7.0] [cxt 0] Parser 'parser' entering state 'start'
[16:32:51.950] [bmv2] [D] [thread 10038] [7.0] [cxt 0] Extracting header 'ethernet'
[16:32:51.949] [bmv2] [D] [thread 10039] [6.0] [cxt 0] Pipeline 'egress': start
[16:32:51.950] [bmv2] [D] [thread 10039] [6.0] [cxt 0] Pipeline 'egress': end
[16:32:51.951] [bmv2] [D] [thread 10039] [6.0] [cxt 0] Deparser 'deparser': start
[16:32:51.951] [bmv2] [D] [thread 10039] [6.0] [cxt 0] Deparser 'deparser': end
[16:32:51.951] [bmv2] [D] [thread 10038] [7.0] [cxt 0] Parser state 'start': key is 86dd
[16:32:51.951] [bmv2] [T] [thread 10038] [7.0] [cxt 0] Bytes parsed: 14
[16:32:51.951] [bmv2] [D] [thread 10043] [6.0] [cxt 0] Transmitting packet of size 76 out of port 0
[16:32:51.952] [bmv2] [D] [thread 10038] [7.0] [cxt 0] Parser 'parser': end
[16:32:51.952] [bmv2] [D] [thread 10038] [7.0] [cxt 0] Pipeline 'ingress': start
[16:32:51.953] [bmv2] [T] [thread 10038] [7.0] [cxt 0] Applying table 'MyIngress.ipv4_lpm'
[16:32:51.953] [bmv2] [D] [thread 10038] [7.0] [cxt 0] Looking up key:
* hdr.ipv4.dstAddr    : 00000000

[16:32:51.953] [bmv2] [D] [thread 10038] [7.0] [cxt 0] Table 'MyIngress.ipv4_lpm': miss
[16:32:51.953] [bmv2] [D] [thread 10038] [7.0] [cxt 0] Action entry is NoAction - 
[16:32:51.953] [bmv2] [T] [thread 10038] [7.0] [cxt 0] Action NoAction
[16:32:51.954] [bmv2] [D] [thread 10038] [7.0] [cxt 0] Pipeline 'ingress': end
[16:32:51.954] [bmv2] [D] [thread 10038] [7.0] [cxt 0] Egress port is 0
[16:32:51.954] [bmv2] [D] [thread 10039] [7.0] [cxt 0] Pipeline 'egress': start
[16:32:51.954] [bmv2] [D] [thread 10039] [7.0] [cxt 0] Pipeline 'egress': end
[16:32:51.955] [bmv2] [D] [thread 10039] [7.0] [cxt 0] Deparser 'deparser': start
[16:32:51.955] [bmv2] [D] [thread 10039] [7.0] [cxt 0] Deparser 'deparser': end
[16:32:51.955] [bmv2] [D] [thread 10043] [7.0] [cxt 0] Transmitting packet of size 56 out of port 0
[16:32:52.129] [bmv2] [D] [thread 10038] [8.0] [cxt 0] Processing packet received on port 3
[16:32:52.129] [bmv2] [D] [thread 10038] [8.0] [cxt 0] Parser 'parser': start
[16:32:52.130] [bmv2] [D] [thread 10038] [8.0] [cxt 0] Parser 'parser' entering state 'start'
[16:32:52.130] [bmv2] [D] [thread 10038] [8.0] [cxt 0] Extracting header 'ethernet'
[16:32:52.131] [bmv2] [D] [thread 10038] [8.0] [cxt 0] Parser state 'start': key is 86dd
[16:32:52.131] [bmv2] [T] [thread 10038] [8.0] [cxt 0] Bytes parsed: 14
[16:32:52.131] [bmv2] [D] [thread 10038] [8.0] [cxt 0] Parser 'parser': end
[16:32:52.132] [bmv2] [D] [thread 10038] [8.0] [cxt 0] Pipeline 'ingress': start
[16:32:52.132] [bmv2] [T] [thread 10038] [8.0] [cxt 0] Applying table 'MyIngress.ipv4_lpm'
[16:32:52.132] [bmv2] [D] [thread 10038] [8.0] [cxt 0] Looking up key:
* hdr.ipv4.dstAddr    : 00000000

[16:32:52.133] [bmv2] [D] [thread 10038] [8.0] [cxt 0] Table 'MyIngress.ipv4_lpm': miss
[16:32:52.133] [bmv2] [D] [thread 10038] [8.0] [cxt 0] Action entry is NoAction - 
[16:32:52.134] [bmv2] [T] [thread 10038] [8.0] [cxt 0] Action NoAction
[16:32:52.134] [bmv2] [D] [thread 10038] [8.0] [cxt 0] Pipeline 'ingress': end
[16:32:52.134] [bmv2] [D] [thread 10038] [8.0] [cxt 0] Egress port is 0
[16:32:52.135] [bmv2] [D] [thread 10039] [8.0] [cxt 0] Pipeline 'egress': start
[16:32:52.135] [bmv2] [D] [thread 10039] [8.0] [cxt 0] Pipeline 'egress': end
[16:32:52.135] [bmv2] [D] [thread 10039] [8.0] [cxt 0] Deparser 'deparser': start
[16:32:52.136] [bmv2] [D] [thread 10039] [8.0] [cxt 0] Deparser 'deparser': end
[16:32:52.136] [bmv2] [D] [thread 10043] [8.0] [cxt 0] Transmitting packet of size 76 out of port 0
[16:32:52.456] [bmv2] [D] [thread 10038] [9.0] [cxt 0] Processing packet received on port 2
[16:32:52.456] [bmv2] [D] [thread 10038] [9.0] [cxt 0] Parser 'parser': start
[16:32:52.457] [bmv2] [D] [thread 10038] [9.0] [cxt 0] Parser 'parser' entering state 'start'
[16:32:52.457] [bmv2] [D] [thread 10038] [9.0] [cxt 0] Extracting header 'ethernet'
[16:32:52.457] [bmv2] [D] [thread 10038] [9.0] [cxt 0] Parser state 'start': key is 86dd
[16:32:52.457] [bmv2] [T] [thread 10038] [9.0] [cxt 0] Bytes parsed: 14
[16:32:52.457] [bmv2] [D] [thread 10038] [9.0] [cxt 0] Parser 'parser': end
[16:32:52.458] [bmv2] [D] [thread 10038] [9.0] [cxt 0] Pipeline 'ingress': start
[16:32:52.458] [bmv2] [T] [thread 10038] [9.0] [cxt 0] Applying table 'MyIngress.ipv4_lpm'
[16:32:52.458] [bmv2] [D] [thread 10038] [9.0] [cxt 0] Looking up key:
* hdr.ipv4.dstAddr    : 00000000

[16:32:52.459] [bmv2] [D] [thread 10038] [9.0] [cxt 0] Table 'MyIngress.ipv4_lpm': miss
[16:32:52.459] [bmv2] [D] [thread 10038] [9.0] [cxt 0] Action entry is NoAction - 
[16:32:52.459] [bmv2] [T] [thread 10038] [9.0] [cxt 0] Action NoAction
[16:32:52.459] [bmv2] [D] [thread 10038] [9.0] [cxt 0] Pipeline 'ingress': end
[16:32:52.460] [bmv2] [D] [thread 10038] [9.0] [cxt 0] Egress port is 0
[16:32:52.460] [bmv2] [D] [thread 10039] [9.0] [cxt 0] Pipeline 'egress': start
[16:32:52.460] [bmv2] [D] [thread 10039] [9.0] [cxt 0] Pipeline 'egress': end
[16:32:52.461] [bmv2] [D] [thread 10039] [9.0] [cxt 0] Deparser 'deparser': start
[16:32:52.461] [bmv2] [D] [thread 10039] [9.0] [cxt 0] Deparser 'deparser': end
[16:32:52.461] [bmv2] [D] [thread 10043] [9.0] [cxt 0] Transmitting packet of size 76 out of port 0
New connection
P4Runtime SetForwardingPipelineConfig
[16:32:52.797] [bmv2] [W] [thread 10056] [P4Runtime] p4::tmp::P4DeviceConfig is deprecated
[16:32:52.798] [bmv2] [D] [thread 10056] Set default default entry for table 'MyIngress.ipv4_lpm': NoAction - 
P4Runtime Write
device_id: 2
election_id {
  low: 1
}
updates {
  type: MODIFY
  entity {
    table_entry {
      table_id: 33574068
      action {
        action {
          action_id: 16805608
        }
      }
      is_default_action: true
    }
  }
}
[16:32:52.804] [bmv2] [D] [thread 10056] Set default entry for table 'MyIngress.ipv4_lpm': MyIngress.drop - 
